[18.670s] Invoking command in '/home/maker/bm_ws/build/serial_motor_demo': AMENT_PREFIX_PATH=/home/maker/bm_ws/install/serial_motor_demo_msgs:${AMENT_PREFIX_PATH} CMAKE_PREFIX_PATH=/home/maker/bm_ws/install/serial_motor_demo_msgs LD_LIBRARY_PATH=/home/maker/bm_ws/install/serial_motor_demo_msgs/lib:${LD_LIBRARY_PATH} PYTHONPATH=/home/maker/bm_ws/build/serial_motor_demo/prefix_override:/usr/lib/python3/dist-packages/colcon_core/task/python/colcon_distutils_commands:/home/maker/bm_ws/install/serial_motor_demo/lib/python3.10/site-packages:/home/maker/bm_ws/install/serial_motor_demo_msgs/local/lib/python3.10/dist-packages:${PYTHONPATH} /usr/bin/python3 -W ignore:setup.py install is deprecated -W ignore:easy_install command is deprecated setup.py develop --editable --build-directory /home/maker/bm_ws/build/serial_motor_demo/build --no-deps symlink_data
[21.731s] /home/maker/.local/lib/python3.10/site-packages/setuptools/dist.py:599: SetuptoolsDeprecationWarning: Invalid dash-separated key 'script-dir' in 'develop' (setup.cfg), please use the underscore name 'script_dir' instead.
[21.736s] !!
[21.736s] 
[21.740s]         ********************************************************************************
[21.740s]         Usage of dash-separated 'script-dir' will not be supported in future
[21.741s]         versions. Please use the underscore name 'script_dir' instead.
[21.742s] 
[21.751s]         By 2026-Mar-03, you need to update your project and remove deprecated calls
[21.752s]         or your builds will no longer be supported.
[21.753s] 
[21.753s]         See https://setuptools.pypa.io/en/latest/userguide/declarative_config.html for details.
[21.754s]         ********************************************************************************
[21.757s] 
[21.758s] !!
[21.758s]   opt = self._enforce_underscore(opt, section)
[22.105s] /home/maker/.local/lib/python3.10/site-packages/setuptools/_distutils/dist.py:289: UserWarning: Unknown distribution option: 'tests_require'
[22.105s]   warnings.warn(msg)
[22.538s] /home/maker/.local/lib/python3.10/site-packages/setuptools/dist.py:599: SetuptoolsDeprecationWarning: Invalid dash-separated key 'script-dir' in 'develop' (setup.cfg), please use the underscore name 'script_dir' instead.
[22.539s] !!
[22.539s] 
[22.539s]         ********************************************************************************
[22.543s]         Usage of dash-separated 'script-dir' will not be supported in future
[22.543s]         versions. Please use the underscore name 'script_dir' instead.
[22.544s]         (Affected: serial_motor_demo).
[22.544s] 
[22.544s]         By 2026-Mar-03, you need to update your project and remove deprecated calls
[22.544s]         or your builds will no longer be supported.
[22.544s] 
[22.544s]         See https://setuptools.pypa.io/en/latest/userguide/declarative_config.html for details.
[22.545s]         ********************************************************************************
[22.545s] 
[22.545s] !!
[22.545s]   opt = self._enforce_underscore(opt, section)
[25.370s] running develop
[29.357s] running egg_info
[29.645s] writing serial_motor_demo.egg-info/PKG-INFO
[29.661s] writing dependency_links to serial_motor_demo.egg-info/dependency_links.txt
[29.680s] writing entry points to serial_motor_demo.egg-info/entry_points.txt
[29.681s] writing requirements to serial_motor_demo.egg-info/requires.txt
[29.690s] writing top-level names to serial_motor_demo.egg-info/top_level.txt
[30.096s] reading manifest file 'serial_motor_demo.egg-info/SOURCES.txt'
[30.103s] writing manifest file 'serial_motor_demo.egg-info/SOURCES.txt'
[30.417s] running build_ext
[30.422s] Creating /home/maker/bm_ws/install/serial_motor_demo/lib/python3.10/site-packages/serial-motor-demo.egg-link (link to .)
[30.427s] Installing driver script to /home/maker/bm_ws/install/serial_motor_demo/lib/serial_motor_demo
[30.431s] Installing gui script to /home/maker/bm_ws/install/serial_motor_demo/lib/serial_motor_demo
[30.431s] 
[30.432s] Installed /home/maker/bm_ws/build/serial_motor_demo
[30.433s] running symlink_data
[30.726s] Invoked command in '/home/maker/bm_ws/build/serial_motor_demo' returned '0': AMENT_PREFIX_PATH=/home/maker/bm_ws/install/serial_motor_demo_msgs:${AMENT_PREFIX_PATH} CMAKE_PREFIX_PATH=/home/maker/bm_ws/install/serial_motor_demo_msgs LD_LIBRARY_PATH=/home/maker/bm_ws/install/serial_motor_demo_msgs/lib:${LD_LIBRARY_PATH} PYTHONPATH=/home/maker/bm_ws/build/serial_motor_demo/prefix_override:/usr/lib/python3/dist-packages/colcon_core/task/python/colcon_distutils_commands:/home/maker/bm_ws/install/serial_motor_demo/lib/python3.10/site-packages:/home/maker/bm_ws/install/serial_motor_demo_msgs/local/lib/python3.10/dist-packages:${PYTHONPATH} /usr/bin/python3 -W ignore:setup.py install is deprecated -W ignore:easy_install command is deprecated setup.py develop --editable --build-directory /home/maker/bm_ws/build/serial_motor_demo/build --no-deps symlink_data
