[4.547s] Invoking command in '/home/maker/bm_ws/build/serial_motor_demo': AMENT_PREFIX_PATH=/home/maker/bm_ws/install/serial_motor_demo_msgs:${AMENT_PREFIX_PATH} CMAKE_PREFIX_PATH=/home/maker/bm_ws/install/serial_motor_demo_msgs LD_LIBRARY_PATH=/home/maker/bm_ws/install/serial_motor_demo_msgs/lib:${LD_LIBRARY_PATH} PYTHONPATH=/home/maker/bm_ws/build/serial_motor_demo/prefix_override:/usr/lib/python3/dist-packages/colcon_core/task/python/colcon_distutils_commands:/home/maker/bm_ws/install/serial_motor_demo/lib/python3.10/site-packages:/home/maker/bm_ws/install/serial_motor_demo_msgs/local/lib/python3.10/dist-packages:${PYTHONPATH} /usr/bin/python3 -W ignore:setup.py install is deprecated -W ignore:easy_install command is deprecated setup.py develop --editable --build-directory /home/maker/bm_ws/build/serial_motor_demo/build --no-deps symlink_data
[5.002s] /home/maker/.local/lib/python3.10/site-packages/setuptools/dist.py:599: SetuptoolsDeprecationWarning: Invalid dash-separated key 'script-dir' in 'develop' (setup.cfg), please use the underscore name 'script_dir' instead.
[5.003s] !!
[5.004s] 
[5.004s]         ********************************************************************************
[5.004s]         Usage of dash-separated 'script-dir' will not be supported in future
[5.004s]         versions. Please use the underscore name 'script_dir' instead.
[5.004s] 
[5.004s]         By 2026-Mar-03, you need to update your project and remove deprecated calls
[5.005s]         or your builds will no longer be supported.
[5.005s] 
[5.005s]         See https://setuptools.pypa.io/en/latest/userguide/declarative_config.html for details.
[5.006s]         ********************************************************************************
[5.006s] 
[5.010s] !!
[5.010s]   opt = self._enforce_underscore(opt, section)
[5.065s] /home/maker/.local/lib/python3.10/site-packages/setuptools/_distutils/dist.py:289: UserWarning: Unknown distribution option: 'tests_require'
[5.065s]   warnings.warn(msg)
[5.167s] /home/maker/.local/lib/python3.10/site-packages/setuptools/dist.py:599: SetuptoolsDeprecationWarning: Invalid dash-separated key 'script-dir' in 'develop' (setup.cfg), please use the underscore name 'script_dir' instead.
[5.168s] !!
[5.168s] 
[5.168s]         ********************************************************************************
[5.169s]         Usage of dash-separated 'script-dir' will not be supported in future
[5.169s]         versions. Please use the underscore name 'script_dir' instead.
[5.169s]         (Affected: serial_motor_demo).
[5.169s] 
[5.169s]         By 2026-Mar-03, you need to update your project and remove deprecated calls
[5.169s]         or your builds will no longer be supported.
[5.169s] 
[5.169s]         See https://setuptools.pypa.io/en/latest/userguide/declarative_config.html for details.
[5.169s]         ********************************************************************************
[5.169s] 
[5.170s] !!
[5.170s]   opt = self._enforce_underscore(opt, section)
[5.633s] running develop
[6.374s] running egg_info
[6.420s] writing serial_motor_demo.egg-info/PKG-INFO
[6.423s] writing dependency_links to serial_motor_demo.egg-info/dependency_links.txt
[6.423s] writing entry points to serial_motor_demo.egg-info/entry_points.txt
[6.426s] writing requirements to serial_motor_demo.egg-info/requires.txt
[6.429s] writing top-level names to serial_motor_demo.egg-info/top_level.txt
[6.560s] reading manifest file 'serial_motor_demo.egg-info/SOURCES.txt'
[6.565s] writing manifest file 'serial_motor_demo.egg-info/SOURCES.txt'
[6.609s] running build_ext
[6.610s] Creating /home/maker/bm_ws/install/serial_motor_demo/lib/python3.10/site-packages/serial-motor-demo.egg-link (link to .)
[6.613s] Installing driver script to /home/maker/bm_ws/install/serial_motor_demo/lib/serial_motor_demo
[6.613s] Installing gui script to /home/maker/bm_ws/install/serial_motor_demo/lib/serial_motor_demo
[6.614s] 
[6.615s] Installed /home/maker/bm_ws/build/serial_motor_demo
[6.615s] running symlink_data
[6.706s] Invoked command in '/home/maker/bm_ws/build/serial_motor_demo' returned '0': AMENT_PREFIX_PATH=/home/maker/bm_ws/install/serial_motor_demo_msgs:${AMENT_PREFIX_PATH} CMAKE_PREFIX_PATH=/home/maker/bm_ws/install/serial_motor_demo_msgs LD_LIBRARY_PATH=/home/maker/bm_ws/install/serial_motor_demo_msgs/lib:${LD_LIBRARY_PATH} PYTHONPATH=/home/maker/bm_ws/build/serial_motor_demo/prefix_override:/usr/lib/python3/dist-packages/colcon_core/task/python/colcon_distutils_commands:/home/maker/bm_ws/install/serial_motor_demo/lib/python3.10/site-packages:/home/maker/bm_ws/install/serial_motor_demo_msgs/local/lib/python3.10/dist-packages:${PYTHONPATH} /usr/bin/python3 -W ignore:setup.py install is deprecated -W ignore:easy_install command is deprecated setup.py develop --editable --build-directory /home/maker/bm_ws/build/serial_motor_demo/build --no-deps symlink_data
