[0.173s] Invoking command in '/home/maker/bm_ws/build/sllidar_ros2': CMAKE_PREFIX_PATH=${CMAKE_PREFIX_PATH}:/home/maker/bm_ws/install/serial_motor_demo:/opt/ros/humble /usr/bin/cmake --build /home/maker/bm_ws/build/sllidar_ros2 -- -j2 -l2
[1.543s] [ 55%] Built target sllidar_client
[1.549s] [100%] Built target sllidar_node
[1.675s] Invoked command in '/home/maker/bm_ws/build/sllidar_ros2' returned '0': CMAKE_PREFIX_PATH=${CMAKE_PREFIX_PATH}:/home/maker/bm_ws/install/serial_motor_demo:/opt/ros/humble /usr/bin/cmake --build /home/maker/bm_ws/build/sllidar_ros2 -- -j2 -l2
[1.748s] Invoking command in '/home/maker/bm_ws/build/sllidar_ros2': CMAKE_PREFIX_PATH=${CMAKE_PREFIX_PATH}:/home/maker/bm_ws/install/serial_motor_demo:/opt/ros/humble /usr/bin/cmake --install /home/maker/bm_ws/build/sllidar_ros2
[1.911s] -- Install configuration: ""
[2.013s] -- Execute custom install script
[2.069s] -- Up-to-date symlink: /home/maker/bm_ws/install/sllidar_ros2/share/sllidar_ros2/launch/sllidar_a1_launch.py
[2.092s] -- Up-to-date symlink: /home/maker/bm_ws/install/sllidar_ros2/share/sllidar_ros2/launch/sllidar_a2m12_launch .py
[2.093s] -- Up-to-date symlink: /home/maker/bm_ws/install/sllidar_ros2/share/sllidar_ros2/launch/sllidar_a2m7_launch.py
[2.094s] -- Up-to-date symlink: /home/maker/bm_ws/install/sllidar_ros2/share/sllidar_ros2/launch/sllidar_a2m8_launch.py
[2.105s] -- Up-to-date symlink: /home/maker/bm_ws/install/sllidar_ros2/share/sllidar_ros2/launch/sllidar_a3_launch.py
[2.107s] -- Up-to-date symlink: /home/maker/bm_ws/install/sllidar_ros2/share/sllidar_ros2/launch/sllidar_c1_launch.py
[2.164s] -- Up-to-date symlink: /home/maker/bm_ws/install/sllidar_ros2/share/sllidar_ros2/launch/sllidar_custom.launch.py
[2.165s] -- Up-to-date symlink: /home/maker/bm_ws/install/sllidar_ros2/share/sllidar_ros2/launch/sllidar_s1_launch.py
[2.166s] -- Up-to-date symlink: /home/maker/bm_ws/install/sllidar_ros2/share/sllidar_ros2/launch/sllidar_s1_tcp_launch.py
[2.166s] -- Up-to-date symlink: /home/maker/bm_ws/install/sllidar_ros2/share/sllidar_ros2/launch/sllidar_s2_launch.py
[2.185s] -- Up-to-date symlink: /home/maker/bm_ws/install/sllidar_ros2/share/sllidar_ros2/launch/sllidar_s2e_launch.py
[2.186s] -- Up-to-date symlink: /home/maker/bm_ws/install/sllidar_ros2/share/sllidar_ros2/launch/sllidar_s3_launch.py
[2.187s] -- Up-to-date symlink: /home/maker/bm_ws/install/sllidar_ros2/share/sllidar_ros2/launch/sllidar_t1_launch.py
[2.192s] -- Up-to-date symlink: /home/maker/bm_ws/install/sllidar_ros2/share/sllidar_ros2/launch/view_sllidar_a1_launch.py
[2.196s] -- Up-to-date symlink: /home/maker/bm_ws/install/sllidar_ros2/share/sllidar_ros2/launch/view_sllidar_a2m12_launch.py
[2.202s] -- Up-to-date symlink: /home/maker/bm_ws/install/sllidar_ros2/share/sllidar_ros2/launch/view_sllidar_a2m7_launch.py
[2.204s] -- Up-to-date symlink: /home/maker/bm_ws/install/sllidar_ros2/share/sllidar_ros2/launch/view_sllidar_a2m8_launch.py
[2.204s] -- Up-to-date symlink: /home/maker/bm_ws/install/sllidar_ros2/share/sllidar_ros2/launch/view_sllidar_a3_launch.py
[2.221s] -- Up-to-date symlink: /home/maker/bm_ws/install/sllidar_ros2/share/sllidar_ros2/launch/view_sllidar_c1_launch.py
[2.222s] -- Up-to-date symlink: /home/maker/bm_ws/install/sllidar_ros2/share/sllidar_ros2/launch/view_sllidar_s1_launch.py
[2.231s] -- Up-to-date symlink: /home/maker/bm_ws/install/sllidar_ros2/share/sllidar_ros2/launch/view_sllidar_s1_tcp_launch.py
[2.231s] -- Up-to-date symlink: /home/maker/bm_ws/install/sllidar_ros2/share/sllidar_ros2/launch/view_sllidar_s2_launch.py
[2.237s] -- Up-to-date symlink: /home/maker/bm_ws/install/sllidar_ros2/share/sllidar_ros2/launch/view_sllidar_s2e_launch.py
[2.239s] -- Up-to-date symlink: /home/maker/bm_ws/install/sllidar_ros2/share/sllidar_ros2/launch/view_sllidar_s3_launch.py
[2.247s] -- Up-to-date symlink: /home/maker/bm_ws/install/sllidar_ros2/share/sllidar_ros2/launch/view_sllidar_t1_launch.py
[2.249s] -- Up-to-date symlink: /home/maker/bm_ws/install/sllidar_ros2/share/sllidar_ros2/rviz/sllidar_ros2.rviz
[2.288s] -- Up-to-date symlink: /home/maker/bm_ws/install/sllidar_ros2/lib/sllidar_ros2/sllidar_node
[2.307s] -- Up-to-date symlink: /home/maker/bm_ws/install/sllidar_ros2/lib/sllidar_ros2/sllidar_client
[2.310s] -- Up-to-date symlink: /home/maker/bm_ws/install/sllidar_ros2/share/ament_index/resource_index/package_run_dependencies/sllidar_ros2
[2.335s] -- Up-to-date symlink: /home/maker/bm_ws/install/sllidar_ros2/share/ament_index/resource_index/parent_prefix_path/sllidar_ros2
[2.335s] -- Up-to-date symlink: /home/maker/bm_ws/install/sllidar_ros2/share/sllidar_ros2/environment/ament_prefix_path.sh
[2.357s] -- Up-to-date symlink: /home/maker/bm_ws/install/sllidar_ros2/share/sllidar_ros2/environment/ament_prefix_path.dsv
[2.357s] -- Up-to-date symlink: /home/maker/bm_ws/install/sllidar_ros2/share/sllidar_ros2/environment/path.sh
[2.357s] -- Up-to-date symlink: /home/maker/bm_ws/install/sllidar_ros2/share/sllidar_ros2/environment/path.dsv
[2.358s] -- Up-to-date symlink: /home/maker/bm_ws/install/sllidar_ros2/share/sllidar_ros2/local_setup.bash
[2.358s] -- Up-to-date symlink: /home/maker/bm_ws/install/sllidar_ros2/share/sllidar_ros2/local_setup.sh
[2.358s] -- Up-to-date symlink: /home/maker/bm_ws/install/sllidar_ros2/share/sllidar_ros2/local_setup.zsh
[2.359s] -- Up-to-date symlink: /home/maker/bm_ws/install/sllidar_ros2/share/sllidar_ros2/local_setup.dsv
[2.359s] -- Symlinking: /home/maker/bm_ws/install/sllidar_ros2/share/sllidar_ros2/package.dsv
[2.414s] -- Up-to-date symlink: /home/maker/bm_ws/install/sllidar_ros2/share/ament_index/resource_index/packages/sllidar_ros2
[2.421s] -- Up-to-date symlink: /home/maker/bm_ws/install/sllidar_ros2/share/sllidar_ros2/cmake/ament_cmake_export_dependencies-extras.cmake
[2.423s] -- Up-to-date symlink: /home/maker/bm_ws/install/sllidar_ros2/share/sllidar_ros2/cmake/ament_cmake_export_include_directories-extras.cmake
[2.424s] -- Up-to-date symlink: /home/maker/bm_ws/install/sllidar_ros2/share/sllidar_ros2/cmake/sllidar_ros2Config.cmake
[2.425s] -- Up-to-date symlink: /home/maker/bm_ws/install/sllidar_ros2/share/sllidar_ros2/cmake/sllidar_ros2Config-version.cmake
[2.435s] -- Up-to-date symlink: /home/maker/bm_ws/install/sllidar_ros2/share/sllidar_ros2/package.xml
[2.453s] Invoked command in '/home/maker/bm_ws/build/sllidar_ros2' returned '0': CMAKE_PREFIX_PATH=${CMAKE_PREFIX_PATH}:/home/maker/bm_ws/install/serial_motor_demo:/opt/ros/humble /usr/bin/cmake --install /home/maker/bm_ws/build/sllidar_ros2
