[3.920s] DEBUG:colcon:Command line arguments: ['/usr/bin/colcon', 'build', '--symlink-install']
[3.920s] DEBUG:colcon:Parsed command line arguments: Namespace(log_base=None, log_level=None, verb_name='build', build_base='build', install_base='install', merge_install=False, symlink_install=True, test_result_base=None, continue_on_error=False, executor='parallel', parallel_workers=2, event_handlers=None, ignore_user_meta=False, metas=['./colcon.meta'], base_paths=['.'], packages_ignore=None, packages_ignore_regex=None, paths=None, packages_up_to=None, packages_up_to_regex=None, packages_above=None, packages_above_and_dependencies=None, packages_above_depth=None, packages_select_by_dep=None, packages_skip_by_dep=None, packages_skip_up_to=None, packages_select_build_failed=False, packages_skip_build_finished=False, packages_select_test_failures=False, packages_skip_test_passed=False, packages_select=None, packages_skip=None, packages_select_regex=None, packages_skip_regex=None, packages_start=None, packages_end=None, allow_overriding=[], cmake_args=None, cmake_target=None, cmake_target_skip_unavailable=False, cmake_clean_cache=False, cmake_clean_first=False, cmake_force_configure=False, ament_cmake_args=None, catkin_cmake_args=None, catkin_skip_building_tests=False, mixin_files=None, mixin=None, verb_parser=<colcon_mixin.mixin.mixin_argument.MixinArgumentDecorator object at 0x7fbedec56590>, verb_extension=<colcon_core.verb.build.BuildVerb object at 0x7fbeded63bb0>, main=<bound method BuildVerb.main of <colcon_core.verb.build.BuildVerb object at 0x7fbeded63bb0>>, mixin_verb=('build',))
[4.625s] Level 1:colcon.colcon_core.package_discovery:discover_packages(colcon_meta) check parameters
[4.626s] Level 1:colcon.colcon_core.package_discovery:discover_packages(recursive) check parameters
[4.626s] Level 1:colcon.colcon_core.package_discovery:discover_packages(ignore) check parameters
[4.626s] Level 1:colcon.colcon_core.package_discovery:discover_packages(path) check parameters
[4.629s] Level 1:colcon.colcon_core.package_discovery:discover_packages(colcon_meta) discover
[4.630s] Level 1:colcon.colcon_core.package_discovery:discover_packages(recursive) discover
[4.630s] INFO:colcon.colcon_core.package_discovery:Crawling recursively for packages in '/home/maker/bm_ws'
[4.633s] Level 1:colcon.colcon_core.package_identification:_identify(.) by extensions ['ignore', 'ignore_ament_install']
[4.637s] Level 1:colcon.colcon_core.package_identification:_identify(.) by extension 'ignore'
[4.638s] Level 1:colcon.colcon_core.package_identification:_identify(.) by extension 'ignore_ament_install'
[4.642s] Level 1:colcon.colcon_core.package_identification:_identify(.) by extensions ['colcon_pkg']
[4.642s] Level 1:colcon.colcon_core.package_identification:_identify(.) by extension 'colcon_pkg'
[4.643s] Level 1:colcon.colcon_core.package_identification:_identify(.) by extensions ['colcon_meta']
[4.643s] Level 1:colcon.colcon_core.package_identification:_identify(.) by extension 'colcon_meta'
[4.643s] Level 1:colcon.colcon_core.package_identification:_identify(.) by extensions ['ros']
[4.643s] Level 1:colcon.colcon_core.package_identification:_identify(.) by extension 'ros'
[4.857s] Level 1:colcon.colcon_core.package_identification:_identify(.) by extensions ['cmake', 'python']
[4.858s] Level 1:colcon.colcon_core.package_identification:_identify(.) by extension 'cmake'
[4.858s] Level 1:colcon.colcon_core.package_identification:_identify(.) by extension 'python'
[4.858s] Level 1:colcon.colcon_core.package_identification:_identify(.) by extensions ['python_setup_py']
[4.858s] Level 1:colcon.colcon_core.package_identification:_identify(.) by extension 'python_setup_py'
[4.858s] Level 1:colcon.colcon_core.package_identification:_identify(build) by extensions ['ignore', 'ignore_ament_install']
[4.859s] Level 1:colcon.colcon_core.package_identification:_identify(build) by extension 'ignore'
[4.859s] Level 1:colcon.colcon_core.package_identification:_identify(build) ignored
[4.859s] Level 1:colcon.colcon_core.package_identification:_identify(install) by extensions ['ignore', 'ignore_ament_install']
[4.860s] Level 1:colcon.colcon_core.package_identification:_identify(install) by extension 'ignore'
[4.860s] Level 1:colcon.colcon_core.package_identification:_identify(install) ignored
[4.861s] Level 1:colcon.colcon_core.package_identification:_identify(log) by extensions ['ignore', 'ignore_ament_install']
[4.861s] Level 1:colcon.colcon_core.package_identification:_identify(log) by extension 'ignore'
[4.861s] Level 1:colcon.colcon_core.package_identification:_identify(log) ignored
[4.862s] Level 1:colcon.colcon_core.package_identification:_identify(src) by extensions ['ignore', 'ignore_ament_install']
[4.863s] Level 1:colcon.colcon_core.package_identification:_identify(src) by extension 'ignore'
[4.863s] Level 1:colcon.colcon_core.package_identification:_identify(src) by extension 'ignore_ament_install'
[4.863s] Level 1:colcon.colcon_core.package_identification:_identify(src) by extensions ['colcon_pkg']
[4.863s] Level 1:colcon.colcon_core.package_identification:_identify(src) by extension 'colcon_pkg'
[4.863s] Level 1:colcon.colcon_core.package_identification:_identify(src) by extensions ['colcon_meta']
[4.863s] Level 1:colcon.colcon_core.package_identification:_identify(src) by extension 'colcon_meta'
[4.864s] Level 1:colcon.colcon_core.package_identification:_identify(src) by extensions ['ros']
[4.864s] Level 1:colcon.colcon_core.package_identification:_identify(src) by extension 'ros'
[4.864s] Level 1:colcon.colcon_core.package_identification:_identify(src) by extensions ['cmake', 'python']
[4.864s] Level 1:colcon.colcon_core.package_identification:_identify(src) by extension 'cmake'
[4.864s] Level 1:colcon.colcon_core.package_identification:_identify(src) by extension 'python'
[4.864s] Level 1:colcon.colcon_core.package_identification:_identify(src) by extensions ['python_setup_py']
[4.864s] Level 1:colcon.colcon_core.package_identification:_identify(src) by extension 'python_setup_py'
[4.868s] Level 1:colcon.colcon_core.package_identification:_identify(src/build) by extensions ['ignore', 'ignore_ament_install']
[4.869s] Level 1:colcon.colcon_core.package_identification:_identify(src/build) by extension 'ignore'
[4.870s] Level 1:colcon.colcon_core.package_identification:_identify(src/build) ignored
[4.873s] Level 1:colcon.colcon_core.package_identification:_identify(src/install) by extensions ['ignore', 'ignore_ament_install']
[4.873s] Level 1:colcon.colcon_core.package_identification:_identify(src/install) by extension 'ignore'
[4.873s] Level 1:colcon.colcon_core.package_identification:_identify(src/install) ignored
[4.877s] Level 1:colcon.colcon_core.package_identification:_identify(src/log) by extensions ['ignore', 'ignore_ament_install']
[4.877s] Level 1:colcon.colcon_core.package_identification:_identify(src/log) by extension 'ignore'
[4.878s] Level 1:colcon.colcon_core.package_identification:_identify(src/log) ignored
[4.879s] Level 1:colcon.colcon_core.package_identification:_identify(src/my_bot) by extensions ['ignore', 'ignore_ament_install']
[4.879s] Level 1:colcon.colcon_core.package_identification:_identify(src/my_bot) by extension 'ignore'
[4.880s] Level 1:colcon.colcon_core.package_identification:_identify(src/my_bot) by extension 'ignore_ament_install'
[4.880s] Level 1:colcon.colcon_core.package_identification:_identify(src/my_bot) by extensions ['colcon_pkg']
[4.880s] Level 1:colcon.colcon_core.package_identification:_identify(src/my_bot) by extension 'colcon_pkg'
[4.880s] Level 1:colcon.colcon_core.package_identification:_identify(src/my_bot) by extensions ['colcon_meta']
[4.881s] Level 1:colcon.colcon_core.package_identification:_identify(src/my_bot) by extension 'colcon_meta'
[4.881s] Level 1:colcon.colcon_core.package_identification:_identify(src/my_bot) by extensions ['ros']
[4.881s] Level 1:colcon.colcon_core.package_identification:_identify(src/my_bot) by extension 'ros'
[4.893s] DEBUG:colcon.colcon_core.package_identification:Package 'src/my_bot' with type 'ros.ament_cmake' and name 'my_bot'
[4.895s] Level 1:colcon.colcon_core.package_identification:_identify(src/ros_arduino_bridge-main) by extensions ['ignore', 'ignore_ament_install']
[4.895s] Level 1:colcon.colcon_core.package_identification:_identify(src/ros_arduino_bridge-main) by extension 'ignore'
[4.895s] Level 1:colcon.colcon_core.package_identification:_identify(src/ros_arduino_bridge-main) by extension 'ignore_ament_install'
[4.895s] Level 1:colcon.colcon_core.package_identification:_identify(src/ros_arduino_bridge-main) by extensions ['colcon_pkg']
[4.896s] Level 1:colcon.colcon_core.package_identification:_identify(src/ros_arduino_bridge-main) by extension 'colcon_pkg'
[4.896s] Level 1:colcon.colcon_core.package_identification:_identify(src/ros_arduino_bridge-main) by extensions ['colcon_meta']
[4.896s] Level 1:colcon.colcon_core.package_identification:_identify(src/ros_arduino_bridge-main) by extension 'colcon_meta'
[4.896s] Level 1:colcon.colcon_core.package_identification:_identify(src/ros_arduino_bridge-main) by extensions ['ros']
[4.896s] Level 1:colcon.colcon_core.package_identification:_identify(src/ros_arduino_bridge-main) by extension 'ros'
[4.896s] Level 1:colcon.colcon_core.package_identification:_identify(src/ros_arduino_bridge-main) by extensions ['cmake', 'python']
[4.896s] Level 1:colcon.colcon_core.package_identification:_identify(src/ros_arduino_bridge-main) by extension 'cmake'
[4.896s] Level 1:colcon.colcon_core.package_identification:_identify(src/ros_arduino_bridge-main) by extension 'python'
[4.896s] Level 1:colcon.colcon_core.package_identification:_identify(src/ros_arduino_bridge-main) by extensions ['python_setup_py']
[4.897s] Level 1:colcon.colcon_core.package_identification:_identify(src/ros_arduino_bridge-main) by extension 'python_setup_py'
[4.898s] Level 1:colcon.colcon_core.package_identification:_identify(src/ros_arduino_bridge-main/ROSArduinoBridge) by extensions ['ignore', 'ignore_ament_install']
[4.898s] Level 1:colcon.colcon_core.package_identification:_identify(src/ros_arduino_bridge-main/ROSArduinoBridge) by extension 'ignore'
[4.898s] Level 1:colcon.colcon_core.package_identification:_identify(src/ros_arduino_bridge-main/ROSArduinoBridge) by extension 'ignore_ament_install'
[4.899s] Level 1:colcon.colcon_core.package_identification:_identify(src/ros_arduino_bridge-main/ROSArduinoBridge) by extensions ['colcon_pkg']
[4.899s] Level 1:colcon.colcon_core.package_identification:_identify(src/ros_arduino_bridge-main/ROSArduinoBridge) by extension 'colcon_pkg'
[4.899s] Level 1:colcon.colcon_core.package_identification:_identify(src/ros_arduino_bridge-main/ROSArduinoBridge) by extensions ['colcon_meta']
[4.899s] Level 1:colcon.colcon_core.package_identification:_identify(src/ros_arduino_bridge-main/ROSArduinoBridge) by extension 'colcon_meta'
[4.899s] Level 1:colcon.colcon_core.package_identification:_identify(src/ros_arduino_bridge-main/ROSArduinoBridge) by extensions ['ros']
[4.899s] Level 1:colcon.colcon_core.package_identification:_identify(src/ros_arduino_bridge-main/ROSArduinoBridge) by extension 'ros'
[4.899s] Level 1:colcon.colcon_core.package_identification:_identify(src/ros_arduino_bridge-main/ROSArduinoBridge) by extensions ['cmake', 'python']
[4.899s] Level 1:colcon.colcon_core.package_identification:_identify(src/ros_arduino_bridge-main/ROSArduinoBridge) by extension 'cmake'
[4.900s] Level 1:colcon.colcon_core.package_identification:_identify(src/ros_arduino_bridge-main/ROSArduinoBridge) by extension 'python'
[4.900s] Level 1:colcon.colcon_core.package_identification:_identify(src/ros_arduino_bridge-main/ROSArduinoBridge) by extensions ['python_setup_py']
[4.900s] Level 1:colcon.colcon_core.package_identification:_identify(src/ros_arduino_bridge-main/ROSArduinoBridge) by extension 'python_setup_py'
[4.902s] Level 1:colcon.colcon_core.package_identification:_identify(src/serial_motor_demo) by extensions ['ignore', 'ignore_ament_install']
[4.902s] Level 1:colcon.colcon_core.package_identification:_identify(src/serial_motor_demo) by extension 'ignore'
[4.902s] Level 1:colcon.colcon_core.package_identification:_identify(src/serial_motor_demo) by extension 'ignore_ament_install'
[4.902s] Level 1:colcon.colcon_core.package_identification:_identify(src/serial_motor_demo) by extensions ['colcon_pkg']
[4.902s] Level 1:colcon.colcon_core.package_identification:_identify(src/serial_motor_demo) by extension 'colcon_pkg'
[4.903s] Level 1:colcon.colcon_core.package_identification:_identify(src/serial_motor_demo) by extensions ['colcon_meta']
[4.903s] Level 1:colcon.colcon_core.package_identification:_identify(src/serial_motor_demo) by extension 'colcon_meta'
[4.904s] Level 1:colcon.colcon_core.package_identification:_identify(src/serial_motor_demo) by extensions ['ros']
[4.904s] Level 1:colcon.colcon_core.package_identification:_identify(src/serial_motor_demo) by extension 'ros'
[4.905s] Level 1:colcon.colcon_core.package_identification:_identify(src/serial_motor_demo) by extensions ['cmake', 'python']
[4.905s] Level 1:colcon.colcon_core.package_identification:_identify(src/serial_motor_demo) by extension 'cmake'
[4.906s] Level 1:colcon.colcon_core.package_identification:_identify(src/serial_motor_demo) by extension 'python'
[4.906s] Level 1:colcon.colcon_core.package_identification:_identify(src/serial_motor_demo) by extensions ['python_setup_py']
[4.907s] Level 1:colcon.colcon_core.package_identification:_identify(src/serial_motor_demo) by extension 'python_setup_py'
[4.910s] Level 1:colcon.colcon_core.package_identification:_identify(src/serial_motor_demo/serial_motor_demo) by extensions ['ignore', 'ignore_ament_install']
[4.911s] Level 1:colcon.colcon_core.package_identification:_identify(src/serial_motor_demo/serial_motor_demo) by extension 'ignore'
[4.911s] Level 1:colcon.colcon_core.package_identification:_identify(src/serial_motor_demo/serial_motor_demo) by extension 'ignore_ament_install'
[4.912s] Level 1:colcon.colcon_core.package_identification:_identify(src/serial_motor_demo/serial_motor_demo) by extensions ['colcon_pkg']
[4.912s] Level 1:colcon.colcon_core.package_identification:_identify(src/serial_motor_demo/serial_motor_demo) by extension 'colcon_pkg'
[4.912s] Level 1:colcon.colcon_core.package_identification:_identify(src/serial_motor_demo/serial_motor_demo) by extensions ['colcon_meta']
[4.913s] Level 1:colcon.colcon_core.package_identification:_identify(src/serial_motor_demo/serial_motor_demo) by extension 'colcon_meta'
[4.913s] Level 1:colcon.colcon_core.package_identification:_identify(src/serial_motor_demo/serial_motor_demo) by extensions ['ros']
[4.913s] Level 1:colcon.colcon_core.package_identification:_identify(src/serial_motor_demo/serial_motor_demo) by extension 'ros'
[4.918s] DEBUG:colcon.colcon_core.package_identification:Package 'src/serial_motor_demo/serial_motor_demo' with type 'ros.ament_python' and name 'serial_motor_demo'
[4.921s] Level 1:colcon.colcon_core.package_identification:_identify(src/serial_motor_demo/serial_motor_demo_msgs) by extensions ['ignore', 'ignore_ament_install']
[4.922s] Level 1:colcon.colcon_core.package_identification:_identify(src/serial_motor_demo/serial_motor_demo_msgs) by extension 'ignore'
[4.922s] Level 1:colcon.colcon_core.package_identification:_identify(src/serial_motor_demo/serial_motor_demo_msgs) by extension 'ignore_ament_install'
[4.922s] Level 1:colcon.colcon_core.package_identification:_identify(src/serial_motor_demo/serial_motor_demo_msgs) by extensions ['colcon_pkg']
[4.923s] Level 1:colcon.colcon_core.package_identification:_identify(src/serial_motor_demo/serial_motor_demo_msgs) by extension 'colcon_pkg'
[4.923s] Level 1:colcon.colcon_core.package_identification:_identify(src/serial_motor_demo/serial_motor_demo_msgs) by extensions ['colcon_meta']
[4.923s] Level 1:colcon.colcon_core.package_identification:_identify(src/serial_motor_demo/serial_motor_demo_msgs) by extension 'colcon_meta'
[4.923s] Level 1:colcon.colcon_core.package_identification:_identify(src/serial_motor_demo/serial_motor_demo_msgs) by extensions ['ros']
[4.923s] Level 1:colcon.colcon_core.package_identification:_identify(src/serial_motor_demo/serial_motor_demo_msgs) by extension 'ros'
[4.926s] DEBUG:colcon.colcon_core.package_identification:Package 'src/serial_motor_demo/serial_motor_demo_msgs' with type 'ros.ament_cmake' and name 'serial_motor_demo_msgs'
[4.927s] Level 1:colcon.colcon_core.package_discovery:discover_packages(recursive) using defaults
[4.927s] Level 1:colcon.colcon_core.package_discovery:discover_packages(ignore) discover
[4.928s] Level 1:colcon.colcon_core.package_discovery:discover_packages(ignore) using defaults
[4.928s] Level 1:colcon.colcon_core.package_discovery:discover_packages(path) discover
[4.928s] Level 1:colcon.colcon_core.package_discovery:discover_packages(path) using defaults
[5.255s] Level 1:colcon.colcon_core.package_discovery:discover_packages(prefix_path) check parameters
[5.255s] Level 1:colcon.colcon_core.package_discovery:discover_packages(prefix_path) discover
[5.305s] DEBUG:colcon.colcon_installed_package_information.package_discovery:Found 372 installed packages in /opt/ros/humble
[5.325s] Level 1:colcon.colcon_core.package_discovery:discover_packages(prefix_path) using defaults
[6.697s] Level 5:colcon.colcon_core.verb:set package 'my_bot' build argument 'cmake_args' from command line to 'None'
[6.702s] Level 5:colcon.colcon_core.verb:set package 'my_bot' build argument 'cmake_target' from command line to 'None'
[6.703s] Level 5:colcon.colcon_core.verb:set package 'my_bot' build argument 'cmake_target_skip_unavailable' from command line to 'False'
[6.703s] Level 5:colcon.colcon_core.verb:set package 'my_bot' build argument 'cmake_clean_cache' from command line to 'False'
[6.703s] Level 5:colcon.colcon_core.verb:set package 'my_bot' build argument 'cmake_clean_first' from command line to 'False'
[6.708s] Level 5:colcon.colcon_core.verb:set package 'my_bot' build argument 'cmake_force_configure' from command line to 'False'
[6.708s] Level 5:colcon.colcon_core.verb:set package 'my_bot' build argument 'ament_cmake_args' from command line to 'None'
[6.708s] Level 5:colcon.colcon_core.verb:set package 'my_bot' build argument 'catkin_cmake_args' from command line to 'None'
[6.708s] Level 5:colcon.colcon_core.verb:set package 'my_bot' build argument 'catkin_skip_building_tests' from command line to 'False'
[6.708s] DEBUG:colcon.colcon_core.verb:Building package 'my_bot' with the following arguments: {'ament_cmake_args': None, 'build_base': '/home/maker/bm_ws/build/my_bot', 'catkin_cmake_args': None, 'catkin_skip_building_tests': False, 'cmake_args': None, 'cmake_clean_cache': False, 'cmake_clean_first': False, 'cmake_force_configure': False, 'cmake_target': None, 'cmake_target_skip_unavailable': False, 'install_base': '/home/maker/bm_ws/install/my_bot', 'merge_install': False, 'path': '/home/maker/bm_ws/src/my_bot', 'symlink_install': True, 'test_result_base': None}
[6.740s] Level 5:colcon.colcon_core.verb:set package 'serial_motor_demo_msgs' build argument 'cmake_args' from command line to 'None'
[6.740s] Level 5:colcon.colcon_core.verb:set package 'serial_motor_demo_msgs' build argument 'cmake_target' from command line to 'None'
[6.740s] Level 5:colcon.colcon_core.verb:set package 'serial_motor_demo_msgs' build argument 'cmake_target_skip_unavailable' from command line to 'False'
[6.740s] Level 5:colcon.colcon_core.verb:set package 'serial_motor_demo_msgs' build argument 'cmake_clean_cache' from command line to 'False'
[6.740s] Level 5:colcon.colcon_core.verb:set package 'serial_motor_demo_msgs' build argument 'cmake_clean_first' from command line to 'False'
[6.740s] Level 5:colcon.colcon_core.verb:set package 'serial_motor_demo_msgs' build argument 'cmake_force_configure' from command line to 'False'
[6.740s] Level 5:colcon.colcon_core.verb:set package 'serial_motor_demo_msgs' build argument 'ament_cmake_args' from command line to 'None'
[6.740s] Level 5:colcon.colcon_core.verb:set package 'serial_motor_demo_msgs' build argument 'catkin_cmake_args' from command line to 'None'
[6.740s] Level 5:colcon.colcon_core.verb:set package 'serial_motor_demo_msgs' build argument 'catkin_skip_building_tests' from command line to 'False'
[6.741s] DEBUG:colcon.colcon_core.verb:Building package 'serial_motor_demo_msgs' with the following arguments: {'ament_cmake_args': None, 'build_base': '/home/maker/bm_ws/build/serial_motor_demo_msgs', 'catkin_cmake_args': None, 'catkin_skip_building_tests': False, 'cmake_args': None, 'cmake_clean_cache': False, 'cmake_clean_first': False, 'cmake_force_configure': False, 'cmake_target': None, 'cmake_target_skip_unavailable': False, 'install_base': '/home/maker/bm_ws/install/serial_motor_demo_msgs', 'merge_install': False, 'path': '/home/maker/bm_ws/src/serial_motor_demo/serial_motor_demo_msgs', 'symlink_install': True, 'test_result_base': None}
[6.749s] Level 5:colcon.colcon_core.verb:set package 'serial_motor_demo' build argument 'cmake_args' from command line to 'None'
[6.750s] Level 5:colcon.colcon_core.verb:set package 'serial_motor_demo' build argument 'cmake_target' from command line to 'None'
[6.750s] Level 5:colcon.colcon_core.verb:set package 'serial_motor_demo' build argument 'cmake_target_skip_unavailable' from command line to 'False'
[6.762s] Level 5:colcon.colcon_core.verb:set package 'serial_motor_demo' build argument 'cmake_clean_cache' from command line to 'False'
[6.763s] Level 5:colcon.colcon_core.verb:set package 'serial_motor_demo' build argument 'cmake_clean_first' from command line to 'False'
[6.763s] Level 5:colcon.colcon_core.verb:set package 'serial_motor_demo' build argument 'cmake_force_configure' from command line to 'False'
[6.763s] Level 5:colcon.colcon_core.verb:set package 'serial_motor_demo' build argument 'ament_cmake_args' from command line to 'None'
[6.763s] Level 5:colcon.colcon_core.verb:set package 'serial_motor_demo' build argument 'catkin_cmake_args' from command line to 'None'
[6.763s] Level 5:colcon.colcon_core.verb:set package 'serial_motor_demo' build argument 'catkin_skip_building_tests' from command line to 'False'
[6.763s] DEBUG:colcon.colcon_core.verb:Building package 'serial_motor_demo' with the following arguments: {'ament_cmake_args': None, 'build_base': '/home/maker/bm_ws/build/serial_motor_demo', 'catkin_cmake_args': None, 'catkin_skip_building_tests': False, 'cmake_args': None, 'cmake_clean_cache': False, 'cmake_clean_first': False, 'cmake_force_configure': False, 'cmake_target': None, 'cmake_target_skip_unavailable': False, 'install_base': '/home/maker/bm_ws/install/serial_motor_demo', 'merge_install': False, 'path': '/home/maker/bm_ws/src/serial_motor_demo/serial_motor_demo', 'symlink_install': True, 'test_result_base': None}
[6.771s] INFO:colcon.colcon_core.executor:Executing jobs using 'parallel' executor
[6.819s] DEBUG:colcon.colcon_parallel_executor.executor.parallel:run_until_complete
[6.914s] INFO:colcon.colcon_ros.task.ament_cmake.build:Building ROS package in '/home/maker/bm_ws/src/serial_motor_demo/serial_motor_demo_msgs' with build type 'ament_cmake'
[6.914s] INFO:colcon.colcon_cmake.task.cmake.build:Building CMake package in '/home/maker/bm_ws/src/serial_motor_demo/serial_motor_demo_msgs'
[7.062s] INFO:colcon.colcon_core.plugin_system:Skipping extension 'colcon_core.shell.bat': Not used on non-Windows systems
[7.063s] INFO:colcon.colcon_core.shell:Skip shell extension 'powershell' for command environment: Not usable outside of PowerShell
[7.063s] DEBUG:colcon.colcon_core.shell:Skip shell extension 'dsv' for command environment
[7.179s] INFO:colcon.colcon_ros.task.ament_cmake.build:Building ROS package in '/home/maker/bm_ws/src/my_bot' with build type 'ament_cmake'
[7.179s] INFO:colcon.colcon_cmake.task.cmake.build:Building CMake package in '/home/maker/bm_ws/src/my_bot'
[7.183s] INFO:colcon.colcon_core.shell:Skip shell extension 'powershell' for command environment: Not usable outside of PowerShell
[7.233s] DEBUG:colcon.colcon_core.shell:Skip shell extension 'dsv' for command environment
[7.616s] DEBUG:colcon.colcon_core.event_handler.log_command:Invoking command in '/home/maker/bm_ws/build/serial_motor_demo_msgs': CMAKE_PREFIX_PATH=/opt/ros/humble /usr/bin/cmake --build /home/maker/bm_ws/build/serial_motor_demo_msgs -- -j2 -l2
[7.913s] DEBUG:colcon.colcon_core.event_handler.log_command:Invoking command in '/home/maker/bm_ws/build/my_bot': CMAKE_PREFIX_PATH=/opt/ros/humble /usr/bin/cmake --build /home/maker/bm_ws/build/my_bot -- -j2 -l2
[9.358s] DEBUG:colcon.colcon_core.event_handler.log_command:Invoked command in '/home/maker/bm_ws/build/my_bot' returned '0': CMAKE_PREFIX_PATH=/opt/ros/humble /usr/bin/cmake --build /home/maker/bm_ws/build/my_bot -- -j2 -l2
[9.612s] DEBUG:colcon.colcon_core.event_handler.log_command:Invoking command in '/home/maker/bm_ws/build/my_bot': CMAKE_PREFIX_PATH=/opt/ros/humble /usr/bin/cmake --install /home/maker/bm_ws/build/my_bot
[10.136s] Level 1:colcon.colcon_core.environment:create_environment_scripts_only(my_bot)
[10.143s] DEBUG:colcon.colcon_core.event_handler.log_command:Invoked command in '/home/maker/bm_ws/build/my_bot' returned '0': CMAKE_PREFIX_PATH=/opt/ros/humble /usr/bin/cmake --install /home/maker/bm_ws/build/my_bot
[10.275s] Level 1:colcon.colcon_core.environment:checking '/home/maker/bm_ws/install/my_bot' for CMake module files
[10.287s] Level 1:colcon.colcon_core.environment:checking '/home/maker/bm_ws/install/my_bot' for CMake config files
[10.300s] Level 1:colcon.colcon_core.shell:create_environment_hook('my_bot', 'cmake_prefix_path')
[10.301s] INFO:colcon.colcon_core.shell:Creating environment hook '/home/maker/bm_ws/install/my_bot/share/my_bot/hook/cmake_prefix_path.ps1'
[10.320s] INFO:colcon.colcon_core.shell:Creating environment descriptor '/home/maker/bm_ws/install/my_bot/share/my_bot/hook/cmake_prefix_path.dsv'
[10.334s] INFO:colcon.colcon_core.shell:Creating environment hook '/home/maker/bm_ws/install/my_bot/share/my_bot/hook/cmake_prefix_path.sh'
[10.351s] Level 1:colcon.colcon_core.environment:checking '/home/maker/bm_ws/install/my_bot/bin'
[10.351s] Level 1:colcon.colcon_core.environment:checking '/home/maker/bm_ws/install/my_bot/lib/pkgconfig/my_bot.pc'
[10.359s] Level 1:colcon.colcon_core.environment:checking '/home/maker/bm_ws/install/my_bot/lib/python3.10/site-packages'
[10.359s] Level 1:colcon.colcon_core.environment:checking '/home/maker/bm_ws/install/my_bot/bin'
[10.360s] INFO:colcon.colcon_core.shell:Creating package script '/home/maker/bm_ws/install/my_bot/share/my_bot/package.ps1'
[10.376s] INFO:colcon.colcon_core.shell:Creating package descriptor '/home/maker/bm_ws/install/my_bot/share/my_bot/package.dsv'
[10.409s] INFO:colcon.colcon_core.shell:Creating package script '/home/maker/bm_ws/install/my_bot/share/my_bot/package.sh'
[10.425s] INFO:colcon.colcon_core.shell:Creating package script '/home/maker/bm_ws/install/my_bot/share/my_bot/package.bash'
[10.439s] INFO:colcon.colcon_core.shell:Creating package script '/home/maker/bm_ws/install/my_bot/share/my_bot/package.zsh'
[10.456s] Level 1:colcon.colcon_core.environment:create_file_with_runtime_dependencies(/home/maker/bm_ws/install/my_bot/share/colcon-core/packages/my_bot)
[10.469s] Level 1:colcon.colcon_core.environment:create_environment_scripts_only(my_bot)
[10.474s] Level 1:colcon.colcon_core.environment:checking '/home/maker/bm_ws/install/my_bot' for CMake module files
[10.475s] Level 1:colcon.colcon_core.environment:checking '/home/maker/bm_ws/install/my_bot' for CMake config files
[10.485s] Level 1:colcon.colcon_core.shell:create_environment_hook('my_bot', 'cmake_prefix_path')
[10.491s] INFO:colcon.colcon_core.shell:Creating environment hook '/home/maker/bm_ws/install/my_bot/share/my_bot/hook/cmake_prefix_path.ps1'
[10.519s] INFO:colcon.colcon_core.shell:Creating environment descriptor '/home/maker/bm_ws/install/my_bot/share/my_bot/hook/cmake_prefix_path.dsv'
[10.526s] INFO:colcon.colcon_core.shell:Creating environment hook '/home/maker/bm_ws/install/my_bot/share/my_bot/hook/cmake_prefix_path.sh'
[10.532s] Level 1:colcon.colcon_core.environment:checking '/home/maker/bm_ws/install/my_bot/bin'
[10.532s] Level 1:colcon.colcon_core.environment:checking '/home/maker/bm_ws/install/my_bot/lib/pkgconfig/my_bot.pc'
[10.538s] Level 1:colcon.colcon_core.environment:checking '/home/maker/bm_ws/install/my_bot/lib/python3.10/site-packages'
[10.546s] Level 1:colcon.colcon_core.environment:checking '/home/maker/bm_ws/install/my_bot/bin'
[10.550s] INFO:colcon.colcon_core.shell:Creating package script '/home/maker/bm_ws/install/my_bot/share/my_bot/package.ps1'
[10.562s] INFO:colcon.colcon_core.shell:Creating package descriptor '/home/maker/bm_ws/install/my_bot/share/my_bot/package.dsv'
[10.579s] INFO:colcon.colcon_core.shell:Creating package script '/home/maker/bm_ws/install/my_bot/share/my_bot/package.sh'
[10.588s] INFO:colcon.colcon_core.shell:Creating package script '/home/maker/bm_ws/install/my_bot/share/my_bot/package.bash'
[10.605s] INFO:colcon.colcon_core.shell:Creating package script '/home/maker/bm_ws/install/my_bot/share/my_bot/package.zsh'
[10.613s] Level 1:colcon.colcon_core.environment:create_file_with_runtime_dependencies(/home/maker/bm_ws/install/my_bot/share/colcon-core/packages/my_bot)
[19.292s] DEBUG:colcon.colcon_core.event_handler.log_command:Invoked command in '/home/maker/bm_ws/build/serial_motor_demo_msgs' returned '0': CMAKE_PREFIX_PATH=/opt/ros/humble /usr/bin/cmake --build /home/maker/bm_ws/build/serial_motor_demo_msgs -- -j2 -l2
[19.336s] DEBUG:colcon.colcon_core.event_handler.log_command:Invoking command in '/home/maker/bm_ws/build/serial_motor_demo_msgs': CMAKE_PREFIX_PATH=/opt/ros/humble /usr/bin/cmake --install /home/maker/bm_ws/build/serial_motor_demo_msgs
[20.861s] Level 1:colcon.colcon_core.environment:create_environment_scripts_only(serial_motor_demo_msgs)
[20.863s] Level 1:colcon.colcon_core.environment:checking '/home/maker/bm_ws/install/serial_motor_demo_msgs' for CMake module files
[20.872s] DEBUG:colcon.colcon_core.event_handler.log_command:Invoked command in '/home/maker/bm_ws/build/serial_motor_demo_msgs' returned '0': CMAKE_PREFIX_PATH=/opt/ros/humble /usr/bin/cmake --install /home/maker/bm_ws/build/serial_motor_demo_msgs
[20.880s] Level 1:colcon.colcon_core.environment:checking '/home/maker/bm_ws/install/serial_motor_demo_msgs' for CMake config files
[20.891s] Level 1:colcon.colcon_core.shell:create_environment_hook('serial_motor_demo_msgs', 'cmake_prefix_path')
[20.892s] INFO:colcon.colcon_core.shell:Creating environment hook '/home/maker/bm_ws/install/serial_motor_demo_msgs/share/serial_motor_demo_msgs/hook/cmake_prefix_path.ps1'
[20.904s] INFO:colcon.colcon_core.shell:Creating environment descriptor '/home/maker/bm_ws/install/serial_motor_demo_msgs/share/serial_motor_demo_msgs/hook/cmake_prefix_path.dsv'
[20.909s] INFO:colcon.colcon_core.shell:Creating environment hook '/home/maker/bm_ws/install/serial_motor_demo_msgs/share/serial_motor_demo_msgs/hook/cmake_prefix_path.sh'
[20.925s] Level 1:colcon.colcon_core.environment:checking '/home/maker/bm_ws/install/serial_motor_demo_msgs/lib'
[20.925s] Level 1:colcon.colcon_core.shell:create_environment_hook('serial_motor_demo_msgs', 'ld_library_path_lib')
[20.926s] INFO:colcon.colcon_core.shell:Creating environment hook '/home/maker/bm_ws/install/serial_motor_demo_msgs/share/serial_motor_demo_msgs/hook/ld_library_path_lib.ps1'
[20.933s] INFO:colcon.colcon_core.shell:Creating environment descriptor '/home/maker/bm_ws/install/serial_motor_demo_msgs/share/serial_motor_demo_msgs/hook/ld_library_path_lib.dsv'
[20.940s] INFO:colcon.colcon_core.shell:Creating environment hook '/home/maker/bm_ws/install/serial_motor_demo_msgs/share/serial_motor_demo_msgs/hook/ld_library_path_lib.sh'
[20.944s] Level 1:colcon.colcon_core.environment:checking '/home/maker/bm_ws/install/serial_motor_demo_msgs/bin'
[20.947s] Level 1:colcon.colcon_core.environment:checking '/home/maker/bm_ws/install/serial_motor_demo_msgs/lib/pkgconfig/serial_motor_demo_msgs.pc'
[20.948s] Level 1:colcon.colcon_core.environment:checking '/home/maker/bm_ws/install/serial_motor_demo_msgs/lib/python3.10/site-packages'
[20.949s] Level 1:colcon.colcon_core.environment:checking '/home/maker/bm_ws/install/serial_motor_demo_msgs/bin'
[20.951s] INFO:colcon.colcon_core.shell:Creating package script '/home/maker/bm_ws/install/serial_motor_demo_msgs/share/serial_motor_demo_msgs/package.ps1'
[20.953s] INFO:colcon.colcon_core.shell:Creating package descriptor '/home/maker/bm_ws/install/serial_motor_demo_msgs/share/serial_motor_demo_msgs/package.dsv'
[20.955s] INFO:colcon.colcon_core.shell:Creating package script '/home/maker/bm_ws/install/serial_motor_demo_msgs/share/serial_motor_demo_msgs/package.sh'
[20.957s] INFO:colcon.colcon_core.shell:Creating package script '/home/maker/bm_ws/install/serial_motor_demo_msgs/share/serial_motor_demo_msgs/package.bash'
[20.960s] INFO:colcon.colcon_core.shell:Creating package script '/home/maker/bm_ws/install/serial_motor_demo_msgs/share/serial_motor_demo_msgs/package.zsh'
[20.962s] Level 1:colcon.colcon_core.environment:create_file_with_runtime_dependencies(/home/maker/bm_ws/install/serial_motor_demo_msgs/share/colcon-core/packages/serial_motor_demo_msgs)
[20.965s] Level 1:colcon.colcon_core.environment:create_environment_scripts_only(serial_motor_demo_msgs)
[20.966s] Level 1:colcon.colcon_core.environment:checking '/home/maker/bm_ws/install/serial_motor_demo_msgs' for CMake module files
[20.969s] Level 1:colcon.colcon_core.environment:checking '/home/maker/bm_ws/install/serial_motor_demo_msgs' for CMake config files
[20.970s] Level 1:colcon.colcon_core.shell:create_environment_hook('serial_motor_demo_msgs', 'cmake_prefix_path')
[20.971s] INFO:colcon.colcon_core.shell:Creating environment hook '/home/maker/bm_ws/install/serial_motor_demo_msgs/share/serial_motor_demo_msgs/hook/cmake_prefix_path.ps1'
[20.972s] INFO:colcon.colcon_core.shell:Creating environment descriptor '/home/maker/bm_ws/install/serial_motor_demo_msgs/share/serial_motor_demo_msgs/hook/cmake_prefix_path.dsv'
[20.974s] INFO:colcon.colcon_core.shell:Creating environment hook '/home/maker/bm_ws/install/serial_motor_demo_msgs/share/serial_motor_demo_msgs/hook/cmake_prefix_path.sh'
[20.979s] Level 1:colcon.colcon_core.environment:checking '/home/maker/bm_ws/install/serial_motor_demo_msgs/lib'
[20.979s] Level 1:colcon.colcon_core.shell:create_environment_hook('serial_motor_demo_msgs', 'ld_library_path_lib')
[20.980s] INFO:colcon.colcon_core.shell:Creating environment hook '/home/maker/bm_ws/install/serial_motor_demo_msgs/share/serial_motor_demo_msgs/hook/ld_library_path_lib.ps1'
[20.981s] INFO:colcon.colcon_core.shell:Creating environment descriptor '/home/maker/bm_ws/install/serial_motor_demo_msgs/share/serial_motor_demo_msgs/hook/ld_library_path_lib.dsv'
[20.985s] INFO:colcon.colcon_core.shell:Creating environment hook '/home/maker/bm_ws/install/serial_motor_demo_msgs/share/serial_motor_demo_msgs/hook/ld_library_path_lib.sh'
[20.988s] Level 1:colcon.colcon_core.environment:checking '/home/maker/bm_ws/install/serial_motor_demo_msgs/bin'
[20.989s] Level 1:colcon.colcon_core.environment:checking '/home/maker/bm_ws/install/serial_motor_demo_msgs/lib/pkgconfig/serial_motor_demo_msgs.pc'
[20.989s] Level 1:colcon.colcon_core.environment:checking '/home/maker/bm_ws/install/serial_motor_demo_msgs/lib/python3.10/site-packages'
[20.990s] Level 1:colcon.colcon_core.environment:checking '/home/maker/bm_ws/install/serial_motor_demo_msgs/bin'
[20.993s] INFO:colcon.colcon_core.shell:Creating package script '/home/maker/bm_ws/install/serial_motor_demo_msgs/share/serial_motor_demo_msgs/package.ps1'
[20.995s] INFO:colcon.colcon_core.shell:Creating package descriptor '/home/maker/bm_ws/install/serial_motor_demo_msgs/share/serial_motor_demo_msgs/package.dsv'
[20.997s] INFO:colcon.colcon_core.shell:Creating package script '/home/maker/bm_ws/install/serial_motor_demo_msgs/share/serial_motor_demo_msgs/package.sh'
[20.998s] INFO:colcon.colcon_core.shell:Creating package script '/home/maker/bm_ws/install/serial_motor_demo_msgs/share/serial_motor_demo_msgs/package.bash'
[21.003s] INFO:colcon.colcon_core.shell:Creating package script '/home/maker/bm_ws/install/serial_motor_demo_msgs/share/serial_motor_demo_msgs/package.zsh'
[21.006s] Level 1:colcon.colcon_core.environment:create_file_with_runtime_dependencies(/home/maker/bm_ws/install/serial_motor_demo_msgs/share/colcon-core/packages/serial_motor_demo_msgs)
[21.011s] INFO:colcon.colcon_ros.task.ament_python.build:Building ROS package in '/home/maker/bm_ws/src/serial_motor_demo/serial_motor_demo' with build type 'ament_python'
[21.011s] Level 1:colcon.colcon_core.shell:create_environment_hook('serial_motor_demo', 'ament_prefix_path')
[21.012s] INFO:colcon.colcon_core.shell:Creating environment hook '/home/maker/bm_ws/install/serial_motor_demo/share/serial_motor_demo/hook/ament_prefix_path.ps1'
[21.020s] INFO:colcon.colcon_core.shell:Creating environment descriptor '/home/maker/bm_ws/install/serial_motor_demo/share/serial_motor_demo/hook/ament_prefix_path.dsv'
[21.024s] INFO:colcon.colcon_core.shell:Creating environment hook '/home/maker/bm_ws/install/serial_motor_demo/share/serial_motor_demo/hook/ament_prefix_path.sh'
[21.036s] INFO:colcon.colcon_core.shell:Skip shell extension 'powershell' for command environment: Not usable outside of PowerShell
[21.036s] DEBUG:colcon.colcon_core.shell:Skip shell extension 'dsv' for command environment
[22.633s] INFO:colcon.colcon_core.task.python.build:Building Python package in '/home/maker/bm_ws/src/serial_motor_demo/serial_motor_demo'
[22.636s] INFO:colcon.colcon_core.shell:Skip shell extension 'powershell' for command environment: Not usable outside of PowerShell
[22.637s] DEBUG:colcon.colcon_core.shell:Skip shell extension 'dsv' for command environment
[39.702s] DEBUG:colcon.colcon_core.event_handler.log_command:Invoking command in '/home/maker/bm_ws/build/serial_motor_demo': AMENT_PREFIX_PATH=/home/maker/bm_ws/install/serial_motor_demo_msgs:${AMENT_PREFIX_PATH} CMAKE_PREFIX_PATH=/home/maker/bm_ws/install/serial_motor_demo_msgs LD_LIBRARY_PATH=/home/maker/bm_ws/install/serial_motor_demo_msgs/lib:${LD_LIBRARY_PATH} PYTHONPATH=/home/maker/bm_ws/build/serial_motor_demo/prefix_override:/usr/lib/python3/dist-packages/colcon_core/task/python/colcon_distutils_commands:/home/maker/bm_ws/install/serial_motor_demo/lib/python3.10/site-packages:/home/maker/bm_ws/install/serial_motor_demo_msgs/local/lib/python3.10/dist-packages:${PYTHONPATH} /usr/bin/python3 -W ignore:setup.py install is deprecated -W ignore:easy_install command is deprecated setup.py develop --editable --build-directory /home/maker/bm_ws/build/serial_motor_demo/build --no-deps symlink_data
[51.757s] Level 1:colcon.colcon_core.shell:create_environment_hook('serial_motor_demo', 'pythonpath_develop')
[51.763s] INFO:colcon.colcon_core.shell:Creating environment hook '/home/maker/bm_ws/build/serial_motor_demo/share/serial_motor_demo/hook/pythonpath_develop.ps1'
[51.762s] DEBUG:colcon.colcon_core.event_handler.log_command:Invoked command in '/home/maker/bm_ws/build/serial_motor_demo' returned '0': AMENT_PREFIX_PATH=/home/maker/bm_ws/install/serial_motor_demo_msgs:${AMENT_PREFIX_PATH} CMAKE_PREFIX_PATH=/home/maker/bm_ws/install/serial_motor_demo_msgs LD_LIBRARY_PATH=/home/maker/bm_ws/install/serial_motor_demo_msgs/lib:${LD_LIBRARY_PATH} PYTHONPATH=/home/maker/bm_ws/build/serial_motor_demo/prefix_override:/usr/lib/python3/dist-packages/colcon_core/task/python/colcon_distutils_commands:/home/maker/bm_ws/install/serial_motor_demo/lib/python3.10/site-packages:/home/maker/bm_ws/install/serial_motor_demo_msgs/local/lib/python3.10/dist-packages:${PYTHONPATH} /usr/bin/python3 -W ignore:setup.py install is deprecated -W ignore:easy_install command is deprecated setup.py develop --editable --build-directory /home/maker/bm_ws/build/serial_motor_demo/build --no-deps symlink_data
[51.787s] INFO:colcon.colcon_core.shell:Creating environment descriptor '/home/maker/bm_ws/build/serial_motor_demo/share/serial_motor_demo/hook/pythonpath_develop.dsv'
[51.795s] INFO:colcon.colcon_core.shell:Creating environment hook '/home/maker/bm_ws/build/serial_motor_demo/share/serial_motor_demo/hook/pythonpath_develop.sh'
[51.799s] Level 1:colcon.colcon_core.environment:checking '/home/maker/bm_ws/install/serial_motor_demo' for CMake module files
[51.806s] Level 1:colcon.colcon_core.environment:checking '/home/maker/bm_ws/install/serial_motor_demo' for CMake config files
[51.816s] Level 1:colcon.colcon_core.environment:checking '/home/maker/bm_ws/install/serial_motor_demo/lib'
[51.818s] Level 1:colcon.colcon_core.environment:checking '/home/maker/bm_ws/install/serial_motor_demo/bin'
[51.819s] Level 1:colcon.colcon_core.environment:checking '/home/maker/bm_ws/install/serial_motor_demo/lib/pkgconfig/serial_motor_demo.pc'
[51.833s] Level 1:colcon.colcon_core.environment:checking '/home/maker/bm_ws/install/serial_motor_demo/lib/python3.10/site-packages'
[51.839s] Level 1:colcon.colcon_core.shell:create_environment_hook('serial_motor_demo', 'pythonpath')
[51.840s] INFO:colcon.colcon_core.shell:Creating environment hook '/home/maker/bm_ws/install/serial_motor_demo/share/serial_motor_demo/hook/pythonpath.ps1'
[51.850s] INFO:colcon.colcon_core.shell:Creating environment descriptor '/home/maker/bm_ws/install/serial_motor_demo/share/serial_motor_demo/hook/pythonpath.dsv'
[51.857s] INFO:colcon.colcon_core.shell:Creating environment hook '/home/maker/bm_ws/install/serial_motor_demo/share/serial_motor_demo/hook/pythonpath.sh'
[51.868s] Level 1:colcon.colcon_core.environment:checking '/home/maker/bm_ws/install/serial_motor_demo/bin'
[51.868s] Level 1:colcon.colcon_core.environment:create_environment_scripts_only(serial_motor_demo)
[51.873s] INFO:colcon.colcon_core.shell:Creating package script '/home/maker/bm_ws/install/serial_motor_demo/share/serial_motor_demo/package.ps1'
[51.881s] INFO:colcon.colcon_core.shell:Creating package descriptor '/home/maker/bm_ws/install/serial_motor_demo/share/serial_motor_demo/package.dsv'
[51.887s] INFO:colcon.colcon_core.shell:Creating package script '/home/maker/bm_ws/install/serial_motor_demo/share/serial_motor_demo/package.sh'
[51.892s] INFO:colcon.colcon_core.shell:Creating package script '/home/maker/bm_ws/install/serial_motor_demo/share/serial_motor_demo/package.bash'
[51.895s] INFO:colcon.colcon_core.shell:Creating package script '/home/maker/bm_ws/install/serial_motor_demo/share/serial_motor_demo/package.zsh'
[51.899s] Level 1:colcon.colcon_core.environment:create_file_with_runtime_dependencies(/home/maker/bm_ws/install/serial_motor_demo/share/colcon-core/packages/serial_motor_demo)
[51.904s] DEBUG:colcon.colcon_parallel_executor.executor.parallel:closing loop
[51.913s] DEBUG:colcon.colcon_parallel_executor.executor.parallel:loop closed
[51.913s] DEBUG:colcon.colcon_parallel_executor.executor.parallel:run_until_complete finished with '0'
[51.913s] DEBUG:colcon.colcon_core.event_reactor:joining thread
[52.172s] INFO:colcon.colcon_core.plugin_system:Skipping extension 'colcon_notification.desktop_notification.terminal_notifier': Not used on non-Darwin systems
[52.172s] INFO:colcon.colcon_core.plugin_system:Skipping extension 'colcon_notification.desktop_notification.win32': Not used on non-Windows systems
[52.172s] INFO:colcon.colcon_notification.desktop_notification:Sending desktop notification using 'notify2'
[55.710s] DEBUG:colcon.colcon_core.event_reactor:joined thread
[55.711s] INFO:colcon.colcon_core.shell:Creating prefix script '/home/maker/bm_ws/install/local_setup.ps1'
[55.734s] INFO:colcon.colcon_core.shell:Creating prefix util module '/home/maker/bm_ws/install/_local_setup_util_ps1.py'
[55.762s] INFO:colcon.colcon_core.shell:Creating prefix chain script '/home/maker/bm_ws/install/setup.ps1'
[55.791s] INFO:colcon.colcon_core.shell:Creating prefix script '/home/maker/bm_ws/install/local_setup.sh'
[55.810s] INFO:colcon.colcon_core.shell:Creating prefix util module '/home/maker/bm_ws/install/_local_setup_util_sh.py'
[55.817s] INFO:colcon.colcon_core.shell:Creating prefix chain script '/home/maker/bm_ws/install/setup.sh'
[55.843s] INFO:colcon.colcon_core.shell:Creating prefix script '/home/maker/bm_ws/install/local_setup.bash'
[55.855s] INFO:colcon.colcon_core.shell:Creating prefix chain script '/home/maker/bm_ws/install/setup.bash'
[55.892s] INFO:colcon.colcon_core.shell:Creating prefix script '/home/maker/bm_ws/install/local_setup.zsh'
[55.919s] INFO:colcon.colcon_core.shell:Creating prefix chain script '/home/maker/bm_ws/install/setup.zsh'
