[24.632s] Invoking command in '/home/maker/bm_ws/build/serial_motor_demo': CMAKE_PREFIX_PATH=/home/maker/bm_ws/install/serial_motor_demo_msgs:/home/maker/bm_ws/install/sllidar_ros2:/home/maker/bm_ws/install/my_bot PYTHONPATH=/home/maker/bm_ws/build/serial_motor_demo/prefix_override:/usr/lib/python3/dist-packages/colcon_core/task/python/colcon_distutils_commands:/home/maker/bm_ws/install/serial_motor_demo/lib/python3.10/site-packages:${PYTHONPATH} /usr/bin/python3 -W ignore:setup.py install is deprecated -W ignore:easy_install command is deprecated setup.py develop --editable --build-directory /home/maker/bm_ws/build/serial_motor_demo/build --no-deps symlink_data
[27.579s] /home/maker/.local/lib/python3.10/site-packages/setuptools/dist.py:599: SetuptoolsDeprecationWarning: Invalid dash-separated key 'script-dir' in 'develop' (setup.cfg), please use the underscore name 'script_dir' instead.
[27.588s] !!
[27.588s] 
[27.589s]         ********************************************************************************
[27.594s]         Usage of dash-separated 'script-dir' will not be supported in future
[27.594s]         versions. Please use the underscore name 'script_dir' instead.
[27.594s] 
[27.595s]         By 2026-Mar-03, you need to update your project and remove deprecated calls
[27.595s]         or your builds will no longer be supported.
[27.595s] 
[27.595s]         See https://setuptools.pypa.io/en/latest/userguide/declarative_config.html for details.
[27.604s]         ********************************************************************************
[27.605s] 
[27.605s] !!
[27.605s]   opt = self._enforce_underscore(opt, section)
[27.845s] /home/maker/.local/lib/python3.10/site-packages/setuptools/_distutils/dist.py:289: UserWarning: Unknown distribution option: 'tests_require'
[27.845s]   warnings.warn(msg)
[28.508s] /home/maker/.local/lib/python3.10/site-packages/setuptools/dist.py:599: SetuptoolsDeprecationWarning: Invalid dash-separated key 'script-dir' in 'develop' (setup.cfg), please use the underscore name 'script_dir' instead.
[28.510s] !!
[28.511s] 
[28.511s]         ********************************************************************************
[28.513s]         Usage of dash-separated 'script-dir' will not be supported in future
[28.515s]         versions. Please use the underscore name 'script_dir' instead.
[28.516s]         (Affected: serial_motor_demo).
[28.517s] 
[28.519s]         By 2026-Mar-03, you need to update your project and remove deprecated calls
[28.520s]         or your builds will no longer be supported.
[28.522s] 
[28.522s]         See https://setuptools.pypa.io/en/latest/userguide/declarative_config.html for details.
[28.524s]         ********************************************************************************
[28.524s] 
[28.524s] !!
[28.525s]   opt = self._enforce_underscore(opt, section)
[30.992s] running develop
[33.360s] running egg_info
[33.447s] writing serial_motor_demo.egg-info/PKG-INFO
[33.450s] writing dependency_links to serial_motor_demo.egg-info/dependency_links.txt
[33.455s] writing entry points to serial_motor_demo.egg-info/entry_points.txt
[33.458s] writing requirements to serial_motor_demo.egg-info/requires.txt
[33.464s] writing top-level names to serial_motor_demo.egg-info/top_level.txt
[33.801s] reading manifest file 'serial_motor_demo.egg-info/SOURCES.txt'
[33.815s] writing manifest file 'serial_motor_demo.egg-info/SOURCES.txt'
[33.938s] running build_ext
[33.939s] Creating /home/maker/bm_ws/install/serial_motor_demo/lib/python3.10/site-packages/serial-motor-demo.egg-link (link to .)
[33.943s] Installing driver script to /home/maker/bm_ws/install/serial_motor_demo/lib/serial_motor_demo
[33.947s] Installing gui script to /home/maker/bm_ws/install/serial_motor_demo/lib/serial_motor_demo
[33.948s] 
[33.950s] Installed /home/maker/bm_ws/build/serial_motor_demo
[33.952s] running symlink_data
[34.205s] Invoked command in '/home/maker/bm_ws/build/serial_motor_demo' returned '0': CMAKE_PREFIX_PATH=/home/maker/bm_ws/install/serial_motor_demo_msgs:/home/maker/bm_ws/install/sllidar_ros2:/home/maker/bm_ws/install/my_bot PYTHONPATH=/home/maker/bm_ws/build/serial_motor_demo/prefix_override:/usr/lib/python3/dist-packages/colcon_core/task/python/colcon_distutils_commands:/home/maker/bm_ws/install/serial_motor_demo/lib/python3.10/site-packages:${PYTHONPATH} /usr/bin/python3 -W ignore:setup.py install is deprecated -W ignore:easy_install command is deprecated setup.py develop --editable --build-directory /home/maker/bm_ws/build/serial_motor_demo/build --no-deps symlink_data
