[0.106s] Invoking command in '/home/maker/bm_ws/build/serial_motor_demo_msgs': CMAKE_PREFIX_PATH=${CMAKE_PREFIX_PATH}:/home/maker/install/serial_motor_demo:/home/maker/bm_ws/install/serial_motor_demo:/opt/ros/humble /usr/bin/cmake --build /home/maker/bm_ws/build/serial_motor_demo_msgs -- -j2 -l2
[0.778s] [  2%] Built target serial_motor_demo_msgs__cpp
[0.963s] [  2%] Built target ament_cmake_python_symlink_serial_motor_demo_msgs
[1.023s] [ 12%] Built target serial_motor_demo_msgs__rosidl_generator_c
[1.284s] [ 23%] Built target serial_motor_demo_msgs__rosidl_typesupport_fastrtps_cpp
[1.317s] [ 34%] Built target serial_motor_demo_msgs__rosidl_typesupport_introspection_cpp
[1.499s] [ 44%] Built target serial_motor_demo_msgs__rosidl_typesupport_fastrtps_c
[1.524s] [ 55%] Built target serial_motor_demo_msgs__rosidl_typesupport_cpp
[1.670s] [ 65%] Built target serial_motor_demo_msgs__rosidl_typesupport_introspection_c
[1.815s] [ 76%] Built target serial_motor_demo_msgs__rosidl_typesupport_c
[1.917s] [ 76%] Built target serial_motor_demo_msgs
[2.020s] [ 78%] Built target serial_motor_demo_msgs__py
[2.237s] [ 87%] Built target serial_motor_demo_msgs__rosidl_generator_py
[2.347s] [ 91%] Built target serial_motor_demo_msgs__rosidl_typesupport_fastrtps_c__pyext
[2.454s] [ 95%] Built target serial_motor_demo_msgs__rosidl_typesupport_introspection_c__pyext
[2.587s] [100%] Built target serial_motor_demo_msgs__rosidl_typesupport_c__pyext
[2.852s] running egg_info
[2.912s] writing serial_motor_demo_msgs.egg-info/PKG-INFO
[2.916s] writing dependency_links to serial_motor_demo_msgs.egg-info/dependency_links.txt
[2.918s] writing top-level names to serial_motor_demo_msgs.egg-info/top_level.txt
[3.083s] reading manifest file 'serial_motor_demo_msgs.egg-info/SOURCES.txt'
[3.088s] writing manifest file 'serial_motor_demo_msgs.egg-info/SOURCES.txt'
[3.181s] [100%] Built target ament_cmake_python_build_serial_motor_demo_msgs_egg
[3.220s] Invoked command in '/home/maker/bm_ws/build/serial_motor_demo_msgs' returned '0': CMAKE_PREFIX_PATH=${CMAKE_PREFIX_PATH}:/home/maker/install/serial_motor_demo:/home/maker/bm_ws/install/serial_motor_demo:/opt/ros/humble /usr/bin/cmake --build /home/maker/bm_ws/build/serial_motor_demo_msgs -- -j2 -l2
[3.233s] Invoking command in '/home/maker/bm_ws/build/serial_motor_demo_msgs': CMAKE_PREFIX_PATH=${CMAKE_PREFIX_PATH}:/home/maker/install/serial_motor_demo:/home/maker/bm_ws/install/serial_motor_demo:/opt/ros/humble /usr/bin/cmake --install /home/maker/bm_ws/build/serial_motor_demo_msgs
[3.262s] -- Install configuration: ""
[3.265s] -- Execute custom install script
[3.268s] -- Up-to-date symlink: /home/maker/bm_ws/install/serial_motor_demo_msgs/share/ament_index/resource_index/rosidl_interfaces/serial_motor_demo_msgs
[3.274s] -- Up-to-date symlink: /home/maker/bm_ws/install/serial_motor_demo_msgs/include/serial_motor_demo_msgs/serial_motor_demo_msgs/msg/detail/encoder_vals__functions.h
[3.276s] -- Up-to-date symlink: /home/maker/bm_ws/install/serial_motor_demo_msgs/include/serial_motor_demo_msgs/serial_motor_demo_msgs/msg/detail/encoder_vals__struct.h
[3.277s] -- Up-to-date symlink: /home/maker/bm_ws/install/serial_motor_demo_msgs/include/serial_motor_demo_msgs/serial_motor_demo_msgs/msg/detail/encoder_vals__type_support.h
[3.278s] -- Up-to-date symlink: /home/maker/bm_ws/install/serial_motor_demo_msgs/include/serial_motor_demo_msgs/serial_motor_demo_msgs/msg/detail/motor_command__functions.h
[3.280s] -- Up-to-date symlink: /home/maker/bm_ws/install/serial_motor_demo_msgs/include/serial_motor_demo_msgs/serial_motor_demo_msgs/msg/detail/motor_command__struct.h
[3.282s] -- Up-to-date symlink: /home/maker/bm_ws/install/serial_motor_demo_msgs/include/serial_motor_demo_msgs/serial_motor_demo_msgs/msg/detail/motor_command__type_support.h
[3.283s] -- Up-to-date symlink: /home/maker/bm_ws/install/serial_motor_demo_msgs/include/serial_motor_demo_msgs/serial_motor_demo_msgs/msg/detail/motor_vels__functions.h
[3.284s] -- Up-to-date symlink: /home/maker/bm_ws/install/serial_motor_demo_msgs/include/serial_motor_demo_msgs/serial_motor_demo_msgs/msg/detail/motor_vels__struct.h
[3.285s] -- Up-to-date symlink: /home/maker/bm_ws/install/serial_motor_demo_msgs/include/serial_motor_demo_msgs/serial_motor_demo_msgs/msg/detail/motor_vels__type_support.h
[3.287s] -- Up-to-date symlink: /home/maker/bm_ws/install/serial_motor_demo_msgs/include/serial_motor_demo_msgs/serial_motor_demo_msgs/msg/encoder_vals.h
[3.288s] -- Up-to-date symlink: /home/maker/bm_ws/install/serial_motor_demo_msgs/include/serial_motor_demo_msgs/serial_motor_demo_msgs/msg/motor_command.h
[3.290s] -- Up-to-date symlink: /home/maker/bm_ws/install/serial_motor_demo_msgs/include/serial_motor_demo_msgs/serial_motor_demo_msgs/msg/motor_vels.h
[3.291s] -- Up-to-date symlink: /home/maker/bm_ws/install/serial_motor_demo_msgs/include/serial_motor_demo_msgs/serial_motor_demo_msgs/msg/rosidl_generator_c__visibility_control.h
[3.292s] -- Up-to-date symlink: /home/maker/bm_ws/install/serial_motor_demo_msgs/share/serial_motor_demo_msgs/environment/library_path.sh
[3.293s] -- Up-to-date symlink: /home/maker/bm_ws/install/serial_motor_demo_msgs/share/serial_motor_demo_msgs/environment/library_path.dsv
[3.295s] -- Up-to-date symlink: /home/maker/bm_ws/install/serial_motor_demo_msgs/include/serial_motor_demo_msgs/serial_motor_demo_msgs/msg/detail/encoder_vals__rosidl_typesupport_fastrtps_c.h
[3.297s] -- Up-to-date symlink: /home/maker/bm_ws/install/serial_motor_demo_msgs/include/serial_motor_demo_msgs/serial_motor_demo_msgs/msg/detail/motor_command__rosidl_typesupport_fastrtps_c.h
[3.298s] -- Up-to-date symlink: /home/maker/bm_ws/install/serial_motor_demo_msgs/include/serial_motor_demo_msgs/serial_motor_demo_msgs/msg/detail/motor_vels__rosidl_typesupport_fastrtps_c.h
[3.299s] -- Up-to-date symlink: /home/maker/bm_ws/install/serial_motor_demo_msgs/include/serial_motor_demo_msgs/serial_motor_demo_msgs/msg/rosidl_typesupport_fastrtps_c__visibility_control.h
[3.301s] -- Up-to-date symlink: /home/maker/bm_ws/install/serial_motor_demo_msgs/include/serial_motor_demo_msgs/serial_motor_demo_msgs/msg/detail/encoder_vals__rosidl_typesupport_introspection_c.h
[3.302s] -- Up-to-date symlink: /home/maker/bm_ws/install/serial_motor_demo_msgs/include/serial_motor_demo_msgs/serial_motor_demo_msgs/msg/detail/motor_command__rosidl_typesupport_introspection_c.h
[3.304s] -- Up-to-date symlink: /home/maker/bm_ws/install/serial_motor_demo_msgs/include/serial_motor_demo_msgs/serial_motor_demo_msgs/msg/detail/motor_vels__rosidl_typesupport_introspection_c.h
[3.305s] -- Up-to-date symlink: /home/maker/bm_ws/install/serial_motor_demo_msgs/include/serial_motor_demo_msgs/serial_motor_demo_msgs/msg/rosidl_typesupport_introspection_c__visibility_control.h
[3.307s] -- Up-to-date symlink: /home/maker/bm_ws/install/serial_motor_demo_msgs/include/serial_motor_demo_msgs/serial_motor_demo_msgs/msg/detail/encoder_vals__builder.hpp
[3.308s] -- Up-to-date symlink: /home/maker/bm_ws/install/serial_motor_demo_msgs/include/serial_motor_demo_msgs/serial_motor_demo_msgs/msg/detail/encoder_vals__struct.hpp
[3.310s] -- Up-to-date symlink: /home/maker/bm_ws/install/serial_motor_demo_msgs/include/serial_motor_demo_msgs/serial_motor_demo_msgs/msg/detail/encoder_vals__traits.hpp
[3.312s] -- Up-to-date symlink: /home/maker/bm_ws/install/serial_motor_demo_msgs/include/serial_motor_demo_msgs/serial_motor_demo_msgs/msg/detail/encoder_vals__type_support.hpp
[3.313s] -- Up-to-date symlink: /home/maker/bm_ws/install/serial_motor_demo_msgs/include/serial_motor_demo_msgs/serial_motor_demo_msgs/msg/detail/motor_command__builder.hpp
[3.315s] -- Up-to-date symlink: /home/maker/bm_ws/install/serial_motor_demo_msgs/include/serial_motor_demo_msgs/serial_motor_demo_msgs/msg/detail/motor_command__struct.hpp
[3.316s] -- Up-to-date symlink: /home/maker/bm_ws/install/serial_motor_demo_msgs/include/serial_motor_demo_msgs/serial_motor_demo_msgs/msg/detail/motor_command__traits.hpp
[3.317s] -- Up-to-date symlink: /home/maker/bm_ws/install/serial_motor_demo_msgs/include/serial_motor_demo_msgs/serial_motor_demo_msgs/msg/detail/motor_command__type_support.hpp
[3.318s] -- Up-to-date symlink: /home/maker/bm_ws/install/serial_motor_demo_msgs/include/serial_motor_demo_msgs/serial_motor_demo_msgs/msg/detail/motor_vels__builder.hpp
[3.320s] -- Up-to-date symlink: /home/maker/bm_ws/install/serial_motor_demo_msgs/include/serial_motor_demo_msgs/serial_motor_demo_msgs/msg/detail/motor_vels__struct.hpp
[3.320s] -- Up-to-date symlink: /home/maker/bm_ws/install/serial_motor_demo_msgs/include/serial_motor_demo_msgs/serial_motor_demo_msgs/msg/detail/motor_vels__traits.hpp
[3.322s] -- Up-to-date symlink: /home/maker/bm_ws/install/serial_motor_demo_msgs/include/serial_motor_demo_msgs/serial_motor_demo_msgs/msg/detail/motor_vels__type_support.hpp
[3.324s] -- Up-to-date symlink: /home/maker/bm_ws/install/serial_motor_demo_msgs/include/serial_motor_demo_msgs/serial_motor_demo_msgs/msg/encoder_vals.hpp
[3.324s] -- Up-to-date symlink: /home/maker/bm_ws/install/serial_motor_demo_msgs/include/serial_motor_demo_msgs/serial_motor_demo_msgs/msg/motor_command.hpp
[3.326s] -- Up-to-date symlink: /home/maker/bm_ws/install/serial_motor_demo_msgs/include/serial_motor_demo_msgs/serial_motor_demo_msgs/msg/motor_vels.hpp
[3.328s] -- Up-to-date symlink: /home/maker/bm_ws/install/serial_motor_demo_msgs/include/serial_motor_demo_msgs/serial_motor_demo_msgs/msg/rosidl_generator_cpp__visibility_control.hpp
[3.332s] -- Up-to-date symlink: /home/maker/bm_ws/install/serial_motor_demo_msgs/include/serial_motor_demo_msgs/serial_motor_demo_msgs/msg/detail/encoder_vals__rosidl_typesupport_fastrtps_cpp.hpp
[3.334s] -- Up-to-date symlink: /home/maker/bm_ws/install/serial_motor_demo_msgs/include/serial_motor_demo_msgs/serial_motor_demo_msgs/msg/detail/motor_command__rosidl_typesupport_fastrtps_cpp.hpp
[3.335s] -- Up-to-date symlink: /home/maker/bm_ws/install/serial_motor_demo_msgs/include/serial_motor_demo_msgs/serial_motor_demo_msgs/msg/detail/motor_vels__rosidl_typesupport_fastrtps_cpp.hpp
[3.336s] -- Up-to-date symlink: /home/maker/bm_ws/install/serial_motor_demo_msgs/include/serial_motor_demo_msgs/serial_motor_demo_msgs/msg/rosidl_typesupport_fastrtps_cpp__visibility_control.h
[3.339s] -- Up-to-date symlink: /home/maker/bm_ws/install/serial_motor_demo_msgs/include/serial_motor_demo_msgs/serial_motor_demo_msgs/msg/detail/encoder_vals__rosidl_typesupport_introspection_cpp.hpp
[3.342s] -- Up-to-date symlink: /home/maker/bm_ws/install/serial_motor_demo_msgs/include/serial_motor_demo_msgs/serial_motor_demo_msgs/msg/detail/motor_command__rosidl_typesupport_introspection_cpp.hpp
[3.345s] -- Up-to-date symlink: /home/maker/bm_ws/install/serial_motor_demo_msgs/include/serial_motor_demo_msgs/serial_motor_demo_msgs/msg/detail/motor_vels__rosidl_typesupport_introspection_cpp.hpp
[3.349s] -- Up-to-date symlink: /home/maker/bm_ws/install/serial_motor_demo_msgs/share/serial_motor_demo_msgs/environment/pythonpath.sh
[3.349s] -- Up-to-date symlink: /home/maker/bm_ws/install/serial_motor_demo_msgs/share/serial_motor_demo_msgs/environment/pythonpath.dsv
[3.353s] -- Up-to-date symlink: /home/maker/bm_ws/install/serial_motor_demo_msgs/local/lib/python3.10/dist-packages/serial_motor_demo_msgs-0.0.0-py3.10.egg-info/PKG-INFO
[3.353s] -- Up-to-date symlink: /home/maker/bm_ws/install/serial_motor_demo_msgs/local/lib/python3.10/dist-packages/serial_motor_demo_msgs-0.0.0-py3.10.egg-info/SOURCES.txt
[3.356s] -- Up-to-date symlink: /home/maker/bm_ws/install/serial_motor_demo_msgs/local/lib/python3.10/dist-packages/serial_motor_demo_msgs-0.0.0-py3.10.egg-info/dependency_links.txt
[3.357s] -- Up-to-date symlink: /home/maker/bm_ws/install/serial_motor_demo_msgs/local/lib/python3.10/dist-packages/serial_motor_demo_msgs-0.0.0-py3.10.egg-info/top_level.txt
[3.361s] -- Up-to-date symlink: /home/maker/bm_ws/install/serial_motor_demo_msgs/local/lib/python3.10/dist-packages/serial_motor_demo_msgs/__init__.py
[3.363s] -- Up-to-date symlink: /home/maker/bm_ws/install/serial_motor_demo_msgs/local/lib/python3.10/dist-packages/serial_motor_demo_msgs/_serial_motor_demo_msgs_s.ep.rosidl_typesupport_c.c
[3.364s] -- Up-to-date symlink: /home/maker/bm_ws/install/serial_motor_demo_msgs/local/lib/python3.10/dist-packages/serial_motor_demo_msgs/_serial_motor_demo_msgs_s.ep.rosidl_typesupport_fastrtps_c.c
[3.365s] -- Up-to-date symlink: /home/maker/bm_ws/install/serial_motor_demo_msgs/local/lib/python3.10/dist-packages/serial_motor_demo_msgs/_serial_motor_demo_msgs_s.ep.rosidl_typesupport_introspection_c.c
[3.368s] -- Up-to-date symlink: /home/maker/bm_ws/install/serial_motor_demo_msgs/local/lib/python3.10/dist-packages/serial_motor_demo_msgs/libserial_motor_demo_msgs__rosidl_generator_py.so
[3.369s] -- Up-to-date symlink: /home/maker/bm_ws/install/serial_motor_demo_msgs/local/lib/python3.10/dist-packages/serial_motor_demo_msgs/msg/__init__.py
[3.371s] -- Up-to-date symlink: /home/maker/bm_ws/install/serial_motor_demo_msgs/local/lib/python3.10/dist-packages/serial_motor_demo_msgs/msg/_encoder_vals.py
[3.371s] -- Up-to-date symlink: /home/maker/bm_ws/install/serial_motor_demo_msgs/local/lib/python3.10/dist-packages/serial_motor_demo_msgs/msg/_encoder_vals_s.c
[3.373s] -- Up-to-date symlink: /home/maker/bm_ws/install/serial_motor_demo_msgs/local/lib/python3.10/dist-packages/serial_motor_demo_msgs/msg/_motor_command.py
[3.374s] -- Up-to-date symlink: /home/maker/bm_ws/install/serial_motor_demo_msgs/local/lib/python3.10/dist-packages/serial_motor_demo_msgs/msg/_motor_command_s.c
[3.377s] -- Up-to-date symlink: /home/maker/bm_ws/install/serial_motor_demo_msgs/local/lib/python3.10/dist-packages/serial_motor_demo_msgs/msg/_motor_vels.py
[3.377s] -- Up-to-date symlink: /home/maker/bm_ws/install/serial_motor_demo_msgs/local/lib/python3.10/dist-packages/serial_motor_demo_msgs/msg/_motor_vels_s.c
[3.379s] -- Up-to-date symlink: /home/maker/bm_ws/install/serial_motor_demo_msgs/local/lib/python3.10/dist-packages/serial_motor_demo_msgs/serial_motor_demo_msgs_s__rosidl_typesupport_c.cpython-310-x86_64-linux-gnu.so
[3.380s] -- Up-to-date symlink: /home/maker/bm_ws/install/serial_motor_demo_msgs/local/lib/python3.10/dist-packages/serial_motor_demo_msgs/serial_motor_demo_msgs_s__rosidl_typesupport_fastrtps_c.cpython-310-x86_64-linux-gnu.so
[3.381s] -- Up-to-date symlink: /home/maker/bm_ws/install/serial_motor_demo_msgs/local/lib/python3.10/dist-packages/serial_motor_demo_msgs/serial_motor_demo_msgs_s__rosidl_typesupport_introspection_c.cpython-310-x86_64-linux-gnu.so
[3.384s] -- Up-to-date symlink: /home/maker/bm_ws/install/serial_motor_demo_msgs/local/lib/python3.10/dist-packages/serial_motor_demo_msgs/serial_motor_demo_msgs_s__rosidl_typesupport_fastrtps_c.cpython-310-x86_64-linux-gnu.so
[3.385s] -- Up-to-date symlink: /home/maker/bm_ws/install/serial_motor_demo_msgs/local/lib/python3.10/dist-packages/serial_motor_demo_msgs/serial_motor_demo_msgs_s__rosidl_typesupport_introspection_c.cpython-310-x86_64-linux-gnu.so
[3.386s] -- Up-to-date symlink: /home/maker/bm_ws/install/serial_motor_demo_msgs/local/lib/python3.10/dist-packages/serial_motor_demo_msgs/serial_motor_demo_msgs_s__rosidl_typesupport_c.cpython-310-x86_64-linux-gnu.so
[3.389s] -- Up-to-date symlink: /home/maker/bm_ws/install/serial_motor_demo_msgs/share/serial_motor_demo_msgs/msg/MotorCommand.idl
[3.390s] -- Up-to-date symlink: /home/maker/bm_ws/install/serial_motor_demo_msgs/share/serial_motor_demo_msgs/msg/MotorVels.idl
[3.393s] -- Up-to-date symlink: /home/maker/bm_ws/install/serial_motor_demo_msgs/share/serial_motor_demo_msgs/msg/EncoderVals.idl
[3.393s] -- Up-to-date symlink: /home/maker/bm_ws/install/serial_motor_demo_msgs/share/serial_motor_demo_msgs/msg/MotorCommand.msg
[3.395s] -- Up-to-date symlink: /home/maker/bm_ws/install/serial_motor_demo_msgs/share/serial_motor_demo_msgs/msg/MotorVels.msg
[3.396s] -- Up-to-date symlink: /home/maker/bm_ws/install/serial_motor_demo_msgs/share/serial_motor_demo_msgs/msg/EncoderVals.msg
[3.397s] -- Up-to-date symlink: /home/maker/bm_ws/install/serial_motor_demo_msgs/share/ament_index/resource_index/package_run_dependencies/serial_motor_demo_msgs
[3.400s] -- Up-to-date symlink: /home/maker/bm_ws/install/serial_motor_demo_msgs/share/ament_index/resource_index/parent_prefix_path/serial_motor_demo_msgs
[3.400s] -- Up-to-date symlink: /home/maker/bm_ws/install/serial_motor_demo_msgs/share/serial_motor_demo_msgs/environment/ament_prefix_path.sh
[3.401s] -- Up-to-date symlink: /home/maker/bm_ws/install/serial_motor_demo_msgs/share/serial_motor_demo_msgs/environment/ament_prefix_path.dsv
[3.404s] -- Up-to-date symlink: /home/maker/bm_ws/install/serial_motor_demo_msgs/share/serial_motor_demo_msgs/environment/path.sh
[3.405s] -- Up-to-date symlink: /home/maker/bm_ws/install/serial_motor_demo_msgs/share/serial_motor_demo_msgs/environment/path.dsv
[3.405s] -- Up-to-date symlink: /home/maker/bm_ws/install/serial_motor_demo_msgs/share/serial_motor_demo_msgs/local_setup.bash
[3.407s] -- Up-to-date symlink: /home/maker/bm_ws/install/serial_motor_demo_msgs/share/serial_motor_demo_msgs/local_setup.sh
[3.409s] -- Up-to-date symlink: /home/maker/bm_ws/install/serial_motor_demo_msgs/share/serial_motor_demo_msgs/local_setup.zsh
[3.410s] -- Up-to-date symlink: /home/maker/bm_ws/install/serial_motor_demo_msgs/share/serial_motor_demo_msgs/local_setup.dsv
[3.411s] -- Symlinking: /home/maker/bm_ws/install/serial_motor_demo_msgs/share/serial_motor_demo_msgs/package.dsv
[3.443s] -- Up-to-date symlink: /home/maker/bm_ws/install/serial_motor_demo_msgs/share/ament_index/resource_index/packages/serial_motor_demo_msgs
[3.446s] -- Up-to-date symlink: /home/maker/bm_ws/install/serial_motor_demo_msgs/share/serial_motor_demo_msgs/cmake/rosidl_cmake-extras.cmake
[3.448s] -- Up-to-date symlink: /home/maker/bm_ws/install/serial_motor_demo_msgs/share/serial_motor_demo_msgs/cmake/ament_cmake_export_include_directories-extras.cmake
[3.449s] -- Up-to-date symlink: /home/maker/bm_ws/install/serial_motor_demo_msgs/share/serial_motor_demo_msgs/cmake/ament_cmake_export_libraries-extras.cmake
[3.450s] -- Up-to-date symlink: /home/maker/bm_ws/install/serial_motor_demo_msgs/share/serial_motor_demo_msgs/cmake/ament_cmake_export_targets-extras.cmake
[3.451s] -- Up-to-date symlink: /home/maker/bm_ws/install/serial_motor_demo_msgs/share/serial_motor_demo_msgs/cmake/rosidl_cmake_export_typesupport_targets-extras.cmake
[3.453s] -- Up-to-date symlink: /home/maker/bm_ws/install/serial_motor_demo_msgs/share/serial_motor_demo_msgs/cmake/ament_cmake_export_dependencies-extras.cmake
[3.456s] -- Up-to-date symlink: /home/maker/bm_ws/install/serial_motor_demo_msgs/share/serial_motor_demo_msgs/cmake/rosidl_cmake_export_typesupport_libraries-extras.cmake
[3.459s] -- Up-to-date symlink: /home/maker/bm_ws/install/serial_motor_demo_msgs/share/serial_motor_demo_msgs/cmake/serial_motor_demo_msgsConfig.cmake
[3.460s] -- Up-to-date symlink: /home/maker/bm_ws/install/serial_motor_demo_msgs/share/serial_motor_demo_msgs/cmake/serial_motor_demo_msgsConfig-version.cmake
[3.462s] -- Up-to-date symlink: /home/maker/bm_ws/install/serial_motor_demo_msgs/share/serial_motor_demo_msgs/package.xml
[3.467s] -- Up-to-date: /home/maker/bm_ws/install/serial_motor_demo_msgs/lib/libserial_motor_demo_msgs__rosidl_generator_c.so
[3.470s] -- Up-to-date: /home/maker/bm_ws/install/serial_motor_demo_msgs/lib/libserial_motor_demo_msgs__rosidl_typesupport_fastrtps_c.so
[3.473s] -- Up-to-date: /home/maker/bm_ws/install/serial_motor_demo_msgs/lib/libserial_motor_demo_msgs__rosidl_typesupport_introspection_c.so
[3.476s] -- Up-to-date: /home/maker/bm_ws/install/serial_motor_demo_msgs/lib/libserial_motor_demo_msgs__rosidl_typesupport_c.so
[3.480s] -- Up-to-date: /home/maker/bm_ws/install/serial_motor_demo_msgs/lib/libserial_motor_demo_msgs__rosidl_typesupport_fastrtps_cpp.so
[3.483s] -- Up-to-date: /home/maker/bm_ws/install/serial_motor_demo_msgs/lib/libserial_motor_demo_msgs__rosidl_typesupport_introspection_cpp.so
[3.486s] -- Up-to-date: /home/maker/bm_ws/install/serial_motor_demo_msgs/lib/libserial_motor_demo_msgs__rosidl_typesupport_cpp.so
[3.604s] Listing '/home/maker/bm_ws/install/serial_motor_demo_msgs/local/lib/python3.10/dist-packages/serial_motor_demo_msgs'...
[3.604s] Listing '/home/maker/bm_ws/install/serial_motor_demo_msgs/local/lib/python3.10/dist-packages/serial_motor_demo_msgs/msg'...
[3.618s] -- Up-to-date: /home/maker/bm_ws/install/serial_motor_demo_msgs/lib/libserial_motor_demo_msgs__rosidl_generator_py.so
[3.623s] -- Up-to-date: /home/maker/bm_ws/install/serial_motor_demo_msgs/share/serial_motor_demo_msgs/cmake/export_serial_motor_demo_msgs__rosidl_generator_cExport.cmake
[3.623s] -- Up-to-date: /home/maker/bm_ws/install/serial_motor_demo_msgs/share/serial_motor_demo_msgs/cmake/export_serial_motor_demo_msgs__rosidl_generator_cExport-noconfig.cmake
[3.625s] -- Up-to-date: /home/maker/bm_ws/install/serial_motor_demo_msgs/share/serial_motor_demo_msgs/cmake/export_serial_motor_demo_msgs__rosidl_typesupport_fastrtps_cExport.cmake
[3.626s] -- Up-to-date: /home/maker/bm_ws/install/serial_motor_demo_msgs/share/serial_motor_demo_msgs/cmake/export_serial_motor_demo_msgs__rosidl_typesupport_fastrtps_cExport-noconfig.cmake
[3.628s] -- Up-to-date: /home/maker/bm_ws/install/serial_motor_demo_msgs/share/serial_motor_demo_msgs/cmake/serial_motor_demo_msgs__rosidl_typesupport_introspection_cExport.cmake
[3.628s] -- Up-to-date: /home/maker/bm_ws/install/serial_motor_demo_msgs/share/serial_motor_demo_msgs/cmake/serial_motor_demo_msgs__rosidl_typesupport_introspection_cExport-noconfig.cmake
[3.631s] -- Up-to-date: /home/maker/bm_ws/install/serial_motor_demo_msgs/share/serial_motor_demo_msgs/cmake/serial_motor_demo_msgs__rosidl_typesupport_cExport.cmake
[3.631s] -- Up-to-date: /home/maker/bm_ws/install/serial_motor_demo_msgs/share/serial_motor_demo_msgs/cmake/serial_motor_demo_msgs__rosidl_typesupport_cExport-noconfig.cmake
[3.638s] -- Up-to-date: /home/maker/bm_ws/install/serial_motor_demo_msgs/share/serial_motor_demo_msgs/cmake/export_serial_motor_demo_msgs__rosidl_generator_cppExport.cmake
[3.639s] -- Up-to-date: /home/maker/bm_ws/install/serial_motor_demo_msgs/share/serial_motor_demo_msgs/cmake/export_serial_motor_demo_msgs__rosidl_typesupport_fastrtps_cppExport.cmake
[3.641s] -- Up-to-date: /home/maker/bm_ws/install/serial_motor_demo_msgs/share/serial_motor_demo_msgs/cmake/export_serial_motor_demo_msgs__rosidl_typesupport_fastrtps_cppExport-noconfig.cmake
[3.644s] -- Up-to-date: /home/maker/bm_ws/install/serial_motor_demo_msgs/share/serial_motor_demo_msgs/cmake/serial_motor_demo_msgs__rosidl_typesupport_introspection_cppExport.cmake
[3.649s] -- Up-to-date: /home/maker/bm_ws/install/serial_motor_demo_msgs/share/serial_motor_demo_msgs/cmake/serial_motor_demo_msgs__rosidl_typesupport_introspection_cppExport-noconfig.cmake
[3.651s] -- Up-to-date: /home/maker/bm_ws/install/serial_motor_demo_msgs/share/serial_motor_demo_msgs/cmake/serial_motor_demo_msgs__rosidl_typesupport_cppExport.cmake
[3.652s] -- Up-to-date: /home/maker/bm_ws/install/serial_motor_demo_msgs/share/serial_motor_demo_msgs/cmake/serial_motor_demo_msgs__rosidl_typesupport_cppExport-noconfig.cmake
[3.654s] -- Up-to-date: /home/maker/bm_ws/install/serial_motor_demo_msgs/share/serial_motor_demo_msgs/cmake/export_serial_motor_demo_msgs__rosidl_generator_pyExport.cmake
[3.654s] -- Up-to-date: /home/maker/bm_ws/install/serial_motor_demo_msgs/share/serial_motor_demo_msgs/cmake/export_serial_motor_demo_msgs__rosidl_generator_pyExport-noconfig.cmake
[3.664s] Invoked command in '/home/maker/bm_ws/build/serial_motor_demo_msgs' returned '0': CMAKE_PREFIX_PATH=${CMAKE_PREFIX_PATH}:/home/maker/install/serial_motor_demo:/home/maker/bm_ws/install/serial_motor_demo:/opt/ros/humble /usr/bin/cmake --install /home/maker/bm_ws/build/serial_motor_demo_msgs
