[5.995s] DEBUG:colcon:Command line arguments: ['/usr/bin/colcon', 'build', '--symlink-install']
[5.999s] DEBUG:colcon:Parsed command line arguments: Namespace(log_base=None, log_level=None, verb_name='build', build_base='build', install_base='install', merge_install=False, symlink_install=True, test_result_base=None, continue_on_error=False, executor='parallel', parallel_workers=2, event_handlers=None, ignore_user_meta=False, metas=['./colcon.meta'], base_paths=['.'], packages_ignore=None, packages_ignore_regex=None, paths=None, packages_up_to=None, packages_up_to_regex=None, packages_above=None, packages_above_and_dependencies=None, packages_above_depth=None, packages_select_by_dep=None, packages_skip_by_dep=None, packages_skip_up_to=None, packages_select_build_failed=False, packages_skip_build_finished=False, packages_select_test_failures=False, packages_skip_test_passed=False, packages_select=None, packages_skip=None, packages_select_regex=None, packages_skip_regex=None, packages_start=None, packages_end=None, allow_overriding=[], cmake_args=None, cmake_target=None, cmake_target_skip_unavailable=False, cmake_clean_cache=False, cmake_clean_first=False, cmake_force_configure=False, ament_cmake_args=None, catkin_cmake_args=None, catkin_skip_building_tests=False, mixin_files=None, mixin=None, verb_parser=<colcon_mixin.mixin.mixin_argument.MixinArgumentDecorator object at 0x71c10163cd00>, verb_extension=<colcon_core.verb.build.BuildVerb object at 0x71c101765c30>, main=<bound method BuildVerb.main of <colcon_core.verb.build.BuildVerb object at 0x71c101765c30>>, mixin_verb=('build',))
[13.405s] Level 1:colcon.colcon_core.package_discovery:discover_packages(colcon_meta) check parameters
[13.405s] Level 1:colcon.colcon_core.package_discovery:discover_packages(recursive) check parameters
[13.405s] Level 1:colcon.colcon_core.package_discovery:discover_packages(ignore) check parameters
[13.405s] Level 1:colcon.colcon_core.package_discovery:discover_packages(path) check parameters
[13.405s] Level 1:colcon.colcon_core.package_discovery:discover_packages(colcon_meta) discover
[13.406s] Level 1:colcon.colcon_core.package_discovery:discover_packages(recursive) discover
[13.406s] INFO:colcon.colcon_core.package_discovery:Crawling recursively for packages in '/home/maker/bm_ws/src'
[13.407s] Level 1:colcon.colcon_core.package_identification:_identify(.) by extensions ['ignore', 'ignore_ament_install']
[13.410s] Level 1:colcon.colcon_core.package_identification:_identify(.) by extension 'ignore'
[13.410s] Level 1:colcon.colcon_core.package_identification:_identify(.) by extension 'ignore_ament_install'
[13.410s] Level 1:colcon.colcon_core.package_identification:_identify(.) by extensions ['colcon_pkg']
[13.410s] Level 1:colcon.colcon_core.package_identification:_identify(.) by extension 'colcon_pkg'
[13.411s] Level 1:colcon.colcon_core.package_identification:_identify(.) by extensions ['colcon_meta']
[13.411s] Level 1:colcon.colcon_core.package_identification:_identify(.) by extension 'colcon_meta'
[13.411s] Level 1:colcon.colcon_core.package_identification:_identify(.) by extensions ['ros']
[13.411s] Level 1:colcon.colcon_core.package_identification:_identify(.) by extension 'ros'
[13.957s] Level 1:colcon.colcon_core.package_identification:_identify(.) by extensions ['cmake', 'python']
[13.957s] Level 1:colcon.colcon_core.package_identification:_identify(.) by extension 'cmake'
[13.958s] Level 1:colcon.colcon_core.package_identification:_identify(.) by extension 'python'
[13.958s] Level 1:colcon.colcon_core.package_identification:_identify(.) by extensions ['python_setup_py']
[13.958s] Level 1:colcon.colcon_core.package_identification:_identify(.) by extension 'python_setup_py'
[13.961s] Level 1:colcon.colcon_core.package_identification:_identify(build) by extensions ['ignore', 'ignore_ament_install']
[13.961s] Level 1:colcon.colcon_core.package_identification:_identify(build) by extension 'ignore'
[13.961s] Level 1:colcon.colcon_core.package_identification:_identify(build) ignored
[13.963s] Level 1:colcon.colcon_core.package_identification:_identify(install) by extensions ['ignore', 'ignore_ament_install']
[13.964s] Level 1:colcon.colcon_core.package_identification:_identify(install) by extension 'ignore'
[13.964s] Level 1:colcon.colcon_core.package_identification:_identify(install) ignored
[13.965s] Level 1:colcon.colcon_core.package_identification:_identify(log) by extensions ['ignore', 'ignore_ament_install']
[13.965s] Level 1:colcon.colcon_core.package_identification:_identify(log) by extension 'ignore'
[13.965s] Level 1:colcon.colcon_core.package_identification:_identify(log) ignored
[13.967s] Level 1:colcon.colcon_core.package_identification:_identify(my_bot) by extensions ['ignore', 'ignore_ament_install']
[13.967s] Level 1:colcon.colcon_core.package_identification:_identify(my_bot) by extension 'ignore'
[13.969s] Level 1:colcon.colcon_core.package_identification:_identify(my_bot) by extension 'ignore_ament_install'
[13.969s] Level 1:colcon.colcon_core.package_identification:_identify(my_bot) by extensions ['colcon_pkg']
[13.969s] Level 1:colcon.colcon_core.package_identification:_identify(my_bot) by extension 'colcon_pkg'
[13.969s] Level 1:colcon.colcon_core.package_identification:_identify(my_bot) by extensions ['colcon_meta']
[13.969s] Level 1:colcon.colcon_core.package_identification:_identify(my_bot) by extension 'colcon_meta'
[13.969s] Level 1:colcon.colcon_core.package_identification:_identify(my_bot) by extensions ['ros']
[13.969s] Level 1:colcon.colcon_core.package_identification:_identify(my_bot) by extension 'ros'
[14.045s] DEBUG:colcon.colcon_core.package_identification:Package 'my_bot' with type 'ros.ament_cmake' and name 'my_bot'
[14.048s] Level 1:colcon.colcon_core.package_identification:_identify(ros_arduino_bridge-main) by extensions ['ignore', 'ignore_ament_install']
[14.049s] Level 1:colcon.colcon_core.package_identification:_identify(ros_arduino_bridge-main) by extension 'ignore'
[14.049s] Level 1:colcon.colcon_core.package_identification:_identify(ros_arduino_bridge-main) by extension 'ignore_ament_install'
[14.049s] Level 1:colcon.colcon_core.package_identification:_identify(ros_arduino_bridge-main) by extensions ['colcon_pkg']
[14.049s] Level 1:colcon.colcon_core.package_identification:_identify(ros_arduino_bridge-main) by extension 'colcon_pkg'
[14.050s] Level 1:colcon.colcon_core.package_identification:_identify(ros_arduino_bridge-main) by extensions ['colcon_meta']
[14.050s] Level 1:colcon.colcon_core.package_identification:_identify(ros_arduino_bridge-main) by extension 'colcon_meta'
[14.050s] Level 1:colcon.colcon_core.package_identification:_identify(ros_arduino_bridge-main) by extensions ['ros']
[14.050s] Level 1:colcon.colcon_core.package_identification:_identify(ros_arduino_bridge-main) by extension 'ros'
[14.050s] Level 1:colcon.colcon_core.package_identification:_identify(ros_arduino_bridge-main) by extensions ['cmake', 'python']
[14.050s] Level 1:colcon.colcon_core.package_identification:_identify(ros_arduino_bridge-main) by extension 'cmake'
[14.050s] Level 1:colcon.colcon_core.package_identification:_identify(ros_arduino_bridge-main) by extension 'python'
[14.050s] Level 1:colcon.colcon_core.package_identification:_identify(ros_arduino_bridge-main) by extensions ['python_setup_py']
[14.050s] Level 1:colcon.colcon_core.package_identification:_identify(ros_arduino_bridge-main) by extension 'python_setup_py'
[14.053s] Level 1:colcon.colcon_core.package_identification:_identify(ros_arduino_bridge-main/ROSArduinoBridge) by extensions ['ignore', 'ignore_ament_install']
[14.054s] Level 1:colcon.colcon_core.package_identification:_identify(ros_arduino_bridge-main/ROSArduinoBridge) by extension 'ignore'
[14.054s] Level 1:colcon.colcon_core.package_identification:_identify(ros_arduino_bridge-main/ROSArduinoBridge) by extension 'ignore_ament_install'
[14.054s] Level 1:colcon.colcon_core.package_identification:_identify(ros_arduino_bridge-main/ROSArduinoBridge) by extensions ['colcon_pkg']
[14.054s] Level 1:colcon.colcon_core.package_identification:_identify(ros_arduino_bridge-main/ROSArduinoBridge) by extension 'colcon_pkg'
[14.055s] Level 1:colcon.colcon_core.package_identification:_identify(ros_arduino_bridge-main/ROSArduinoBridge) by extensions ['colcon_meta']
[14.055s] Level 1:colcon.colcon_core.package_identification:_identify(ros_arduino_bridge-main/ROSArduinoBridge) by extension 'colcon_meta'
[14.055s] Level 1:colcon.colcon_core.package_identification:_identify(ros_arduino_bridge-main/ROSArduinoBridge) by extensions ['ros']
[14.056s] Level 1:colcon.colcon_core.package_identification:_identify(ros_arduino_bridge-main/ROSArduinoBridge) by extension 'ros'
[14.056s] Level 1:colcon.colcon_core.package_identification:_identify(ros_arduino_bridge-main/ROSArduinoBridge) by extensions ['cmake', 'python']
[14.056s] Level 1:colcon.colcon_core.package_identification:_identify(ros_arduino_bridge-main/ROSArduinoBridge) by extension 'cmake'
[14.056s] Level 1:colcon.colcon_core.package_identification:_identify(ros_arduino_bridge-main/ROSArduinoBridge) by extension 'python'
[14.057s] Level 1:colcon.colcon_core.package_identification:_identify(ros_arduino_bridge-main/ROSArduinoBridge) by extensions ['python_setup_py']
[14.057s] Level 1:colcon.colcon_core.package_identification:_identify(ros_arduino_bridge-main/ROSArduinoBridge) by extension 'python_setup_py'
[14.057s] Level 1:colcon.colcon_core.package_identification:_identify(serial_motor_demo) by extensions ['ignore', 'ignore_ament_install']
[14.057s] Level 1:colcon.colcon_core.package_identification:_identify(serial_motor_demo) by extension 'ignore'
[14.058s] Level 1:colcon.colcon_core.package_identification:_identify(serial_motor_demo) by extension 'ignore_ament_install'
[14.058s] Level 1:colcon.colcon_core.package_identification:_identify(serial_motor_demo) by extensions ['colcon_pkg']
[14.058s] Level 1:colcon.colcon_core.package_identification:_identify(serial_motor_demo) by extension 'colcon_pkg'
[14.058s] Level 1:colcon.colcon_core.package_identification:_identify(serial_motor_demo) by extensions ['colcon_meta']
[14.058s] Level 1:colcon.colcon_core.package_identification:_identify(serial_motor_demo) by extension 'colcon_meta'
[14.058s] Level 1:colcon.colcon_core.package_identification:_identify(serial_motor_demo) by extensions ['ros']
[14.058s] Level 1:colcon.colcon_core.package_identification:_identify(serial_motor_demo) by extension 'ros'
[14.059s] Level 1:colcon.colcon_core.package_identification:_identify(serial_motor_demo) by extensions ['cmake', 'python']
[14.059s] Level 1:colcon.colcon_core.package_identification:_identify(serial_motor_demo) by extension 'cmake'
[14.059s] Level 1:colcon.colcon_core.package_identification:_identify(serial_motor_demo) by extension 'python'
[14.059s] Level 1:colcon.colcon_core.package_identification:_identify(serial_motor_demo) by extensions ['python_setup_py']
[14.059s] Level 1:colcon.colcon_core.package_identification:_identify(serial_motor_demo) by extension 'python_setup_py'
[14.060s] Level 1:colcon.colcon_core.package_identification:_identify(serial_motor_demo/serial_motor_demo) by extensions ['ignore', 'ignore_ament_install']
[14.060s] Level 1:colcon.colcon_core.package_identification:_identify(serial_motor_demo/serial_motor_demo) by extension 'ignore'
[14.061s] Level 1:colcon.colcon_core.package_identification:_identify(serial_motor_demo/serial_motor_demo) by extension 'ignore_ament_install'
[14.061s] Level 1:colcon.colcon_core.package_identification:_identify(serial_motor_demo/serial_motor_demo) by extensions ['colcon_pkg']
[14.061s] Level 1:colcon.colcon_core.package_identification:_identify(serial_motor_demo/serial_motor_demo) by extension 'colcon_pkg'
[14.061s] Level 1:colcon.colcon_core.package_identification:_identify(serial_motor_demo/serial_motor_demo) by extensions ['colcon_meta']
[14.061s] Level 1:colcon.colcon_core.package_identification:_identify(serial_motor_demo/serial_motor_demo) by extension 'colcon_meta'
[14.061s] Level 1:colcon.colcon_core.package_identification:_identify(serial_motor_demo/serial_motor_demo) by extensions ['ros']
[14.061s] Level 1:colcon.colcon_core.package_identification:_identify(serial_motor_demo/serial_motor_demo) by extension 'ros'
[14.069s] DEBUG:colcon.colcon_core.package_identification:Package 'serial_motor_demo/serial_motor_demo' with type 'ros.ament_python' and name 'serial_motor_demo'
[14.070s] Level 1:colcon.colcon_core.package_identification:_identify(serial_motor_demo/serial_motor_demo_msgs) by extensions ['ignore', 'ignore_ament_install']
[14.070s] Level 1:colcon.colcon_core.package_identification:_identify(serial_motor_demo/serial_motor_demo_msgs) by extension 'ignore'
[14.070s] Level 1:colcon.colcon_core.package_identification:_identify(serial_motor_demo/serial_motor_demo_msgs) by extension 'ignore_ament_install'
[14.071s] Level 1:colcon.colcon_core.package_identification:_identify(serial_motor_demo/serial_motor_demo_msgs) by extensions ['colcon_pkg']
[14.071s] Level 1:colcon.colcon_core.package_identification:_identify(serial_motor_demo/serial_motor_demo_msgs) by extension 'colcon_pkg'
[14.071s] Level 1:colcon.colcon_core.package_identification:_identify(serial_motor_demo/serial_motor_demo_msgs) by extensions ['colcon_meta']
[14.071s] Level 1:colcon.colcon_core.package_identification:_identify(serial_motor_demo/serial_motor_demo_msgs) by extension 'colcon_meta'
[14.071s] Level 1:colcon.colcon_core.package_identification:_identify(serial_motor_demo/serial_motor_demo_msgs) by extensions ['ros']
[14.071s] Level 1:colcon.colcon_core.package_identification:_identify(serial_motor_demo/serial_motor_demo_msgs) by extension 'ros'
[14.074s] DEBUG:colcon.colcon_core.package_identification:Package 'serial_motor_demo/serial_motor_demo_msgs' with type 'ros.ament_cmake' and name 'serial_motor_demo_msgs'
[14.074s] Level 1:colcon.colcon_core.package_discovery:discover_packages(recursive) using defaults
[14.075s] Level 1:colcon.colcon_core.package_discovery:discover_packages(ignore) discover
[14.075s] Level 1:colcon.colcon_core.package_discovery:discover_packages(ignore) using defaults
[14.075s] Level 1:colcon.colcon_core.package_discovery:discover_packages(path) discover
[14.075s] Level 1:colcon.colcon_core.package_discovery:discover_packages(path) using defaults
