[19.197s] Invoking command in '/home/maker/bm_ws/build/serial_motor_demo': AMENT_PREFIX_PATH=/home/maker/bm_ws/install/serial_motor_demo_msgs:${AMENT_PREFIX_PATH} CMAKE_PREFIX_PATH=/home/maker/bm_ws/install/serial_motor_demo_msgs LD_LIBRARY_PATH=/home/maker/bm_ws/install/serial_motor_demo_msgs/lib:${LD_LIBRARY_PATH} PYTHONPATH=/home/maker/bm_ws/build/serial_motor_demo/prefix_override:/usr/lib/python3/dist-packages/colcon_core/task/python/colcon_distutils_commands:/home/maker/bm_ws/install/serial_motor_demo/lib/python3.10/site-packages:/home/maker/bm_ws/install/serial_motor_demo_msgs/local/lib/python3.10/dist-packages:${PYTHONPATH} /usr/bin/python3 -W ignore:setup.py install is deprecated -W ignore:easy_install command is deprecated setup.py develop --editable --build-directory /home/maker/bm_ws/build/serial_motor_demo/build --no-deps symlink_data
[22.407s] /home/maker/.local/lib/python3.10/site-packages/setuptools/dist.py:599: SetuptoolsDeprecationWarning: Invalid dash-separated key 'script-dir' in 'develop' (setup.cfg), please use the underscore name 'script_dir' instead.
[22.408s] !!
[22.424s] 
[22.425s]         ********************************************************************************
[22.425s]         Usage of dash-separated 'script-dir' will not be supported in future
[22.438s]         versions. Please use the underscore name 'script_dir' instead.
[22.438s] 
[22.438s]         By 2026-Mar-03, you need to update your project and remove deprecated calls
[22.453s]         or your builds will no longer be supported.
[22.453s] 
[22.453s]         See https://setuptools.pypa.io/en/latest/userguide/declarative_config.html for details.
[22.454s]         ********************************************************************************
[22.454s] 
[22.454s] !!
[22.454s]   opt = self._enforce_underscore(opt, section)
[22.910s] /home/maker/.local/lib/python3.10/site-packages/setuptools/_distutils/dist.py:289: UserWarning: Unknown distribution option: 'tests_require'
[22.922s]   warnings.warn(msg)
[23.420s] /home/maker/.local/lib/python3.10/site-packages/setuptools/dist.py:599: SetuptoolsDeprecationWarning: Invalid dash-separated key 'script-dir' in 'develop' (setup.cfg), please use the underscore name 'script_dir' instead.
[23.430s] !!
[23.430s] 
[23.431s]         ********************************************************************************
[23.440s]         Usage of dash-separated 'script-dir' will not be supported in future
[23.440s]         versions. Please use the underscore name 'script_dir' instead.
[23.441s]         (Affected: serial_motor_demo).
[23.441s] 
[23.441s]         By 2026-Mar-03, you need to update your project and remove deprecated calls
[23.441s]         or your builds will no longer be supported.
[23.442s] 
[23.449s]         See https://setuptools.pypa.io/en/latest/userguide/declarative_config.html for details.
[23.450s]         ********************************************************************************
[23.450s] 
[23.450s] !!
[23.450s]   opt = self._enforce_underscore(opt, section)
[25.170s] running develop
[27.091s] running egg_info
[27.162s] writing serial_motor_demo.egg-info/PKG-INFO
[27.163s] writing dependency_links to serial_motor_demo.egg-info/dependency_links.txt
[27.164s] writing entry points to serial_motor_demo.egg-info/entry_points.txt
[27.182s] writing requirements to serial_motor_demo.egg-info/requires.txt
[27.201s] writing top-level names to serial_motor_demo.egg-info/top_level.txt
[27.501s] reading manifest file 'serial_motor_demo.egg-info/SOURCES.txt'
[27.518s] writing manifest file 'serial_motor_demo.egg-info/SOURCES.txt'
[27.643s] running build_ext
[27.644s] Creating /home/maker/bm_ws/install/serial_motor_demo/lib/python3.10/site-packages/serial-motor-demo.egg-link (link to .)
[27.651s] Installing driver script to /home/maker/bm_ws/install/serial_motor_demo/lib/serial_motor_demo
[27.651s] Installing gui script to /home/maker/bm_ws/install/serial_motor_demo/lib/serial_motor_demo
[27.661s] 
[27.661s] Installed /home/maker/bm_ws/build/serial_motor_demo
[27.661s] running symlink_data
[27.857s] Invoked command in '/home/maker/bm_ws/build/serial_motor_demo' returned '0': AMENT_PREFIX_PATH=/home/maker/bm_ws/install/serial_motor_demo_msgs:${AMENT_PREFIX_PATH} CMAKE_PREFIX_PATH=/home/maker/bm_ws/install/serial_motor_demo_msgs LD_LIBRARY_PATH=/home/maker/bm_ws/install/serial_motor_demo_msgs/lib:${LD_LIBRARY_PATH} PYTHONPATH=/home/maker/bm_ws/build/serial_motor_demo/prefix_override:/usr/lib/python3/dist-packages/colcon_core/task/python/colcon_distutils_commands:/home/maker/bm_ws/install/serial_motor_demo/lib/python3.10/site-packages:/home/maker/bm_ws/install/serial_motor_demo_msgs/local/lib/python3.10/dist-packages:${PYTHONPATH} /usr/bin/python3 -W ignore:setup.py install is deprecated -W ignore:easy_install command is deprecated setup.py develop --editable --build-directory /home/maker/bm_ws/build/serial_motor_demo/build --no-deps symlink_data
