[0.077s] Invoking command in '/home/maker/bm_ws/build/sllidar_ros2': CMAKE_PREFIX_PATH=${CMAKE_PREFIX_PATH}:/home/maker/bm_ws/install/serial_motor_demo:/opt/ros/humble /usr/bin/cmake --build /home/maker/bm_ws/build/sllidar_ros2 -- -j2 -l2
[1.474s] [ 10%] Built target sllidar_client
[1.540s] [100%] Built target sllidar_node
[1.575s] Invoked command in '/home/maker/bm_ws/build/sllidar_ros2' returned '0': CMAKE_PREFIX_PATH=${CMAKE_PREFIX_PATH}:/home/maker/bm_ws/install/serial_motor_demo:/opt/ros/humble /usr/bin/cmake --build /home/maker/bm_ws/build/sllidar_ros2 -- -j2 -l2
[1.598s] Invoking command in '/home/maker/bm_ws/build/sllidar_ros2': CMAKE_PREFIX_PATH=${CMAKE_PREFIX_PATH}:/home/maker/bm_ws/install/serial_motor_demo:/opt/ros/humble /usr/bin/cmake --install /home/maker/bm_ws/build/sllidar_ros2
[1.637s] -- Install configuration: ""
[1.647s] -- Execute custom install script
[1.652s] -- Up-to-date symlink: /home/maker/bm_ws/install/sllidar_ros2/share/sllidar_ros2/launch/sllidar_a1_launch.py
[1.667s] -- Up-to-date symlink: /home/maker/bm_ws/install/sllidar_ros2/share/sllidar_ros2/launch/sllidar_a2m12_launch .py
[1.668s] -- Up-to-date symlink: /home/maker/bm_ws/install/sllidar_ros2/share/sllidar_ros2/launch/sllidar_a2m7_launch.py
[1.671s] -- Up-to-date symlink: /home/maker/bm_ws/install/sllidar_ros2/share/sllidar_ros2/launch/sllidar_a2m8_launch.py
[1.673s] -- Up-to-date symlink: /home/maker/bm_ws/install/sllidar_ros2/share/sllidar_ros2/launch/sllidar_a3_launch.py
[1.675s] -- Up-to-date symlink: /home/maker/bm_ws/install/sllidar_ros2/share/sllidar_ros2/launch/sllidar_c1_launch.py
[1.692s] -- Up-to-date symlink: /home/maker/bm_ws/install/sllidar_ros2/share/sllidar_ros2/launch/sllidar_custom.launch.py
[1.693s] -- Up-to-date symlink: /home/maker/bm_ws/install/sllidar_ros2/share/sllidar_ros2/launch/sllidar_s1_launch.py
[1.693s] -- Up-to-date symlink: /home/maker/bm_ws/install/sllidar_ros2/share/sllidar_ros2/launch/sllidar_s1_tcp_launch.py
[1.693s] -- Up-to-date symlink: /home/maker/bm_ws/install/sllidar_ros2/share/sllidar_ros2/launch/sllidar_s2_launch.py
[1.699s] -- Up-to-date symlink: /home/maker/bm_ws/install/sllidar_ros2/share/sllidar_ros2/launch/sllidar_s2e_launch.py
[1.701s] -- Up-to-date symlink: /home/maker/bm_ws/install/sllidar_ros2/share/sllidar_ros2/launch/sllidar_s3_launch.py
[1.702s] -- Up-to-date symlink: /home/maker/bm_ws/install/sllidar_ros2/share/sllidar_ros2/launch/sllidar_t1_launch.py
[1.704s] -- Up-to-date symlink: /home/maker/bm_ws/install/sllidar_ros2/share/sllidar_ros2/launch/view_sllidar_a1_launch.py
[1.706s] -- Up-to-date symlink: /home/maker/bm_ws/install/sllidar_ros2/share/sllidar_ros2/launch/view_sllidar_a2m12_launch.py
[1.707s] -- Up-to-date symlink: /home/maker/bm_ws/install/sllidar_ros2/share/sllidar_ros2/launch/view_sllidar_a2m7_launch.py
[1.713s] -- Up-to-date symlink: /home/maker/bm_ws/install/sllidar_ros2/share/sllidar_ros2/launch/view_sllidar_a2m8_launch.py
[1.714s] -- Up-to-date symlink: /home/maker/bm_ws/install/sllidar_ros2/share/sllidar_ros2/launch/view_sllidar_a3_launch.py
[1.715s] -- Up-to-date symlink: /home/maker/bm_ws/install/sllidar_ros2/share/sllidar_ros2/launch/view_sllidar_c1_launch.py
[1.727s] -- Up-to-date symlink: /home/maker/bm_ws/install/sllidar_ros2/share/sllidar_ros2/launch/view_sllidar_s1_launch.py
[1.728s] -- Up-to-date symlink: /home/maker/bm_ws/install/sllidar_ros2/share/sllidar_ros2/launch/view_sllidar_s1_tcp_launch.py
[1.729s] -- Up-to-date symlink: /home/maker/bm_ws/install/sllidar_ros2/share/sllidar_ros2/launch/view_sllidar_s2_launch.py
[1.730s] -- Up-to-date symlink: /home/maker/bm_ws/install/sllidar_ros2/share/sllidar_ros2/launch/view_sllidar_s2e_launch.py
[1.731s] -- Up-to-date symlink: /home/maker/bm_ws/install/sllidar_ros2/share/sllidar_ros2/launch/view_sllidar_s3_launch.py
[1.733s] -- Up-to-date symlink: /home/maker/bm_ws/install/sllidar_ros2/share/sllidar_ros2/launch/view_sllidar_t1_launch.py
[1.743s] -- Up-to-date symlink: /home/maker/bm_ws/install/sllidar_ros2/share/sllidar_ros2/rviz/sllidar_ros2.rviz
[1.753s] -- Up-to-date symlink: /home/maker/bm_ws/install/sllidar_ros2/lib/sllidar_ros2/sllidar_node
[1.755s] -- Up-to-date symlink: /home/maker/bm_ws/install/sllidar_ros2/lib/sllidar_ros2/sllidar_client
[1.775s] -- Up-to-date symlink: /home/maker/bm_ws/install/sllidar_ros2/share/ament_index/resource_index/package_run_dependencies/sllidar_ros2
[1.779s] -- Up-to-date symlink: /home/maker/bm_ws/install/sllidar_ros2/share/ament_index/resource_index/parent_prefix_path/sllidar_ros2
[1.779s] -- Up-to-date symlink: /home/maker/bm_ws/install/sllidar_ros2/share/sllidar_ros2/environment/ament_prefix_path.sh
[1.780s] -- Up-to-date symlink: /home/maker/bm_ws/install/sllidar_ros2/share/sllidar_ros2/environment/ament_prefix_path.dsv
[1.792s] -- Up-to-date symlink: /home/maker/bm_ws/install/sllidar_ros2/share/sllidar_ros2/environment/path.sh
[1.793s] -- Up-to-date symlink: /home/maker/bm_ws/install/sllidar_ros2/share/sllidar_ros2/environment/path.dsv
[1.793s] -- Up-to-date symlink: /home/maker/bm_ws/install/sllidar_ros2/share/sllidar_ros2/local_setup.bash
[1.796s] -- Up-to-date symlink: /home/maker/bm_ws/install/sllidar_ros2/share/sllidar_ros2/local_setup.sh
[1.799s] -- Up-to-date symlink: /home/maker/bm_ws/install/sllidar_ros2/share/sllidar_ros2/local_setup.zsh
[1.799s] -- Up-to-date symlink: /home/maker/bm_ws/install/sllidar_ros2/share/sllidar_ros2/local_setup.dsv
[1.799s] -- Symlinking: /home/maker/bm_ws/install/sllidar_ros2/share/sllidar_ros2/package.dsv
[1.866s] -- Up-to-date symlink: /home/maker/bm_ws/install/sllidar_ros2/share/ament_index/resource_index/packages/sllidar_ros2
[1.889s] -- Up-to-date symlink: /home/maker/bm_ws/install/sllidar_ros2/share/sllidar_ros2/cmake/ament_cmake_export_dependencies-extras.cmake
[1.889s] -- Up-to-date symlink: /home/maker/bm_ws/install/sllidar_ros2/share/sllidar_ros2/cmake/ament_cmake_export_include_directories-extras.cmake
[1.891s] -- Up-to-date symlink: /home/maker/bm_ws/install/sllidar_ros2/share/sllidar_ros2/cmake/sllidar_ros2Config.cmake
[1.899s] -- Up-to-date symlink: /home/maker/bm_ws/install/sllidar_ros2/share/sllidar_ros2/cmake/sllidar_ros2Config-version.cmake
[1.899s] -- Up-to-date symlink: /home/maker/bm_ws/install/sllidar_ros2/share/sllidar_ros2/package.xml
[1.910s] Invoked command in '/home/maker/bm_ws/build/sllidar_ros2' returned '0': CMAKE_PREFIX_PATH=${CMAKE_PREFIX_PATH}:/home/maker/bm_ws/install/serial_motor_demo:/opt/ros/humble /usr/bin/cmake --install /home/maker/bm_ws/build/sllidar_ros2
