[0.105s] Invoking command in '/home/maker/bm_ws/build/my_bot': CMAKE_PREFIX_PATH=/opt/ros/humble /usr/bin/cmake --build /home/maker/bm_ws/build/my_bot -- -j2 -l2
[0.731s] Invoked command in '/home/maker/bm_ws/build/my_bot' returned '0': CMAKE_PREFIX_PATH=/opt/ros/humble /usr/bin/cmake --build /home/maker/bm_ws/build/my_bot -- -j2 -l2
[0.773s] Invoking command in '/home/maker/bm_ws/build/my_bot': CMAKE_PREFIX_PATH=/opt/ros/humble /usr/bin/cmake --install /home/maker/bm_ws/build/my_bot
[0.843s] -- Install configuration: ""
[0.852s] -- Execute custom install script
[0.865s] -- Up-to-date symlink: /home/maker/bm_ws/install/my_bot/share/my_bot/config/drive_bot.rviz
[0.867s] -- Up-to-date symlink: /home/maker/bm_ws/install/my_bot/share/my_bot/config/empty.yaml
[0.868s] -- Up-to-date symlink: /home/maker/bm_ws/install/my_bot/share/my_bot/config/view_bot.rviz
[0.870s] -- Up-to-date symlink: /home/maker/bm_ws/install/my_bot/share/my_bot/description/gazebo_control.xacro
[0.874s] -- Up-to-date symlink: /home/maker/bm_ws/install/my_bot/share/my_bot/description/inertial_macros.xacro
[0.880s] -- Up-to-date symlink: /home/maker/bm_ws/install/my_bot/share/my_bot/description/lidar.xacro
[0.881s] -- Symlinking: /home/maker/bm_ws/install/my_bot/share/my_bot/description/mapper_params_online_async.yaml
[0.982s] -- Up-to-date symlink: /home/maker/bm_ws/install/my_bot/share/my_bot/description/robot.urdf.xacro
[0.982s] -- Up-to-date symlink: /home/maker/bm_ws/install/my_bot/share/my_bot/description/robot_core.xacro
[0.993s] -- Up-to-date symlink: /home/maker/bm_ws/install/my_bot/share/my_bot/launch/launch_sim.launch.py
[0.995s] -- Up-to-date symlink: /home/maker/bm_ws/install/my_bot/share/my_bot/launch/rplidar.launch.py
[0.996s] -- Up-to-date symlink: /home/maker/bm_ws/install/my_bot/share/my_bot/launch/rsp.launch.py
[1.027s] -- Up-to-date symlink: /home/maker/bm_ws/install/my_bot/share/my_bot/worlds/empty.world
[1.028s] -- Up-to-date symlink: /home/maker/bm_ws/install/my_bot/share/my_bot/worlds/obstacles.world
[1.036s] -- Up-to-date symlink: /home/maker/bm_ws/install/my_bot/share/ament_index/resource_index/package_run_dependencies/my_bot
[1.064s] -- Up-to-date symlink: /home/maker/bm_ws/install/my_bot/share/ament_index/resource_index/parent_prefix_path/my_bot
[1.064s] -- Up-to-date symlink: /home/maker/bm_ws/install/my_bot/share/my_bot/environment/ament_prefix_path.sh
[1.066s] -- Up-to-date symlink: /home/maker/bm_ws/install/my_bot/share/my_bot/environment/ament_prefix_path.dsv
[1.067s] -- Up-to-date symlink: /home/maker/bm_ws/install/my_bot/share/my_bot/environment/path.sh
[1.076s] -- Up-to-date symlink: /home/maker/bm_ws/install/my_bot/share/my_bot/environment/path.dsv
[1.087s] -- Up-to-date symlink: /home/maker/bm_ws/install/my_bot/share/my_bot/local_setup.bash
[1.103s] -- Up-to-date symlink: /home/maker/bm_ws/install/my_bot/share/my_bot/local_setup.sh
[1.113s] -- Up-to-date symlink: /home/maker/bm_ws/install/my_bot/share/my_bot/local_setup.zsh
[1.113s] -- Up-to-date symlink: /home/maker/bm_ws/install/my_bot/share/my_bot/local_setup.dsv
[1.127s] -- Symlinking: /home/maker/bm_ws/install/my_bot/share/my_bot/package.dsv
[1.207s] -- Up-to-date symlink: /home/maker/bm_ws/install/my_bot/share/ament_index/resource_index/packages/my_bot
[1.212s] -- Up-to-date symlink: /home/maker/bm_ws/install/my_bot/share/my_bot/cmake/my_botConfig.cmake
[1.227s] -- Up-to-date symlink: /home/maker/bm_ws/install/my_bot/share/my_bot/cmake/my_botConfig-version.cmake
[1.234s] -- Up-to-date symlink: /home/maker/bm_ws/install/my_bot/share/my_bot/package.xml
[1.269s] Invoked command in '/home/maker/bm_ws/build/my_bot' returned '0': CMAKE_PREFIX_PATH=/opt/ros/humble /usr/bin/cmake --install /home/maker/bm_ws/build/my_bot
