[4.157s] Invoking command in '/home/maker/bm_ws/build/serial_motor_demo': CMAKE_PREFIX_PATH=/home/maker/bm_ws/install/serial_motor_demo_msgs:/home/maker/bm_ws/install/sllidar_ros2:/home/maker/bm_ws/install/my_bot PYTHONPATH=/home/maker/bm_ws/build/serial_motor_demo/prefix_override:/usr/lib/python3/dist-packages/colcon_core/task/python/colcon_distutils_commands:/home/maker/bm_ws/install/serial_motor_demo/lib/python3.10/site-packages:${PYTHONPATH} /usr/bin/python3 -W ignore:setup.py install is deprecated -W ignore:easy_install command is deprecated setup.py develop --editable --build-directory /home/maker/bm_ws/build/serial_motor_demo/build --no-deps symlink_data
[4.518s] /home/maker/.local/lib/python3.10/site-packages/setuptools/dist.py:599: SetuptoolsDeprecationWarning: Invalid dash-separated key 'script-dir' in 'develop' (setup.cfg), please use the underscore name 'script_dir' instead.
[4.519s] !!
[4.519s] 
[4.519s]         ********************************************************************************
[4.519s]         Usage of dash-separated 'script-dir' will not be supported in future
[4.519s]         versions. Please use the underscore name 'script_dir' instead.
[4.519s] 
[4.519s]         By 2026-Mar-03, you need to update your project and remove deprecated calls
[4.519s]         or your builds will no longer be supported.
[4.519s] 
[4.520s]         See https://setuptools.pypa.io/en/latest/userguide/declarative_config.html for details.
[4.520s]         ********************************************************************************
[4.520s] 
[4.520s] !!
[4.520s]   opt = self._enforce_underscore(opt, section)
[4.568s] /home/maker/.local/lib/python3.10/site-packages/setuptools/_distutils/dist.py:289: UserWarning: Unknown distribution option: 'tests_require'
[4.568s]   warnings.warn(msg)
[4.658s] /home/maker/.local/lib/python3.10/site-packages/setuptools/dist.py:599: SetuptoolsDeprecationWarning: Invalid dash-separated key 'script-dir' in 'develop' (setup.cfg), please use the underscore name 'script_dir' instead.
[4.658s] !!
[4.658s] 
[4.659s]         ********************************************************************************
[4.659s]         Usage of dash-separated 'script-dir' will not be supported in future
[4.659s]         versions. Please use the underscore name 'script_dir' instead.
[4.659s]         (Affected: serial_motor_demo).
[4.659s] 
[4.659s]         By 2026-Mar-03, you need to update your project and remove deprecated calls
[4.659s]         or your builds will no longer be supported.
[4.660s] 
[4.660s]         See https://setuptools.pypa.io/en/latest/userguide/declarative_config.html for details.
[4.660s]         ********************************************************************************
[4.660s] 
[4.660s] !!
[4.660s]   opt = self._enforce_underscore(opt, section)
[5.032s] running develop
[5.644s] running egg_info
[5.690s] writing serial_motor_demo.egg-info/PKG-INFO
[5.693s] writing dependency_links to serial_motor_demo.egg-info/dependency_links.txt
[5.693s] writing entry points to serial_motor_demo.egg-info/entry_points.txt
[5.694s] writing requirements to serial_motor_demo.egg-info/requires.txt
[5.695s] writing top-level names to serial_motor_demo.egg-info/top_level.txt
[5.790s] reading manifest file 'serial_motor_demo.egg-info/SOURCES.txt'
[5.795s] writing manifest file 'serial_motor_demo.egg-info/SOURCES.txt'
[5.836s] running build_ext
[5.837s] Creating /home/maker/bm_ws/install/serial_motor_demo/lib/python3.10/site-packages/serial-motor-demo.egg-link (link to .)
[5.840s] Installing driver script to /home/maker/bm_ws/install/serial_motor_demo/lib/serial_motor_demo
[5.840s] Installing gui script to /home/maker/bm_ws/install/serial_motor_demo/lib/serial_motor_demo
[5.842s] 
[5.842s] Installed /home/maker/bm_ws/build/serial_motor_demo
[5.842s] running symlink_data
[5.929s] Invoked command in '/home/maker/bm_ws/build/serial_motor_demo' returned '0': CMAKE_PREFIX_PATH=/home/maker/bm_ws/install/serial_motor_demo_msgs:/home/maker/bm_ws/install/sllidar_ros2:/home/maker/bm_ws/install/my_bot PYTHONPATH=/home/maker/bm_ws/build/serial_motor_demo/prefix_override:/usr/lib/python3/dist-packages/colcon_core/task/python/colcon_distutils_commands:/home/maker/bm_ws/install/serial_motor_demo/lib/python3.10/site-packages:${PYTHONPATH} /usr/bin/python3 -W ignore:setup.py install is deprecated -W ignore:easy_install command is deprecated setup.py develop --editable --build-directory /home/maker/bm_ws/build/serial_motor_demo/build --no-deps symlink_data
