[6.838s] Invoking command in '/home/maker/bm_ws/build/serial_motor_demo': AMENT_PREFIX_PATH=/home/maker/bm_ws/install/serial_motor_demo_msgs:${AMENT_PREFIX_PATH} CMAKE_PREFIX_PATH=/home/maker/bm_ws/install/serial_motor_demo_msgs LD_LIBRARY_PATH=/home/maker/bm_ws/install/serial_motor_demo_msgs/lib:${LD_LIBRARY_PATH} PYTHONPATH=/home/maker/bm_ws/build/serial_motor_demo/prefix_override:/usr/lib/python3/dist-packages/colcon_core/task/python/colcon_distutils_commands:/home/maker/bm_ws/install/serial_motor_demo/lib/python3.10/site-packages:/home/maker/bm_ws/install/serial_motor_demo_msgs/local/lib/python3.10/dist-packages:${PYTHONPATH} /usr/bin/python3 -W ignore:setup.py install is deprecated -W ignore:easy_install command is deprecated setup.py develop --editable --build-directory /home/maker/bm_ws/build/serial_motor_demo/build --no-deps symlink_data
[7.450s] /home/maker/.local/lib/python3.10/site-packages/setuptools/dist.py:599: SetuptoolsDeprecationWarning: Invalid dash-separated key 'script-dir' in 'develop' (setup.cfg), please use the underscore name 'script_dir' instead.
[7.451s] !!
[7.451s] 
[7.451s]         ********************************************************************************
[7.456s]         Usage of dash-separated 'script-dir' will not be supported in future
[7.456s]         versions. Please use the underscore name 'script_dir' instead.
[7.456s] 
[7.457s]         By 2026-Mar-03, you need to update your project and remove deprecated calls
[7.463s]         or your builds will no longer be supported.
[7.466s] 
[7.466s]         See https://setuptools.pypa.io/en/latest/userguide/declarative_config.html for details.
[7.466s]         ********************************************************************************
[7.467s] 
[7.467s] !!
[7.472s]   opt = self._enforce_underscore(opt, section)
[7.548s] /home/maker/.local/lib/python3.10/site-packages/setuptools/_distutils/dist.py:289: UserWarning: Unknown distribution option: 'tests_require'
[7.549s]   warnings.warn(msg)
[7.703s] /home/maker/.local/lib/python3.10/site-packages/setuptools/dist.py:599: SetuptoolsDeprecationWarning: Invalid dash-separated key 'script-dir' in 'develop' (setup.cfg), please use the underscore name 'script_dir' instead.
[7.703s] !!
[7.703s] 
[7.706s]         ********************************************************************************
[7.706s]         Usage of dash-separated 'script-dir' will not be supported in future
[7.706s]         versions. Please use the underscore name 'script_dir' instead.
[7.706s]         (Affected: serial_motor_demo).
[7.706s] 
[7.706s]         By 2026-Mar-03, you need to update your project and remove deprecated calls
[7.709s]         or your builds will no longer be supported.
[7.709s] 
[7.709s]         See https://setuptools.pypa.io/en/latest/userguide/declarative_config.html for details.
[7.709s]         ********************************************************************************
[7.709s] 
[7.710s] !!
[7.710s]   opt = self._enforce_underscore(opt, section)
[8.375s] running develop
[9.509s] running egg_info
[9.582s] writing serial_motor_demo.egg-info/PKG-INFO
[9.589s] writing dependency_links to serial_motor_demo.egg-info/dependency_links.txt
[9.593s] writing entry points to serial_motor_demo.egg-info/entry_points.txt
[9.593s] writing requirements to serial_motor_demo.egg-info/requires.txt
[9.593s] writing top-level names to serial_motor_demo.egg-info/top_level.txt
[9.793s] reading manifest file 'serial_motor_demo.egg-info/SOURCES.txt'
[9.804s] writing manifest file 'serial_motor_demo.egg-info/SOURCES.txt'
[9.872s] running build_ext
[9.875s] Creating /home/maker/bm_ws/install/serial_motor_demo/lib/python3.10/site-packages/serial-motor-demo.egg-link (link to .)
[9.876s] Installing driver script to /home/maker/bm_ws/install/serial_motor_demo/lib/serial_motor_demo
[9.876s] Installing gui script to /home/maker/bm_ws/install/serial_motor_demo/lib/serial_motor_demo
[9.879s] 
[9.880s] Installed /home/maker/bm_ws/build/serial_motor_demo
[9.880s] running symlink_data
[10.062s] Invoked command in '/home/maker/bm_ws/build/serial_motor_demo' returned '0': AMENT_PREFIX_PATH=/home/maker/bm_ws/install/serial_motor_demo_msgs:${AMENT_PREFIX_PATH} CMAKE_PREFIX_PATH=/home/maker/bm_ws/install/serial_motor_demo_msgs LD_LIBRARY_PATH=/home/maker/bm_ws/install/serial_motor_demo_msgs/lib:${LD_LIBRARY_PATH} PYTHONPATH=/home/maker/bm_ws/build/serial_motor_demo/prefix_override:/usr/lib/python3/dist-packages/colcon_core/task/python/colcon_distutils_commands:/home/maker/bm_ws/install/serial_motor_demo/lib/python3.10/site-packages:/home/maker/bm_ws/install/serial_motor_demo_msgs/local/lib/python3.10/dist-packages:${PYTHONPATH} /usr/bin/python3 -W ignore:setup.py install is deprecated -W ignore:easy_install command is deprecated setup.py develop --editable --build-directory /home/maker/bm_ws/build/serial_motor_demo/build --no-deps symlink_data
