[13.216s] Invoking command in '/home/maker/bm_ws/build/serial_motor_demo': CMAKE_PREFIX_PATH=/home/maker/bm_ws/install/serial_motor_demo_msgs:/home/maker/bm_ws/install/sllidar_ros2:/home/maker/bm_ws/install/my_bot PYTHONPATH=/home/maker/bm_ws/build/serial_motor_demo/prefix_override:/usr/lib/python3/dist-packages/colcon_core/task/python/colcon_distutils_commands:/home/maker/bm_ws/install/serial_motor_demo/lib/python3.10/site-packages:${PYTHONPATH} /usr/bin/python3 -W ignore:setup.py install is deprecated -W ignore:easy_install command is deprecated setup.py develop --editable --build-directory /home/maker/bm_ws/build/serial_motor_demo/build --no-deps symlink_data
[14.388s] /home/maker/.local/lib/python3.10/site-packages/setuptools/dist.py:599: SetuptoolsDeprecationWarning: Invalid dash-separated key 'script-dir' in 'develop' (setup.cfg), please use the underscore name 'script_dir' instead.
[14.393s] !!
[14.394s] 
[14.402s]         ********************************************************************************
[14.402s]         Usage of dash-separated 'script-dir' will not be supported in future
[14.402s]         versions. Please use the underscore name 'script_dir' instead.
[14.402s] 
[14.402s]         By 2026-Mar-03, you need to update your project and remove deprecated calls
[14.403s]         or your builds will no longer be supported.
[14.403s] 
[14.403s]         See https://setuptools.pypa.io/en/latest/userguide/declarative_config.html for details.
[14.403s]         ********************************************************************************
[14.403s] 
[14.404s] !!
[14.408s]   opt = self._enforce_underscore(opt, section)
[14.539s] /home/maker/.local/lib/python3.10/site-packages/setuptools/_distutils/dist.py:289: UserWarning: Unknown distribution option: 'tests_require'
[14.543s]   warnings.warn(msg)
[14.804s] /home/maker/.local/lib/python3.10/site-packages/setuptools/dist.py:599: SetuptoolsDeprecationWarning: Invalid dash-separated key 'script-dir' in 'develop' (setup.cfg), please use the underscore name 'script_dir' instead.
[14.804s] !!
[14.805s] 
[14.805s]         ********************************************************************************
[14.805s]         Usage of dash-separated 'script-dir' will not be supported in future
[14.805s]         versions. Please use the underscore name 'script_dir' instead.
[14.805s]         (Affected: serial_motor_demo).
[14.806s] 
[14.806s]         By 2026-Mar-03, you need to update your project and remove deprecated calls
[14.809s]         or your builds will no longer be supported.
[14.809s] 
[14.809s]         See https://setuptools.pypa.io/en/latest/userguide/declarative_config.html for details.
[14.810s]         ********************************************************************************
[14.810s] 
[14.810s] !!
[14.810s]   opt = self._enforce_underscore(opt, section)
[16.215s] running develop
[18.093s] running egg_info
[18.237s] writing serial_motor_demo.egg-info/PKG-INFO
[18.238s] writing dependency_links to serial_motor_demo.egg-info/dependency_links.txt
[18.244s] writing entry points to serial_motor_demo.egg-info/entry_points.txt
[18.244s] writing requirements to serial_motor_demo.egg-info/requires.txt
[18.245s] writing top-level names to serial_motor_demo.egg-info/top_level.txt
[18.482s] reading manifest file 'serial_motor_demo.egg-info/SOURCES.txt'
[18.490s] writing manifest file 'serial_motor_demo.egg-info/SOURCES.txt'
[18.618s] running build_ext
[18.619s] Creating /home/maker/bm_ws/install/serial_motor_demo/lib/python3.10/site-packages/serial-motor-demo.egg-link (link to .)
[18.622s] Installing driver script to /home/maker/bm_ws/install/serial_motor_demo/lib/serial_motor_demo
[18.624s] Installing gui script to /home/maker/bm_ws/install/serial_motor_demo/lib/serial_motor_demo
[18.631s] 
[18.632s] Installed /home/maker/bm_ws/build/serial_motor_demo
[18.632s] running symlink_data
[18.860s] Invoked command in '/home/maker/bm_ws/build/serial_motor_demo' returned '0': CMAKE_PREFIX_PATH=/home/maker/bm_ws/install/serial_motor_demo_msgs:/home/maker/bm_ws/install/sllidar_ros2:/home/maker/bm_ws/install/my_bot PYTHONPATH=/home/maker/bm_ws/build/serial_motor_demo/prefix_override:/usr/lib/python3/dist-packages/colcon_core/task/python/colcon_distutils_commands:/home/maker/bm_ws/install/serial_motor_demo/lib/python3.10/site-packages:${PYTHONPATH} /usr/bin/python3 -W ignore:setup.py install is deprecated -W ignore:easy_install command is deprecated setup.py develop --editable --build-directory /home/maker/bm_ws/build/serial_motor_demo/build --no-deps symlink_data
