[12.371s] Invoking command in '/home/maker/bm_ws/build/serial_motor_demo': CMAKE_PREFIX_PATH=/home/maker/bm_ws/install/serial_motor_demo_msgs:/home/maker/bm_ws/install/sllidar_ros2:/home/maker/bm_ws/install/my_bot PYTHONPATH=/home/maker/bm_ws/build/serial_motor_demo/prefix_override:/usr/lib/python3/dist-packages/colcon_core/task/python/colcon_distutils_commands:/home/maker/bm_ws/install/serial_motor_demo/lib/python3.10/site-packages:${PYTHONPATH} /usr/bin/python3 -W ignore:setup.py install is deprecated -W ignore:easy_install command is deprecated setup.py develop --editable --build-directory /home/maker/bm_ws/build/serial_motor_demo/build --no-deps symlink_data
[13.565s] /home/maker/.local/lib/python3.10/site-packages/setuptools/dist.py:599: SetuptoolsDeprecationWarning: Invalid dash-separated key 'script-dir' in 'develop' (setup.cfg), please use the underscore name 'script_dir' instead.
[13.570s] !!
[13.570s] 
[13.570s]         ********************************************************************************
[13.570s]         Usage of dash-separated 'script-dir' will not be supported in future
[13.570s]         versions. Please use the underscore name 'script_dir' instead.
[13.570s] 
[13.591s]         By 2026-Mar-03, you need to update your project and remove deprecated calls
[13.592s]         or your builds will no longer be supported.
[13.592s] 
[13.592s]         See https://setuptools.pypa.io/en/latest/userguide/declarative_config.html for details.
[13.592s]         ********************************************************************************
[13.595s] 
[13.595s] !!
[13.595s]   opt = self._enforce_underscore(opt, section)
[13.931s] /home/maker/.local/lib/python3.10/site-packages/setuptools/_distutils/dist.py:289: UserWarning: Unknown distribution option: 'tests_require'
[13.931s]   warnings.warn(msg)
[14.310s] /home/maker/.local/lib/python3.10/site-packages/setuptools/dist.py:599: SetuptoolsDeprecationWarning: Invalid dash-separated key 'script-dir' in 'develop' (setup.cfg), please use the underscore name 'script_dir' instead.
[14.311s] !!
[14.311s] 
[14.312s]         ********************************************************************************
[14.316s]         Usage of dash-separated 'script-dir' will not be supported in future
[14.316s]         versions. Please use the underscore name 'script_dir' instead.
[14.316s]         (Affected: serial_motor_demo).
[14.316s] 
[14.316s]         By 2026-Mar-03, you need to update your project and remove deprecated calls
[14.317s]         or your builds will no longer be supported.
[14.317s] 
[14.317s]         See https://setuptools.pypa.io/en/latest/userguide/declarative_config.html for details.
[14.320s]         ********************************************************************************
[14.324s] 
[14.328s] !!
[14.328s]   opt = self._enforce_underscore(opt, section)
[16.391s] running develop
[18.485s] running egg_info
[18.667s] writing serial_motor_demo.egg-info/PKG-INFO
[18.676s] writing dependency_links to serial_motor_demo.egg-info/dependency_links.txt
[18.679s] writing entry points to serial_motor_demo.egg-info/entry_points.txt
[18.684s] writing requirements to serial_motor_demo.egg-info/requires.txt
[18.691s] writing top-level names to serial_motor_demo.egg-info/top_level.txt
[19.158s] reading manifest file 'serial_motor_demo.egg-info/SOURCES.txt'
[19.168s] writing manifest file 'serial_motor_demo.egg-info/SOURCES.txt'
[19.377s] running build_ext
[19.381s] Creating /home/maker/bm_ws/install/serial_motor_demo/lib/python3.10/site-packages/serial-motor-demo.egg-link (link to .)
[19.404s] Installing driver script to /home/maker/bm_ws/install/serial_motor_demo/lib/serial_motor_demo
[19.417s] Installing gui script to /home/maker/bm_ws/install/serial_motor_demo/lib/serial_motor_demo
[19.422s] 
[19.428s] Installed /home/maker/bm_ws/build/serial_motor_demo
[19.431s] running symlink_data
[19.638s] Invoked command in '/home/maker/bm_ws/build/serial_motor_demo' returned '0': CMAKE_PREFIX_PATH=/home/maker/bm_ws/install/serial_motor_demo_msgs:/home/maker/bm_ws/install/sllidar_ros2:/home/maker/bm_ws/install/my_bot PYTHONPATH=/home/maker/bm_ws/build/serial_motor_demo/prefix_override:/usr/lib/python3/dist-packages/colcon_core/task/python/colcon_distutils_commands:/home/maker/bm_ws/install/serial_motor_demo/lib/python3.10/site-packages:${PYTHONPATH} /usr/bin/python3 -W ignore:setup.py install is deprecated -W ignore:easy_install command is deprecated setup.py develop --editable --build-directory /home/maker/bm_ws/build/serial_motor_demo/build --no-deps symlink_data
