[1.196s] DEBUG:colcon:Command line arguments: ['/usr/bin/colcon', 'build', '--symlink-install']
[1.196s] DEBUG:colcon:Parsed command line arguments: Namespace(log_base=None, log_level=None, verb_name='build', build_base='build', install_base='install', merge_install=False, symlink_install=True, test_result_base=None, continue_on_error=False, executor='parallel', parallel_workers=2, event_handlers=None, ignore_user_meta=False, metas=['./colcon.meta'], base_paths=['.'], packages_ignore=None, packages_ignore_regex=None, paths=None, packages_up_to=None, packages_up_to_regex=None, packages_above=None, packages_above_and_dependencies=None, packages_above_depth=None, packages_select_by_dep=None, packages_skip_by_dep=None, packages_skip_up_to=None, packages_select_build_failed=False, packages_skip_build_finished=False, packages_select_test_failures=False, packages_skip_test_passed=False, packages_select=None, packages_skip=None, packages_select_regex=None, packages_skip_regex=None, packages_start=None, packages_end=None, allow_overriding=[], cmake_args=None, cmake_target=None, cmake_target_skip_unavailable=False, cmake_clean_cache=False, cmake_clean_first=False, cmake_force_configure=False, ament_cmake_args=None, catkin_cmake_args=None, catkin_skip_building_tests=False, mixin_files=None, mixin=None, verb_parser=<colcon_mixin.mixin.mixin_argument.MixinArgumentDecorator object at 0x779379116590>, verb_extension=<colcon_core.verb.build.BuildVerb object at 0x779379267bb0>, main=<bound method BuildVerb.main of <colcon_core.verb.build.BuildVerb object at 0x779379267bb0>>, mixin_verb=('build',))
[1.719s] Level 1:colcon.colcon_core.package_discovery:discover_packages(colcon_meta) check parameters
[1.719s] Level 1:colcon.colcon_core.package_discovery:discover_packages(recursive) check parameters
[1.720s] Level 1:colcon.colcon_core.package_discovery:discover_packages(ignore) check parameters
[1.720s] Level 1:colcon.colcon_core.package_discovery:discover_packages(path) check parameters
[1.720s] Level 1:colcon.colcon_core.package_discovery:discover_packages(colcon_meta) discover
[1.720s] Level 1:colcon.colcon_core.package_discovery:discover_packages(recursive) discover
[1.720s] INFO:colcon.colcon_core.package_discovery:Crawling recursively for packages in '/home/maker/bm_ws'
[1.720s] Level 1:colcon.colcon_core.package_identification:_identify(.) by extensions ['ignore', 'ignore_ament_install']
[1.720s] Level 1:colcon.colcon_core.package_identification:_identify(.) by extension 'ignore'
[1.721s] Level 1:colcon.colcon_core.package_identification:_identify(.) by extension 'ignore_ament_install'
[1.721s] Level 1:colcon.colcon_core.package_identification:_identify(.) by extensions ['colcon_pkg']
[1.721s] Level 1:colcon.colcon_core.package_identification:_identify(.) by extension 'colcon_pkg'
[1.722s] Level 1:colcon.colcon_core.package_identification:_identify(.) by extensions ['colcon_meta']
[1.723s] Level 1:colcon.colcon_core.package_identification:_identify(.) by extension 'colcon_meta'
[1.723s] Level 1:colcon.colcon_core.package_identification:_identify(.) by extensions ['ros']
[1.723s] Level 1:colcon.colcon_core.package_identification:_identify(.) by extension 'ros'
[1.800s] Level 1:colcon.colcon_core.package_identification:_identify(.) by extensions ['cmake', 'python']
[1.800s] Level 1:colcon.colcon_core.package_identification:_identify(.) by extension 'cmake'
[1.800s] Level 1:colcon.colcon_core.package_identification:_identify(.) by extension 'python'
[1.800s] Level 1:colcon.colcon_core.package_identification:_identify(.) by extensions ['python_setup_py']
[1.800s] Level 1:colcon.colcon_core.package_identification:_identify(.) by extension 'python_setup_py'
[1.801s] Level 1:colcon.colcon_core.package_identification:_identify(build) by extensions ['ignore', 'ignore_ament_install']
[1.801s] Level 1:colcon.colcon_core.package_identification:_identify(build) by extension 'ignore'
[1.801s] Level 1:colcon.colcon_core.package_identification:_identify(build) ignored
[1.802s] Level 1:colcon.colcon_core.package_identification:_identify(install) by extensions ['ignore', 'ignore_ament_install']
[1.802s] Level 1:colcon.colcon_core.package_identification:_identify(install) by extension 'ignore'
[1.802s] Level 1:colcon.colcon_core.package_identification:_identify(install) ignored
[1.802s] Level 1:colcon.colcon_core.package_identification:_identify(log) by extensions ['ignore', 'ignore_ament_install']
[1.802s] Level 1:colcon.colcon_core.package_identification:_identify(log) by extension 'ignore'
[1.803s] Level 1:colcon.colcon_core.package_identification:_identify(log) ignored
[1.803s] Level 1:colcon.colcon_core.package_identification:_identify(src) by extensions ['ignore', 'ignore_ament_install']
[1.803s] Level 1:colcon.colcon_core.package_identification:_identify(src) by extension 'ignore'
[1.803s] Level 1:colcon.colcon_core.package_identification:_identify(src) by extension 'ignore_ament_install'
[1.804s] Level 1:colcon.colcon_core.package_identification:_identify(src) by extensions ['colcon_pkg']
[1.804s] Level 1:colcon.colcon_core.package_identification:_identify(src) by extension 'colcon_pkg'
[1.804s] Level 1:colcon.colcon_core.package_identification:_identify(src) by extensions ['colcon_meta']
[1.804s] Level 1:colcon.colcon_core.package_identification:_identify(src) by extension 'colcon_meta'
[1.804s] Level 1:colcon.colcon_core.package_identification:_identify(src) by extensions ['ros']
[1.804s] Level 1:colcon.colcon_core.package_identification:_identify(src) by extension 'ros'
[1.804s] Level 1:colcon.colcon_core.package_identification:_identify(src) by extensions ['cmake', 'python']
[1.804s] Level 1:colcon.colcon_core.package_identification:_identify(src) by extension 'cmake'
[1.804s] Level 1:colcon.colcon_core.package_identification:_identify(src) by extension 'python'
[1.804s] Level 1:colcon.colcon_core.package_identification:_identify(src) by extensions ['python_setup_py']
[1.804s] Level 1:colcon.colcon_core.package_identification:_identify(src) by extension 'python_setup_py'
[1.805s] Level 1:colcon.colcon_core.package_identification:_identify(src/build) by extensions ['ignore', 'ignore_ament_install']
[1.805s] Level 1:colcon.colcon_core.package_identification:_identify(src/build) by extension 'ignore'
[1.805s] Level 1:colcon.colcon_core.package_identification:_identify(src/build) ignored
[1.806s] Level 1:colcon.colcon_core.package_identification:_identify(src/install) by extensions ['ignore', 'ignore_ament_install']
[1.806s] Level 1:colcon.colcon_core.package_identification:_identify(src/install) by extension 'ignore'
[1.806s] Level 1:colcon.colcon_core.package_identification:_identify(src/install) ignored
[1.806s] Level 1:colcon.colcon_core.package_identification:_identify(src/log) by extensions ['ignore', 'ignore_ament_install']
[1.806s] Level 1:colcon.colcon_core.package_identification:_identify(src/log) by extension 'ignore'
[1.806s] Level 1:colcon.colcon_core.package_identification:_identify(src/log) ignored
[1.806s] Level 1:colcon.colcon_core.package_identification:_identify(src/my_bot) by extensions ['ignore', 'ignore_ament_install']
[1.807s] Level 1:colcon.colcon_core.package_identification:_identify(src/my_bot) by extension 'ignore'
[1.808s] Level 1:colcon.colcon_core.package_identification:_identify(src/my_bot) by extension 'ignore_ament_install'
[1.808s] Level 1:colcon.colcon_core.package_identification:_identify(src/my_bot) by extensions ['colcon_pkg']
[1.808s] Level 1:colcon.colcon_core.package_identification:_identify(src/my_bot) by extension 'colcon_pkg'
[1.808s] Level 1:colcon.colcon_core.package_identification:_identify(src/my_bot) by extensions ['colcon_meta']
[1.808s] Level 1:colcon.colcon_core.package_identification:_identify(src/my_bot) by extension 'colcon_meta'
[1.808s] Level 1:colcon.colcon_core.package_identification:_identify(src/my_bot) by extensions ['ros']
[1.808s] Level 1:colcon.colcon_core.package_identification:_identify(src/my_bot) by extension 'ros'
[1.824s] DEBUG:colcon.colcon_core.package_identification:Package 'src/my_bot' with type 'ros.ament_cmake' and name 'my_bot'
[1.825s] Level 1:colcon.colcon_core.package_identification:_identify(src/ros_arduino_bridge-main) by extensions ['ignore', 'ignore_ament_install']
[1.825s] Level 1:colcon.colcon_core.package_identification:_identify(src/ros_arduino_bridge-main) by extension 'ignore'
[1.825s] Level 1:colcon.colcon_core.package_identification:_identify(src/ros_arduino_bridge-main) by extension 'ignore_ament_install'
[1.827s] Level 1:colcon.colcon_core.package_identification:_identify(src/ros_arduino_bridge-main) by extensions ['colcon_pkg']
[1.827s] Level 1:colcon.colcon_core.package_identification:_identify(src/ros_arduino_bridge-main) by extension 'colcon_pkg'
[1.827s] Level 1:colcon.colcon_core.package_identification:_identify(src/ros_arduino_bridge-main) by extensions ['colcon_meta']
[1.828s] Level 1:colcon.colcon_core.package_identification:_identify(src/ros_arduino_bridge-main) by extension 'colcon_meta'
[1.828s] Level 1:colcon.colcon_core.package_identification:_identify(src/ros_arduino_bridge-main) by extensions ['ros']
[1.828s] Level 1:colcon.colcon_core.package_identification:_identify(src/ros_arduino_bridge-main) by extension 'ros'
[1.828s] Level 1:colcon.colcon_core.package_identification:_identify(src/ros_arduino_bridge-main) by extensions ['cmake', 'python']
[1.828s] Level 1:colcon.colcon_core.package_identification:_identify(src/ros_arduino_bridge-main) by extension 'cmake'
[1.828s] Level 1:colcon.colcon_core.package_identification:_identify(src/ros_arduino_bridge-main) by extension 'python'
[1.829s] Level 1:colcon.colcon_core.package_identification:_identify(src/ros_arduino_bridge-main) by extensions ['python_setup_py']
[1.829s] Level 1:colcon.colcon_core.package_identification:_identify(src/ros_arduino_bridge-main) by extension 'python_setup_py'
[1.836s] Level 1:colcon.colcon_core.package_identification:_identify(src/ros_arduino_bridge-main/ROSArduinoBridge) by extensions ['ignore', 'ignore_ament_install']
[1.837s] Level 1:colcon.colcon_core.package_identification:_identify(src/ros_arduino_bridge-main/ROSArduinoBridge) by extension 'ignore'
[1.837s] Level 1:colcon.colcon_core.package_identification:_identify(src/ros_arduino_bridge-main/ROSArduinoBridge) by extension 'ignore_ament_install'
[1.837s] Level 1:colcon.colcon_core.package_identification:_identify(src/ros_arduino_bridge-main/ROSArduinoBridge) by extensions ['colcon_pkg']
[1.837s] Level 1:colcon.colcon_core.package_identification:_identify(src/ros_arduino_bridge-main/ROSArduinoBridge) by extension 'colcon_pkg'
[1.838s] Level 1:colcon.colcon_core.package_identification:_identify(src/ros_arduino_bridge-main/ROSArduinoBridge) by extensions ['colcon_meta']
[1.838s] Level 1:colcon.colcon_core.package_identification:_identify(src/ros_arduino_bridge-main/ROSArduinoBridge) by extension 'colcon_meta'
[1.838s] Level 1:colcon.colcon_core.package_identification:_identify(src/ros_arduino_bridge-main/ROSArduinoBridge) by extensions ['ros']
[1.838s] Level 1:colcon.colcon_core.package_identification:_identify(src/ros_arduino_bridge-main/ROSArduinoBridge) by extension 'ros'
[1.838s] Level 1:colcon.colcon_core.package_identification:_identify(src/ros_arduino_bridge-main/ROSArduinoBridge) by extensions ['cmake', 'python']
[1.838s] Level 1:colcon.colcon_core.package_identification:_identify(src/ros_arduino_bridge-main/ROSArduinoBridge) by extension 'cmake'
[1.839s] Level 1:colcon.colcon_core.package_identification:_identify(src/ros_arduino_bridge-main/ROSArduinoBridge) by extension 'python'
[1.839s] Level 1:colcon.colcon_core.package_identification:_identify(src/ros_arduino_bridge-main/ROSArduinoBridge) by extensions ['python_setup_py']
[1.839s] Level 1:colcon.colcon_core.package_identification:_identify(src/ros_arduino_bridge-main/ROSArduinoBridge) by extension 'python_setup_py'
[1.840s] Level 1:colcon.colcon_core.package_identification:_identify(src/serial_motor_demo) by extensions ['ignore', 'ignore_ament_install']
[1.840s] Level 1:colcon.colcon_core.package_identification:_identify(src/serial_motor_demo) by extension 'ignore'
[1.840s] Level 1:colcon.colcon_core.package_identification:_identify(src/serial_motor_demo) by extension 'ignore_ament_install'
[1.840s] Level 1:colcon.colcon_core.package_identification:_identify(src/serial_motor_demo) by extensions ['colcon_pkg']
[1.840s] Level 1:colcon.colcon_core.package_identification:_identify(src/serial_motor_demo) by extension 'colcon_pkg'
[1.840s] Level 1:colcon.colcon_core.package_identification:_identify(src/serial_motor_demo) by extensions ['colcon_meta']
[1.840s] Level 1:colcon.colcon_core.package_identification:_identify(src/serial_motor_demo) by extension 'colcon_meta'
[1.841s] Level 1:colcon.colcon_core.package_identification:_identify(src/serial_motor_demo) by extensions ['ros']
[1.841s] Level 1:colcon.colcon_core.package_identification:_identify(src/serial_motor_demo) by extension 'ros'
[1.841s] Level 1:colcon.colcon_core.package_identification:_identify(src/serial_motor_demo) by extensions ['cmake', 'python']
[1.841s] Level 1:colcon.colcon_core.package_identification:_identify(src/serial_motor_demo) by extension 'cmake'
[1.841s] Level 1:colcon.colcon_core.package_identification:_identify(src/serial_motor_demo) by extension 'python'
[1.841s] Level 1:colcon.colcon_core.package_identification:_identify(src/serial_motor_demo) by extensions ['python_setup_py']
[1.841s] Level 1:colcon.colcon_core.package_identification:_identify(src/serial_motor_demo) by extension 'python_setup_py'
[1.843s] Level 1:colcon.colcon_core.package_identification:_identify(src/serial_motor_demo/serial_motor_demo) by extensions ['ignore', 'ignore_ament_install']
[1.843s] Level 1:colcon.colcon_core.package_identification:_identify(src/serial_motor_demo/serial_motor_demo) by extension 'ignore'
[1.843s] Level 1:colcon.colcon_core.package_identification:_identify(src/serial_motor_demo/serial_motor_demo) by extension 'ignore_ament_install'
[1.844s] Level 1:colcon.colcon_core.package_identification:_identify(src/serial_motor_demo/serial_motor_demo) by extensions ['colcon_pkg']
[1.844s] Level 1:colcon.colcon_core.package_identification:_identify(src/serial_motor_demo/serial_motor_demo) by extension 'colcon_pkg'
[1.844s] Level 1:colcon.colcon_core.package_identification:_identify(src/serial_motor_demo/serial_motor_demo) by extensions ['colcon_meta']
[1.844s] Level 1:colcon.colcon_core.package_identification:_identify(src/serial_motor_demo/serial_motor_demo) by extension 'colcon_meta'
[1.844s] Level 1:colcon.colcon_core.package_identification:_identify(src/serial_motor_demo/serial_motor_demo) by extensions ['ros']
[1.844s] Level 1:colcon.colcon_core.package_identification:_identify(src/serial_motor_demo/serial_motor_demo) by extension 'ros'
[1.849s] DEBUG:colcon.colcon_core.package_identification:Package 'src/serial_motor_demo/serial_motor_demo' with type 'ros.ament_python' and name 'serial_motor_demo'
[1.850s] Level 1:colcon.colcon_core.package_identification:_identify(src/serial_motor_demo/serial_motor_demo_msgs) by extensions ['ignore', 'ignore_ament_install']
[1.851s] Level 1:colcon.colcon_core.package_identification:_identify(src/serial_motor_demo/serial_motor_demo_msgs) by extension 'ignore'
[1.851s] Level 1:colcon.colcon_core.package_identification:_identify(src/serial_motor_demo/serial_motor_demo_msgs) by extension 'ignore_ament_install'
[1.851s] Level 1:colcon.colcon_core.package_identification:_identify(src/serial_motor_demo/serial_motor_demo_msgs) by extensions ['colcon_pkg']
[1.851s] Level 1:colcon.colcon_core.package_identification:_identify(src/serial_motor_demo/serial_motor_demo_msgs) by extension 'colcon_pkg'
[1.851s] Level 1:colcon.colcon_core.package_identification:_identify(src/serial_motor_demo/serial_motor_demo_msgs) by extensions ['colcon_meta']
[1.851s] Level 1:colcon.colcon_core.package_identification:_identify(src/serial_motor_demo/serial_motor_demo_msgs) by extension 'colcon_meta'
[1.852s] Level 1:colcon.colcon_core.package_identification:_identify(src/serial_motor_demo/serial_motor_demo_msgs) by extensions ['ros']
[1.852s] Level 1:colcon.colcon_core.package_identification:_identify(src/serial_motor_demo/serial_motor_demo_msgs) by extension 'ros'
[1.854s] DEBUG:colcon.colcon_core.package_identification:Package 'src/serial_motor_demo/serial_motor_demo_msgs' with type 'ros.ament_cmake' and name 'serial_motor_demo_msgs'
[1.854s] Level 1:colcon.colcon_core.package_discovery:discover_packages(recursive) using defaults
[1.854s] Level 1:colcon.colcon_core.package_discovery:discover_packages(ignore) discover
[1.854s] Level 1:colcon.colcon_core.package_discovery:discover_packages(ignore) using defaults
[1.854s] Level 1:colcon.colcon_core.package_discovery:discover_packages(path) discover
[1.855s] Level 1:colcon.colcon_core.package_discovery:discover_packages(path) using defaults
[1.988s] Level 1:colcon.colcon_core.package_discovery:discover_packages(prefix_path) check parameters
[1.988s] Level 1:colcon.colcon_core.package_discovery:discover_packages(prefix_path) discover
[2.006s] DEBUG:colcon.colcon_installed_package_information.package_discovery:Found 374 installed packages in /opt/ros/humble
[2.011s] Level 1:colcon.colcon_core.package_discovery:discover_packages(prefix_path) using defaults
[2.142s] Level 5:colcon.colcon_core.verb:set package 'my_bot' build argument 'cmake_args' from command line to 'None'
[2.142s] Level 5:colcon.colcon_core.verb:set package 'my_bot' build argument 'cmake_target' from command line to 'None'
[2.142s] Level 5:colcon.colcon_core.verb:set package 'my_bot' build argument 'cmake_target_skip_unavailable' from command line to 'False'
[2.142s] Level 5:colcon.colcon_core.verb:set package 'my_bot' build argument 'cmake_clean_cache' from command line to 'False'
[2.142s] Level 5:colcon.colcon_core.verb:set package 'my_bot' build argument 'cmake_clean_first' from command line to 'False'
[2.142s] Level 5:colcon.colcon_core.verb:set package 'my_bot' build argument 'cmake_force_configure' from command line to 'False'
[2.143s] Level 5:colcon.colcon_core.verb:set package 'my_bot' build argument 'ament_cmake_args' from command line to 'None'
[2.143s] Level 5:colcon.colcon_core.verb:set package 'my_bot' build argument 'catkin_cmake_args' from command line to 'None'
[2.143s] Level 5:colcon.colcon_core.verb:set package 'my_bot' build argument 'catkin_skip_building_tests' from command line to 'False'
[2.143s] DEBUG:colcon.colcon_core.verb:Building package 'my_bot' with the following arguments: {'ament_cmake_args': None, 'build_base': '/home/maker/bm_ws/build/my_bot', 'catkin_cmake_args': None, 'catkin_skip_building_tests': False, 'cmake_args': None, 'cmake_clean_cache': False, 'cmake_clean_first': False, 'cmake_force_configure': False, 'cmake_target': None, 'cmake_target_skip_unavailable': False, 'install_base': '/home/maker/bm_ws/install/my_bot', 'merge_install': False, 'path': '/home/maker/bm_ws/src/my_bot', 'symlink_install': True, 'test_result_base': None}
[2.144s] Level 5:colcon.colcon_core.verb:set package 'serial_motor_demo_msgs' build argument 'cmake_args' from command line to 'None'
[2.144s] Level 5:colcon.colcon_core.verb:set package 'serial_motor_demo_msgs' build argument 'cmake_target' from command line to 'None'
[2.144s] Level 5:colcon.colcon_core.verb:set package 'serial_motor_demo_msgs' build argument 'cmake_target_skip_unavailable' from command line to 'False'
[2.144s] Level 5:colcon.colcon_core.verb:set package 'serial_motor_demo_msgs' build argument 'cmake_clean_cache' from command line to 'False'
[2.144s] Level 5:colcon.colcon_core.verb:set package 'serial_motor_demo_msgs' build argument 'cmake_clean_first' from command line to 'False'
[2.144s] Level 5:colcon.colcon_core.verb:set package 'serial_motor_demo_msgs' build argument 'cmake_force_configure' from command line to 'False'
[2.145s] Level 5:colcon.colcon_core.verb:set package 'serial_motor_demo_msgs' build argument 'ament_cmake_args' from command line to 'None'
[2.145s] Level 5:colcon.colcon_core.verb:set package 'serial_motor_demo_msgs' build argument 'catkin_cmake_args' from command line to 'None'
[2.145s] Level 5:colcon.colcon_core.verb:set package 'serial_motor_demo_msgs' build argument 'catkin_skip_building_tests' from command line to 'False'
[2.145s] DEBUG:colcon.colcon_core.verb:Building package 'serial_motor_demo_msgs' with the following arguments: {'ament_cmake_args': None, 'build_base': '/home/maker/bm_ws/build/serial_motor_demo_msgs', 'catkin_cmake_args': None, 'catkin_skip_building_tests': False, 'cmake_args': None, 'cmake_clean_cache': False, 'cmake_clean_first': False, 'cmake_force_configure': False, 'cmake_target': None, 'cmake_target_skip_unavailable': False, 'install_base': '/home/maker/bm_ws/install/serial_motor_demo_msgs', 'merge_install': False, 'path': '/home/maker/bm_ws/src/serial_motor_demo/serial_motor_demo_msgs', 'symlink_install': True, 'test_result_base': None}
[2.146s] Level 5:colcon.colcon_core.verb:set package 'serial_motor_demo' build argument 'cmake_args' from command line to 'None'
[2.146s] Level 5:colcon.colcon_core.verb:set package 'serial_motor_demo' build argument 'cmake_target' from command line to 'None'
[2.146s] Level 5:colcon.colcon_core.verb:set package 'serial_motor_demo' build argument 'cmake_target_skip_unavailable' from command line to 'False'
[2.146s] Level 5:colcon.colcon_core.verb:set package 'serial_motor_demo' build argument 'cmake_clean_cache' from command line to 'False'
[2.146s] Level 5:colcon.colcon_core.verb:set package 'serial_motor_demo' build argument 'cmake_clean_first' from command line to 'False'
[2.146s] Level 5:colcon.colcon_core.verb:set package 'serial_motor_demo' build argument 'cmake_force_configure' from command line to 'False'
[2.146s] Level 5:colcon.colcon_core.verb:set package 'serial_motor_demo' build argument 'ament_cmake_args' from command line to 'None'
[2.146s] Level 5:colcon.colcon_core.verb:set package 'serial_motor_demo' build argument 'catkin_cmake_args' from command line to 'None'
[2.146s] Level 5:colcon.colcon_core.verb:set package 'serial_motor_demo' build argument 'catkin_skip_building_tests' from command line to 'False'
[2.146s] DEBUG:colcon.colcon_core.verb:Building package 'serial_motor_demo' with the following arguments: {'ament_cmake_args': None, 'build_base': '/home/maker/bm_ws/build/serial_motor_demo', 'catkin_cmake_args': None, 'catkin_skip_building_tests': False, 'cmake_args': None, 'cmake_clean_cache': False, 'cmake_clean_first': False, 'cmake_force_configure': False, 'cmake_target': None, 'cmake_target_skip_unavailable': False, 'install_base': '/home/maker/bm_ws/install/serial_motor_demo', 'merge_install': False, 'path': '/home/maker/bm_ws/src/serial_motor_demo/serial_motor_demo', 'symlink_install': True, 'test_result_base': None}
[2.147s] INFO:colcon.colcon_core.executor:Executing jobs using 'parallel' executor
[2.150s] DEBUG:colcon.colcon_parallel_executor.executor.parallel:run_until_complete
[2.152s] INFO:colcon.colcon_ros.task.ament_cmake.build:Building ROS package in '/home/maker/bm_ws/src/serial_motor_demo/serial_motor_demo_msgs' with build type 'ament_cmake'
[2.152s] INFO:colcon.colcon_cmake.task.cmake.build:Building CMake package in '/home/maker/bm_ws/src/serial_motor_demo/serial_motor_demo_msgs'
[2.192s] INFO:colcon.colcon_core.plugin_system:Skipping extension 'colcon_core.shell.bat': Not used on non-Windows systems
[2.196s] INFO:colcon.colcon_core.shell:Skip shell extension 'powershell' for command environment: Not usable outside of PowerShell
[2.197s] DEBUG:colcon.colcon_core.shell:Skip shell extension 'dsv' for command environment
[2.234s] INFO:colcon.colcon_ros.task.ament_cmake.build:Building ROS package in '/home/maker/bm_ws/src/my_bot' with build type 'ament_cmake'
[2.235s] INFO:colcon.colcon_cmake.task.cmake.build:Building CMake package in '/home/maker/bm_ws/src/my_bot'
[2.235s] INFO:colcon.colcon_core.shell:Skip shell extension 'powershell' for command environment: Not usable outside of PowerShell
[2.235s] DEBUG:colcon.colcon_core.shell:Skip shell extension 'dsv' for command environment
[2.319s] DEBUG:colcon.colcon_core.event_handler.log_command:Invoking command in '/home/maker/bm_ws/build/serial_motor_demo_msgs': CMAKE_PREFIX_PATH=/opt/ros/humble /usr/bin/cmake --build /home/maker/bm_ws/build/serial_motor_demo_msgs -- -j2 -l2
[2.381s] DEBUG:colcon.colcon_core.event_handler.log_command:Invoking command in '/home/maker/bm_ws/build/my_bot': CMAKE_PREFIX_PATH=/opt/ros/humble /usr/bin/cmake --build /home/maker/bm_ws/build/my_bot -- -j2 -l2
[3.023s] DEBUG:colcon.colcon_core.event_handler.log_command:Invoked command in '/home/maker/bm_ws/build/my_bot' returned '0': CMAKE_PREFIX_PATH=/opt/ros/humble /usr/bin/cmake --build /home/maker/bm_ws/build/my_bot -- -j2 -l2
[3.144s] DEBUG:colcon.colcon_core.event_handler.log_command:Invoking command in '/home/maker/bm_ws/build/my_bot': CMAKE_PREFIX_PATH=/opt/ros/humble /usr/bin/cmake --install /home/maker/bm_ws/build/my_bot
[3.471s] Level 1:colcon.colcon_core.environment:create_environment_scripts_only(my_bot)
[3.475s] DEBUG:colcon.colcon_core.event_handler.log_command:Invoked command in '/home/maker/bm_ws/build/my_bot' returned '0': CMAKE_PREFIX_PATH=/opt/ros/humble /usr/bin/cmake --install /home/maker/bm_ws/build/my_bot
[3.542s] Level 1:colcon.colcon_core.environment:checking '/home/maker/bm_ws/install/my_bot' for CMake module files
[3.557s] Level 1:colcon.colcon_core.environment:checking '/home/maker/bm_ws/install/my_bot' for CMake config files
[3.574s] Level 1:colcon.colcon_core.shell:create_environment_hook('my_bot', 'cmake_prefix_path')
[3.576s] INFO:colcon.colcon_core.shell:Creating environment hook '/home/maker/bm_ws/install/my_bot/share/my_bot/hook/cmake_prefix_path.ps1'
[3.587s] INFO:colcon.colcon_core.shell:Creating environment descriptor '/home/maker/bm_ws/install/my_bot/share/my_bot/hook/cmake_prefix_path.dsv'
[3.592s] INFO:colcon.colcon_core.shell:Creating environment hook '/home/maker/bm_ws/install/my_bot/share/my_bot/hook/cmake_prefix_path.sh'
[3.603s] Level 1:colcon.colcon_core.environment:checking '/home/maker/bm_ws/install/my_bot/bin'
[3.604s] Level 1:colcon.colcon_core.environment:checking '/home/maker/bm_ws/install/my_bot/lib/pkgconfig/my_bot.pc'
[3.605s] Level 1:colcon.colcon_core.environment:checking '/home/maker/bm_ws/install/my_bot/lib/python3.10/site-packages'
[3.606s] Level 1:colcon.colcon_core.environment:checking '/home/maker/bm_ws/install/my_bot/bin'
[3.608s] INFO:colcon.colcon_core.shell:Creating package script '/home/maker/bm_ws/install/my_bot/share/my_bot/package.ps1'
[3.621s] INFO:colcon.colcon_core.shell:Creating package descriptor '/home/maker/bm_ws/install/my_bot/share/my_bot/package.dsv'
[3.632s] INFO:colcon.colcon_core.shell:Creating package script '/home/maker/bm_ws/install/my_bot/share/my_bot/package.sh'
[3.646s] INFO:colcon.colcon_core.shell:Creating package script '/home/maker/bm_ws/install/my_bot/share/my_bot/package.bash'
[3.663s] INFO:colcon.colcon_core.shell:Creating package script '/home/maker/bm_ws/install/my_bot/share/my_bot/package.zsh'
[3.674s] Level 1:colcon.colcon_core.environment:create_file_with_runtime_dependencies(/home/maker/bm_ws/install/my_bot/share/colcon-core/packages/my_bot)
[3.678s] Level 1:colcon.colcon_core.environment:create_environment_scripts_only(my_bot)
[3.678s] Level 1:colcon.colcon_core.environment:checking '/home/maker/bm_ws/install/my_bot' for CMake module files
[3.682s] Level 1:colcon.colcon_core.environment:checking '/home/maker/bm_ws/install/my_bot' for CMake config files
[3.688s] Level 1:colcon.colcon_core.shell:create_environment_hook('my_bot', 'cmake_prefix_path')
[3.689s] INFO:colcon.colcon_core.shell:Creating environment hook '/home/maker/bm_ws/install/my_bot/share/my_bot/hook/cmake_prefix_path.ps1'
[3.697s] INFO:colcon.colcon_core.shell:Creating environment descriptor '/home/maker/bm_ws/install/my_bot/share/my_bot/hook/cmake_prefix_path.dsv'
[3.698s] INFO:colcon.colcon_core.shell:Creating environment hook '/home/maker/bm_ws/install/my_bot/share/my_bot/hook/cmake_prefix_path.sh'
[3.705s] Level 1:colcon.colcon_core.environment:checking '/home/maker/bm_ws/install/my_bot/bin'
[3.705s] Level 1:colcon.colcon_core.environment:checking '/home/maker/bm_ws/install/my_bot/lib/pkgconfig/my_bot.pc'
[3.705s] Level 1:colcon.colcon_core.environment:checking '/home/maker/bm_ws/install/my_bot/lib/python3.10/site-packages'
[3.706s] Level 1:colcon.colcon_core.environment:checking '/home/maker/bm_ws/install/my_bot/bin'
[3.707s] INFO:colcon.colcon_core.shell:Creating package script '/home/maker/bm_ws/install/my_bot/share/my_bot/package.ps1'
[3.712s] INFO:colcon.colcon_core.shell:Creating package descriptor '/home/maker/bm_ws/install/my_bot/share/my_bot/package.dsv'
[3.717s] INFO:colcon.colcon_core.shell:Creating package script '/home/maker/bm_ws/install/my_bot/share/my_bot/package.sh'
[3.721s] INFO:colcon.colcon_core.shell:Creating package script '/home/maker/bm_ws/install/my_bot/share/my_bot/package.bash'
[3.723s] INFO:colcon.colcon_core.shell:Creating package script '/home/maker/bm_ws/install/my_bot/share/my_bot/package.zsh'
[3.727s] Level 1:colcon.colcon_core.environment:create_file_with_runtime_dependencies(/home/maker/bm_ws/install/my_bot/share/colcon-core/packages/my_bot)
[5.742s] DEBUG:colcon.colcon_core.event_handler.log_command:Invoked command in '/home/maker/bm_ws/build/serial_motor_demo_msgs' returned '0': CMAKE_PREFIX_PATH=/opt/ros/humble /usr/bin/cmake --build /home/maker/bm_ws/build/serial_motor_demo_msgs -- -j2 -l2
[5.753s] DEBUG:colcon.colcon_core.event_handler.log_command:Invoking command in '/home/maker/bm_ws/build/serial_motor_demo_msgs': CMAKE_PREFIX_PATH=/opt/ros/humble /usr/bin/cmake --install /home/maker/bm_ws/build/serial_motor_demo_msgs
[6.315s] Level 1:colcon.colcon_core.environment:create_environment_scripts_only(serial_motor_demo_msgs)
[6.316s] Level 1:colcon.colcon_core.environment:checking '/home/maker/bm_ws/install/serial_motor_demo_msgs' for CMake module files
[6.319s] DEBUG:colcon.colcon_core.event_handler.log_command:Invoked command in '/home/maker/bm_ws/build/serial_motor_demo_msgs' returned '0': CMAKE_PREFIX_PATH=/opt/ros/humble /usr/bin/cmake --install /home/maker/bm_ws/build/serial_motor_demo_msgs
[6.321s] Level 1:colcon.colcon_core.environment:checking '/home/maker/bm_ws/install/serial_motor_demo_msgs' for CMake config files
[6.326s] Level 1:colcon.colcon_core.shell:create_environment_hook('serial_motor_demo_msgs', 'cmake_prefix_path')
[6.327s] INFO:colcon.colcon_core.shell:Creating environment hook '/home/maker/bm_ws/install/serial_motor_demo_msgs/share/serial_motor_demo_msgs/hook/cmake_prefix_path.ps1'
[6.329s] INFO:colcon.colcon_core.shell:Creating environment descriptor '/home/maker/bm_ws/install/serial_motor_demo_msgs/share/serial_motor_demo_msgs/hook/cmake_prefix_path.dsv'
[6.331s] INFO:colcon.colcon_core.shell:Creating environment hook '/home/maker/bm_ws/install/serial_motor_demo_msgs/share/serial_motor_demo_msgs/hook/cmake_prefix_path.sh'
[6.334s] Level 1:colcon.colcon_core.environment:checking '/home/maker/bm_ws/install/serial_motor_demo_msgs/lib'
[6.335s] Level 1:colcon.colcon_core.shell:create_environment_hook('serial_motor_demo_msgs', 'ld_library_path_lib')
[6.335s] INFO:colcon.colcon_core.shell:Creating environment hook '/home/maker/bm_ws/install/serial_motor_demo_msgs/share/serial_motor_demo_msgs/hook/ld_library_path_lib.ps1'
[6.337s] INFO:colcon.colcon_core.shell:Creating environment descriptor '/home/maker/bm_ws/install/serial_motor_demo_msgs/share/serial_motor_demo_msgs/hook/ld_library_path_lib.dsv'
[6.339s] INFO:colcon.colcon_core.shell:Creating environment hook '/home/maker/bm_ws/install/serial_motor_demo_msgs/share/serial_motor_demo_msgs/hook/ld_library_path_lib.sh'
[6.342s] Level 1:colcon.colcon_core.environment:checking '/home/maker/bm_ws/install/serial_motor_demo_msgs/bin'
[6.342s] Level 1:colcon.colcon_core.environment:checking '/home/maker/bm_ws/install/serial_motor_demo_msgs/lib/pkgconfig/serial_motor_demo_msgs.pc'
[6.343s] Level 1:colcon.colcon_core.environment:checking '/home/maker/bm_ws/install/serial_motor_demo_msgs/lib/python3.10/site-packages'
[6.344s] Level 1:colcon.colcon_core.environment:checking '/home/maker/bm_ws/install/serial_motor_demo_msgs/bin'
[6.345s] INFO:colcon.colcon_core.shell:Creating package script '/home/maker/bm_ws/install/serial_motor_demo_msgs/share/serial_motor_demo_msgs/package.ps1'
[6.348s] INFO:colcon.colcon_core.shell:Creating package descriptor '/home/maker/bm_ws/install/serial_motor_demo_msgs/share/serial_motor_demo_msgs/package.dsv'
[6.350s] INFO:colcon.colcon_core.shell:Creating package script '/home/maker/bm_ws/install/serial_motor_demo_msgs/share/serial_motor_demo_msgs/package.sh'
[6.352s] INFO:colcon.colcon_core.shell:Creating package script '/home/maker/bm_ws/install/serial_motor_demo_msgs/share/serial_motor_demo_msgs/package.bash'
[6.354s] INFO:colcon.colcon_core.shell:Creating package script '/home/maker/bm_ws/install/serial_motor_demo_msgs/share/serial_motor_demo_msgs/package.zsh'
[6.358s] Level 1:colcon.colcon_core.environment:create_file_with_runtime_dependencies(/home/maker/bm_ws/install/serial_motor_demo_msgs/share/colcon-core/packages/serial_motor_demo_msgs)
[6.361s] Level 1:colcon.colcon_core.environment:create_environment_scripts_only(serial_motor_demo_msgs)
[6.361s] Level 1:colcon.colcon_core.environment:checking '/home/maker/bm_ws/install/serial_motor_demo_msgs' for CMake module files
[6.363s] Level 1:colcon.colcon_core.environment:checking '/home/maker/bm_ws/install/serial_motor_demo_msgs' for CMake config files
[6.365s] Level 1:colcon.colcon_core.shell:create_environment_hook('serial_motor_demo_msgs', 'cmake_prefix_path')
[6.365s] INFO:colcon.colcon_core.shell:Creating environment hook '/home/maker/bm_ws/install/serial_motor_demo_msgs/share/serial_motor_demo_msgs/hook/cmake_prefix_path.ps1'
[6.368s] INFO:colcon.colcon_core.shell:Creating environment descriptor '/home/maker/bm_ws/install/serial_motor_demo_msgs/share/serial_motor_demo_msgs/hook/cmake_prefix_path.dsv'
[6.371s] INFO:colcon.colcon_core.shell:Creating environment hook '/home/maker/bm_ws/install/serial_motor_demo_msgs/share/serial_motor_demo_msgs/hook/cmake_prefix_path.sh'
[6.375s] Level 1:colcon.colcon_core.environment:checking '/home/maker/bm_ws/install/serial_motor_demo_msgs/lib'
[6.376s] Level 1:colcon.colcon_core.shell:create_environment_hook('serial_motor_demo_msgs', 'ld_library_path_lib')
[6.377s] INFO:colcon.colcon_core.shell:Creating environment hook '/home/maker/bm_ws/install/serial_motor_demo_msgs/share/serial_motor_demo_msgs/hook/ld_library_path_lib.ps1'
[6.382s] INFO:colcon.colcon_core.shell:Creating environment descriptor '/home/maker/bm_ws/install/serial_motor_demo_msgs/share/serial_motor_demo_msgs/hook/ld_library_path_lib.dsv'
[6.386s] INFO:colcon.colcon_core.shell:Creating environment hook '/home/maker/bm_ws/install/serial_motor_demo_msgs/share/serial_motor_demo_msgs/hook/ld_library_path_lib.sh'
[6.392s] Level 1:colcon.colcon_core.environment:checking '/home/maker/bm_ws/install/serial_motor_demo_msgs/bin'
[6.394s] Level 1:colcon.colcon_core.environment:checking '/home/maker/bm_ws/install/serial_motor_demo_msgs/lib/pkgconfig/serial_motor_demo_msgs.pc'
[6.394s] Level 1:colcon.colcon_core.environment:checking '/home/maker/bm_ws/install/serial_motor_demo_msgs/lib/python3.10/site-packages'
[6.394s] Level 1:colcon.colcon_core.environment:checking '/home/maker/bm_ws/install/serial_motor_demo_msgs/bin'
[6.395s] INFO:colcon.colcon_core.shell:Creating package script '/home/maker/bm_ws/install/serial_motor_demo_msgs/share/serial_motor_demo_msgs/package.ps1'
[6.398s] INFO:colcon.colcon_core.shell:Creating package descriptor '/home/maker/bm_ws/install/serial_motor_demo_msgs/share/serial_motor_demo_msgs/package.dsv'
[6.402s] INFO:colcon.colcon_core.shell:Creating package script '/home/maker/bm_ws/install/serial_motor_demo_msgs/share/serial_motor_demo_msgs/package.sh'
[6.406s] INFO:colcon.colcon_core.shell:Creating package script '/home/maker/bm_ws/install/serial_motor_demo_msgs/share/serial_motor_demo_msgs/package.bash'
[6.410s] INFO:colcon.colcon_core.shell:Creating package script '/home/maker/bm_ws/install/serial_motor_demo_msgs/share/serial_motor_demo_msgs/package.zsh'
[6.413s] Level 1:colcon.colcon_core.environment:create_file_with_runtime_dependencies(/home/maker/bm_ws/install/serial_motor_demo_msgs/share/colcon-core/packages/serial_motor_demo_msgs)
[6.416s] INFO:colcon.colcon_ros.task.ament_python.build:Building ROS package in '/home/maker/bm_ws/src/serial_motor_demo/serial_motor_demo' with build type 'ament_python'
[6.417s] Level 1:colcon.colcon_core.shell:create_environment_hook('serial_motor_demo', 'ament_prefix_path')
[6.418s] INFO:colcon.colcon_core.shell:Creating environment hook '/home/maker/bm_ws/install/serial_motor_demo/share/serial_motor_demo/hook/ament_prefix_path.ps1'
[6.424s] INFO:colcon.colcon_core.shell:Creating environment descriptor '/home/maker/bm_ws/install/serial_motor_demo/share/serial_motor_demo/hook/ament_prefix_path.dsv'
[6.427s] INFO:colcon.colcon_core.shell:Creating environment hook '/home/maker/bm_ws/install/serial_motor_demo/share/serial_motor_demo/hook/ament_prefix_path.sh'
[6.431s] INFO:colcon.colcon_core.shell:Skip shell extension 'powershell' for command environment: Not usable outside of PowerShell
[6.432s] DEBUG:colcon.colcon_core.shell:Skip shell extension 'dsv' for command environment
[7.239s] INFO:colcon.colcon_core.task.python.build:Building Python package in '/home/maker/bm_ws/src/serial_motor_demo/serial_motor_demo'
[7.239s] INFO:colcon.colcon_core.shell:Skip shell extension 'powershell' for command environment: Not usable outside of PowerShell
[7.240s] DEBUG:colcon.colcon_core.shell:Skip shell extension 'dsv' for command environment
[11.701s] DEBUG:colcon.colcon_core.event_handler.log_command:Invoking command in '/home/maker/bm_ws/build/serial_motor_demo': AMENT_PREFIX_PATH=/home/maker/bm_ws/install/serial_motor_demo_msgs:${AMENT_PREFIX_PATH} CMAKE_PREFIX_PATH=/home/maker/bm_ws/install/serial_motor_demo_msgs LD_LIBRARY_PATH=/home/maker/bm_ws/install/serial_motor_demo_msgs/lib:${LD_LIBRARY_PATH} PYTHONPATH=/home/maker/bm_ws/build/serial_motor_demo/prefix_override:/usr/lib/python3/dist-packages/colcon_core/task/python/colcon_distutils_commands:/home/maker/bm_ws/install/serial_motor_demo/lib/python3.10/site-packages:/home/maker/bm_ws/install/serial_motor_demo_msgs/local/lib/python3.10/dist-packages:${PYTHONPATH} /usr/bin/python3 -W ignore:setup.py install is deprecated -W ignore:easy_install command is deprecated setup.py develop --editable --build-directory /home/maker/bm_ws/build/serial_motor_demo/build --no-deps symlink_data
[14.648s] Level 1:colcon.colcon_core.shell:create_environment_hook('serial_motor_demo', 'pythonpath_develop')
[14.648s] INFO:colcon.colcon_core.shell:Creating environment hook '/home/maker/bm_ws/build/serial_motor_demo/share/serial_motor_demo/hook/pythonpath_develop.ps1'
[14.650s] DEBUG:colcon.colcon_core.event_handler.log_command:Invoked command in '/home/maker/bm_ws/build/serial_motor_demo' returned '0': AMENT_PREFIX_PATH=/home/maker/bm_ws/install/serial_motor_demo_msgs:${AMENT_PREFIX_PATH} CMAKE_PREFIX_PATH=/home/maker/bm_ws/install/serial_motor_demo_msgs LD_LIBRARY_PATH=/home/maker/bm_ws/install/serial_motor_demo_msgs/lib:${LD_LIBRARY_PATH} PYTHONPATH=/home/maker/bm_ws/build/serial_motor_demo/prefix_override:/usr/lib/python3/dist-packages/colcon_core/task/python/colcon_distutils_commands:/home/maker/bm_ws/install/serial_motor_demo/lib/python3.10/site-packages:/home/maker/bm_ws/install/serial_motor_demo_msgs/local/lib/python3.10/dist-packages:${PYTHONPATH} /usr/bin/python3 -W ignore:setup.py install is deprecated -W ignore:easy_install command is deprecated setup.py develop --editable --build-directory /home/maker/bm_ws/build/serial_motor_demo/build --no-deps symlink_data
[14.651s] INFO:colcon.colcon_core.shell:Creating environment descriptor '/home/maker/bm_ws/build/serial_motor_demo/share/serial_motor_demo/hook/pythonpath_develop.dsv'
[14.653s] INFO:colcon.colcon_core.shell:Creating environment hook '/home/maker/bm_ws/build/serial_motor_demo/share/serial_motor_demo/hook/pythonpath_develop.sh'
[14.657s] Level 1:colcon.colcon_core.environment:checking '/home/maker/bm_ws/install/serial_motor_demo' for CMake module files
[14.660s] Level 1:colcon.colcon_core.environment:checking '/home/maker/bm_ws/install/serial_motor_demo' for CMake config files
[14.667s] Level 1:colcon.colcon_core.environment:checking '/home/maker/bm_ws/install/serial_motor_demo/lib'
[14.668s] Level 1:colcon.colcon_core.environment:checking '/home/maker/bm_ws/install/serial_motor_demo/bin'
[14.668s] Level 1:colcon.colcon_core.environment:checking '/home/maker/bm_ws/install/serial_motor_demo/lib/pkgconfig/serial_motor_demo.pc'
[14.669s] Level 1:colcon.colcon_core.environment:checking '/home/maker/bm_ws/install/serial_motor_demo/lib/python3.10/site-packages'
[14.669s] Level 1:colcon.colcon_core.shell:create_environment_hook('serial_motor_demo', 'pythonpath')
[14.669s] INFO:colcon.colcon_core.shell:Creating environment hook '/home/maker/bm_ws/install/serial_motor_demo/share/serial_motor_demo/hook/pythonpath.ps1'
[14.671s] INFO:colcon.colcon_core.shell:Creating environment descriptor '/home/maker/bm_ws/install/serial_motor_demo/share/serial_motor_demo/hook/pythonpath.dsv'
[14.673s] INFO:colcon.colcon_core.shell:Creating environment hook '/home/maker/bm_ws/install/serial_motor_demo/share/serial_motor_demo/hook/pythonpath.sh'
[14.675s] Level 1:colcon.colcon_core.environment:checking '/home/maker/bm_ws/install/serial_motor_demo/bin'
[14.675s] Level 1:colcon.colcon_core.environment:create_environment_scripts_only(serial_motor_demo)
[14.677s] INFO:colcon.colcon_core.shell:Creating package script '/home/maker/bm_ws/install/serial_motor_demo/share/serial_motor_demo/package.ps1'
[14.679s] INFO:colcon.colcon_core.shell:Creating package descriptor '/home/maker/bm_ws/install/serial_motor_demo/share/serial_motor_demo/package.dsv'
[14.682s] INFO:colcon.colcon_core.shell:Creating package script '/home/maker/bm_ws/install/serial_motor_demo/share/serial_motor_demo/package.sh'
[14.684s] INFO:colcon.colcon_core.shell:Creating package script '/home/maker/bm_ws/install/serial_motor_demo/share/serial_motor_demo/package.bash'
[14.685s] INFO:colcon.colcon_core.shell:Creating package script '/home/maker/bm_ws/install/serial_motor_demo/share/serial_motor_demo/package.zsh'
[14.687s] Level 1:colcon.colcon_core.environment:create_file_with_runtime_dependencies(/home/maker/bm_ws/install/serial_motor_demo/share/colcon-core/packages/serial_motor_demo)
[14.689s] DEBUG:colcon.colcon_parallel_executor.executor.parallel:closing loop
[14.690s] DEBUG:colcon.colcon_parallel_executor.executor.parallel:loop closed
[14.690s] DEBUG:colcon.colcon_parallel_executor.executor.parallel:run_until_complete finished with '0'
[14.690s] DEBUG:colcon.colcon_core.event_reactor:joining thread
[14.747s] INFO:colcon.colcon_core.plugin_system:Skipping extension 'colcon_notification.desktop_notification.terminal_notifier': Not used on non-Darwin systems
[14.748s] INFO:colcon.colcon_core.plugin_system:Skipping extension 'colcon_notification.desktop_notification.win32': Not used on non-Windows systems
[14.748s] INFO:colcon.colcon_notification.desktop_notification:Sending desktop notification using 'notify2'
[15.350s] DEBUG:colcon.colcon_core.event_reactor:joined thread
[15.351s] INFO:colcon.colcon_core.shell:Creating prefix script '/home/maker/bm_ws/install/local_setup.ps1'
[15.360s] INFO:colcon.colcon_core.shell:Creating prefix util module '/home/maker/bm_ws/install/_local_setup_util_ps1.py'
[15.367s] INFO:colcon.colcon_core.shell:Creating prefix chain script '/home/maker/bm_ws/install/setup.ps1'
[15.372s] INFO:colcon.colcon_core.shell:Creating prefix script '/home/maker/bm_ws/install/local_setup.sh'
[15.375s] INFO:colcon.colcon_core.shell:Creating prefix util module '/home/maker/bm_ws/install/_local_setup_util_sh.py'
[15.379s] INFO:colcon.colcon_core.shell:Creating prefix chain script '/home/maker/bm_ws/install/setup.sh'
[15.386s] INFO:colcon.colcon_core.shell:Creating prefix script '/home/maker/bm_ws/install/local_setup.bash'
[15.390s] INFO:colcon.colcon_core.shell:Creating prefix chain script '/home/maker/bm_ws/install/setup.bash'
[15.395s] INFO:colcon.colcon_core.shell:Creating prefix script '/home/maker/bm_ws/install/local_setup.zsh'
[15.400s] INFO:colcon.colcon_core.shell:Creating prefix chain script '/home/maker/bm_ws/install/setup.zsh'
