[0.124s] Invoking command in '/home/maker/bm_ws/build/serial_motor_demo_msgs': CMAKE_PREFIX_PATH=${CMAKE_PREFIX_PATH}:/home/maker/bm_ws/install/serial_motor_demo:/opt/ros/humble /usr/bin/cmake --build /home/maker/bm_ws/build/serial_motor_demo_msgs -- -j2 -l2
[1.439s] [  2%] Built target serial_motor_demo_msgs__cpp
[2.126s] [ 12%] Built target serial_motor_demo_msgs__rosidl_generator_c
[2.543s] [ 12%] Built target ament_cmake_python_symlink_serial_motor_demo_msgs
[3.231s] [ 23%] Built target serial_motor_demo_msgs__rosidl_typesupport_cpp
[3.760s] [ 34%] Built target serial_motor_demo_msgs__rosidl_typesupport_fastrtps_c
[4.018s] [ 44%] Built target serial_motor_demo_msgs__rosidl_typesupport_introspection_c
[4.497s] [ 55%] Built target serial_motor_demo_msgs__rosidl_typesupport_c
[4.826s] [ 65%] Built target serial_motor_demo_msgs__rosidl_typesupport_fastrtps_cpp
[5.186s] [ 76%] Built target serial_motor_demo_msgs__rosidl_typesupport_introspection_cpp
[6.536s] running egg_info
[6.623s] writing serial_motor_demo_msgs.egg-info/PKG-INFO
[6.623s] writing dependency_links to serial_motor_demo_msgs.egg-info/dependency_links.txt
[6.629s] writing top-level names to serial_motor_demo_msgs.egg-info/top_level.txt
[6.852s] reading manifest file 'serial_motor_demo_msgs.egg-info/SOURCES.txt'
[6.854s] writing manifest file 'serial_motor_demo_msgs.egg-info/SOURCES.txt'
[7.020s] [ 76%] Built target ament_cmake_python_build_serial_motor_demo_msgs_egg
[7.200s] [ 76%] Built target serial_motor_demo_msgs
[7.381s] [ 78%] Built target serial_motor_demo_msgs__py
[7.643s] [ 87%] Built target serial_motor_demo_msgs__rosidl_generator_py
[7.838s] [ 91%] Built target serial_motor_demo_msgs__rosidl_typesupport_fastrtps_c__pyext
[8.060s] [ 95%] Built target serial_motor_demo_msgs__rosidl_typesupport_introspection_c__pyext
[8.260s] [100%] Built target serial_motor_demo_msgs__rosidl_typesupport_c__pyext
[8.329s] Invoked command in '/home/maker/bm_ws/build/serial_motor_demo_msgs' returned '0': CMAKE_PREFIX_PATH=${CMAKE_PREFIX_PATH}:/home/maker/bm_ws/install/serial_motor_demo:/opt/ros/humble /usr/bin/cmake --build /home/maker/bm_ws/build/serial_motor_demo_msgs -- -j2 -l2
[8.343s] Invoking command in '/home/maker/bm_ws/build/serial_motor_demo_msgs': CMAKE_PREFIX_PATH=${CMAKE_PREFIX_PATH}:/home/maker/bm_ws/install/serial_motor_demo:/opt/ros/humble /usr/bin/cmake --install /home/maker/bm_ws/build/serial_motor_demo_msgs
[8.385s] -- Install configuration: ""
[8.390s] -- Execute custom install script
[8.392s] -- Up-to-date symlink: /home/maker/bm_ws/install/serial_motor_demo_msgs/share/ament_index/resource_index/rosidl_interfaces/serial_motor_demo_msgs
[8.401s] -- Up-to-date symlink: /home/maker/bm_ws/install/serial_motor_demo_msgs/include/serial_motor_demo_msgs/serial_motor_demo_msgs/msg/detail/encoder_vals__functions.h
[8.404s] -- Up-to-date symlink: /home/maker/bm_ws/install/serial_motor_demo_msgs/include/serial_motor_demo_msgs/serial_motor_demo_msgs/msg/detail/encoder_vals__struct.h
[8.404s] -- Up-to-date symlink: /home/maker/bm_ws/install/serial_motor_demo_msgs/include/serial_motor_demo_msgs/serial_motor_demo_msgs/msg/detail/encoder_vals__type_support.h
[8.409s] -- Up-to-date symlink: /home/maker/bm_ws/install/serial_motor_demo_msgs/include/serial_motor_demo_msgs/serial_motor_demo_msgs/msg/detail/motor_command__functions.h
[8.413s] -- Up-to-date symlink: /home/maker/bm_ws/install/serial_motor_demo_msgs/include/serial_motor_demo_msgs/serial_motor_demo_msgs/msg/detail/motor_command__struct.h
[8.414s] -- Up-to-date symlink: /home/maker/bm_ws/install/serial_motor_demo_msgs/include/serial_motor_demo_msgs/serial_motor_demo_msgs/msg/detail/motor_command__type_support.h
[8.416s] -- Up-to-date symlink: /home/maker/bm_ws/install/serial_motor_demo_msgs/include/serial_motor_demo_msgs/serial_motor_demo_msgs/msg/detail/motor_vels__functions.h
[8.418s] -- Up-to-date symlink: /home/maker/bm_ws/install/serial_motor_demo_msgs/include/serial_motor_demo_msgs/serial_motor_demo_msgs/msg/detail/motor_vels__struct.h
[8.420s] -- Up-to-date symlink: /home/maker/bm_ws/install/serial_motor_demo_msgs/include/serial_motor_demo_msgs/serial_motor_demo_msgs/msg/detail/motor_vels__type_support.h
[8.423s] -- Up-to-date symlink: /home/maker/bm_ws/install/serial_motor_demo_msgs/include/serial_motor_demo_msgs/serial_motor_demo_msgs/msg/encoder_vals.h
[8.425s] -- Up-to-date symlink: /home/maker/bm_ws/install/serial_motor_demo_msgs/include/serial_motor_demo_msgs/serial_motor_demo_msgs/msg/motor_command.h
[8.444s] -- Up-to-date symlink: /home/maker/bm_ws/install/serial_motor_demo_msgs/include/serial_motor_demo_msgs/serial_motor_demo_msgs/msg/motor_vels.h
[8.462s] -- Up-to-date symlink: /home/maker/bm_ws/install/serial_motor_demo_msgs/include/serial_motor_demo_msgs/serial_motor_demo_msgs/msg/rosidl_generator_c__visibility_control.h
[8.473s] -- Up-to-date symlink: /home/maker/bm_ws/install/serial_motor_demo_msgs/share/serial_motor_demo_msgs/environment/library_path.sh
[8.475s] -- Up-to-date symlink: /home/maker/bm_ws/install/serial_motor_demo_msgs/share/serial_motor_demo_msgs/environment/library_path.dsv
[8.488s] -- Up-to-date symlink: /home/maker/bm_ws/install/serial_motor_demo_msgs/include/serial_motor_demo_msgs/serial_motor_demo_msgs/msg/detail/encoder_vals__rosidl_typesupport_fastrtps_c.h
[8.494s] -- Up-to-date symlink: /home/maker/bm_ws/install/serial_motor_demo_msgs/include/serial_motor_demo_msgs/serial_motor_demo_msgs/msg/detail/motor_command__rosidl_typesupport_fastrtps_c.h
[8.505s] -- Up-to-date symlink: /home/maker/bm_ws/install/serial_motor_demo_msgs/include/serial_motor_demo_msgs/serial_motor_demo_msgs/msg/detail/motor_vels__rosidl_typesupport_fastrtps_c.h
[8.509s] -- Up-to-date symlink: /home/maker/bm_ws/install/serial_motor_demo_msgs/include/serial_motor_demo_msgs/serial_motor_demo_msgs/msg/rosidl_typesupport_fastrtps_c__visibility_control.h
[8.510s] -- Up-to-date symlink: /home/maker/bm_ws/install/serial_motor_demo_msgs/include/serial_motor_demo_msgs/serial_motor_demo_msgs/msg/detail/encoder_vals__rosidl_typesupport_introspection_c.h
[8.516s] -- Up-to-date symlink: /home/maker/bm_ws/install/serial_motor_demo_msgs/include/serial_motor_demo_msgs/serial_motor_demo_msgs/msg/detail/motor_command__rosidl_typesupport_introspection_c.h
[8.519s] -- Up-to-date symlink: /home/maker/bm_ws/install/serial_motor_demo_msgs/include/serial_motor_demo_msgs/serial_motor_demo_msgs/msg/detail/motor_vels__rosidl_typesupport_introspection_c.h
[8.519s] -- Up-to-date symlink: /home/maker/bm_ws/install/serial_motor_demo_msgs/include/serial_motor_demo_msgs/serial_motor_demo_msgs/msg/rosidl_typesupport_introspection_c__visibility_control.h
[8.526s] -- Up-to-date symlink: /home/maker/bm_ws/install/serial_motor_demo_msgs/include/serial_motor_demo_msgs/serial_motor_demo_msgs/msg/detail/encoder_vals__builder.hpp
[8.526s] -- Up-to-date symlink: /home/maker/bm_ws/install/serial_motor_demo_msgs/include/serial_motor_demo_msgs/serial_motor_demo_msgs/msg/detail/encoder_vals__struct.hpp
[8.529s] -- Up-to-date symlink: /home/maker/bm_ws/install/serial_motor_demo_msgs/include/serial_motor_demo_msgs/serial_motor_demo_msgs/msg/detail/encoder_vals__traits.hpp
[8.529s] -- Up-to-date symlink: /home/maker/bm_ws/install/serial_motor_demo_msgs/include/serial_motor_demo_msgs/serial_motor_demo_msgs/msg/detail/encoder_vals__type_support.hpp
[8.532s] -- Up-to-date symlink: /home/maker/bm_ws/install/serial_motor_demo_msgs/include/serial_motor_demo_msgs/serial_motor_demo_msgs/msg/detail/motor_command__builder.hpp
[8.534s] -- Up-to-date symlink: /home/maker/bm_ws/install/serial_motor_demo_msgs/include/serial_motor_demo_msgs/serial_motor_demo_msgs/msg/detail/motor_command__struct.hpp
[8.536s] -- Up-to-date symlink: /home/maker/bm_ws/install/serial_motor_demo_msgs/include/serial_motor_demo_msgs/serial_motor_demo_msgs/msg/detail/motor_command__traits.hpp
[8.539s] -- Up-to-date symlink: /home/maker/bm_ws/install/serial_motor_demo_msgs/include/serial_motor_demo_msgs/serial_motor_demo_msgs/msg/detail/motor_command__type_support.hpp
[8.543s] -- Up-to-date symlink: /home/maker/bm_ws/install/serial_motor_demo_msgs/include/serial_motor_demo_msgs/serial_motor_demo_msgs/msg/detail/motor_vels__builder.hpp
[8.546s] -- Up-to-date symlink: /home/maker/bm_ws/install/serial_motor_demo_msgs/include/serial_motor_demo_msgs/serial_motor_demo_msgs/msg/detail/motor_vels__struct.hpp
[8.550s] -- Up-to-date symlink: /home/maker/bm_ws/install/serial_motor_demo_msgs/include/serial_motor_demo_msgs/serial_motor_demo_msgs/msg/detail/motor_vels__traits.hpp
[8.554s] -- Up-to-date symlink: /home/maker/bm_ws/install/serial_motor_demo_msgs/include/serial_motor_demo_msgs/serial_motor_demo_msgs/msg/detail/motor_vels__type_support.hpp
[8.561s] -- Up-to-date symlink: /home/maker/bm_ws/install/serial_motor_demo_msgs/include/serial_motor_demo_msgs/serial_motor_demo_msgs/msg/encoder_vals.hpp
[8.565s] -- Up-to-date symlink: /home/maker/bm_ws/install/serial_motor_demo_msgs/include/serial_motor_demo_msgs/serial_motor_demo_msgs/msg/motor_command.hpp
[8.566s] -- Up-to-date symlink: /home/maker/bm_ws/install/serial_motor_demo_msgs/include/serial_motor_demo_msgs/serial_motor_demo_msgs/msg/motor_vels.hpp
[8.569s] -- Up-to-date symlink: /home/maker/bm_ws/install/serial_motor_demo_msgs/include/serial_motor_demo_msgs/serial_motor_demo_msgs/msg/rosidl_generator_cpp__visibility_control.hpp
[8.571s] -- Up-to-date symlink: /home/maker/bm_ws/install/serial_motor_demo_msgs/include/serial_motor_demo_msgs/serial_motor_demo_msgs/msg/detail/encoder_vals__rosidl_typesupport_fastrtps_cpp.hpp
[8.573s] -- Up-to-date symlink: /home/maker/bm_ws/install/serial_motor_demo_msgs/include/serial_motor_demo_msgs/serial_motor_demo_msgs/msg/detail/motor_command__rosidl_typesupport_fastrtps_cpp.hpp
[8.577s] -- Up-to-date symlink: /home/maker/bm_ws/install/serial_motor_demo_msgs/include/serial_motor_demo_msgs/serial_motor_demo_msgs/msg/detail/motor_vels__rosidl_typesupport_fastrtps_cpp.hpp
[8.579s] -- Up-to-date symlink: /home/maker/bm_ws/install/serial_motor_demo_msgs/include/serial_motor_demo_msgs/serial_motor_demo_msgs/msg/rosidl_typesupport_fastrtps_cpp__visibility_control.h
[8.583s] -- Up-to-date symlink: /home/maker/bm_ws/install/serial_motor_demo_msgs/include/serial_motor_demo_msgs/serial_motor_demo_msgs/msg/detail/encoder_vals__rosidl_typesupport_introspection_cpp.hpp
[8.586s] -- Up-to-date symlink: /home/maker/bm_ws/install/serial_motor_demo_msgs/include/serial_motor_demo_msgs/serial_motor_demo_msgs/msg/detail/motor_command__rosidl_typesupport_introspection_cpp.hpp
[8.588s] -- Up-to-date symlink: /home/maker/bm_ws/install/serial_motor_demo_msgs/include/serial_motor_demo_msgs/serial_motor_demo_msgs/msg/detail/motor_vels__rosidl_typesupport_introspection_cpp.hpp
[8.590s] -- Up-to-date symlink: /home/maker/bm_ws/install/serial_motor_demo_msgs/share/serial_motor_demo_msgs/environment/pythonpath.sh
[8.591s] -- Up-to-date symlink: /home/maker/bm_ws/install/serial_motor_demo_msgs/share/serial_motor_demo_msgs/environment/pythonpath.dsv
[8.595s] -- Up-to-date symlink: /home/maker/bm_ws/install/serial_motor_demo_msgs/local/lib/python3.10/dist-packages/serial_motor_demo_msgs-0.0.0-py3.10.egg-info/PKG-INFO
[8.596s] -- Up-to-date symlink: /home/maker/bm_ws/install/serial_motor_demo_msgs/local/lib/python3.10/dist-packages/serial_motor_demo_msgs-0.0.0-py3.10.egg-info/SOURCES.txt
[8.597s] -- Up-to-date symlink: /home/maker/bm_ws/install/serial_motor_demo_msgs/local/lib/python3.10/dist-packages/serial_motor_demo_msgs-0.0.0-py3.10.egg-info/dependency_links.txt
[8.600s] -- Up-to-date symlink: /home/maker/bm_ws/install/serial_motor_demo_msgs/local/lib/python3.10/dist-packages/serial_motor_demo_msgs-0.0.0-py3.10.egg-info/top_level.txt
[8.605s] -- Up-to-date symlink: /home/maker/bm_ws/install/serial_motor_demo_msgs/local/lib/python3.10/dist-packages/serial_motor_demo_msgs/__init__.py
[8.608s] -- Up-to-date symlink: /home/maker/bm_ws/install/serial_motor_demo_msgs/local/lib/python3.10/dist-packages/serial_motor_demo_msgs/_serial_motor_demo_msgs_s.ep.rosidl_typesupport_c.c
[8.610s] -- Up-to-date symlink: /home/maker/bm_ws/install/serial_motor_demo_msgs/local/lib/python3.10/dist-packages/serial_motor_demo_msgs/_serial_motor_demo_msgs_s.ep.rosidl_typesupport_fastrtps_c.c
[8.612s] -- Up-to-date symlink: /home/maker/bm_ws/install/serial_motor_demo_msgs/local/lib/python3.10/dist-packages/serial_motor_demo_msgs/_serial_motor_demo_msgs_s.ep.rosidl_typesupport_introspection_c.c
[8.615s] -- Up-to-date symlink: /home/maker/bm_ws/install/serial_motor_demo_msgs/local/lib/python3.10/dist-packages/serial_motor_demo_msgs/libserial_motor_demo_msgs__rosidl_generator_py.so
[8.617s] -- Up-to-date symlink: /home/maker/bm_ws/install/serial_motor_demo_msgs/local/lib/python3.10/dist-packages/serial_motor_demo_msgs/msg/__init__.py
[8.620s] -- Up-to-date symlink: /home/maker/bm_ws/install/serial_motor_demo_msgs/local/lib/python3.10/dist-packages/serial_motor_demo_msgs/msg/_encoder_vals.py
[8.622s] -- Up-to-date symlink: /home/maker/bm_ws/install/serial_motor_demo_msgs/local/lib/python3.10/dist-packages/serial_motor_demo_msgs/msg/_encoder_vals_s.c
[8.623s] -- Up-to-date symlink: /home/maker/bm_ws/install/serial_motor_demo_msgs/local/lib/python3.10/dist-packages/serial_motor_demo_msgs/msg/_motor_command.py
[8.626s] -- Up-to-date symlink: /home/maker/bm_ws/install/serial_motor_demo_msgs/local/lib/python3.10/dist-packages/serial_motor_demo_msgs/msg/_motor_command_s.c
[8.628s] -- Up-to-date symlink: /home/maker/bm_ws/install/serial_motor_demo_msgs/local/lib/python3.10/dist-packages/serial_motor_demo_msgs/msg/_motor_vels.py
[8.630s] -- Up-to-date symlink: /home/maker/bm_ws/install/serial_motor_demo_msgs/local/lib/python3.10/dist-packages/serial_motor_demo_msgs/msg/_motor_vels_s.c
[8.632s] -- Up-to-date symlink: /home/maker/bm_ws/install/serial_motor_demo_msgs/local/lib/python3.10/dist-packages/serial_motor_demo_msgs/serial_motor_demo_msgs_s__rosidl_typesupport_c.cpython-310-x86_64-linux-gnu.so
[8.634s] -- Up-to-date symlink: /home/maker/bm_ws/install/serial_motor_demo_msgs/local/lib/python3.10/dist-packages/serial_motor_demo_msgs/serial_motor_demo_msgs_s__rosidl_typesupport_fastrtps_c.cpython-310-x86_64-linux-gnu.so
[8.637s] -- Up-to-date symlink: /home/maker/bm_ws/install/serial_motor_demo_msgs/local/lib/python3.10/dist-packages/serial_motor_demo_msgs/serial_motor_demo_msgs_s__rosidl_typesupport_introspection_c.cpython-310-x86_64-linux-gnu.so
[8.643s] -- Up-to-date symlink: /home/maker/bm_ws/install/serial_motor_demo_msgs/local/lib/python3.10/dist-packages/serial_motor_demo_msgs/serial_motor_demo_msgs_s__rosidl_typesupport_fastrtps_c.cpython-310-x86_64-linux-gnu.so
[8.650s] -- Up-to-date symlink: /home/maker/bm_ws/install/serial_motor_demo_msgs/local/lib/python3.10/dist-packages/serial_motor_demo_msgs/serial_motor_demo_msgs_s__rosidl_typesupport_introspection_c.cpython-310-x86_64-linux-gnu.so
[8.658s] -- Up-to-date symlink: /home/maker/bm_ws/install/serial_motor_demo_msgs/local/lib/python3.10/dist-packages/serial_motor_demo_msgs/serial_motor_demo_msgs_s__rosidl_typesupport_c.cpython-310-x86_64-linux-gnu.so
[8.660s] -- Up-to-date symlink: /home/maker/bm_ws/install/serial_motor_demo_msgs/share/serial_motor_demo_msgs/msg/MotorCommand.idl
[8.665s] -- Up-to-date symlink: /home/maker/bm_ws/install/serial_motor_demo_msgs/share/serial_motor_demo_msgs/msg/MotorVels.idl
[8.667s] -- Up-to-date symlink: /home/maker/bm_ws/install/serial_motor_demo_msgs/share/serial_motor_demo_msgs/msg/EncoderVals.idl
[8.670s] -- Up-to-date symlink: /home/maker/bm_ws/install/serial_motor_demo_msgs/share/serial_motor_demo_msgs/msg/MotorCommand.msg
[8.674s] -- Up-to-date symlink: /home/maker/bm_ws/install/serial_motor_demo_msgs/share/serial_motor_demo_msgs/msg/MotorVels.msg
[8.676s] -- Up-to-date symlink: /home/maker/bm_ws/install/serial_motor_demo_msgs/share/serial_motor_demo_msgs/msg/EncoderVals.msg
[8.678s] -- Up-to-date symlink: /home/maker/bm_ws/install/serial_motor_demo_msgs/share/ament_index/resource_index/package_run_dependencies/serial_motor_demo_msgs
[8.682s] -- Up-to-date symlink: /home/maker/bm_ws/install/serial_motor_demo_msgs/share/ament_index/resource_index/parent_prefix_path/serial_motor_demo_msgs
[8.685s] -- Up-to-date symlink: /home/maker/bm_ws/install/serial_motor_demo_msgs/share/serial_motor_demo_msgs/environment/ament_prefix_path.sh
[8.686s] -- Up-to-date symlink: /home/maker/bm_ws/install/serial_motor_demo_msgs/share/serial_motor_demo_msgs/environment/ament_prefix_path.dsv
[8.688s] -- Up-to-date symlink: /home/maker/bm_ws/install/serial_motor_demo_msgs/share/serial_motor_demo_msgs/environment/path.sh
[8.690s] -- Up-to-date symlink: /home/maker/bm_ws/install/serial_motor_demo_msgs/share/serial_motor_demo_msgs/environment/path.dsv
[8.691s] -- Up-to-date symlink: /home/maker/bm_ws/install/serial_motor_demo_msgs/share/serial_motor_demo_msgs/local_setup.bash
[8.695s] -- Up-to-date symlink: /home/maker/bm_ws/install/serial_motor_demo_msgs/share/serial_motor_demo_msgs/local_setup.sh
[8.696s] -- Up-to-date symlink: /home/maker/bm_ws/install/serial_motor_demo_msgs/share/serial_motor_demo_msgs/local_setup.zsh
[8.698s] -- Up-to-date symlink: /home/maker/bm_ws/install/serial_motor_demo_msgs/share/serial_motor_demo_msgs/local_setup.dsv
[8.700s] -- Symlinking: /home/maker/bm_ws/install/serial_motor_demo_msgs/share/serial_motor_demo_msgs/package.dsv
[8.740s] -- Up-to-date symlink: /home/maker/bm_ws/install/serial_motor_demo_msgs/share/ament_index/resource_index/packages/serial_motor_demo_msgs
[8.749s] -- Up-to-date symlink: /home/maker/bm_ws/install/serial_motor_demo_msgs/share/serial_motor_demo_msgs/cmake/rosidl_cmake-extras.cmake
[8.753s] -- Up-to-date symlink: /home/maker/bm_ws/install/serial_motor_demo_msgs/share/serial_motor_demo_msgs/cmake/ament_cmake_export_include_directories-extras.cmake
[8.755s] -- Up-to-date symlink: /home/maker/bm_ws/install/serial_motor_demo_msgs/share/serial_motor_demo_msgs/cmake/ament_cmake_export_libraries-extras.cmake
[8.767s] -- Up-to-date symlink: /home/maker/bm_ws/install/serial_motor_demo_msgs/share/serial_motor_demo_msgs/cmake/ament_cmake_export_targets-extras.cmake
[8.768s] -- Up-to-date symlink: /home/maker/bm_ws/install/serial_motor_demo_msgs/share/serial_motor_demo_msgs/cmake/rosidl_cmake_export_typesupport_targets-extras.cmake
[8.770s] -- Up-to-date symlink: /home/maker/bm_ws/install/serial_motor_demo_msgs/share/serial_motor_demo_msgs/cmake/ament_cmake_export_dependencies-extras.cmake
[8.773s] -- Up-to-date symlink: /home/maker/bm_ws/install/serial_motor_demo_msgs/share/serial_motor_demo_msgs/cmake/rosidl_cmake_export_typesupport_libraries-extras.cmake
[8.775s] -- Up-to-date symlink: /home/maker/bm_ws/install/serial_motor_demo_msgs/share/serial_motor_demo_msgs/cmake/serial_motor_demo_msgsConfig.cmake
[8.777s] -- Up-to-date symlink: /home/maker/bm_ws/install/serial_motor_demo_msgs/share/serial_motor_demo_msgs/cmake/serial_motor_demo_msgsConfig-version.cmake
[8.778s] -- Up-to-date symlink: /home/maker/bm_ws/install/serial_motor_demo_msgs/share/serial_motor_demo_msgs/package.xml
[8.785s] -- Up-to-date: /home/maker/bm_ws/install/serial_motor_demo_msgs/lib/libserial_motor_demo_msgs__rosidl_generator_c.so
[8.791s] -- Up-to-date: /home/maker/bm_ws/install/serial_motor_demo_msgs/lib/libserial_motor_demo_msgs__rosidl_typesupport_fastrtps_c.so
[8.793s] -- Up-to-date: /home/maker/bm_ws/install/serial_motor_demo_msgs/lib/libserial_motor_demo_msgs__rosidl_typesupport_introspection_c.so
[8.797s] -- Up-to-date: /home/maker/bm_ws/install/serial_motor_demo_msgs/lib/libserial_motor_demo_msgs__rosidl_typesupport_c.so
[8.804s] -- Up-to-date: /home/maker/bm_ws/install/serial_motor_demo_msgs/lib/libserial_motor_demo_msgs__rosidl_typesupport_fastrtps_cpp.so
[8.812s] -- Up-to-date: /home/maker/bm_ws/install/serial_motor_demo_msgs/lib/libserial_motor_demo_msgs__rosidl_typesupport_introspection_cpp.so
[8.820s] -- Up-to-date: /home/maker/bm_ws/install/serial_motor_demo_msgs/lib/libserial_motor_demo_msgs__rosidl_typesupport_cpp.so
[9.074s] Listing '/home/maker/bm_ws/install/serial_motor_demo_msgs/local/lib/python3.10/dist-packages/serial_motor_demo_msgs'...
[9.075s] Listing '/home/maker/bm_ws/install/serial_motor_demo_msgs/local/lib/python3.10/dist-packages/serial_motor_demo_msgs/msg'...
[9.110s] -- Up-to-date: /home/maker/bm_ws/install/serial_motor_demo_msgs/lib/libserial_motor_demo_msgs__rosidl_generator_py.so
[9.125s] -- Up-to-date: /home/maker/bm_ws/install/serial_motor_demo_msgs/share/serial_motor_demo_msgs/cmake/export_serial_motor_demo_msgs__rosidl_generator_cExport.cmake
[9.125s] -- Up-to-date: /home/maker/bm_ws/install/serial_motor_demo_msgs/share/serial_motor_demo_msgs/cmake/export_serial_motor_demo_msgs__rosidl_generator_cExport-noconfig.cmake
[9.127s] -- Up-to-date: /home/maker/bm_ws/install/serial_motor_demo_msgs/share/serial_motor_demo_msgs/cmake/export_serial_motor_demo_msgs__rosidl_typesupport_fastrtps_cExport.cmake
[9.129s] -- Up-to-date: /home/maker/bm_ws/install/serial_motor_demo_msgs/share/serial_motor_demo_msgs/cmake/export_serial_motor_demo_msgs__rosidl_typesupport_fastrtps_cExport-noconfig.cmake
[9.132s] -- Up-to-date: /home/maker/bm_ws/install/serial_motor_demo_msgs/share/serial_motor_demo_msgs/cmake/serial_motor_demo_msgs__rosidl_typesupport_introspection_cExport.cmake
[9.133s] -- Up-to-date: /home/maker/bm_ws/install/serial_motor_demo_msgs/share/serial_motor_demo_msgs/cmake/serial_motor_demo_msgs__rosidl_typesupport_introspection_cExport-noconfig.cmake
[9.137s] -- Up-to-date: /home/maker/bm_ws/install/serial_motor_demo_msgs/share/serial_motor_demo_msgs/cmake/serial_motor_demo_msgs__rosidl_typesupport_cExport.cmake
[9.140s] -- Up-to-date: /home/maker/bm_ws/install/serial_motor_demo_msgs/share/serial_motor_demo_msgs/cmake/serial_motor_demo_msgs__rosidl_typesupport_cExport-noconfig.cmake
[9.143s] -- Up-to-date: /home/maker/bm_ws/install/serial_motor_demo_msgs/share/serial_motor_demo_msgs/cmake/export_serial_motor_demo_msgs__rosidl_generator_cppExport.cmake
[9.146s] -- Up-to-date: /home/maker/bm_ws/install/serial_motor_demo_msgs/share/serial_motor_demo_msgs/cmake/export_serial_motor_demo_msgs__rosidl_typesupport_fastrtps_cppExport.cmake
[9.148s] -- Up-to-date: /home/maker/bm_ws/install/serial_motor_demo_msgs/share/serial_motor_demo_msgs/cmake/export_serial_motor_demo_msgs__rosidl_typesupport_fastrtps_cppExport-noconfig.cmake
[9.169s] -- Up-to-date: /home/maker/bm_ws/install/serial_motor_demo_msgs/share/serial_motor_demo_msgs/cmake/serial_motor_demo_msgs__rosidl_typesupport_introspection_cppExport.cmake
[9.170s] -- Up-to-date: /home/maker/bm_ws/install/serial_motor_demo_msgs/share/serial_motor_demo_msgs/cmake/serial_motor_demo_msgs__rosidl_typesupport_introspection_cppExport-noconfig.cmake
[9.185s] -- Up-to-date: /home/maker/bm_ws/install/serial_motor_demo_msgs/share/serial_motor_demo_msgs/cmake/serial_motor_demo_msgs__rosidl_typesupport_cppExport.cmake
[9.186s] -- Up-to-date: /home/maker/bm_ws/install/serial_motor_demo_msgs/share/serial_motor_demo_msgs/cmake/serial_motor_demo_msgs__rosidl_typesupport_cppExport-noconfig.cmake
[9.200s] -- Up-to-date: /home/maker/bm_ws/install/serial_motor_demo_msgs/share/serial_motor_demo_msgs/cmake/export_serial_motor_demo_msgs__rosidl_generator_pyExport.cmake
[9.203s] -- Up-to-date: /home/maker/bm_ws/install/serial_motor_demo_msgs/share/serial_motor_demo_msgs/cmake/export_serial_motor_demo_msgs__rosidl_generator_pyExport-noconfig.cmake
[9.225s] Invoked command in '/home/maker/bm_ws/build/serial_motor_demo_msgs' returned '0': CMAKE_PREFIX_PATH=${CMAKE_PREFIX_PATH}:/home/maker/bm_ws/install/serial_motor_demo:/opt/ros/humble /usr/bin/cmake --install /home/maker/bm_ws/build/serial_motor_demo_msgs
