[3.953s] Invoking command in '/home/maker/bm_ws/build/serial_motor_demo': AMENT_PREFIX_PATH=/home/maker/bm_ws/install/serial_motor_demo_msgs:${AMENT_PREFIX_PATH} CMAKE_PREFIX_PATH=/home/maker/bm_ws/install/serial_motor_demo_msgs LD_LIBRARY_PATH=/home/maker/bm_ws/install/serial_motor_demo_msgs/lib:${LD_LIBRARY_PATH} PYTHONPATH=/home/maker/bm_ws/build/serial_motor_demo/prefix_override:/usr/lib/python3/dist-packages/colcon_core/task/python/colcon_distutils_commands:/home/maker/bm_ws/install/serial_motor_demo/lib/python3.10/site-packages:/home/maker/bm_ws/install/serial_motor_demo_msgs/local/lib/python3.10/dist-packages:${PYTHONPATH} /usr/bin/python3 -W ignore:setup.py install is deprecated -W ignore:easy_install command is deprecated setup.py develop --editable --build-directory /home/maker/bm_ws/build/serial_motor_demo/build --no-deps symlink_data
[4.342s] /home/maker/.local/lib/python3.10/site-packages/setuptools/dist.py:599: SetuptoolsDeprecationWarning: Invalid dash-separated key 'script-dir' in 'develop' (setup.cfg), please use the underscore name 'script_dir' instead.
[4.343s] !!
[4.343s] 
[4.343s]         ********************************************************************************
[4.344s]         Usage of dash-separated 'script-dir' will not be supported in future
[4.344s]         versions. Please use the underscore name 'script_dir' instead.
[4.344s] 
[4.344s]         By 2026-Mar-03, you need to update your project and remove deprecated calls
[4.345s]         or your builds will no longer be supported.
[4.345s] 
[4.345s]         See https://setuptools.pypa.io/en/latest/userguide/declarative_config.html for details.
[4.346s]         ********************************************************************************
[4.346s] 
[4.346s] !!
[4.346s]   opt = self._enforce_underscore(opt, section)
[4.394s] /home/maker/.local/lib/python3.10/site-packages/setuptools/_distutils/dist.py:289: UserWarning: Unknown distribution option: 'tests_require'
[4.395s]   warnings.warn(msg)
[4.482s] /home/maker/.local/lib/python3.10/site-packages/setuptools/dist.py:599: SetuptoolsDeprecationWarning: Invalid dash-separated key 'script-dir' in 'develop' (setup.cfg), please use the underscore name 'script_dir' instead.
[4.484s] !!
[4.484s] 
[4.484s]         ********************************************************************************
[4.484s]         Usage of dash-separated 'script-dir' will not be supported in future
[4.484s]         versions. Please use the underscore name 'script_dir' instead.
[4.484s]         (Affected: serial_motor_demo).
[4.484s] 
[4.485s]         By 2026-Mar-03, you need to update your project and remove deprecated calls
[4.485s]         or your builds will no longer be supported.
[4.485s] 
[4.485s]         See https://setuptools.pypa.io/en/latest/userguide/declarative_config.html for details.
[4.485s]         ********************************************************************************
[4.485s] 
[4.486s] !!
[4.486s]   opt = self._enforce_underscore(opt, section)
[4.929s] running develop
[5.579s] running egg_info
[5.628s] writing serial_motor_demo.egg-info/PKG-INFO
[5.636s] writing dependency_links to serial_motor_demo.egg-info/dependency_links.txt
[5.637s] writing entry points to serial_motor_demo.egg-info/entry_points.txt
[5.638s] writing requirements to serial_motor_demo.egg-info/requires.txt
[5.639s] writing top-level names to serial_motor_demo.egg-info/top_level.txt
[5.737s] reading manifest file 'serial_motor_demo.egg-info/SOURCES.txt'
[5.741s] writing manifest file 'serial_motor_demo.egg-info/SOURCES.txt'
[5.787s] running build_ext
[5.787s] Creating /home/maker/bm_ws/install/serial_motor_demo/lib/python3.10/site-packages/serial-motor-demo.egg-link (link to .)
[5.790s] Installing driver script to /home/maker/bm_ws/install/serial_motor_demo/lib/serial_motor_demo
[5.790s] Installing gui script to /home/maker/bm_ws/install/serial_motor_demo/lib/serial_motor_demo
[5.792s] 
[5.792s] Installed /home/maker/bm_ws/build/serial_motor_demo
[5.796s] running symlink_data
[5.885s] Invoked command in '/home/maker/bm_ws/build/serial_motor_demo' returned '0': AMENT_PREFIX_PATH=/home/maker/bm_ws/install/serial_motor_demo_msgs:${AMENT_PREFIX_PATH} CMAKE_PREFIX_PATH=/home/maker/bm_ws/install/serial_motor_demo_msgs LD_LIBRARY_PATH=/home/maker/bm_ws/install/serial_motor_demo_msgs/lib:${LD_LIBRARY_PATH} PYTHONPATH=/home/maker/bm_ws/build/serial_motor_demo/prefix_override:/usr/lib/python3/dist-packages/colcon_core/task/python/colcon_distutils_commands:/home/maker/bm_ws/install/serial_motor_demo/lib/python3.10/site-packages:/home/maker/bm_ws/install/serial_motor_demo_msgs/local/lib/python3.10/dist-packages:${PYTHONPATH} /usr/bin/python3 -W ignore:setup.py install is deprecated -W ignore:easy_install command is deprecated setup.py develop --editable --build-directory /home/maker/bm_ws/build/serial_motor_demo/build --no-deps symlink_data
