[14.917s] Invoking command in '/home/maker/bm_ws/build/serial_motor_demo': AMENT_PREFIX_PATH=/home/maker/bm_ws/install/serial_motor_demo_msgs:${AMENT_PREFIX_PATH} CMAKE_PREFIX_PATH=/home/maker/bm_ws/install/serial_motor_demo_msgs LD_LIBRARY_PATH=/home/maker/bm_ws/install/serial_motor_demo_msgs/lib:${LD_LIBRARY_PATH} PYTHONPATH=/home/maker/bm_ws/build/serial_motor_demo/prefix_override:/usr/lib/python3/dist-packages/colcon_core/task/python/colcon_distutils_commands:/home/maker/bm_ws/install/serial_motor_demo/lib/python3.10/site-packages:/home/maker/bm_ws/install/serial_motor_demo_msgs/local/lib/python3.10/dist-packages:${PYTHONPATH} /usr/bin/python3 -W ignore:setup.py install is deprecated -W ignore:easy_install command is deprecated setup.py develop --editable --build-directory /home/maker/bm_ws/build/serial_motor_demo/build --no-deps symlink_data
[16.618s] /home/maker/.local/lib/python3.10/site-packages/setuptools/dist.py:599: SetuptoolsDeprecationWarning: Invalid dash-separated key 'script-dir' in 'develop' (setup.cfg), please use the underscore name 'script_dir' instead.
[16.621s] !!
[16.622s] 
[16.622s]         ********************************************************************************
[16.623s]         Usage of dash-separated 'script-dir' will not be supported in future
[16.623s]         versions. Please use the underscore name 'script_dir' instead.
[16.624s] 
[16.625s]         By 2026-Mar-03, you need to update your project and remove deprecated calls
[16.626s]         or your builds will no longer be supported.
[16.626s] 
[16.627s]         See https://setuptools.pypa.io/en/latest/userguide/declarative_config.html for details.
[16.627s]         ********************************************************************************
[16.628s] 
[16.628s] !!
[16.629s]   opt = self._enforce_underscore(opt, section)
[16.779s] /home/maker/.local/lib/python3.10/site-packages/setuptools/_distutils/dist.py:289: UserWarning: Unknown distribution option: 'tests_require'
[16.782s]   warnings.warn(msg)
[17.165s] /home/maker/.local/lib/python3.10/site-packages/setuptools/dist.py:599: SetuptoolsDeprecationWarning: Invalid dash-separated key 'script-dir' in 'develop' (setup.cfg), please use the underscore name 'script_dir' instead.
[17.171s] !!
[17.172s] 
[17.183s]         ********************************************************************************
[17.184s]         Usage of dash-separated 'script-dir' will not be supported in future
[17.189s]         versions. Please use the underscore name 'script_dir' instead.
[17.197s]         (Affected: serial_motor_demo).
[17.199s] 
[17.200s]         By 2026-Mar-03, you need to update your project and remove deprecated calls
[17.201s]         or your builds will no longer be supported.
[17.202s] 
[17.203s]         See https://setuptools.pypa.io/en/latest/userguide/declarative_config.html for details.
[17.209s]         ********************************************************************************
[17.212s] 
[17.214s] !!
[17.217s]   opt = self._enforce_underscore(opt, section)
[19.130s] running develop
[21.475s] running egg_info
[21.671s] writing serial_motor_demo.egg-info/PKG-INFO
[21.676s] writing dependency_links to serial_motor_demo.egg-info/dependency_links.txt
[21.678s] writing entry points to serial_motor_demo.egg-info/entry_points.txt
[21.683s] writing requirements to serial_motor_demo.egg-info/requires.txt
[21.687s] writing top-level names to serial_motor_demo.egg-info/top_level.txt
[21.997s] reading manifest file 'serial_motor_demo.egg-info/SOURCES.txt'
[22.021s] writing manifest file 'serial_motor_demo.egg-info/SOURCES.txt'
[22.289s] running build_ext
[22.292s] Creating /home/maker/bm_ws/install/serial_motor_demo/lib/python3.10/site-packages/serial-motor-demo.egg-link (link to .)
[22.300s] Installing driver script to /home/maker/bm_ws/install/serial_motor_demo/lib/serial_motor_demo
[22.301s] Installing gui script to /home/maker/bm_ws/install/serial_motor_demo/lib/serial_motor_demo
[22.304s] 
[22.305s] Installed /home/maker/bm_ws/build/serial_motor_demo
[22.307s] running symlink_data
[22.646s] Invoked command in '/home/maker/bm_ws/build/serial_motor_demo' returned '0': AMENT_PREFIX_PATH=/home/maker/bm_ws/install/serial_motor_demo_msgs:${AMENT_PREFIX_PATH} CMAKE_PREFIX_PATH=/home/maker/bm_ws/install/serial_motor_demo_msgs LD_LIBRARY_PATH=/home/maker/bm_ws/install/serial_motor_demo_msgs/lib:${LD_LIBRARY_PATH} PYTHONPATH=/home/maker/bm_ws/build/serial_motor_demo/prefix_override:/usr/lib/python3/dist-packages/colcon_core/task/python/colcon_distutils_commands:/home/maker/bm_ws/install/serial_motor_demo/lib/python3.10/site-packages:/home/maker/bm_ws/install/serial_motor_demo_msgs/local/lib/python3.10/dist-packages:${PYTHONPATH} /usr/bin/python3 -W ignore:setup.py install is deprecated -W ignore:easy_install command is deprecated setup.py develop --editable --build-directory /home/maker/bm_ws/build/serial_motor_demo/build --no-deps symlink_data
