[39.377s] Invoking command in '/home/maker/bm_ws/build/serial_motor_demo': AMENT_PREFIX_PATH=/home/maker/bm_ws/install/serial_motor_demo_msgs:${AMENT_PREFIX_PATH} CMAKE_PREFIX_PATH=/home/maker/bm_ws/install/serial_motor_demo_msgs LD_LIBRARY_PATH=/home/maker/bm_ws/install/serial_motor_demo_msgs/lib:${LD_LIBRARY_PATH} PYTHONPATH=/home/maker/bm_ws/build/serial_motor_demo/prefix_override:/usr/lib/python3/dist-packages/colcon_core/task/python/colcon_distutils_commands:/home/maker/bm_ws/install/serial_motor_demo/lib/python3.10/site-packages:/home/maker/bm_ws/install/serial_motor_demo_msgs/local/lib/python3.10/dist-packages:${PYTHONPATH} /usr/bin/python3 -W ignore:setup.py install is deprecated -W ignore:easy_install command is deprecated setup.py develop --editable --build-directory /home/maker/bm_ws/build/serial_motor_demo/build --no-deps symlink_data
[43.726s] /home/maker/.local/lib/python3.10/site-packages/setuptools/dist.py:599: SetuptoolsDeprecationWarning: Invalid dash-separated key 'script-dir' in 'develop' (setup.cfg), please use the underscore name 'script_dir' instead.
[43.728s] !!
[43.735s] 
[43.738s]         ********************************************************************************
[43.739s]         Usage of dash-separated 'script-dir' will not be supported in future
[43.739s]         versions. Please use the underscore name 'script_dir' instead.
[43.744s] 
[43.747s]         By 2026-Mar-03, you need to update your project and remove deprecated calls
[43.748s]         or your builds will no longer be supported.
[43.748s] 
[43.748s]         See https://setuptools.pypa.io/en/latest/userguide/declarative_config.html for details.
[43.748s]         ********************************************************************************
[43.749s] 
[43.749s] !!
[43.749s]   opt = self._enforce_underscore(opt, section)
[43.858s] /home/maker/.local/lib/python3.10/site-packages/setuptools/_distutils/dist.py:289: UserWarning: Unknown distribution option: 'tests_require'
[43.858s]   warnings.warn(msg)
[44.295s] /home/maker/.local/lib/python3.10/site-packages/setuptools/dist.py:599: SetuptoolsDeprecationWarning: Invalid dash-separated key 'script-dir' in 'develop' (setup.cfg), please use the underscore name 'script_dir' instead.
[44.296s] !!
[44.297s] 
[44.297s]         ********************************************************************************
[44.304s]         Usage of dash-separated 'script-dir' will not be supported in future
[44.315s]         versions. Please use the underscore name 'script_dir' instead.
[44.316s]         (Affected: serial_motor_demo).
[44.320s] 
[44.321s]         By 2026-Mar-03, you need to update your project and remove deprecated calls
[44.322s]         or your builds will no longer be supported.
[44.329s] 
[44.329s]         See https://setuptools.pypa.io/en/latest/userguide/declarative_config.html for details.
[44.332s]         ********************************************************************************
[44.332s] 
[44.339s] !!
[44.339s]   opt = self._enforce_underscore(opt, section)
[48.242s] running develop
[55.635s] running egg_info
[55.843s] writing serial_motor_demo.egg-info/PKG-INFO
[55.844s] writing dependency_links to serial_motor_demo.egg-info/dependency_links.txt
[55.844s] writing entry points to serial_motor_demo.egg-info/entry_points.txt
[55.845s] writing requirements to serial_motor_demo.egg-info/requires.txt
[55.845s] writing top-level names to serial_motor_demo.egg-info/top_level.txt
[56.411s] reading manifest file 'serial_motor_demo.egg-info/SOURCES.txt'
[56.443s] writing manifest file 'serial_motor_demo.egg-info/SOURCES.txt'
[56.841s] running build_ext
[56.849s] Creating /home/maker/bm_ws/install/serial_motor_demo/lib/python3.10/site-packages/serial-motor-demo.egg-link (link to .)
[56.850s] Installing driver script to /home/maker/bm_ws/install/serial_motor_demo/lib/serial_motor_demo
[56.858s] Installing gui script to /home/maker/bm_ws/install/serial_motor_demo/lib/serial_motor_demo
[56.858s] 
[56.863s] Installed /home/maker/bm_ws/build/serial_motor_demo
[56.869s] running symlink_data
[57.561s] Invoked command in '/home/maker/bm_ws/build/serial_motor_demo' returned '0': AMENT_PREFIX_PATH=/home/maker/bm_ws/install/serial_motor_demo_msgs:${AMENT_PREFIX_PATH} CMAKE_PREFIX_PATH=/home/maker/bm_ws/install/serial_motor_demo_msgs LD_LIBRARY_PATH=/home/maker/bm_ws/install/serial_motor_demo_msgs/lib:${LD_LIBRARY_PATH} PYTHONPATH=/home/maker/bm_ws/build/serial_motor_demo/prefix_override:/usr/lib/python3/dist-packages/colcon_core/task/python/colcon_distutils_commands:/home/maker/bm_ws/install/serial_motor_demo/lib/python3.10/site-packages:/home/maker/bm_ws/install/serial_motor_demo_msgs/local/lib/python3.10/dist-packages:${PYTHONPATH} /usr/bin/python3 -W ignore:setup.py install is deprecated -W ignore:easy_install command is deprecated setup.py develop --editable --build-directory /home/maker/bm_ws/build/serial_motor_demo/build --no-deps symlink_data
