[17.528s] Invoking command in '/home/maker/bm_ws/build/serial_motor_demo': AMENT_PREFIX_PATH=/home/maker/bm_ws/install/serial_motor_demo_msgs:${AMENT_PREFIX_PATH} CMAKE_PREFIX_PATH=/home/maker/bm_ws/install/serial_motor_demo_msgs LD_LIBRARY_PATH=/home/maker/bm_ws/install/serial_motor_demo_msgs/lib:${LD_LIBRARY_PATH} PYTHONPATH=/home/maker/bm_ws/build/serial_motor_demo/prefix_override:/usr/lib/python3/dist-packages/colcon_core/task/python/colcon_distutils_commands:/home/maker/bm_ws/install/serial_motor_demo/lib/python3.10/site-packages:/home/maker/bm_ws/install/serial_motor_demo_msgs/local/lib/python3.10/dist-packages:${PYTHONPATH} /usr/bin/python3 -W ignore:setup.py install is deprecated -W ignore:easy_install command is deprecated setup.py develop --editable --build-directory /home/maker/bm_ws/build/serial_motor_demo/build --no-deps symlink_data
[19.301s] /home/maker/.local/lib/python3.10/site-packages/setuptools/dist.py:599: SetuptoolsDeprecationWarning: Invalid dash-separated key 'script-dir' in 'develop' (setup.cfg), please use the underscore name 'script_dir' instead.
[19.301s] !!
[19.301s] 
[19.301s]         ********************************************************************************
[19.301s]         Usage of dash-separated 'script-dir' will not be supported in future
[19.302s]         versions. Please use the underscore name 'script_dir' instead.
[19.302s] 
[19.302s]         By 2026-Mar-03, you need to update your project and remove deprecated calls
[19.302s]         or your builds will no longer be supported.
[19.302s] 
[19.312s]         See https://setuptools.pypa.io/en/latest/userguide/declarative_config.html for details.
[19.312s]         ********************************************************************************
[19.312s] 
[19.312s] !!
[19.313s]   opt = self._enforce_underscore(opt, section)
[19.469s] /home/maker/.local/lib/python3.10/site-packages/setuptools/_distutils/dist.py:289: UserWarning: Unknown distribution option: 'tests_require'
[19.470s]   warnings.warn(msg)
[19.986s] /home/maker/.local/lib/python3.10/site-packages/setuptools/dist.py:599: SetuptoolsDeprecationWarning: Invalid dash-separated key 'script-dir' in 'develop' (setup.cfg), please use the underscore name 'script_dir' instead.
[19.986s] !!
[19.986s] 
[19.987s]         ********************************************************************************
[19.987s]         Usage of dash-separated 'script-dir' will not be supported in future
[19.992s]         versions. Please use the underscore name 'script_dir' instead.
[19.993s]         (Affected: serial_motor_demo).
[19.993s] 
[19.993s]         By 2026-Mar-03, you need to update your project and remove deprecated calls
[20.003s]         or your builds will no longer be supported.
[20.006s] 
[20.006s]         See https://setuptools.pypa.io/en/latest/userguide/declarative_config.html for details.
[20.007s]         ********************************************************************************
[20.007s] 
[20.007s] !!
[20.007s]   opt = self._enforce_underscore(opt, section)
[22.444s] running develop
[24.557s] running egg_info
[24.657s] writing serial_motor_demo.egg-info/PKG-INFO
[24.661s] writing dependency_links to serial_motor_demo.egg-info/dependency_links.txt
[24.663s] writing entry points to serial_motor_demo.egg-info/entry_points.txt
[24.665s] writing requirements to serial_motor_demo.egg-info/requires.txt
[24.668s] writing top-level names to serial_motor_demo.egg-info/top_level.txt
[24.991s] reading manifest file 'serial_motor_demo.egg-info/SOURCES.txt'
[24.994s] writing manifest file 'serial_motor_demo.egg-info/SOURCES.txt'
[25.419s] running build_ext
[25.419s] Creating /home/maker/bm_ws/install/serial_motor_demo/lib/python3.10/site-packages/serial-motor-demo.egg-link (link to .)
[25.427s] Installing driver script to /home/maker/bm_ws/install/serial_motor_demo/lib/serial_motor_demo
[25.431s] Installing gui script to /home/maker/bm_ws/install/serial_motor_demo/lib/serial_motor_demo
[25.434s] 
[25.443s] Installed /home/maker/bm_ws/build/serial_motor_demo
[25.446s] running symlink_data
[25.880s] Invoked command in '/home/maker/bm_ws/build/serial_motor_demo' returned '0': AMENT_PREFIX_PATH=/home/maker/bm_ws/install/serial_motor_demo_msgs:${AMENT_PREFIX_PATH} CMAKE_PREFIX_PATH=/home/maker/bm_ws/install/serial_motor_demo_msgs LD_LIBRARY_PATH=/home/maker/bm_ws/install/serial_motor_demo_msgs/lib:${LD_LIBRARY_PATH} PYTHONPATH=/home/maker/bm_ws/build/serial_motor_demo/prefix_override:/usr/lib/python3/dist-packages/colcon_core/task/python/colcon_distutils_commands:/home/maker/bm_ws/install/serial_motor_demo/lib/python3.10/site-packages:/home/maker/bm_ws/install/serial_motor_demo_msgs/local/lib/python3.10/dist-packages:${PYTHONPATH} /usr/bin/python3 -W ignore:setup.py install is deprecated -W ignore:easy_install command is deprecated setup.py develop --editable --build-directory /home/maker/bm_ws/build/serial_motor_demo/build --no-deps symlink_data
