[5.980s] Invoking command in '/home/maker/bm_ws/build/serial_motor_demo': AMENT_PREFIX_PATH=/home/maker/bm_ws/install/serial_motor_demo_msgs:${AMENT_PREFIX_PATH} CMAKE_PREFIX_PATH=/home/maker/bm_ws/install/serial_motor_demo_msgs LD_LIBRARY_PATH=/home/maker/bm_ws/install/serial_motor_demo_msgs/lib:${LD_LIBRARY_PATH} PYTHONPATH=/home/maker/bm_ws/build/serial_motor_demo/prefix_override:/usr/lib/python3/dist-packages/colcon_core/task/python/colcon_distutils_commands:/home/maker/bm_ws/install/serial_motor_demo/lib/python3.10/site-packages:/home/maker/bm_ws/install/serial_motor_demo_msgs/local/lib/python3.10/dist-packages:${PYTHONPATH} /usr/bin/python3 -W ignore:setup.py install is deprecated -W ignore:easy_install command is deprecated setup.py develop --editable --build-directory /home/maker/bm_ws/build/serial_motor_demo/build --no-deps symlink_data
[6.612s] /home/maker/.local/lib/python3.10/site-packages/setuptools/dist.py:599: SetuptoolsDeprecationWarning: Invalid dash-separated key 'script-dir' in 'develop' (setup.cfg), please use the underscore name 'script_dir' instead.
[6.613s] !!
[6.613s] 
[6.613s]         ********************************************************************************
[6.614s]         Usage of dash-separated 'script-dir' will not be supported in future
[6.614s]         versions. Please use the underscore name 'script_dir' instead.
[6.614s] 
[6.614s]         By 2026-Mar-03, you need to update your project and remove deprecated calls
[6.615s]         or your builds will no longer be supported.
[6.615s] 
[6.616s]         See https://setuptools.pypa.io/en/latest/userguide/declarative_config.html for details.
[6.616s]         ********************************************************************************
[6.617s] 
[6.617s] !!
[6.617s]   opt = self._enforce_underscore(opt, section)
[6.688s] /home/maker/.local/lib/python3.10/site-packages/setuptools/_distutils/dist.py:289: UserWarning: Unknown distribution option: 'tests_require'
[6.690s]   warnings.warn(msg)
[6.877s] /home/maker/.local/lib/python3.10/site-packages/setuptools/dist.py:599: SetuptoolsDeprecationWarning: Invalid dash-separated key 'script-dir' in 'develop' (setup.cfg), please use the underscore name 'script_dir' instead.
[6.877s] !!
[6.877s] 
[6.878s]         ********************************************************************************
[6.878s]         Usage of dash-separated 'script-dir' will not be supported in future
[6.878s]         versions. Please use the underscore name 'script_dir' instead.
[6.878s]         (Affected: serial_motor_demo).
[6.879s] 
[6.879s]         By 2026-Mar-03, you need to update your project and remove deprecated calls
[6.879s]         or your builds will no longer be supported.
[6.879s] 
[6.879s]         See https://setuptools.pypa.io/en/latest/userguide/declarative_config.html for details.
[6.880s]         ********************************************************************************
[6.880s] 
[6.880s] !!
[6.880s]   opt = self._enforce_underscore(opt, section)
[7.615s] running develop
[8.874s] running egg_info
[8.983s] writing serial_motor_demo.egg-info/PKG-INFO
[8.990s] writing dependency_links to serial_motor_demo.egg-info/dependency_links.txt
[8.993s] writing entry points to serial_motor_demo.egg-info/entry_points.txt
[8.996s] writing requirements to serial_motor_demo.egg-info/requires.txt
[8.998s] writing top-level names to serial_motor_demo.egg-info/top_level.txt
[9.144s] reading manifest file 'serial_motor_demo.egg-info/SOURCES.txt'
[9.150s] writing manifest file 'serial_motor_demo.egg-info/SOURCES.txt'
[9.247s] running build_ext
[9.247s] Creating /home/maker/bm_ws/install/serial_motor_demo/lib/python3.10/site-packages/serial-motor-demo.egg-link (link to .)
[9.255s] Installing driver script to /home/maker/bm_ws/install/serial_motor_demo/lib/serial_motor_demo
[9.257s] Installing gui script to /home/maker/bm_ws/install/serial_motor_demo/lib/serial_motor_demo
[9.258s] 
[9.259s] Installed /home/maker/bm_ws/build/serial_motor_demo
[9.260s] running symlink_data
[9.434s] Invoked command in '/home/maker/bm_ws/build/serial_motor_demo' returned '0': AMENT_PREFIX_PATH=/home/maker/bm_ws/install/serial_motor_demo_msgs:${AMENT_PREFIX_PATH} CMAKE_PREFIX_PATH=/home/maker/bm_ws/install/serial_motor_demo_msgs LD_LIBRARY_PATH=/home/maker/bm_ws/install/serial_motor_demo_msgs/lib:${LD_LIBRARY_PATH} PYTHONPATH=/home/maker/bm_ws/build/serial_motor_demo/prefix_override:/usr/lib/python3/dist-packages/colcon_core/task/python/colcon_distutils_commands:/home/maker/bm_ws/install/serial_motor_demo/lib/python3.10/site-packages:/home/maker/bm_ws/install/serial_motor_demo_msgs/local/lib/python3.10/dist-packages:${PYTHONPATH} /usr/bin/python3 -W ignore:setup.py install is deprecated -W ignore:easy_install command is deprecated setup.py develop --editable --build-directory /home/maker/bm_ws/build/serial_motor_demo/build --no-deps symlink_data
