[5.394s] Invoking command in '/home/maker/bm_ws/build/serial_motor_demo': AMENT_PREFIX_PATH=/home/maker/bm_ws/install/serial_motor_demo_msgs:${AMENT_PREFIX_PATH} CMAKE_PREFIX_PATH=/home/maker/bm_ws/install/serial_motor_demo_msgs LD_LIBRARY_PATH=/home/maker/bm_ws/install/serial_motor_demo_msgs/lib:${LD_LIBRARY_PATH} PYTHONPATH=/home/maker/bm_ws/build/serial_motor_demo/prefix_override:/usr/lib/python3/dist-packages/colcon_core/task/python/colcon_distutils_commands:/home/maker/bm_ws/install/serial_motor_demo/lib/python3.10/site-packages:/home/maker/bm_ws/install/serial_motor_demo_msgs/local/lib/python3.10/dist-packages:${PYTHONPATH} /usr/bin/python3 -W ignore:setup.py install is deprecated -W ignore:easy_install command is deprecated setup.py develop --editable --build-directory /home/maker/bm_ws/build/serial_motor_demo/build --no-deps symlink_data
[7.311s] /home/maker/.local/lib/python3.10/site-packages/setuptools/dist.py:599: SetuptoolsDeprecationWarning: Invalid dash-separated key 'script-dir' in 'develop' (setup.cfg), please use the underscore name 'script_dir' instead.
[7.311s] !!
[7.312s] 
[7.312s]         ********************************************************************************
[7.312s]         Usage of dash-separated 'script-dir' will not be supported in future
[7.312s]         versions. Please use the underscore name 'script_dir' instead.
[7.313s] 
[7.313s]         By 2026-Mar-03, you need to update your project and remove deprecated calls
[7.313s]         or your builds will no longer be supported.
[7.313s] 
[7.314s]         See https://setuptools.pypa.io/en/latest/userguide/declarative_config.html for details.
[7.314s]         ********************************************************************************
[7.314s] 
[7.314s] !!
[7.314s]   opt = self._enforce_underscore(opt, section)
[7.378s] /home/maker/.local/lib/python3.10/site-packages/setuptools/_distutils/dist.py:289: UserWarning: Unknown distribution option: 'tests_require'
[7.379s]   warnings.warn(msg)
[7.499s] /home/maker/.local/lib/python3.10/site-packages/setuptools/dist.py:599: SetuptoolsDeprecationWarning: Invalid dash-separated key 'script-dir' in 'develop' (setup.cfg), please use the underscore name 'script_dir' instead.
[7.499s] !!
[7.500s] 
[7.500s]         ********************************************************************************
[7.501s]         Usage of dash-separated 'script-dir' will not be supported in future
[7.501s]         versions. Please use the underscore name 'script_dir' instead.
[7.502s]         (Affected: serial_motor_demo).
[7.502s] 
[7.502s]         By 2026-Mar-03, you need to update your project and remove deprecated calls
[7.502s]         or your builds will no longer be supported.
[7.503s] 
[7.503s]         See https://setuptools.pypa.io/en/latest/userguide/declarative_config.html for details.
[7.504s]         ********************************************************************************
[7.506s] 
[7.506s] !!
[7.507s]   opt = self._enforce_underscore(opt, section)
[8.206s] running develop
[9.430s] running egg_info
[9.534s] writing serial_motor_demo.egg-info/PKG-INFO
[9.539s] writing dependency_links to serial_motor_demo.egg-info/dependency_links.txt
[9.542s] writing entry points to serial_motor_demo.egg-info/entry_points.txt
[9.545s] writing requirements to serial_motor_demo.egg-info/requires.txt
[9.546s] writing top-level names to serial_motor_demo.egg-info/top_level.txt
[9.767s] reading manifest file 'serial_motor_demo.egg-info/SOURCES.txt'
[9.779s] writing manifest file 'serial_motor_demo.egg-info/SOURCES.txt'
[9.847s] running build_ext
[9.849s] Creating /home/maker/bm_ws/install/serial_motor_demo/lib/python3.10/site-packages/serial-motor-demo.egg-link (link to .)
[9.854s] Installing driver script to /home/maker/bm_ws/install/serial_motor_demo/lib/serial_motor_demo
[9.859s] Installing gui script to /home/maker/bm_ws/install/serial_motor_demo/lib/serial_motor_demo
[9.859s] 
[9.861s] Installed /home/maker/bm_ws/build/serial_motor_demo
[9.861s] running symlink_data
[10.003s] Invoked command in '/home/maker/bm_ws/build/serial_motor_demo' returned '0': AMENT_PREFIX_PATH=/home/maker/bm_ws/install/serial_motor_demo_msgs:${AMENT_PREFIX_PATH} CMAKE_PREFIX_PATH=/home/maker/bm_ws/install/serial_motor_demo_msgs LD_LIBRARY_PATH=/home/maker/bm_ws/install/serial_motor_demo_msgs/lib:${LD_LIBRARY_PATH} PYTHONPATH=/home/maker/bm_ws/build/serial_motor_demo/prefix_override:/usr/lib/python3/dist-packages/colcon_core/task/python/colcon_distutils_commands:/home/maker/bm_ws/install/serial_motor_demo/lib/python3.10/site-packages:/home/maker/bm_ws/install/serial_motor_demo_msgs/local/lib/python3.10/dist-packages:${PYTHONPATH} /usr/bin/python3 -W ignore:setup.py install is deprecated -W ignore:easy_install command is deprecated setup.py develop --editable --build-directory /home/maker/bm_ws/build/serial_motor_demo/build --no-deps symlink_data
