[3.730s] Invoking command in '/home/maker/bm_ws/build/serial_motor_demo': AMENT_PREFIX_PATH=/home/maker/bm_ws/install/serial_motor_demo_msgs:${AMENT_PREFIX_PATH} CMAKE_PREFIX_PATH=/home/maker/bm_ws/install/serial_motor_demo_msgs LD_LIBRARY_PATH=/home/maker/bm_ws/install/serial_motor_demo_msgs/lib:${LD_LIBRARY_PATH} PYTHONPATH=/home/maker/bm_ws/build/serial_motor_demo/prefix_override:/usr/lib/python3/dist-packages/colcon_core/task/python/colcon_distutils_commands:/home/maker/bm_ws/install/serial_motor_demo/lib/python3.10/site-packages:/home/maker/bm_ws/install/serial_motor_demo_msgs/local/lib/python3.10/dist-packages:${PYTHONPATH} /usr/bin/python3 -W ignore:setup.py install is deprecated -W ignore:easy_install command is deprecated setup.py develop --editable --build-directory /home/maker/bm_ws/build/serial_motor_demo/build --no-deps symlink_data
[4.110s] /home/maker/.local/lib/python3.10/site-packages/setuptools/dist.py:599: SetuptoolsDeprecationWarning: Invalid dash-separated key 'script-dir' in 'develop' (setup.cfg), please use the underscore name 'script_dir' instead.
[4.110s] !!
[4.111s] 
[4.111s]         ********************************************************************************
[4.111s]         Usage of dash-separated 'script-dir' will not be supported in future
[4.111s]         versions. Please use the underscore name 'script_dir' instead.
[4.112s] 
[4.112s]         By 2026-Mar-03, you need to update your project and remove deprecated calls
[4.112s]         or your builds will no longer be supported.
[4.113s] 
[4.114s]         See https://setuptools.pypa.io/en/latest/userguide/declarative_config.html for details.
[4.115s]         ********************************************************************************
[4.115s] 
[4.115s] !!
[4.115s]   opt = self._enforce_underscore(opt, section)
[4.162s] /home/maker/.local/lib/python3.10/site-packages/setuptools/_distutils/dist.py:289: UserWarning: Unknown distribution option: 'tests_require'
[4.162s]   warnings.warn(msg)
[4.238s] /home/maker/.local/lib/python3.10/site-packages/setuptools/dist.py:599: SetuptoolsDeprecationWarning: Invalid dash-separated key 'script-dir' in 'develop' (setup.cfg), please use the underscore name 'script_dir' instead.
[4.238s] !!
[4.239s] 
[4.239s]         ********************************************************************************
[4.239s]         Usage of dash-separated 'script-dir' will not be supported in future
[4.239s]         versions. Please use the underscore name 'script_dir' instead.
[4.239s]         (Affected: serial_motor_demo).
[4.239s] 
[4.239s]         By 2026-Mar-03, you need to update your project and remove deprecated calls
[4.240s]         or your builds will no longer be supported.
[4.240s] 
[4.240s]         See https://setuptools.pypa.io/en/latest/userguide/declarative_config.html for details.
[4.240s]         ********************************************************************************
[4.240s] 
[4.240s] !!
[4.240s]   opt = self._enforce_underscore(opt, section)
[4.703s] running develop
[5.346s] running egg_info
[5.382s] writing serial_motor_demo.egg-info/PKG-INFO
[5.384s] writing dependency_links to serial_motor_demo.egg-info/dependency_links.txt
[5.385s] writing entry points to serial_motor_demo.egg-info/entry_points.txt
[5.387s] writing requirements to serial_motor_demo.egg-info/requires.txt
[5.390s] writing top-level names to serial_motor_demo.egg-info/top_level.txt
[5.476s] reading manifest file 'serial_motor_demo.egg-info/SOURCES.txt'
[5.481s] writing manifest file 'serial_motor_demo.egg-info/SOURCES.txt'
[5.537s] running build_ext
[5.537s] Creating /home/maker/bm_ws/install/serial_motor_demo/lib/python3.10/site-packages/serial-motor-demo.egg-link (link to .)
[5.540s] Installing driver script to /home/maker/bm_ws/install/serial_motor_demo/lib/serial_motor_demo
[5.541s] Installing gui script to /home/maker/bm_ws/install/serial_motor_demo/lib/serial_motor_demo
[5.543s] 
[5.544s] Installed /home/maker/bm_ws/build/serial_motor_demo
[5.544s] running symlink_data
[5.627s] Invoked command in '/home/maker/bm_ws/build/serial_motor_demo' returned '0': AMENT_PREFIX_PATH=/home/maker/bm_ws/install/serial_motor_demo_msgs:${AMENT_PREFIX_PATH} CMAKE_PREFIX_PATH=/home/maker/bm_ws/install/serial_motor_demo_msgs LD_LIBRARY_PATH=/home/maker/bm_ws/install/serial_motor_demo_msgs/lib:${LD_LIBRARY_PATH} PYTHONPATH=/home/maker/bm_ws/build/serial_motor_demo/prefix_override:/usr/lib/python3/dist-packages/colcon_core/task/python/colcon_distutils_commands:/home/maker/bm_ws/install/serial_motor_demo/lib/python3.10/site-packages:/home/maker/bm_ws/install/serial_motor_demo_msgs/local/lib/python3.10/dist-packages:${PYTHONPATH} /usr/bin/python3 -W ignore:setup.py install is deprecated -W ignore:easy_install command is deprecated setup.py develop --editable --build-directory /home/maker/bm_ws/build/serial_motor_demo/build --no-deps symlink_data
