[14.170s] Invoking command in '/home/maker/bm_ws/build/serial_motor_demo': CMAKE_PREFIX_PATH=/home/maker/bm_ws/install/serial_motor_demo_msgs:/home/maker/bm_ws/install/sllidar_ros2:/home/maker/bm_ws/install/my_bot PYTHONPATH=/home/maker/bm_ws/build/serial_motor_demo/prefix_override:/usr/lib/python3/dist-packages/colcon_core/task/python/colcon_distutils_commands:/home/maker/bm_ws/install/serial_motor_demo/lib/python3.10/site-packages:${PYTHONPATH} /usr/bin/python3 -W ignore:setup.py install is deprecated -W ignore:easy_install command is deprecated setup.py develop --editable --build-directory /home/maker/bm_ws/build/serial_motor_demo/build --no-deps symlink_data
[16.270s] /home/maker/.local/lib/python3.10/site-packages/setuptools/dist.py:599: SetuptoolsDeprecationWarning: Invalid dash-separated key 'script-dir' in 'develop' (setup.cfg), please use the underscore name 'script_dir' instead.
[16.291s] !!
[16.292s] 
[16.292s]         ********************************************************************************
[16.292s]         Usage of dash-separated 'script-dir' will not be supported in future
[16.297s]         versions. Please use the underscore name 'script_dir' instead.
[16.298s] 
[16.298s]         By 2026-Mar-03, you need to update your project and remove deprecated calls
[16.301s]         or your builds will no longer be supported.
[16.301s] 
[16.302s]         See https://setuptools.pypa.io/en/latest/userguide/declarative_config.html for details.
[16.302s]         ********************************************************************************
[16.302s] 
[16.307s] !!
[16.308s]   opt = self._enforce_underscore(opt, section)
[16.623s] /home/maker/.local/lib/python3.10/site-packages/setuptools/_distutils/dist.py:289: UserWarning: Unknown distribution option: 'tests_require'
[16.626s]   warnings.warn(msg)
[17.416s] /home/maker/.local/lib/python3.10/site-packages/setuptools/dist.py:599: SetuptoolsDeprecationWarning: Invalid dash-separated key 'script-dir' in 'develop' (setup.cfg), please use the underscore name 'script_dir' instead.
[17.421s] !!
[17.421s] 
[17.427s]         ********************************************************************************
[17.428s]         Usage of dash-separated 'script-dir' will not be supported in future
[17.428s]         versions. Please use the underscore name 'script_dir' instead.
[17.435s]         (Affected: serial_motor_demo).
[17.435s] 
[17.436s]         By 2026-Mar-03, you need to update your project and remove deprecated calls
[17.443s]         or your builds will no longer be supported.
[17.444s] 
[17.444s]         See https://setuptools.pypa.io/en/latest/userguide/declarative_config.html for details.
[17.451s]         ********************************************************************************
[17.456s] 
[17.458s] !!
[17.463s]   opt = self._enforce_underscore(opt, section)
[21.181s] running develop
[26.144s] running egg_info
[26.305s] writing serial_motor_demo.egg-info/PKG-INFO
[26.312s] writing dependency_links to serial_motor_demo.egg-info/dependency_links.txt
[26.318s] writing entry points to serial_motor_demo.egg-info/entry_points.txt
[26.318s] writing requirements to serial_motor_demo.egg-info/requires.txt
[26.319s] writing top-level names to serial_motor_demo.egg-info/top_level.txt
[26.710s] reading manifest file 'serial_motor_demo.egg-info/SOURCES.txt'
[26.719s] writing manifest file 'serial_motor_demo.egg-info/SOURCES.txt'
[26.956s] running build_ext
[26.965s] Creating /home/maker/bm_ws/install/serial_motor_demo/lib/python3.10/site-packages/serial-motor-demo.egg-link (link to .)
[26.972s] Installing driver script to /home/maker/bm_ws/install/serial_motor_demo/lib/serial_motor_demo
[26.973s] Installing gui script to /home/maker/bm_ws/install/serial_motor_demo/lib/serial_motor_demo
[26.979s] 
[26.995s] Installed /home/maker/bm_ws/build/serial_motor_demo
[26.996s] running symlink_data
[27.327s] Invoked command in '/home/maker/bm_ws/build/serial_motor_demo' returned '0': CMAKE_PREFIX_PATH=/home/maker/bm_ws/install/serial_motor_demo_msgs:/home/maker/bm_ws/install/sllidar_ros2:/home/maker/bm_ws/install/my_bot PYTHONPATH=/home/maker/bm_ws/build/serial_motor_demo/prefix_override:/usr/lib/python3/dist-packages/colcon_core/task/python/colcon_distutils_commands:/home/maker/bm_ws/install/serial_motor_demo/lib/python3.10/site-packages:${PYTHONPATH} /usr/bin/python3 -W ignore:setup.py install is deprecated -W ignore:easy_install command is deprecated setup.py develop --editable --build-directory /home/maker/bm_ws/build/serial_motor_demo/build --no-deps symlink_data
