[0.447s] Invoking command in '/home/maker/bm_ws/build/serial_motor_demo_msgs': CMAKE_PREFIX_PATH=/opt/ros/humble /usr/bin/cmake --build /home/maker/bm_ws/build/serial_motor_demo_msgs -- -j2 -l2
[3.459s] [ 10%] Built target serial_motor_demo_msgs__rosidl_generator_c
[4.833s] [ 12%] Built target serial_motor_demo_msgs__cpp
[5.872s] [ 12%] Built target ament_cmake_python_symlink_serial_motor_demo_msgs
[6.391s] [ 23%] Built target serial_motor_demo_msgs__rosidl_typesupport_introspection_c
[6.776s] [ 34%] Built target serial_motor_demo_msgs__rosidl_typesupport_c
[7.239s] [ 44%] Built target serial_motor_demo_msgs__rosidl_typesupport_fastrtps_cpp
[7.599s] [ 55%] Built target serial_motor_demo_msgs__rosidl_typesupport_introspection_cpp
[7.867s] [ 65%] Built target serial_motor_demo_msgs__rosidl_typesupport_cpp
[8.216s] [ 76%] Built target serial_motor_demo_msgs__rosidl_typesupport_fastrtps_c
[11.474s] running egg_info
[11.800s] writing serial_motor_demo_msgs.egg-info/PKG-INFO
[11.819s] writing dependency_links to serial_motor_demo_msgs.egg-info/dependency_links.txt
[11.820s] writing top-level names to serial_motor_demo_msgs.egg-info/top_level.txt
[12.548s] reading manifest file 'serial_motor_demo_msgs.egg-info/SOURCES.txt'
[12.571s] writing manifest file 'serial_motor_demo_msgs.egg-info/SOURCES.txt'
[13.081s] [ 76%] Built target ament_cmake_python_build_serial_motor_demo_msgs_egg
[13.343s] [ 76%] Built target serial_motor_demo_msgs
[13.967s] [ 78%] Built target serial_motor_demo_msgs__py
[14.686s] [ 87%] Built target serial_motor_demo_msgs__rosidl_generator_py
[15.407s] [ 91%] Built target serial_motor_demo_msgs__rosidl_typesupport_fastrtps_c__pyext
[16.130s] [ 95%] Built target serial_motor_demo_msgs__rosidl_typesupport_introspection_c__pyext
[16.555s] [100%] Built target serial_motor_demo_msgs__rosidl_typesupport_c__pyext
[16.842s] Invoked command in '/home/maker/bm_ws/build/serial_motor_demo_msgs' returned '0': CMAKE_PREFIX_PATH=/opt/ros/humble /usr/bin/cmake --build /home/maker/bm_ws/build/serial_motor_demo_msgs -- -j2 -l2
[16.868s] Invoking command in '/home/maker/bm_ws/build/serial_motor_demo_msgs': CMAKE_PREFIX_PATH=/opt/ros/humble /usr/bin/cmake --install /home/maker/bm_ws/build/serial_motor_demo_msgs
[17.119s] -- Install configuration: ""
[17.128s] -- Execute custom install script
[17.140s] -- Up-to-date symlink: /home/maker/bm_ws/install/serial_motor_demo_msgs/share/ament_index/resource_index/rosidl_interfaces/serial_motor_demo_msgs
[17.153s] -- Up-to-date symlink: /home/maker/bm_ws/install/serial_motor_demo_msgs/include/serial_motor_demo_msgs/serial_motor_demo_msgs/msg/detail/encoder_vals__functions.h
[17.157s] -- Up-to-date symlink: /home/maker/bm_ws/install/serial_motor_demo_msgs/include/serial_motor_demo_msgs/serial_motor_demo_msgs/msg/detail/encoder_vals__struct.h
[17.166s] -- Up-to-date symlink: /home/maker/bm_ws/install/serial_motor_demo_msgs/include/serial_motor_demo_msgs/serial_motor_demo_msgs/msg/detail/encoder_vals__type_support.h
[17.169s] -- Up-to-date symlink: /home/maker/bm_ws/install/serial_motor_demo_msgs/include/serial_motor_demo_msgs/serial_motor_demo_msgs/msg/detail/motor_command__functions.h
[17.170s] -- Up-to-date symlink: /home/maker/bm_ws/install/serial_motor_demo_msgs/include/serial_motor_demo_msgs/serial_motor_demo_msgs/msg/detail/motor_command__struct.h
[17.177s] -- Up-to-date symlink: /home/maker/bm_ws/install/serial_motor_demo_msgs/include/serial_motor_demo_msgs/serial_motor_demo_msgs/msg/detail/motor_command__type_support.h
[17.182s] -- Up-to-date symlink: /home/maker/bm_ws/install/serial_motor_demo_msgs/include/serial_motor_demo_msgs/serial_motor_demo_msgs/msg/detail/motor_vels__functions.h
[17.188s] -- Up-to-date symlink: /home/maker/bm_ws/install/serial_motor_demo_msgs/include/serial_motor_demo_msgs/serial_motor_demo_msgs/msg/detail/motor_vels__struct.h
[17.192s] -- Up-to-date symlink: /home/maker/bm_ws/install/serial_motor_demo_msgs/include/serial_motor_demo_msgs/serial_motor_demo_msgs/msg/detail/motor_vels__type_support.h
[17.197s] -- Up-to-date symlink: /home/maker/bm_ws/install/serial_motor_demo_msgs/include/serial_motor_demo_msgs/serial_motor_demo_msgs/msg/encoder_vals.h
[17.201s] -- Up-to-date symlink: /home/maker/bm_ws/install/serial_motor_demo_msgs/include/serial_motor_demo_msgs/serial_motor_demo_msgs/msg/motor_command.h
[17.204s] -- Up-to-date symlink: /home/maker/bm_ws/install/serial_motor_demo_msgs/include/serial_motor_demo_msgs/serial_motor_demo_msgs/msg/motor_vels.h
[17.206s] -- Up-to-date symlink: /home/maker/bm_ws/install/serial_motor_demo_msgs/include/serial_motor_demo_msgs/serial_motor_demo_msgs/msg/rosidl_generator_c__visibility_control.h
[17.219s] -- Up-to-date symlink: /home/maker/bm_ws/install/serial_motor_demo_msgs/share/serial_motor_demo_msgs/environment/library_path.sh
[17.220s] -- Up-to-date symlink: /home/maker/bm_ws/install/serial_motor_demo_msgs/share/serial_motor_demo_msgs/environment/library_path.dsv
[17.240s] -- Up-to-date symlink: /home/maker/bm_ws/install/serial_motor_demo_msgs/include/serial_motor_demo_msgs/serial_motor_demo_msgs/msg/detail/encoder_vals__rosidl_typesupport_fastrtps_c.h
[17.248s] -- Up-to-date symlink: /home/maker/bm_ws/install/serial_motor_demo_msgs/include/serial_motor_demo_msgs/serial_motor_demo_msgs/msg/detail/motor_command__rosidl_typesupport_fastrtps_c.h
[17.259s] -- Up-to-date symlink: /home/maker/bm_ws/install/serial_motor_demo_msgs/include/serial_motor_demo_msgs/serial_motor_demo_msgs/msg/detail/motor_vels__rosidl_typesupport_fastrtps_c.h
[17.260s] -- Up-to-date symlink: /home/maker/bm_ws/install/serial_motor_demo_msgs/include/serial_motor_demo_msgs/serial_motor_demo_msgs/msg/rosidl_typesupport_fastrtps_c__visibility_control.h
[17.263s] -- Up-to-date symlink: /home/maker/bm_ws/install/serial_motor_demo_msgs/include/serial_motor_demo_msgs/serial_motor_demo_msgs/msg/detail/encoder_vals__rosidl_typesupport_introspection_c.h
[17.273s] -- Up-to-date symlink: /home/maker/bm_ws/install/serial_motor_demo_msgs/include/serial_motor_demo_msgs/serial_motor_demo_msgs/msg/detail/motor_command__rosidl_typesupport_introspection_c.h
[17.280s] -- Up-to-date symlink: /home/maker/bm_ws/install/serial_motor_demo_msgs/include/serial_motor_demo_msgs/serial_motor_demo_msgs/msg/detail/motor_vels__rosidl_typesupport_introspection_c.h
[17.291s] -- Up-to-date symlink: /home/maker/bm_ws/install/serial_motor_demo_msgs/include/serial_motor_demo_msgs/serial_motor_demo_msgs/msg/rosidl_typesupport_introspection_c__visibility_control.h
[17.305s] -- Up-to-date symlink: /home/maker/bm_ws/install/serial_motor_demo_msgs/include/serial_motor_demo_msgs/serial_motor_demo_msgs/msg/detail/encoder_vals__builder.hpp
[17.313s] -- Up-to-date symlink: /home/maker/bm_ws/install/serial_motor_demo_msgs/include/serial_motor_demo_msgs/serial_motor_demo_msgs/msg/detail/encoder_vals__struct.hpp
[17.318s] -- Up-to-date symlink: /home/maker/bm_ws/install/serial_motor_demo_msgs/include/serial_motor_demo_msgs/serial_motor_demo_msgs/msg/detail/encoder_vals__traits.hpp
[17.321s] -- Up-to-date symlink: /home/maker/bm_ws/install/serial_motor_demo_msgs/include/serial_motor_demo_msgs/serial_motor_demo_msgs/msg/detail/encoder_vals__type_support.hpp
[17.326s] -- Up-to-date symlink: /home/maker/bm_ws/install/serial_motor_demo_msgs/include/serial_motor_demo_msgs/serial_motor_demo_msgs/msg/detail/motor_command__builder.hpp
[17.331s] -- Up-to-date symlink: /home/maker/bm_ws/install/serial_motor_demo_msgs/include/serial_motor_demo_msgs/serial_motor_demo_msgs/msg/detail/motor_command__struct.hpp
[17.337s] -- Up-to-date symlink: /home/maker/bm_ws/install/serial_motor_demo_msgs/include/serial_motor_demo_msgs/serial_motor_demo_msgs/msg/detail/motor_command__traits.hpp
[17.338s] -- Up-to-date symlink: /home/maker/bm_ws/install/serial_motor_demo_msgs/include/serial_motor_demo_msgs/serial_motor_demo_msgs/msg/detail/motor_command__type_support.hpp
[17.343s] -- Up-to-date symlink: /home/maker/bm_ws/install/serial_motor_demo_msgs/include/serial_motor_demo_msgs/serial_motor_demo_msgs/msg/detail/motor_vels__builder.hpp
[17.354s] -- Up-to-date symlink: /home/maker/bm_ws/install/serial_motor_demo_msgs/include/serial_motor_demo_msgs/serial_motor_demo_msgs/msg/detail/motor_vels__struct.hpp
[17.355s] -- Up-to-date symlink: /home/maker/bm_ws/install/serial_motor_demo_msgs/include/serial_motor_demo_msgs/serial_motor_demo_msgs/msg/detail/motor_vels__traits.hpp
[17.357s] -- Up-to-date symlink: /home/maker/bm_ws/install/serial_motor_demo_msgs/include/serial_motor_demo_msgs/serial_motor_demo_msgs/msg/detail/motor_vels__type_support.hpp
[17.359s] -- Up-to-date symlink: /home/maker/bm_ws/install/serial_motor_demo_msgs/include/serial_motor_demo_msgs/serial_motor_demo_msgs/msg/encoder_vals.hpp
[17.364s] -- Up-to-date symlink: /home/maker/bm_ws/install/serial_motor_demo_msgs/include/serial_motor_demo_msgs/serial_motor_demo_msgs/msg/motor_command.hpp
[17.368s] -- Up-to-date symlink: /home/maker/bm_ws/install/serial_motor_demo_msgs/include/serial_motor_demo_msgs/serial_motor_demo_msgs/msg/motor_vels.hpp
[17.372s] -- Up-to-date symlink: /home/maker/bm_ws/install/serial_motor_demo_msgs/include/serial_motor_demo_msgs/serial_motor_demo_msgs/msg/rosidl_generator_cpp__visibility_control.hpp
[17.391s] -- Up-to-date symlink: /home/maker/bm_ws/install/serial_motor_demo_msgs/include/serial_motor_demo_msgs/serial_motor_demo_msgs/msg/detail/encoder_vals__rosidl_typesupport_fastrtps_cpp.hpp
[17.392s] -- Up-to-date symlink: /home/maker/bm_ws/install/serial_motor_demo_msgs/include/serial_motor_demo_msgs/serial_motor_demo_msgs/msg/detail/motor_command__rosidl_typesupport_fastrtps_cpp.hpp
[17.392s] -- Up-to-date symlink: /home/maker/bm_ws/install/serial_motor_demo_msgs/include/serial_motor_demo_msgs/serial_motor_demo_msgs/msg/detail/motor_vels__rosidl_typesupport_fastrtps_cpp.hpp
[17.402s] -- Up-to-date symlink: /home/maker/bm_ws/install/serial_motor_demo_msgs/include/serial_motor_demo_msgs/serial_motor_demo_msgs/msg/rosidl_typesupport_fastrtps_cpp__visibility_control.h
[17.408s] -- Up-to-date symlink: /home/maker/bm_ws/install/serial_motor_demo_msgs/include/serial_motor_demo_msgs/serial_motor_demo_msgs/msg/detail/encoder_vals__rosidl_typesupport_introspection_cpp.hpp
[17.414s] -- Up-to-date symlink: /home/maker/bm_ws/install/serial_motor_demo_msgs/include/serial_motor_demo_msgs/serial_motor_demo_msgs/msg/detail/motor_command__rosidl_typesupport_introspection_cpp.hpp
[17.415s] -- Up-to-date symlink: /home/maker/bm_ws/install/serial_motor_demo_msgs/include/serial_motor_demo_msgs/serial_motor_demo_msgs/msg/detail/motor_vels__rosidl_typesupport_introspection_cpp.hpp
[17.423s] -- Up-to-date symlink: /home/maker/bm_ws/install/serial_motor_demo_msgs/share/serial_motor_demo_msgs/environment/pythonpath.sh
[17.423s] -- Up-to-date symlink: /home/maker/bm_ws/install/serial_motor_demo_msgs/share/serial_motor_demo_msgs/environment/pythonpath.dsv
[17.436s] -- Up-to-date symlink: /home/maker/bm_ws/install/serial_motor_demo_msgs/local/lib/python3.10/dist-packages/serial_motor_demo_msgs-0.0.0-py3.10.egg-info/PKG-INFO
[17.446s] -- Up-to-date symlink: /home/maker/bm_ws/install/serial_motor_demo_msgs/local/lib/python3.10/dist-packages/serial_motor_demo_msgs-0.0.0-py3.10.egg-info/SOURCES.txt
[17.450s] -- Up-to-date symlink: /home/maker/bm_ws/install/serial_motor_demo_msgs/local/lib/python3.10/dist-packages/serial_motor_demo_msgs-0.0.0-py3.10.egg-info/dependency_links.txt
[17.458s] -- Up-to-date symlink: /home/maker/bm_ws/install/serial_motor_demo_msgs/local/lib/python3.10/dist-packages/serial_motor_demo_msgs-0.0.0-py3.10.egg-info/top_level.txt
[17.470s] -- Up-to-date symlink: /home/maker/bm_ws/install/serial_motor_demo_msgs/local/lib/python3.10/dist-packages/serial_motor_demo_msgs/__init__.py
[17.478s] -- Up-to-date symlink: /home/maker/bm_ws/install/serial_motor_demo_msgs/local/lib/python3.10/dist-packages/serial_motor_demo_msgs/_serial_motor_demo_msgs_s.ep.rosidl_typesupport_c.c
[17.482s] -- Up-to-date symlink: /home/maker/bm_ws/install/serial_motor_demo_msgs/local/lib/python3.10/dist-packages/serial_motor_demo_msgs/_serial_motor_demo_msgs_s.ep.rosidl_typesupport_fastrtps_c.c
[17.483s] -- Up-to-date symlink: /home/maker/bm_ws/install/serial_motor_demo_msgs/local/lib/python3.10/dist-packages/serial_motor_demo_msgs/_serial_motor_demo_msgs_s.ep.rosidl_typesupport_introspection_c.c
[17.493s] -- Up-to-date symlink: /home/maker/bm_ws/install/serial_motor_demo_msgs/local/lib/python3.10/dist-packages/serial_motor_demo_msgs/libserial_motor_demo_msgs__rosidl_generator_py.so
[17.498s] -- Up-to-date symlink: /home/maker/bm_ws/install/serial_motor_demo_msgs/local/lib/python3.10/dist-packages/serial_motor_demo_msgs/msg/__init__.py
[17.509s] -- Up-to-date symlink: /home/maker/bm_ws/install/serial_motor_demo_msgs/local/lib/python3.10/dist-packages/serial_motor_demo_msgs/msg/_encoder_vals.py
[17.517s] -- Up-to-date symlink: /home/maker/bm_ws/install/serial_motor_demo_msgs/local/lib/python3.10/dist-packages/serial_motor_demo_msgs/msg/_encoder_vals_s.c
[17.520s] -- Up-to-date symlink: /home/maker/bm_ws/install/serial_motor_demo_msgs/local/lib/python3.10/dist-packages/serial_motor_demo_msgs/msg/_motor_command.py
[17.525s] -- Up-to-date symlink: /home/maker/bm_ws/install/serial_motor_demo_msgs/local/lib/python3.10/dist-packages/serial_motor_demo_msgs/msg/_motor_command_s.c
[17.530s] -- Up-to-date symlink: /home/maker/bm_ws/install/serial_motor_demo_msgs/local/lib/python3.10/dist-packages/serial_motor_demo_msgs/msg/_motor_vels.py
[17.531s] -- Up-to-date symlink: /home/maker/bm_ws/install/serial_motor_demo_msgs/local/lib/python3.10/dist-packages/serial_motor_demo_msgs/msg/_motor_vels_s.c
[17.536s] -- Up-to-date symlink: /home/maker/bm_ws/install/serial_motor_demo_msgs/local/lib/python3.10/dist-packages/serial_motor_demo_msgs/serial_motor_demo_msgs_s__rosidl_typesupport_c.cpython-310-x86_64-linux-gnu.so
[17.542s] -- Up-to-date symlink: /home/maker/bm_ws/install/serial_motor_demo_msgs/local/lib/python3.10/dist-packages/serial_motor_demo_msgs/serial_motor_demo_msgs_s__rosidl_typesupport_fastrtps_c.cpython-310-x86_64-linux-gnu.so
[17.546s] -- Up-to-date symlink: /home/maker/bm_ws/install/serial_motor_demo_msgs/local/lib/python3.10/dist-packages/serial_motor_demo_msgs/serial_motor_demo_msgs_s__rosidl_typesupport_introspection_c.cpython-310-x86_64-linux-gnu.so
[17.550s] -- Up-to-date symlink: /home/maker/bm_ws/install/serial_motor_demo_msgs/local/lib/python3.10/dist-packages/serial_motor_demo_msgs/serial_motor_demo_msgs_s__rosidl_typesupport_fastrtps_c.cpython-310-x86_64-linux-gnu.so
[17.554s] -- Up-to-date symlink: /home/maker/bm_ws/install/serial_motor_demo_msgs/local/lib/python3.10/dist-packages/serial_motor_demo_msgs/serial_motor_demo_msgs_s__rosidl_typesupport_introspection_c.cpython-310-x86_64-linux-gnu.so
[17.565s] -- Up-to-date symlink: /home/maker/bm_ws/install/serial_motor_demo_msgs/local/lib/python3.10/dist-packages/serial_motor_demo_msgs/serial_motor_demo_msgs_s__rosidl_typesupport_c.cpython-310-x86_64-linux-gnu.so
[17.570s] -- Up-to-date symlink: /home/maker/bm_ws/install/serial_motor_demo_msgs/share/serial_motor_demo_msgs/msg/MotorCommand.idl
[17.574s] -- Up-to-date symlink: /home/maker/bm_ws/install/serial_motor_demo_msgs/share/serial_motor_demo_msgs/msg/MotorVels.idl
[17.583s] -- Up-to-date symlink: /home/maker/bm_ws/install/serial_motor_demo_msgs/share/serial_motor_demo_msgs/msg/EncoderVals.idl
[17.588s] -- Up-to-date symlink: /home/maker/bm_ws/install/serial_motor_demo_msgs/share/serial_motor_demo_msgs/msg/MotorCommand.msg
[17.589s] -- Up-to-date symlink: /home/maker/bm_ws/install/serial_motor_demo_msgs/share/serial_motor_demo_msgs/msg/MotorVels.msg
[17.597s] -- Up-to-date symlink: /home/maker/bm_ws/install/serial_motor_demo_msgs/share/serial_motor_demo_msgs/msg/EncoderVals.msg
[17.606s] -- Up-to-date symlink: /home/maker/bm_ws/install/serial_motor_demo_msgs/share/ament_index/resource_index/package_run_dependencies/serial_motor_demo_msgs
[17.613s] -- Up-to-date symlink: /home/maker/bm_ws/install/serial_motor_demo_msgs/share/ament_index/resource_index/parent_prefix_path/serial_motor_demo_msgs
[17.619s] -- Up-to-date symlink: /home/maker/bm_ws/install/serial_motor_demo_msgs/share/serial_motor_demo_msgs/environment/ament_prefix_path.sh
[17.625s] -- Up-to-date symlink: /home/maker/bm_ws/install/serial_motor_demo_msgs/share/serial_motor_demo_msgs/environment/ament_prefix_path.dsv
[17.631s] -- Up-to-date symlink: /home/maker/bm_ws/install/serial_motor_demo_msgs/share/serial_motor_demo_msgs/environment/path.sh
[17.643s] -- Up-to-date symlink: /home/maker/bm_ws/install/serial_motor_demo_msgs/share/serial_motor_demo_msgs/environment/path.dsv
[17.650s] -- Up-to-date symlink: /home/maker/bm_ws/install/serial_motor_demo_msgs/share/serial_motor_demo_msgs/local_setup.bash
[17.658s] -- Up-to-date symlink: /home/maker/bm_ws/install/serial_motor_demo_msgs/share/serial_motor_demo_msgs/local_setup.sh
[17.663s] -- Up-to-date symlink: /home/maker/bm_ws/install/serial_motor_demo_msgs/share/serial_motor_demo_msgs/local_setup.zsh
[17.668s] -- Up-to-date symlink: /home/maker/bm_ws/install/serial_motor_demo_msgs/share/serial_motor_demo_msgs/local_setup.dsv
[17.671s] -- Symlinking: /home/maker/bm_ws/install/serial_motor_demo_msgs/share/serial_motor_demo_msgs/package.dsv
[17.810s] -- Up-to-date symlink: /home/maker/bm_ws/install/serial_motor_demo_msgs/share/ament_index/resource_index/packages/serial_motor_demo_msgs
[17.820s] -- Up-to-date symlink: /home/maker/bm_ws/install/serial_motor_demo_msgs/share/serial_motor_demo_msgs/cmake/rosidl_cmake-extras.cmake
[17.823s] -- Up-to-date symlink: /home/maker/bm_ws/install/serial_motor_demo_msgs/share/serial_motor_demo_msgs/cmake/ament_cmake_export_include_directories-extras.cmake
[17.831s] -- Up-to-date symlink: /home/maker/bm_ws/install/serial_motor_demo_msgs/share/serial_motor_demo_msgs/cmake/ament_cmake_export_libraries-extras.cmake
[17.836s] -- Up-to-date symlink: /home/maker/bm_ws/install/serial_motor_demo_msgs/share/serial_motor_demo_msgs/cmake/ament_cmake_export_targets-extras.cmake
[17.836s] -- Up-to-date symlink: /home/maker/bm_ws/install/serial_motor_demo_msgs/share/serial_motor_demo_msgs/cmake/rosidl_cmake_export_typesupport_targets-extras.cmake
[17.839s] -- Up-to-date symlink: /home/maker/bm_ws/install/serial_motor_demo_msgs/share/serial_motor_demo_msgs/cmake/ament_cmake_export_dependencies-extras.cmake
[17.843s] -- Up-to-date symlink: /home/maker/bm_ws/install/serial_motor_demo_msgs/share/serial_motor_demo_msgs/cmake/rosidl_cmake_export_typesupport_libraries-extras.cmake
[17.846s] -- Up-to-date symlink: /home/maker/bm_ws/install/serial_motor_demo_msgs/share/serial_motor_demo_msgs/cmake/serial_motor_demo_msgsConfig.cmake
[17.849s] -- Up-to-date symlink: /home/maker/bm_ws/install/serial_motor_demo_msgs/share/serial_motor_demo_msgs/cmake/serial_motor_demo_msgsConfig-version.cmake
[17.853s] -- Up-to-date symlink: /home/maker/bm_ws/install/serial_motor_demo_msgs/share/serial_motor_demo_msgs/package.xml
[17.871s] -- Up-to-date: /home/maker/bm_ws/install/serial_motor_demo_msgs/lib/libserial_motor_demo_msgs__rosidl_generator_c.so
[17.881s] -- Up-to-date: /home/maker/bm_ws/install/serial_motor_demo_msgs/lib/libserial_motor_demo_msgs__rosidl_typesupport_fastrtps_c.so
[17.892s] -- Up-to-date: /home/maker/bm_ws/install/serial_motor_demo_msgs/lib/libserial_motor_demo_msgs__rosidl_typesupport_introspection_c.so
[17.902s] -- Up-to-date: /home/maker/bm_ws/install/serial_motor_demo_msgs/lib/libserial_motor_demo_msgs__rosidl_typesupport_c.so
[17.921s] -- Up-to-date: /home/maker/bm_ws/install/serial_motor_demo_msgs/lib/libserial_motor_demo_msgs__rosidl_typesupport_fastrtps_cpp.so
[17.932s] -- Up-to-date: /home/maker/bm_ws/install/serial_motor_demo_msgs/lib/libserial_motor_demo_msgs__rosidl_typesupport_introspection_cpp.so
[17.935s] -- Up-to-date: /home/maker/bm_ws/install/serial_motor_demo_msgs/lib/libserial_motor_demo_msgs__rosidl_typesupport_cpp.so
[18.886s] Listing '/home/maker/bm_ws/install/serial_motor_demo_msgs/local/lib/python3.10/dist-packages/serial_motor_demo_msgs'...
[18.887s] Listing '/home/maker/bm_ws/install/serial_motor_demo_msgs/local/lib/python3.10/dist-packages/serial_motor_demo_msgs/msg'...
[18.948s] -- Up-to-date: /home/maker/bm_ws/install/serial_motor_demo_msgs/lib/libserial_motor_demo_msgs__rosidl_generator_py.so
[18.958s] -- Up-to-date: /home/maker/bm_ws/install/serial_motor_demo_msgs/share/serial_motor_demo_msgs/cmake/export_serial_motor_demo_msgs__rosidl_generator_cExport.cmake
[18.962s] -- Up-to-date: /home/maker/bm_ws/install/serial_motor_demo_msgs/share/serial_motor_demo_msgs/cmake/export_serial_motor_demo_msgs__rosidl_generator_cExport-noconfig.cmake
[18.965s] -- Up-to-date: /home/maker/bm_ws/install/serial_motor_demo_msgs/share/serial_motor_demo_msgs/cmake/export_serial_motor_demo_msgs__rosidl_typesupport_fastrtps_cExport.cmake
[18.970s] -- Up-to-date: /home/maker/bm_ws/install/serial_motor_demo_msgs/share/serial_motor_demo_msgs/cmake/export_serial_motor_demo_msgs__rosidl_typesupport_fastrtps_cExport-noconfig.cmake
[18.979s] -- Up-to-date: /home/maker/bm_ws/install/serial_motor_demo_msgs/share/serial_motor_demo_msgs/cmake/serial_motor_demo_msgs__rosidl_typesupport_introspection_cExport.cmake
[18.979s] -- Up-to-date: /home/maker/bm_ws/install/serial_motor_demo_msgs/share/serial_motor_demo_msgs/cmake/serial_motor_demo_msgs__rosidl_typesupport_introspection_cExport-noconfig.cmake
[18.985s] -- Up-to-date: /home/maker/bm_ws/install/serial_motor_demo_msgs/share/serial_motor_demo_msgs/cmake/serial_motor_demo_msgs__rosidl_typesupport_cExport.cmake
[18.994s] -- Up-to-date: /home/maker/bm_ws/install/serial_motor_demo_msgs/share/serial_motor_demo_msgs/cmake/serial_motor_demo_msgs__rosidl_typesupport_cExport-noconfig.cmake
[18.995s] -- Up-to-date: /home/maker/bm_ws/install/serial_motor_demo_msgs/share/serial_motor_demo_msgs/cmake/export_serial_motor_demo_msgs__rosidl_generator_cppExport.cmake
[19.011s] -- Up-to-date: /home/maker/bm_ws/install/serial_motor_demo_msgs/share/serial_motor_demo_msgs/cmake/export_serial_motor_demo_msgs__rosidl_typesupport_fastrtps_cppExport.cmake
[19.011s] -- Up-to-date: /home/maker/bm_ws/install/serial_motor_demo_msgs/share/serial_motor_demo_msgs/cmake/export_serial_motor_demo_msgs__rosidl_typesupport_fastrtps_cppExport-noconfig.cmake
[19.018s] -- Up-to-date: /home/maker/bm_ws/install/serial_motor_demo_msgs/share/serial_motor_demo_msgs/cmake/serial_motor_demo_msgs__rosidl_typesupport_introspection_cppExport.cmake
[19.027s] -- Up-to-date: /home/maker/bm_ws/install/serial_motor_demo_msgs/share/serial_motor_demo_msgs/cmake/serial_motor_demo_msgs__rosidl_typesupport_introspection_cppExport-noconfig.cmake
[19.048s] -- Up-to-date: /home/maker/bm_ws/install/serial_motor_demo_msgs/share/serial_motor_demo_msgs/cmake/serial_motor_demo_msgs__rosidl_typesupport_cppExport.cmake
[19.049s] -- Up-to-date: /home/maker/bm_ws/install/serial_motor_demo_msgs/share/serial_motor_demo_msgs/cmake/serial_motor_demo_msgs__rosidl_typesupport_cppExport-noconfig.cmake
[19.057s] -- Up-to-date: /home/maker/bm_ws/install/serial_motor_demo_msgs/share/serial_motor_demo_msgs/cmake/export_serial_motor_demo_msgs__rosidl_generator_pyExport.cmake
[19.069s] -- Up-to-date: /home/maker/bm_ws/install/serial_motor_demo_msgs/share/serial_motor_demo_msgs/cmake/export_serial_motor_demo_msgs__rosidl_generator_pyExport-noconfig.cmake
[19.088s] Invoked command in '/home/maker/bm_ws/build/serial_motor_demo_msgs' returned '0': CMAKE_PREFIX_PATH=/opt/ros/humble /usr/bin/cmake --install /home/maker/bm_ws/build/serial_motor_demo_msgs
