[4.538s] Invoking command in '/home/maker/bm_ws/build/serial_motor_demo': AMENT_PREFIX_PATH=/home/maker/bm_ws/install/serial_motor_demo_msgs:${AMENT_PREFIX_PATH} CMAKE_PREFIX_PATH=/home/maker/bm_ws/install/serial_motor_demo_msgs LD_LIBRARY_PATH=/home/maker/bm_ws/install/serial_motor_demo_msgs/lib:${LD_LIBRARY_PATH} PYTHONPATH=/home/maker/bm_ws/build/serial_motor_demo/prefix_override:/usr/lib/python3/dist-packages/colcon_core/task/python/colcon_distutils_commands:/home/maker/bm_ws/install/serial_motor_demo/lib/python3.10/site-packages:/home/maker/bm_ws/install/serial_motor_demo_msgs/local/lib/python3.10/dist-packages:${PYTHONPATH} /usr/bin/python3 -W ignore:setup.py install is deprecated -W ignore:easy_install command is deprecated setup.py develop --editable --build-directory /home/maker/bm_ws/build/serial_motor_demo/build --no-deps symlink_data
[5.048s] /home/maker/.local/lib/python3.10/site-packages/setuptools/dist.py:599: SetuptoolsDeprecationWarning: Invalid dash-separated key 'script-dir' in 'develop' (setup.cfg), please use the underscore name 'script_dir' instead.
[5.048s] !!
[5.048s] 
[5.049s]         ********************************************************************************
[5.049s]         Usage of dash-separated 'script-dir' will not be supported in future
[5.049s]         versions. Please use the underscore name 'script_dir' instead.
[5.049s] 
[5.049s]         By 2026-Mar-03, you need to update your project and remove deprecated calls
[5.049s]         or your builds will no longer be supported.
[5.050s] 
[5.050s]         See https://setuptools.pypa.io/en/latest/userguide/declarative_config.html for details.
[5.050s]         ********************************************************************************
[5.050s] 
[5.050s] !!
[5.050s]   opt = self._enforce_underscore(opt, section)
[5.110s] /home/maker/.local/lib/python3.10/site-packages/setuptools/_distutils/dist.py:289: UserWarning: Unknown distribution option: 'tests_require'
[5.110s]   warnings.warn(msg)
[5.223s] /home/maker/.local/lib/python3.10/site-packages/setuptools/dist.py:599: SetuptoolsDeprecationWarning: Invalid dash-separated key 'script-dir' in 'develop' (setup.cfg), please use the underscore name 'script_dir' instead.
[5.223s] !!
[5.223s] 
[5.223s]         ********************************************************************************
[5.223s]         Usage of dash-separated 'script-dir' will not be supported in future
[5.224s]         versions. Please use the underscore name 'script_dir' instead.
[5.224s]         (Affected: serial_motor_demo).
[5.224s] 
[5.224s]         By 2026-Mar-03, you need to update your project and remove deprecated calls
[5.225s]         or your builds will no longer be supported.
[5.225s] 
[5.225s]         See https://setuptools.pypa.io/en/latest/userguide/declarative_config.html for details.
[5.225s]         ********************************************************************************
[5.226s] 
[5.227s] !!
[5.227s]   opt = self._enforce_underscore(opt, section)
[5.774s] running develop
[6.773s] running egg_info
[6.835s] writing serial_motor_demo.egg-info/PKG-INFO
[6.839s] writing dependency_links to serial_motor_demo.egg-info/dependency_links.txt
[6.841s] writing entry points to serial_motor_demo.egg-info/entry_points.txt
[6.845s] writing requirements to serial_motor_demo.egg-info/requires.txt
[6.846s] writing top-level names to serial_motor_demo.egg-info/top_level.txt
[7.011s] reading manifest file 'serial_motor_demo.egg-info/SOURCES.txt'
[7.016s] writing manifest file 'serial_motor_demo.egg-info/SOURCES.txt'
[7.082s] running build_ext
[7.083s] Creating /home/maker/bm_ws/install/serial_motor_demo/lib/python3.10/site-packages/serial-motor-demo.egg-link (link to .)
[7.089s] Installing driver script to /home/maker/bm_ws/install/serial_motor_demo/lib/serial_motor_demo
[7.090s] Installing gui script to /home/maker/bm_ws/install/serial_motor_demo/lib/serial_motor_demo
[7.092s] 
[7.092s] Installed /home/maker/bm_ws/build/serial_motor_demo
[7.093s] running symlink_data
[7.237s] Invoked command in '/home/maker/bm_ws/build/serial_motor_demo' returned '0': AMENT_PREFIX_PATH=/home/maker/bm_ws/install/serial_motor_demo_msgs:${AMENT_PREFIX_PATH} CMAKE_PREFIX_PATH=/home/maker/bm_ws/install/serial_motor_demo_msgs LD_LIBRARY_PATH=/home/maker/bm_ws/install/serial_motor_demo_msgs/lib:${LD_LIBRARY_PATH} PYTHONPATH=/home/maker/bm_ws/build/serial_motor_demo/prefix_override:/usr/lib/python3/dist-packages/colcon_core/task/python/colcon_distutils_commands:/home/maker/bm_ws/install/serial_motor_demo/lib/python3.10/site-packages:/home/maker/bm_ws/install/serial_motor_demo_msgs/local/lib/python3.10/dist-packages:${PYTHONPATH} /usr/bin/python3 -W ignore:setup.py install is deprecated -W ignore:easy_install command is deprecated setup.py develop --editable --build-directory /home/maker/bm_ws/build/serial_motor_demo/build --no-deps symlink_data
