[10.657s] Invoking command in '/home/maker/bm_ws/build/serial_motor_demo': AMENT_PREFIX_PATH=/home/maker/bm_ws/install/serial_motor_demo_msgs:${AMENT_PREFIX_PATH} CMAKE_PREFIX_PATH=/home/maker/bm_ws/install/serial_motor_demo_msgs LD_LIBRARY_PATH=/home/maker/bm_ws/install/serial_motor_demo_msgs/lib:${LD_LIBRARY_PATH} PYTHONPATH=/home/maker/bm_ws/build/serial_motor_demo/prefix_override:/usr/lib/python3/dist-packages/colcon_core/task/python/colcon_distutils_commands:/home/maker/bm_ws/install/serial_motor_demo/lib/python3.10/site-packages:/home/maker/bm_ws/install/serial_motor_demo_msgs/local/lib/python3.10/dist-packages:${PYTHONPATH} /usr/bin/python3 -W ignore:setup.py install is deprecated -W ignore:easy_install command is deprecated setup.py develop --editable --build-directory /home/maker/bm_ws/build/serial_motor_demo/build --no-deps symlink_data
[12.017s] /home/maker/.local/lib/python3.10/site-packages/setuptools/dist.py:599: SetuptoolsDeprecationWarning: Invalid dash-separated key 'script-dir' in 'develop' (setup.cfg), please use the underscore name 'script_dir' instead.
[12.017s] !!
[12.019s] 
[12.025s]         ********************************************************************************
[12.025s]         Usage of dash-separated 'script-dir' will not be supported in future
[12.025s]         versions. Please use the underscore name 'script_dir' instead.
[12.025s] 
[12.026s]         By 2026-Mar-03, you need to update your project and remove deprecated calls
[12.026s]         or your builds will no longer be supported.
[12.026s] 
[12.026s]         See https://setuptools.pypa.io/en/latest/userguide/declarative_config.html for details.
[12.026s]         ********************************************************************************
[12.026s] 
[12.026s] !!
[12.032s]   opt = self._enforce_underscore(opt, section)
[12.242s] /home/maker/.local/lib/python3.10/site-packages/setuptools/_distutils/dist.py:289: UserWarning: Unknown distribution option: 'tests_require'
[12.242s]   warnings.warn(msg)
[12.614s] /home/maker/.local/lib/python3.10/site-packages/setuptools/dist.py:599: SetuptoolsDeprecationWarning: Invalid dash-separated key 'script-dir' in 'develop' (setup.cfg), please use the underscore name 'script_dir' instead.
[12.616s] !!
[12.616s] 
[12.617s]         ********************************************************************************
[12.617s]         Usage of dash-separated 'script-dir' will not be supported in future
[12.617s]         versions. Please use the underscore name 'script_dir' instead.
[12.617s]         (Affected: serial_motor_demo).
[12.617s] 
[12.622s]         By 2026-Mar-03, you need to update your project and remove deprecated calls
[12.622s]         or your builds will no longer be supported.
[12.622s] 
[12.622s]         See https://setuptools.pypa.io/en/latest/userguide/declarative_config.html for details.
[12.623s]         ********************************************************************************
[12.623s] 
[12.631s] !!
[12.631s]   opt = self._enforce_underscore(opt, section)
[13.607s] running develop
[16.858s] running egg_info
[17.729s] writing serial_motor_demo.egg-info/PKG-INFO
[17.730s] writing dependency_links to serial_motor_demo.egg-info/dependency_links.txt
[17.739s] writing entry points to serial_motor_demo.egg-info/entry_points.txt
[17.752s] writing requirements to serial_motor_demo.egg-info/requires.txt
[17.752s] writing top-level names to serial_motor_demo.egg-info/top_level.txt
[18.023s] reading manifest file 'serial_motor_demo.egg-info/SOURCES.txt'
[18.073s] writing manifest file 'serial_motor_demo.egg-info/SOURCES.txt'
[18.329s] running build_ext
[18.329s] Creating /home/maker/bm_ws/install/serial_motor_demo/lib/python3.10/site-packages/serial-motor-demo.egg-link (link to .)
[18.330s] Installing driver script to /home/maker/bm_ws/install/serial_motor_demo/lib/serial_motor_demo
[18.340s] Installing gui script to /home/maker/bm_ws/install/serial_motor_demo/lib/serial_motor_demo
[18.346s] 
[18.346s] Installed /home/maker/bm_ws/build/serial_motor_demo
[18.363s] running symlink_data
[18.582s] Invoked command in '/home/maker/bm_ws/build/serial_motor_demo' returned '0': AMENT_PREFIX_PATH=/home/maker/bm_ws/install/serial_motor_demo_msgs:${AMENT_PREFIX_PATH} CMAKE_PREFIX_PATH=/home/maker/bm_ws/install/serial_motor_demo_msgs LD_LIBRARY_PATH=/home/maker/bm_ws/install/serial_motor_demo_msgs/lib:${LD_LIBRARY_PATH} PYTHONPATH=/home/maker/bm_ws/build/serial_motor_demo/prefix_override:/usr/lib/python3/dist-packages/colcon_core/task/python/colcon_distutils_commands:/home/maker/bm_ws/install/serial_motor_demo/lib/python3.10/site-packages:/home/maker/bm_ws/install/serial_motor_demo_msgs/local/lib/python3.10/dist-packages:${PYTHONPATH} /usr/bin/python3 -W ignore:setup.py install is deprecated -W ignore:easy_install command is deprecated setup.py develop --editable --build-directory /home/maker/bm_ws/build/serial_motor_demo/build --no-deps symlink_data
