[6.904s] Invoking command in '/home/maker/bm_ws/build/serial_motor_demo': CMAKE_PREFIX_PATH=/home/maker/bm_ws/install/serial_motor_demo_msgs:/home/maker/bm_ws/install/sllidar_ros2:/home/maker/bm_ws/install/my_bot PYTHONPATH=/home/maker/bm_ws/build/serial_motor_demo/prefix_override:/usr/lib/python3/dist-packages/colcon_core/task/python/colcon_distutils_commands:/home/maker/bm_ws/install/serial_motor_demo/lib/python3.10/site-packages:${PYTHONPATH} /usr/bin/python3 -W ignore:setup.py install is deprecated -W ignore:easy_install command is deprecated setup.py develop --editable --build-directory /home/maker/bm_ws/build/serial_motor_demo/build --no-deps symlink_data
[8.264s] /home/maker/.local/lib/python3.10/site-packages/setuptools/dist.py:599: SetuptoolsDeprecationWarning: Invalid dash-separated key 'script-dir' in 'develop' (setup.cfg), please use the underscore name 'script_dir' instead.
[8.266s] !!
[8.267s] 
[8.267s]         ********************************************************************************
[8.268s]         Usage of dash-separated 'script-dir' will not be supported in future
[8.268s]         versions. Please use the underscore name 'script_dir' instead.
[8.268s] 
[8.270s]         By 2026-Mar-03, you need to update your project and remove deprecated calls
[8.270s]         or your builds will no longer be supported.
[8.271s] 
[8.271s]         See https://setuptools.pypa.io/en/latest/userguide/declarative_config.html for details.
[8.272s]         ********************************************************************************
[8.272s] 
[8.273s] !!
[8.273s]   opt = self._enforce_underscore(opt, section)
[8.358s] /home/maker/.local/lib/python3.10/site-packages/setuptools/_distutils/dist.py:289: UserWarning: Unknown distribution option: 'tests_require'
[8.358s]   warnings.warn(msg)
[8.480s] /home/maker/.local/lib/python3.10/site-packages/setuptools/dist.py:599: SetuptoolsDeprecationWarning: Invalid dash-separated key 'script-dir' in 'develop' (setup.cfg), please use the underscore name 'script_dir' instead.
[8.480s] !!
[8.480s] 
[8.481s]         ********************************************************************************
[8.481s]         Usage of dash-separated 'script-dir' will not be supported in future
[8.481s]         versions. Please use the underscore name 'script_dir' instead.
[8.481s]         (Affected: serial_motor_demo).
[8.481s] 
[8.482s]         By 2026-Mar-03, you need to update your project and remove deprecated calls
[8.482s]         or your builds will no longer be supported.
[8.482s] 
[8.482s]         See https://setuptools.pypa.io/en/latest/userguide/declarative_config.html for details.
[8.482s]         ********************************************************************************
[8.483s] 
[8.483s] !!
[8.483s]   opt = self._enforce_underscore(opt, section)
[9.339s] running develop
[10.935s] running egg_info
[11.011s] writing serial_motor_demo.egg-info/PKG-INFO
[11.013s] writing dependency_links to serial_motor_demo.egg-info/dependency_links.txt
[11.015s] writing entry points to serial_motor_demo.egg-info/entry_points.txt
[11.017s] writing requirements to serial_motor_demo.egg-info/requires.txt
[11.018s] writing top-level names to serial_motor_demo.egg-info/top_level.txt
[11.149s] reading manifest file 'serial_motor_demo.egg-info/SOURCES.txt'
[11.155s] writing manifest file 'serial_motor_demo.egg-info/SOURCES.txt'
[11.209s] running build_ext
[11.209s] Creating /home/maker/bm_ws/install/serial_motor_demo/lib/python3.10/site-packages/serial-motor-demo.egg-link (link to .)
[11.213s] Installing driver script to /home/maker/bm_ws/install/serial_motor_demo/lib/serial_motor_demo
[11.216s] Installing gui script to /home/maker/bm_ws/install/serial_motor_demo/lib/serial_motor_demo
[11.217s] 
[11.218s] Installed /home/maker/bm_ws/build/serial_motor_demo
[11.218s] running symlink_data
[11.346s] Invoked command in '/home/maker/bm_ws/build/serial_motor_demo' returned '0': CMAKE_PREFIX_PATH=/home/maker/bm_ws/install/serial_motor_demo_msgs:/home/maker/bm_ws/install/sllidar_ros2:/home/maker/bm_ws/install/my_bot PYTHONPATH=/home/maker/bm_ws/build/serial_motor_demo/prefix_override:/usr/lib/python3/dist-packages/colcon_core/task/python/colcon_distutils_commands:/home/maker/bm_ws/install/serial_motor_demo/lib/python3.10/site-packages:${PYTHONPATH} /usr/bin/python3 -W ignore:setup.py install is deprecated -W ignore:easy_install command is deprecated setup.py develop --editable --build-directory /home/maker/bm_ws/build/serial_motor_demo/build --no-deps symlink_data
