[0.070s] Invoking command in '/home/maker/bm_ws/build/sllidar_ros2': CMAKE_PREFIX_PATH=${CMAKE_PREFIX_PATH}:/home/maker/bm_ws/install/serial_motor_demo:/opt/ros/humble /usr/bin/cmake --build /home/maker/bm_ws/build/sllidar_ros2 -- -j2 -l2
[0.769s] [ 90%] Built target sllidar_node
[0.898s] [100%] Built target sllidar_client
[0.939s] Invoked command in '/home/maker/bm_ws/build/sllidar_ros2' returned '0': CMAKE_PREFIX_PATH=${CMAKE_PREFIX_PATH}:/home/maker/bm_ws/install/serial_motor_demo:/opt/ros/humble /usr/bin/cmake --build /home/maker/bm_ws/build/sllidar_ros2 -- -j2 -l2
[0.951s] Invoking command in '/home/maker/bm_ws/build/sllidar_ros2': CMAKE_PREFIX_PATH=${CMAKE_PREFIX_PATH}:/home/maker/bm_ws/install/serial_motor_demo:/opt/ros/humble /usr/bin/cmake --install /home/maker/bm_ws/build/sllidar_ros2
[0.988s] -- Install configuration: ""
[0.991s] -- Execute custom install script
[1.000s] -- Up-to-date symlink: /home/maker/bm_ws/install/sllidar_ros2/share/sllidar_ros2/launch/sllidar_a1_launch.py
[1.002s] -- Up-to-date symlink: /home/maker/bm_ws/install/sllidar_ros2/share/sllidar_ros2/launch/sllidar_a2m12_launch .py
[1.005s] -- Up-to-date symlink: /home/maker/bm_ws/install/sllidar_ros2/share/sllidar_ros2/launch/sllidar_a2m7_launch.py
[1.007s] -- Up-to-date symlink: /home/maker/bm_ws/install/sllidar_ros2/share/sllidar_ros2/launch/sllidar_a2m8_launch.py
[1.008s] -- Up-to-date symlink: /home/maker/bm_ws/install/sllidar_ros2/share/sllidar_ros2/launch/sllidar_a3_launch.py
[1.010s] -- Up-to-date symlink: /home/maker/bm_ws/install/sllidar_ros2/share/sllidar_ros2/launch/sllidar_c1_launch.py
[1.012s] -- Up-to-date symlink: /home/maker/bm_ws/install/sllidar_ros2/share/sllidar_ros2/launch/sllidar_custom.launch.py
[1.015s] -- Up-to-date symlink: /home/maker/bm_ws/install/sllidar_ros2/share/sllidar_ros2/launch/sllidar_s1_launch.py
[1.016s] -- Up-to-date symlink: /home/maker/bm_ws/install/sllidar_ros2/share/sllidar_ros2/launch/sllidar_s1_tcp_launch.py
[1.020s] -- Up-to-date symlink: /home/maker/bm_ws/install/sllidar_ros2/share/sllidar_ros2/launch/sllidar_s2_launch.py
[1.022s] -- Up-to-date symlink: /home/maker/bm_ws/install/sllidar_ros2/share/sllidar_ros2/launch/sllidar_s2e_launch.py
[1.023s] -- Up-to-date symlink: /home/maker/bm_ws/install/sllidar_ros2/share/sllidar_ros2/launch/sllidar_s3_launch.py
[1.023s] -- Up-to-date symlink: /home/maker/bm_ws/install/sllidar_ros2/share/sllidar_ros2/launch/sllidar_t1_launch.py
[1.024s] -- Up-to-date symlink: /home/maker/bm_ws/install/sllidar_ros2/share/sllidar_ros2/launch/view_sllidar_a1_launch.py
[1.026s] -- Up-to-date symlink: /home/maker/bm_ws/install/sllidar_ros2/share/sllidar_ros2/launch/view_sllidar_a2m12_launch.py
[1.028s] -- Up-to-date symlink: /home/maker/bm_ws/install/sllidar_ros2/share/sllidar_ros2/launch/view_sllidar_a2m7_launch.py
[1.031s] -- Up-to-date symlink: /home/maker/bm_ws/install/sllidar_ros2/share/sllidar_ros2/launch/view_sllidar_a2m8_launch.py
[1.033s] -- Up-to-date symlink: /home/maker/bm_ws/install/sllidar_ros2/share/sllidar_ros2/launch/view_sllidar_a3_launch.py
[1.035s] -- Up-to-date symlink: /home/maker/bm_ws/install/sllidar_ros2/share/sllidar_ros2/launch/view_sllidar_c1_launch.py
[1.036s] -- Up-to-date symlink: /home/maker/bm_ws/install/sllidar_ros2/share/sllidar_ros2/launch/view_sllidar_s1_launch.py
[1.037s] -- Up-to-date symlink: /home/maker/bm_ws/install/sllidar_ros2/share/sllidar_ros2/launch/view_sllidar_s1_tcp_launch.py
[1.039s] -- Up-to-date symlink: /home/maker/bm_ws/install/sllidar_ros2/share/sllidar_ros2/launch/view_sllidar_s2_launch.py
[1.041s] -- Up-to-date symlink: /home/maker/bm_ws/install/sllidar_ros2/share/sllidar_ros2/launch/view_sllidar_s2e_launch.py
[1.043s] -- Up-to-date symlink: /home/maker/bm_ws/install/sllidar_ros2/share/sllidar_ros2/launch/view_sllidar_s3_launch.py
[1.045s] -- Up-to-date symlink: /home/maker/bm_ws/install/sllidar_ros2/share/sllidar_ros2/launch/view_sllidar_t1_launch.py
[1.046s] -- Up-to-date symlink: /home/maker/bm_ws/install/sllidar_ros2/share/sllidar_ros2/rviz/sllidar_ros2.rviz
[1.050s] -- Up-to-date symlink: /home/maker/bm_ws/install/sllidar_ros2/lib/sllidar_ros2/sllidar_node
[1.050s] -- Up-to-date symlink: /home/maker/bm_ws/install/sllidar_ros2/lib/sllidar_ros2/sllidar_client
[1.052s] -- Up-to-date symlink: /home/maker/bm_ws/install/sllidar_ros2/share/ament_index/resource_index/package_run_dependencies/sllidar_ros2
[1.054s] -- Up-to-date symlink: /home/maker/bm_ws/install/sllidar_ros2/share/ament_index/resource_index/parent_prefix_path/sllidar_ros2
[1.057s] -- Up-to-date symlink: /home/maker/bm_ws/install/sllidar_ros2/share/sllidar_ros2/environment/ament_prefix_path.sh
[1.060s] -- Up-to-date symlink: /home/maker/bm_ws/install/sllidar_ros2/share/sllidar_ros2/environment/ament_prefix_path.dsv
[1.063s] -- Up-to-date symlink: /home/maker/bm_ws/install/sllidar_ros2/share/sllidar_ros2/environment/path.sh
[1.068s] -- Up-to-date symlink: /home/maker/bm_ws/install/sllidar_ros2/share/sllidar_ros2/environment/path.dsv
[1.070s] -- Up-to-date symlink: /home/maker/bm_ws/install/sllidar_ros2/share/sllidar_ros2/local_setup.bash
[1.073s] -- Up-to-date symlink: /home/maker/bm_ws/install/sllidar_ros2/share/sllidar_ros2/local_setup.sh
[1.075s] -- Up-to-date symlink: /home/maker/bm_ws/install/sllidar_ros2/share/sllidar_ros2/local_setup.zsh
[1.076s] -- Up-to-date symlink: /home/maker/bm_ws/install/sllidar_ros2/share/sllidar_ros2/local_setup.dsv
[1.082s] -- Symlinking: /home/maker/bm_ws/install/sllidar_ros2/share/sllidar_ros2/package.dsv
[1.191s] -- Up-to-date symlink: /home/maker/bm_ws/install/sllidar_ros2/share/ament_index/resource_index/packages/sllidar_ros2
[1.192s] -- Up-to-date symlink: /home/maker/bm_ws/install/sllidar_ros2/share/sllidar_ros2/cmake/ament_cmake_export_dependencies-extras.cmake
[1.196s] -- Up-to-date symlink: /home/maker/bm_ws/install/sllidar_ros2/share/sllidar_ros2/cmake/ament_cmake_export_include_directories-extras.cmake
[1.198s] -- Up-to-date symlink: /home/maker/bm_ws/install/sllidar_ros2/share/sllidar_ros2/cmake/sllidar_ros2Config.cmake
[1.199s] -- Up-to-date symlink: /home/maker/bm_ws/install/sllidar_ros2/share/sllidar_ros2/cmake/sllidar_ros2Config-version.cmake
[1.201s] -- Up-to-date symlink: /home/maker/bm_ws/install/sllidar_ros2/share/sllidar_ros2/package.xml
[1.205s] Invoked command in '/home/maker/bm_ws/build/sllidar_ros2' returned '0': CMAKE_PREFIX_PATH=${CMAKE_PREFIX_PATH}:/home/maker/bm_ws/install/serial_motor_demo:/opt/ros/humble /usr/bin/cmake --install /home/maker/bm_ws/build/sllidar_ros2
