[5.148s] Invoking command in '/home/maker/bm_ws/build/serial_motor_demo': AMENT_PREFIX_PATH=/home/maker/bm_ws/install/serial_motor_demo_msgs:${AMENT_PREFIX_PATH} CMAKE_PREFIX_PATH=/home/maker/bm_ws/install/serial_motor_demo_msgs LD_LIBRARY_PATH=/home/maker/bm_ws/install/serial_motor_demo_msgs/lib:${LD_LIBRARY_PATH} PYTHONPATH=/home/maker/bm_ws/build/serial_motor_demo/prefix_override:/usr/lib/python3/dist-packages/colcon_core/task/python/colcon_distutils_commands:/home/maker/bm_ws/install/serial_motor_demo/lib/python3.10/site-packages:/home/maker/bm_ws/install/serial_motor_demo_msgs/local/lib/python3.10/dist-packages:${PYTHONPATH} /usr/bin/python3 -W ignore:setup.py install is deprecated -W ignore:easy_install command is deprecated setup.py develop --editable --build-directory /home/maker/bm_ws/build/serial_motor_demo/build --no-deps symlink_data
[5.766s] /home/maker/.local/lib/python3.10/site-packages/setuptools/dist.py:599: SetuptoolsDeprecationWarning: Invalid dash-separated key 'script-dir' in 'develop' (setup.cfg), please use the underscore name 'script_dir' instead.
[5.767s] !!
[5.767s] 
[5.768s]         ********************************************************************************
[5.769s]         Usage of dash-separated 'script-dir' will not be supported in future
[5.769s]         versions. Please use the underscore name 'script_dir' instead.
[5.769s] 
[5.769s]         By 2026-Mar-03, you need to update your project and remove deprecated calls
[5.769s]         or your builds will no longer be supported.
[5.770s] 
[5.770s]         See https://setuptools.pypa.io/en/latest/userguide/declarative_config.html for details.
[5.770s]         ********************************************************************************
[5.770s] 
[5.770s] !!
[5.770s]   opt = self._enforce_underscore(opt, section)
[5.822s] /home/maker/.local/lib/python3.10/site-packages/setuptools/_distutils/dist.py:289: UserWarning: Unknown distribution option: 'tests_require'
[5.822s]   warnings.warn(msg)
[5.917s] /home/maker/.local/lib/python3.10/site-packages/setuptools/dist.py:599: SetuptoolsDeprecationWarning: Invalid dash-separated key 'script-dir' in 'develop' (setup.cfg), please use the underscore name 'script_dir' instead.
[5.917s] !!
[5.917s] 
[5.917s]         ********************************************************************************
[5.917s]         Usage of dash-separated 'script-dir' will not be supported in future
[5.918s]         versions. Please use the underscore name 'script_dir' instead.
[5.918s]         (Affected: serial_motor_demo).
[5.918s] 
[5.918s]         By 2026-Mar-03, you need to update your project and remove deprecated calls
[5.918s]         or your builds will no longer be supported.
[5.919s] 
[5.919s]         See https://setuptools.pypa.io/en/latest/userguide/declarative_config.html for details.
[5.919s]         ********************************************************************************
[5.919s] 
[5.919s] !!
[5.919s]   opt = self._enforce_underscore(opt, section)
[6.432s] running develop
[7.231s] running egg_info
[7.263s] writing serial_motor_demo.egg-info/PKG-INFO
[7.265s] writing dependency_links to serial_motor_demo.egg-info/dependency_links.txt
[7.266s] writing entry points to serial_motor_demo.egg-info/entry_points.txt
[7.266s] writing requirements to serial_motor_demo.egg-info/requires.txt
[7.277s] writing top-level names to serial_motor_demo.egg-info/top_level.txt
[7.390s] reading manifest file 'serial_motor_demo.egg-info/SOURCES.txt'
[7.429s] writing manifest file 'serial_motor_demo.egg-info/SOURCES.txt'
[7.491s] running build_ext
[7.492s] Creating /home/maker/bm_ws/install/serial_motor_demo/lib/python3.10/site-packages/serial-motor-demo.egg-link (link to .)
[7.496s] Installing driver script to /home/maker/bm_ws/install/serial_motor_demo/lib/serial_motor_demo
[7.496s] Installing gui script to /home/maker/bm_ws/install/serial_motor_demo/lib/serial_motor_demo
[7.499s] 
[7.499s] Installed /home/maker/bm_ws/build/serial_motor_demo
[7.499s] running symlink_data
[7.633s] Invoked command in '/home/maker/bm_ws/build/serial_motor_demo' returned '0': AMENT_PREFIX_PATH=/home/maker/bm_ws/install/serial_motor_demo_msgs:${AMENT_PREFIX_PATH} CMAKE_PREFIX_PATH=/home/maker/bm_ws/install/serial_motor_demo_msgs LD_LIBRARY_PATH=/home/maker/bm_ws/install/serial_motor_demo_msgs/lib:${LD_LIBRARY_PATH} PYTHONPATH=/home/maker/bm_ws/build/serial_motor_demo/prefix_override:/usr/lib/python3/dist-packages/colcon_core/task/python/colcon_distutils_commands:/home/maker/bm_ws/install/serial_motor_demo/lib/python3.10/site-packages:/home/maker/bm_ws/install/serial_motor_demo_msgs/local/lib/python3.10/dist-packages:${PYTHONPATH} /usr/bin/python3 -W ignore:setup.py install is deprecated -W ignore:easy_install command is deprecated setup.py develop --editable --build-directory /home/maker/bm_ws/build/serial_motor_demo/build --no-deps symlink_data
