[11.143s] Invoking command in '/home/maker/bm_ws/build/serial_motor_demo': CMAKE_PREFIX_PATH=/home/maker/bm_ws/install/serial_motor_demo_msgs:/home/maker/bm_ws/install/sllidar_ros2:/home/maker/bm_ws/install/my_bot PYTHONPATH=/home/maker/bm_ws/build/serial_motor_demo/prefix_override:/usr/lib/python3/dist-packages/colcon_core/task/python/colcon_distutils_commands:/home/maker/bm_ws/install/serial_motor_demo/lib/python3.10/site-packages:${PYTHONPATH} /usr/bin/python3 -W ignore:setup.py install is deprecated -W ignore:easy_install command is deprecated setup.py develop --editable --build-directory /home/maker/bm_ws/build/serial_motor_demo/build --no-deps symlink_data
[11.783s] /home/maker/.local/lib/python3.10/site-packages/setuptools/dist.py:599: SetuptoolsDeprecationWarning: Invalid dash-separated key 'script-dir' in 'develop' (setup.cfg), please use the underscore name 'script_dir' instead.
[11.784s] !!
[11.784s] 
[11.784s]         ********************************************************************************
[11.785s]         Usage of dash-separated 'script-dir' will not be supported in future
[11.785s]         versions. Please use the underscore name 'script_dir' instead.
[11.785s] 
[11.785s]         By 2026-Mar-03, you need to update your project and remove deprecated calls
[11.785s]         or your builds will no longer be supported.
[11.785s] 
[11.786s]         See https://setuptools.pypa.io/en/latest/userguide/declarative_config.html for details.
[11.786s]         ********************************************************************************
[11.786s] 
[11.786s] !!
[11.788s]   opt = self._enforce_underscore(opt, section)
[11.856s] /home/maker/.local/lib/python3.10/site-packages/setuptools/_distutils/dist.py:289: UserWarning: Unknown distribution option: 'tests_require'
[11.859s]   warnings.warn(msg)
[11.995s] /home/maker/.local/lib/python3.10/site-packages/setuptools/dist.py:599: SetuptoolsDeprecationWarning: Invalid dash-separated key 'script-dir' in 'develop' (setup.cfg), please use the underscore name 'script_dir' instead.
[11.996s] !!
[11.998s] 
[11.998s]         ********************************************************************************
[11.998s]         Usage of dash-separated 'script-dir' will not be supported in future
[11.998s]         versions. Please use the underscore name 'script_dir' instead.
[11.998s]         (Affected: serial_motor_demo).
[11.999s] 
[11.999s]         By 2026-Mar-03, you need to update your project and remove deprecated calls
[11.999s]         or your builds will no longer be supported.
[11.999s] 
[11.999s]         See https://setuptools.pypa.io/en/latest/userguide/declarative_config.html for details.
[11.999s]         ********************************************************************************
[12.000s] 
[12.000s] !!
[12.003s]   opt = self._enforce_underscore(opt, section)
[12.728s] running develop
[13.969s] running egg_info
[14.063s] writing serial_motor_demo.egg-info/PKG-INFO
[14.067s] writing dependency_links to serial_motor_demo.egg-info/dependency_links.txt
[14.068s] writing entry points to serial_motor_demo.egg-info/entry_points.txt
[14.073s] writing requirements to serial_motor_demo.egg-info/requires.txt
[14.076s] writing top-level names to serial_motor_demo.egg-info/top_level.txt
[14.232s] reading manifest file 'serial_motor_demo.egg-info/SOURCES.txt'
[14.242s] writing manifest file 'serial_motor_demo.egg-info/SOURCES.txt'
[14.309s] running build_ext
[14.312s] Creating /home/maker/bm_ws/install/serial_motor_demo/lib/python3.10/site-packages/serial-motor-demo.egg-link (link to .)
[14.320s] Installing driver script to /home/maker/bm_ws/install/serial_motor_demo/lib/serial_motor_demo
[14.324s] Installing gui script to /home/maker/bm_ws/install/serial_motor_demo/lib/serial_motor_demo
[14.330s] 
[14.330s] Installed /home/maker/bm_ws/build/serial_motor_demo
[14.332s] running symlink_data
[14.531s] Invoked command in '/home/maker/bm_ws/build/serial_motor_demo' returned '0': CMAKE_PREFIX_PATH=/home/maker/bm_ws/install/serial_motor_demo_msgs:/home/maker/bm_ws/install/sllidar_ros2:/home/maker/bm_ws/install/my_bot PYTHONPATH=/home/maker/bm_ws/build/serial_motor_demo/prefix_override:/usr/lib/python3/dist-packages/colcon_core/task/python/colcon_distutils_commands:/home/maker/bm_ws/install/serial_motor_demo/lib/python3.10/site-packages:${PYTHONPATH} /usr/bin/python3 -W ignore:setup.py install is deprecated -W ignore:easy_install command is deprecated setup.py develop --editable --build-directory /home/maker/bm_ws/build/serial_motor_demo/build --no-deps symlink_data
