[2.606s] Invoking command in '/home/maker/bm_ws/build/serial_motor_demo': CMAKE_PREFIX_PATH=/home/maker/bm_ws/install/serial_motor_demo_msgs:/home/maker/bm_ws/install/sllidar_ros2:/home/maker/bm_ws/install/my_bot PYTHONPATH=/home/maker/bm_ws/build/serial_motor_demo/prefix_override:/usr/lib/python3/dist-packages/colcon_core/task/python/colcon_distutils_commands:/home/maker/bm_ws/install/serial_motor_demo/lib/python3.10/site-packages:${PYTHONPATH} /usr/bin/python3 -W ignore:setup.py install is deprecated -W ignore:easy_install command is deprecated setup.py develop --editable --build-directory /home/maker/bm_ws/build/serial_motor_demo/build --no-deps symlink_data
[3.005s] /home/maker/.local/lib/python3.10/site-packages/setuptools/dist.py:599: SetuptoolsDeprecationWarning: Invalid dash-separated key 'script-dir' in 'develop' (setup.cfg), please use the underscore name 'script_dir' instead.
[3.005s] !!
[3.005s] 
[3.005s]         ********************************************************************************
[3.005s]         Usage of dash-separated 'script-dir' will not be supported in future
[3.005s]         versions. Please use the underscore name 'script_dir' instead.
[3.006s] 
[3.006s]         By 2026-Mar-03, you need to update your project and remove deprecated calls
[3.006s]         or your builds will no longer be supported.
[3.006s] 
[3.006s]         See https://setuptools.pypa.io/en/latest/userguide/declarative_config.html for details.
[3.006s]         ********************************************************************************
[3.006s] 
[3.006s] !!
[3.006s]   opt = self._enforce_underscore(opt, section)
[3.043s] /home/maker/.local/lib/python3.10/site-packages/setuptools/_distutils/dist.py:289: UserWarning: Unknown distribution option: 'tests_require'
[3.044s]   warnings.warn(msg)
[3.126s] /home/maker/.local/lib/python3.10/site-packages/setuptools/dist.py:599: SetuptoolsDeprecationWarning: Invalid dash-separated key 'script-dir' in 'develop' (setup.cfg), please use the underscore name 'script_dir' instead.
[3.126s] !!
[3.126s] 
[3.127s]         ********************************************************************************
[3.127s]         Usage of dash-separated 'script-dir' will not be supported in future
[3.127s]         versions. Please use the underscore name 'script_dir' instead.
[3.127s]         (Affected: serial_motor_demo).
[3.127s] 
[3.127s]         By 2026-Mar-03, you need to update your project and remove deprecated calls
[3.127s]         or your builds will no longer be supported.
[3.127s] 
[3.127s]         See https://setuptools.pypa.io/en/latest/userguide/declarative_config.html for details.
[3.128s]         ********************************************************************************
[3.128s] 
[3.128s] !!
[3.128s]   opt = self._enforce_underscore(opt, section)
[3.562s] running develop
[4.325s] running egg_info
[4.361s] writing serial_motor_demo.egg-info/PKG-INFO
[4.364s] writing dependency_links to serial_motor_demo.egg-info/dependency_links.txt
[4.365s] writing entry points to serial_motor_demo.egg-info/entry_points.txt
[4.366s] writing requirements to serial_motor_demo.egg-info/requires.txt
[4.367s] writing top-level names to serial_motor_demo.egg-info/top_level.txt
[4.478s] reading manifest file 'serial_motor_demo.egg-info/SOURCES.txt'
[4.484s] writing manifest file 'serial_motor_demo.egg-info/SOURCES.txt'
[4.559s] running build_ext
[4.560s] Creating /home/maker/bm_ws/install/serial_motor_demo/lib/python3.10/site-packages/serial-motor-demo.egg-link (link to .)
[4.566s] Installing driver script to /home/maker/bm_ws/install/serial_motor_demo/lib/serial_motor_demo
[4.567s] Installing gui script to /home/maker/bm_ws/install/serial_motor_demo/lib/serial_motor_demo
[4.568s] 
[4.569s] Installed /home/maker/bm_ws/build/serial_motor_demo
[4.570s] running symlink_data
[4.662s] Invoked command in '/home/maker/bm_ws/build/serial_motor_demo' returned '0': CMAKE_PREFIX_PATH=/home/maker/bm_ws/install/serial_motor_demo_msgs:/home/maker/bm_ws/install/sllidar_ros2:/home/maker/bm_ws/install/my_bot PYTHONPATH=/home/maker/bm_ws/build/serial_motor_demo/prefix_override:/usr/lib/python3/dist-packages/colcon_core/task/python/colcon_distutils_commands:/home/maker/bm_ws/install/serial_motor_demo/lib/python3.10/site-packages:${PYTHONPATH} /usr/bin/python3 -W ignore:setup.py install is deprecated -W ignore:easy_install command is deprecated setup.py develop --editable --build-directory /home/maker/bm_ws/build/serial_motor_demo/build --no-deps symlink_data
