[0.136s] Invoking command in '/home/maker/bm_ws/build/my_bot': CMAKE_PREFIX_PATH=/opt/ros/humble /usr/bin/cmake --build /home/maker/bm_ws/build/my_bot -- -j2 -l2
[0.618s] Invoked command in '/home/maker/bm_ws/build/my_bot' returned '0': CMAKE_PREFIX_PATH=/opt/ros/humble /usr/bin/cmake --build /home/maker/bm_ws/build/my_bot -- -j2 -l2
[0.662s] Invoking command in '/home/maker/bm_ws/build/my_bot': CMAKE_PREFIX_PATH=/opt/ros/humble /usr/bin/cmake --install /home/maker/bm_ws/build/my_bot
[0.725s] -- Install configuration: ""
[0.733s] -- Execute custom install script
[0.749s] -- Up-to-date symlink: /home/maker/bm_ws/install/my_bot/share/my_bot/config/drive_bot.rviz
[0.750s] -- Up-to-date symlink: /home/maker/bm_ws/install/my_bot/share/my_bot/config/empty.yaml
[0.757s] -- Up-to-date symlink: /home/maker/bm_ws/install/my_bot/share/my_bot/config/gaz_ros2_ctl_use_sim.yaml
[0.762s] -- Up-to-date symlink: /home/maker/bm_ws/install/my_bot/share/my_bot/config/gazebo_params.yaml
[0.764s] -- Up-to-date symlink: /home/maker/bm_ws/install/my_bot/share/my_bot/config/joystick.yaml
[0.764s] -- Up-to-date symlink: /home/maker/bm_ws/install/my_bot/share/my_bot/config/main.rviz
[0.782s] -- Up-to-date symlink: /home/maker/bm_ws/install/my_bot/share/my_bot/config/mapper_params_online_async.yaml
[0.782s] -- Up-to-date symlink: /home/maker/bm_ws/install/my_bot/share/my_bot/config/my_controllers.yaml
[0.783s] -- Up-to-date symlink: /home/maker/bm_ws/install/my_bot/share/my_bot/config/nav2_params.yaml
[0.788s] -- Up-to-date symlink: /home/maker/bm_ws/install/my_bot/share/my_bot/config/twist_mux.yaml
[0.788s] -- Up-to-date symlink: /home/maker/bm_ws/install/my_bot/share/my_bot/config/view_bot.rviz
[0.792s] -- Up-to-date symlink: /home/maker/bm_ws/install/my_bot/share/my_bot/description/camera.xacro
[0.793s] -- Up-to-date symlink: /home/maker/bm_ws/install/my_bot/share/my_bot/description/face.xacro
[0.799s] -- Up-to-date symlink: /home/maker/bm_ws/install/my_bot/share/my_bot/description/gazebo_control.xacro
[0.801s] -- Up-to-date symlink: /home/maker/bm_ws/install/my_bot/share/my_bot/description/inertial_macros.xacro
[0.812s] -- Up-to-date symlink: /home/maker/bm_ws/install/my_bot/share/my_bot/description/lidar.xacro
[0.816s] -- Up-to-date symlink: /home/maker/bm_ws/install/my_bot/share/my_bot/description/robot.urdf.xacro
[0.817s] -- Up-to-date symlink: /home/maker/bm_ws/install/my_bot/share/my_bot/description/robot_core.xacro
[0.819s] -- Up-to-date symlink: /home/maker/bm_ws/install/my_bot/share/my_bot/description/ros2_control.xacro
[0.823s] -- Up-to-date symlink: /home/maker/bm_ws/install/my_bot/share/my_bot/launch/camera.launch.py
[0.824s] -- Up-to-date symlink: /home/maker/bm_ws/install/my_bot/share/my_bot/launch/launch_sim.launch.py
[0.826s] -- Up-to-date symlink: /home/maker/bm_ws/install/my_bot/share/my_bot/launch/localization_launch.py
[0.827s] -- Up-to-date symlink: /home/maker/bm_ws/install/my_bot/share/my_bot/launch/navigation_launch.py
[0.830s] -- Up-to-date symlink: /home/maker/bm_ws/install/my_bot/share/my_bot/launch/online_async_launch.py
[0.832s] -- Up-to-date symlink: /home/maker/bm_ws/install/my_bot/share/my_bot/launch/rplidar.launch.py
[0.835s] -- Up-to-date symlink: /home/maker/bm_ws/install/my_bot/share/my_bot/launch/rsp.launch.py
[0.837s] -- Up-to-date symlink: /home/maker/bm_ws/install/my_bot/share/my_bot/worlds/empty.world
[0.839s] -- Up-to-date symlink: /home/maker/bm_ws/install/my_bot/share/my_bot/worlds/obstacles.world
[0.846s] -- Up-to-date symlink: /home/maker/bm_ws/install/my_bot/share/ament_index/resource_index/package_run_dependencies/my_bot
[0.852s] -- Up-to-date symlink: /home/maker/bm_ws/install/my_bot/share/ament_index/resource_index/parent_prefix_path/my_bot
[0.857s] -- Up-to-date symlink: /home/maker/bm_ws/install/my_bot/share/my_bot/environment/ament_prefix_path.sh
[0.861s] -- Up-to-date symlink: /home/maker/bm_ws/install/my_bot/share/my_bot/environment/ament_prefix_path.dsv
[0.867s] -- Up-to-date symlink: /home/maker/bm_ws/install/my_bot/share/my_bot/environment/path.sh
[0.869s] -- Up-to-date symlink: /home/maker/bm_ws/install/my_bot/share/my_bot/environment/path.dsv
[0.873s] -- Up-to-date symlink: /home/maker/bm_ws/install/my_bot/share/my_bot/local_setup.bash
[0.875s] -- Up-to-date symlink: /home/maker/bm_ws/install/my_bot/share/my_bot/local_setup.sh
[0.879s] -- Up-to-date symlink: /home/maker/bm_ws/install/my_bot/share/my_bot/local_setup.zsh
[0.884s] -- Up-to-date symlink: /home/maker/bm_ws/install/my_bot/share/my_bot/local_setup.dsv
[0.891s] -- Symlinking: /home/maker/bm_ws/install/my_bot/share/my_bot/package.dsv
[0.997s] -- Up-to-date symlink: /home/maker/bm_ws/install/my_bot/share/ament_index/resource_index/packages/my_bot
[1.004s] -- Up-to-date symlink: /home/maker/bm_ws/install/my_bot/share/my_bot/cmake/my_botConfig.cmake
[1.004s] -- Up-to-date symlink: /home/maker/bm_ws/install/my_bot/share/my_bot/cmake/my_botConfig-version.cmake
[1.015s] -- Up-to-date symlink: /home/maker/bm_ws/install/my_bot/share/my_bot/package.xml
[1.027s] Invoked command in '/home/maker/bm_ws/build/my_bot' returned '0': CMAKE_PREFIX_PATH=/opt/ros/humble /usr/bin/cmake --install /home/maker/bm_ws/build/my_bot
