[5.980s] Invoking command in '/home/maker/bm_ws/build/serial_motor_demo': AMENT_PREFIX_PATH=/home/maker/bm_ws/install/serial_motor_demo_msgs:${AMENT_PREFIX_PATH} CMAKE_PREFIX_PATH=/home/maker/bm_ws/install/serial_motor_demo_msgs LD_LIBRARY_PATH=/home/maker/bm_ws/install/serial_motor_demo_msgs/lib:${LD_LIBRARY_PATH} PYTHONPATH=/home/maker/bm_ws/build/serial_motor_demo/prefix_override:/usr/lib/python3/dist-packages/colcon_core/task/python/colcon_distutils_commands:/home/maker/bm_ws/install/serial_motor_demo/lib/python3.10/site-packages:/home/maker/bm_ws/install/serial_motor_demo_msgs/local/lib/python3.10/dist-packages:${PYTHONPATH} /usr/bin/python3 -W ignore:setup.py install is deprecated -W ignore:easy_install command is deprecated setup.py develop --editable --build-directory /home/maker/bm_ws/build/serial_motor_demo/build --no-deps symlink_data
[6.491s] /home/maker/.local/lib/python3.10/site-packages/setuptools/dist.py:599: SetuptoolsDeprecationWarning: Invalid dash-separated key 'script-dir' in 'develop' (setup.cfg), please use the underscore name 'script_dir' instead.
[6.491s] !!
[6.492s] 
[6.492s]         ********************************************************************************
[6.492s]         Usage of dash-separated 'script-dir' will not be supported in future
[6.492s]         versions. Please use the underscore name 'script_dir' instead.
[6.492s] 
[6.492s]         By 2026-Mar-03, you need to update your project and remove deprecated calls
[6.493s]         or your builds will no longer be supported.
[6.499s] 
[6.499s]         See https://setuptools.pypa.io/en/latest/userguide/declarative_config.html for details.
[6.499s]         ********************************************************************************
[6.501s] 
[6.507s] !!
[6.508s]   opt = self._enforce_underscore(opt, section)
[6.581s] /home/maker/.local/lib/python3.10/site-packages/setuptools/_distutils/dist.py:289: UserWarning: Unknown distribution option: 'tests_require'
[6.582s]   warnings.warn(msg)
[6.742s] /home/maker/.local/lib/python3.10/site-packages/setuptools/dist.py:599: SetuptoolsDeprecationWarning: Invalid dash-separated key 'script-dir' in 'develop' (setup.cfg), please use the underscore name 'script_dir' instead.
[6.742s] !!
[6.742s] 
[6.743s]         ********************************************************************************
[6.743s]         Usage of dash-separated 'script-dir' will not be supported in future
[6.743s]         versions. Please use the underscore name 'script_dir' instead.
[6.743s]         (Affected: serial_motor_demo).
[6.743s] 
[6.743s]         By 2026-Mar-03, you need to update your project and remove deprecated calls
[6.744s]         or your builds will no longer be supported.
[6.744s] 
[6.745s]         See https://setuptools.pypa.io/en/latest/userguide/declarative_config.html for details.
[6.745s]         ********************************************************************************
[6.745s] 
[6.745s] !!
[6.746s]   opt = self._enforce_underscore(opt, section)
[7.289s] running develop
[8.201s] running egg_info
[8.267s] writing serial_motor_demo.egg-info/PKG-INFO
[8.271s] writing dependency_links to serial_motor_demo.egg-info/dependency_links.txt
[8.273s] writing entry points to serial_motor_demo.egg-info/entry_points.txt
[8.277s] writing requirements to serial_motor_demo.egg-info/requires.txt
[8.278s] writing top-level names to serial_motor_demo.egg-info/top_level.txt
[8.460s] reading manifest file 'serial_motor_demo.egg-info/SOURCES.txt'
[8.464s] writing manifest file 'serial_motor_demo.egg-info/SOURCES.txt'
[8.512s] running build_ext
[8.513s] Creating /home/maker/bm_ws/install/serial_motor_demo/lib/python3.10/site-packages/serial-motor-demo.egg-link (link to .)
[8.518s] Installing driver script to /home/maker/bm_ws/install/serial_motor_demo/lib/serial_motor_demo
[8.519s] Installing gui script to /home/maker/bm_ws/install/serial_motor_demo/lib/serial_motor_demo
[8.520s] 
[8.521s] Installed /home/maker/bm_ws/build/serial_motor_demo
[8.521s] running symlink_data
[8.636s] Invoked command in '/home/maker/bm_ws/build/serial_motor_demo' returned '0': AMENT_PREFIX_PATH=/home/maker/bm_ws/install/serial_motor_demo_msgs:${AMENT_PREFIX_PATH} CMAKE_PREFIX_PATH=/home/maker/bm_ws/install/serial_motor_demo_msgs LD_LIBRARY_PATH=/home/maker/bm_ws/install/serial_motor_demo_msgs/lib:${LD_LIBRARY_PATH} PYTHONPATH=/home/maker/bm_ws/build/serial_motor_demo/prefix_override:/usr/lib/python3/dist-packages/colcon_core/task/python/colcon_distutils_commands:/home/maker/bm_ws/install/serial_motor_demo/lib/python3.10/site-packages:/home/maker/bm_ws/install/serial_motor_demo_msgs/local/lib/python3.10/dist-packages:${PYTHONPATH} /usr/bin/python3 -W ignore:setup.py install is deprecated -W ignore:easy_install command is deprecated setup.py develop --editable --build-directory /home/maker/bm_ws/build/serial_motor_demo/build --no-deps symlink_data
