[2.680s] Invoking command in '/home/maker/bm_ws/build/serial_motor_demo': CMAKE_PREFIX_PATH=/home/maker/bm_ws/install/serial_motor_demo_msgs:/home/maker/bm_ws/install/sllidar_ros2:/home/maker/bm_ws/install/my_bot PYTHONPATH=/home/maker/bm_ws/build/serial_motor_demo/prefix_override:/usr/lib/python3/dist-packages/colcon_core/task/python/colcon_distutils_commands:/home/maker/bm_ws/install/serial_motor_demo/lib/python3.10/site-packages:${PYTHONPATH} /usr/bin/python3 -W ignore:setup.py install is deprecated -W ignore:easy_install command is deprecated setup.py develop --editable --build-directory /home/maker/bm_ws/build/serial_motor_demo/build --no-deps symlink_data
[3.097s] /home/maker/.local/lib/python3.10/site-packages/setuptools/dist.py:599: SetuptoolsDeprecationWarning: Invalid dash-separated key 'script-dir' in 'develop' (setup.cfg), please use the underscore name 'script_dir' instead.
[3.097s] !!
[3.097s] 
[3.097s]         ********************************************************************************
[3.098s]         Usage of dash-separated 'script-dir' will not be supported in future
[3.098s]         versions. Please use the underscore name 'script_dir' instead.
[3.098s] 
[3.098s]         By 2026-Mar-03, you need to update your project and remove deprecated calls
[3.098s]         or your builds will no longer be supported.
[3.098s] 
[3.098s]         See https://setuptools.pypa.io/en/latest/userguide/declarative_config.html for details.
[3.099s]         ********************************************************************************
[3.099s] 
[3.099s] !!
[3.099s]   opt = self._enforce_underscore(opt, section)
[3.147s] /home/maker/.local/lib/python3.10/site-packages/setuptools/_distutils/dist.py:289: UserWarning: Unknown distribution option: 'tests_require'
[3.147s]   warnings.warn(msg)
[3.262s] /home/maker/.local/lib/python3.10/site-packages/setuptools/dist.py:599: SetuptoolsDeprecationWarning: Invalid dash-separated key 'script-dir' in 'develop' (setup.cfg), please use the underscore name 'script_dir' instead.
[3.262s] !!
[3.263s] 
[3.264s]         ********************************************************************************
[3.265s]         Usage of dash-separated 'script-dir' will not be supported in future
[3.265s]         versions. Please use the underscore name 'script_dir' instead.
[3.266s]         (Affected: serial_motor_demo).
[3.266s] 
[3.266s]         By 2026-Mar-03, you need to update your project and remove deprecated calls
[3.266s]         or your builds will no longer be supported.
[3.271s] 
[3.272s]         See https://setuptools.pypa.io/en/latest/userguide/declarative_config.html for details.
[3.272s]         ********************************************************************************
[3.272s] 
[3.272s] !!
[3.273s]   opt = self._enforce_underscore(opt, section)
[3.732s] running develop
[4.454s] running egg_info
[4.510s] writing serial_motor_demo.egg-info/PKG-INFO
[4.512s] writing dependency_links to serial_motor_demo.egg-info/dependency_links.txt
[4.514s] writing entry points to serial_motor_demo.egg-info/entry_points.txt
[4.515s] writing requirements to serial_motor_demo.egg-info/requires.txt
[4.517s] writing top-level names to serial_motor_demo.egg-info/top_level.txt
[4.640s] reading manifest file 'serial_motor_demo.egg-info/SOURCES.txt'
[4.644s] writing manifest file 'serial_motor_demo.egg-info/SOURCES.txt'
[4.701s] running build_ext
[4.703s] Creating /home/maker/bm_ws/install/serial_motor_demo/lib/python3.10/site-packages/serial-motor-demo.egg-link (link to .)
[4.705s] Installing driver script to /home/maker/bm_ws/install/serial_motor_demo/lib/serial_motor_demo
[4.706s] Installing gui script to /home/maker/bm_ws/install/serial_motor_demo/lib/serial_motor_demo
[4.707s] 
[4.707s] Installed /home/maker/bm_ws/build/serial_motor_demo
[4.708s] running symlink_data
[4.803s] Invoked command in '/home/maker/bm_ws/build/serial_motor_demo' returned '0': CMAKE_PREFIX_PATH=/home/maker/bm_ws/install/serial_motor_demo_msgs:/home/maker/bm_ws/install/sllidar_ros2:/home/maker/bm_ws/install/my_bot PYTHONPATH=/home/maker/bm_ws/build/serial_motor_demo/prefix_override:/usr/lib/python3/dist-packages/colcon_core/task/python/colcon_distutils_commands:/home/maker/bm_ws/install/serial_motor_demo/lib/python3.10/site-packages:${PYTHONPATH} /usr/bin/python3 -W ignore:setup.py install is deprecated -W ignore:easy_install command is deprecated setup.py develop --editable --build-directory /home/maker/bm_ws/build/serial_motor_demo/build --no-deps symlink_data
