[8.097s] Invoking command in '/home/maker/bm_ws/build/serial_motor_demo': AMENT_PREFIX_PATH=/home/maker/bm_ws/install/serial_motor_demo_msgs:${AMENT_PREFIX_PATH} CMAKE_PREFIX_PATH=/home/maker/bm_ws/install/serial_motor_demo_msgs LD_LIBRARY_PATH=/home/maker/bm_ws/install/serial_motor_demo_msgs/lib:${LD_LIBRARY_PATH} PYTHONPATH=/home/maker/bm_ws/build/serial_motor_demo/prefix_override:/usr/lib/python3/dist-packages/colcon_core/task/python/colcon_distutils_commands:/home/maker/bm_ws/install/serial_motor_demo/lib/python3.10/site-packages:/home/maker/bm_ws/install/serial_motor_demo_msgs/local/lib/python3.10/dist-packages:${PYTHONPATH} /usr/bin/python3 -W ignore:setup.py install is deprecated -W ignore:easy_install command is deprecated setup.py develop --editable --build-directory /home/maker/bm_ws/build/serial_motor_demo/build --no-deps symlink_data
[8.974s] /home/maker/.local/lib/python3.10/site-packages/setuptools/dist.py:599: SetuptoolsDeprecationWarning: Invalid dash-separated key 'script-dir' in 'develop' (setup.cfg), please use the underscore name 'script_dir' instead.
[8.975s] !!
[8.975s] 
[8.975s]         ********************************************************************************
[8.975s]         Usage of dash-separated 'script-dir' will not be supported in future
[8.975s]         versions. Please use the underscore name 'script_dir' instead.
[8.975s] 
[8.975s]         By 2026-Mar-03, you need to update your project and remove deprecated calls
[8.975s]         or your builds will no longer be supported.
[8.975s] 
[8.975s]         See https://setuptools.pypa.io/en/latest/userguide/declarative_config.html for details.
[8.976s]         ********************************************************************************
[8.976s] 
[8.976s] !!
[8.976s]   opt = self._enforce_underscore(opt, section)
[9.057s] /home/maker/.local/lib/python3.10/site-packages/setuptools/_distutils/dist.py:289: UserWarning: Unknown distribution option: 'tests_require'
[9.057s]   warnings.warn(msg)
[9.249s] /home/maker/.local/lib/python3.10/site-packages/setuptools/dist.py:599: SetuptoolsDeprecationWarning: Invalid dash-separated key 'script-dir' in 'develop' (setup.cfg), please use the underscore name 'script_dir' instead.
[9.250s] !!
[9.250s] 
[9.250s]         ********************************************************************************
[9.255s]         Usage of dash-separated 'script-dir' will not be supported in future
[9.256s]         versions. Please use the underscore name 'script_dir' instead.
[9.256s]         (Affected: serial_motor_demo).
[9.256s] 
[9.256s]         By 2026-Mar-03, you need to update your project and remove deprecated calls
[9.259s]         or your builds will no longer be supported.
[9.259s] 
[9.259s]         See https://setuptools.pypa.io/en/latest/userguide/declarative_config.html for details.
[9.260s]         ********************************************************************************
[9.260s] 
[9.260s] !!
[9.260s]   opt = self._enforce_underscore(opt, section)
[10.110s] running develop
[11.740s] running egg_info
[11.834s] writing serial_motor_demo.egg-info/PKG-INFO
[11.837s] writing dependency_links to serial_motor_demo.egg-info/dependency_links.txt
[11.846s] writing entry points to serial_motor_demo.egg-info/entry_points.txt
[11.850s] writing requirements to serial_motor_demo.egg-info/requires.txt
[11.856s] writing top-level names to serial_motor_demo.egg-info/top_level.txt
[12.040s] reading manifest file 'serial_motor_demo.egg-info/SOURCES.txt'
[12.047s] writing manifest file 'serial_motor_demo.egg-info/SOURCES.txt'
[12.134s] running build_ext
[12.136s] Creating /home/maker/bm_ws/install/serial_motor_demo/lib/python3.10/site-packages/serial-motor-demo.egg-link (link to .)
[12.139s] Installing driver script to /home/maker/bm_ws/install/serial_motor_demo/lib/serial_motor_demo
[12.142s] Installing gui script to /home/maker/bm_ws/install/serial_motor_demo/lib/serial_motor_demo
[12.148s] 
[12.148s] Installed /home/maker/bm_ws/build/serial_motor_demo
[12.153s] running symlink_data
[12.377s] Invoked command in '/home/maker/bm_ws/build/serial_motor_demo' returned '0': AMENT_PREFIX_PATH=/home/maker/bm_ws/install/serial_motor_demo_msgs:${AMENT_PREFIX_PATH} CMAKE_PREFIX_PATH=/home/maker/bm_ws/install/serial_motor_demo_msgs LD_LIBRARY_PATH=/home/maker/bm_ws/install/serial_motor_demo_msgs/lib:${LD_LIBRARY_PATH} PYTHONPATH=/home/maker/bm_ws/build/serial_motor_demo/prefix_override:/usr/lib/python3/dist-packages/colcon_core/task/python/colcon_distutils_commands:/home/maker/bm_ws/install/serial_motor_demo/lib/python3.10/site-packages:/home/maker/bm_ws/install/serial_motor_demo_msgs/local/lib/python3.10/dist-packages:${PYTHONPATH} /usr/bin/python3 -W ignore:setup.py install is deprecated -W ignore:easy_install command is deprecated setup.py develop --editable --build-directory /home/maker/bm_ws/build/serial_motor_demo/build --no-deps symlink_data
