[0.120s] Invoking command in '/home/maker/bm_ws/build/my_bot': CMAKE_PREFIX_PATH=${CMAKE_PREFIX_PATH}:/home/maker/bm_ws/install/serial_motor_demo:/opt/ros/humble /usr/bin/cmake --build /home/maker/bm_ws/build/my_bot -- -j2 -l2
[1.692s] Invoked command in '/home/maker/bm_ws/build/my_bot' returned '0': CMAKE_PREFIX_PATH=${CMAKE_PREFIX_PATH}:/home/maker/bm_ws/install/serial_motor_demo:/opt/ros/humble /usr/bin/cmake --build /home/maker/bm_ws/build/my_bot -- -j2 -l2
[1.925s] Invoking command in '/home/maker/bm_ws/build/my_bot': CMAKE_PREFIX_PATH=${CMAKE_PREFIX_PATH}:/home/maker/bm_ws/install/serial_motor_demo:/opt/ros/humble /usr/bin/cmake --install /home/maker/bm_ws/build/my_bot
[2.070s] -- Install configuration: ""
[2.076s] -- Execute custom install script
[2.149s] -- Up-to-date symlink: /home/maker/bm_ws/install/my_bot/share/my_bot/config/drive_bot.rviz
[2.153s] -- Up-to-date symlink: /home/maker/bm_ws/install/my_bot/share/my_bot/config/empty.yaml
[2.178s] -- Up-to-date symlink: /home/maker/bm_ws/install/my_bot/share/my_bot/config/gaz_ros2_ctl_use_sim.yaml
[2.186s] -- Up-to-date symlink: /home/maker/bm_ws/install/my_bot/share/my_bot/config/gazebo_params.yaml
[2.189s] -- Up-to-date symlink: /home/maker/bm_ws/install/my_bot/share/my_bot/config/joystick.yaml
[2.191s] -- Up-to-date symlink: /home/maker/bm_ws/install/my_bot/share/my_bot/config/main.rviz
[2.193s] -- Up-to-date symlink: /home/maker/bm_ws/install/my_bot/share/my_bot/config/mapper_params_online_async.yaml
[2.196s] -- Up-to-date symlink: /home/maker/bm_ws/install/my_bot/share/my_bot/config/my_controllers.yaml
[2.196s] -- Up-to-date symlink: /home/maker/bm_ws/install/my_bot/share/my_bot/config/nav2_params.yaml
[2.206s] -- Up-to-date symlink: /home/maker/bm_ws/install/my_bot/share/my_bot/config/twist_mux.yaml
[2.215s] -- Up-to-date symlink: /home/maker/bm_ws/install/my_bot/share/my_bot/config/view_bot.rviz
[2.220s] -- Up-to-date symlink: /home/maker/bm_ws/install/my_bot/share/my_bot/description/camera.xacro
[2.220s] -- Up-to-date symlink: /home/maker/bm_ws/install/my_bot/share/my_bot/description/face.xacro
[2.220s] -- Up-to-date symlink: /home/maker/bm_ws/install/my_bot/share/my_bot/description/gazebo_control.xacro
[2.221s] -- Up-to-date symlink: /home/maker/bm_ws/install/my_bot/share/my_bot/description/inertial_macros.xacro
[2.221s] -- Up-to-date symlink: /home/maker/bm_ws/install/my_bot/share/my_bot/description/lidar.xacro
[2.223s] -- Up-to-date symlink: /home/maker/bm_ws/install/my_bot/share/my_bot/description/robot.urdf.xacro
[2.229s] -- Up-to-date symlink: /home/maker/bm_ws/install/my_bot/share/my_bot/description/robot_core.xacro
[2.229s] -- Up-to-date symlink: /home/maker/bm_ws/install/my_bot/share/my_bot/description/ros2_control.xacro
[2.236s] -- Up-to-date symlink: /home/maker/bm_ws/install/my_bot/share/my_bot/launch/camera.launch.py
[2.236s] -- Up-to-date symlink: /home/maker/bm_ws/install/my_bot/share/my_bot/launch/launch_sim.launch.py
[2.238s] -- Up-to-date symlink: /home/maker/bm_ws/install/my_bot/share/my_bot/launch/localization_launch.py
[2.239s] -- Up-to-date symlink: /home/maker/bm_ws/install/my_bot/share/my_bot/launch/navigation_launch.py
[2.240s] -- Up-to-date symlink: /home/maker/bm_ws/install/my_bot/share/my_bot/launch/online_async_launch.py
[2.242s] -- Up-to-date symlink: /home/maker/bm_ws/install/my_bot/share/my_bot/launch/rsp.launch.py
[2.247s] -- Up-to-date symlink: /home/maker/bm_ws/install/my_bot/share/my_bot/worlds/empty.world
[2.249s] -- Up-to-date symlink: /home/maker/bm_ws/install/my_bot/share/my_bot/worlds/obstacles.world
[2.250s] -- Up-to-date symlink: /home/maker/bm_ws/install/my_bot/share/ament_index/resource_index/package_run_dependencies/my_bot
[2.255s] -- Up-to-date symlink: /home/maker/bm_ws/install/my_bot/share/ament_index/resource_index/parent_prefix_path/my_bot
[2.257s] -- Up-to-date symlink: /home/maker/bm_ws/install/my_bot/share/my_bot/environment/ament_prefix_path.sh
[2.259s] -- Up-to-date symlink: /home/maker/bm_ws/install/my_bot/share/my_bot/environment/ament_prefix_path.dsv
[2.259s] -- Up-to-date symlink: /home/maker/bm_ws/install/my_bot/share/my_bot/environment/path.sh
[2.261s] -- Up-to-date symlink: /home/maker/bm_ws/install/my_bot/share/my_bot/environment/path.dsv
[2.266s] -- Up-to-date symlink: /home/maker/bm_ws/install/my_bot/share/my_bot/local_setup.bash
[2.266s] -- Up-to-date symlink: /home/maker/bm_ws/install/my_bot/share/my_bot/local_setup.sh
[2.269s] -- Up-to-date symlink: /home/maker/bm_ws/install/my_bot/share/my_bot/local_setup.zsh
[2.269s] -- Up-to-date symlink: /home/maker/bm_ws/install/my_bot/share/my_bot/local_setup.dsv
[2.270s] -- Symlinking: /home/maker/bm_ws/install/my_bot/share/my_bot/package.dsv
[2.359s] -- Up-to-date symlink: /home/maker/bm_ws/install/my_bot/share/ament_index/resource_index/packages/my_bot
[2.365s] -- Up-to-date symlink: /home/maker/bm_ws/install/my_bot/share/my_bot/cmake/my_botConfig.cmake
[2.366s] -- Up-to-date symlink: /home/maker/bm_ws/install/my_bot/share/my_bot/cmake/my_botConfig-version.cmake
[2.369s] -- Up-to-date symlink: /home/maker/bm_ws/install/my_bot/share/my_bot/package.xml
[2.385s] Invoked command in '/home/maker/bm_ws/build/my_bot' returned '0': CMAKE_PREFIX_PATH=${CMAKE_PREFIX_PATH}:/home/maker/bm_ws/install/serial_motor_demo:/opt/ros/humble /usr/bin/cmake --install /home/maker/bm_ws/build/my_bot
