[10.749s] Invoking command in '/home/maker/bm_ws/build/serial_motor_demo': AMENT_PREFIX_PATH=/home/maker/bm_ws/install/serial_motor_demo_msgs:${AMENT_PREFIX_PATH} CMAKE_PREFIX_PATH=/home/maker/bm_ws/install/serial_motor_demo_msgs LD_LIBRARY_PATH=/home/maker/bm_ws/install/serial_motor_demo_msgs/lib:${LD_LIBRARY_PATH} PYTHONPATH=/home/maker/bm_ws/build/serial_motor_demo/prefix_override:/usr/lib/python3/dist-packages/colcon_core/task/python/colcon_distutils_commands:/home/maker/bm_ws/install/serial_motor_demo/lib/python3.10/site-packages:/home/maker/bm_ws/install/serial_motor_demo_msgs/local/lib/python3.10/dist-packages:${PYTHONPATH} /usr/bin/python3 -W ignore:setup.py install is deprecated -W ignore:easy_install command is deprecated setup.py develop --editable --build-directory /home/maker/bm_ws/build/serial_motor_demo/build --no-deps symlink_data
[12.287s] /home/maker/.local/lib/python3.10/site-packages/setuptools/dist.py:599: SetuptoolsDeprecationWarning: Invalid dash-separated key 'script-dir' in 'develop' (setup.cfg), please use the underscore name 'script_dir' instead.
[12.294s] !!
[12.294s] 
[12.299s]         ********************************************************************************
[12.300s]         Usage of dash-separated 'script-dir' will not be supported in future
[12.300s]         versions. Please use the underscore name 'script_dir' instead.
[12.300s] 
[12.300s]         By 2026-Mar-03, you need to update your project and remove deprecated calls
[12.300s]         or your builds will no longer be supported.
[12.301s] 
[12.301s]         See https://setuptools.pypa.io/en/latest/userguide/declarative_config.html for details.
[12.302s]         ********************************************************************************
[12.302s] 
[12.302s] !!
[12.310s]   opt = self._enforce_underscore(opt, section)
[12.485s] /home/maker/.local/lib/python3.10/site-packages/setuptools/_distutils/dist.py:289: UserWarning: Unknown distribution option: 'tests_require'
[12.485s]   warnings.warn(msg)
[12.657s] /home/maker/.local/lib/python3.10/site-packages/setuptools/dist.py:599: SetuptoolsDeprecationWarning: Invalid dash-separated key 'script-dir' in 'develop' (setup.cfg), please use the underscore name 'script_dir' instead.
[12.658s] !!
[12.658s] 
[12.658s]         ********************************************************************************
[12.659s]         Usage of dash-separated 'script-dir' will not be supported in future
[12.659s]         versions. Please use the underscore name 'script_dir' instead.
[12.659s]         (Affected: serial_motor_demo).
[12.659s] 
[12.660s]         By 2026-Mar-03, you need to update your project and remove deprecated calls
[12.660s]         or your builds will no longer be supported.
[12.660s] 
[12.660s]         See https://setuptools.pypa.io/en/latest/userguide/declarative_config.html for details.
[12.661s]         ********************************************************************************
[12.661s] 
[13.009s] !!
[13.010s]   opt = self._enforce_underscore(opt, section)
[13.289s] running develop
[15.623s] running egg_info
[15.933s] writing serial_motor_demo.egg-info/PKG-INFO
[15.933s] writing dependency_links to serial_motor_demo.egg-info/dependency_links.txt
[15.936s] writing entry points to serial_motor_demo.egg-info/entry_points.txt
[15.945s] writing requirements to serial_motor_demo.egg-info/requires.txt
[15.946s] writing top-level names to serial_motor_demo.egg-info/top_level.txt
[16.529s] reading manifest file 'serial_motor_demo.egg-info/SOURCES.txt'
[16.557s] writing manifest file 'serial_motor_demo.egg-info/SOURCES.txt'
[16.813s] running build_ext
[16.813s] Creating /home/maker/bm_ws/install/serial_motor_demo/lib/python3.10/site-packages/serial-motor-demo.egg-link (link to .)
[16.820s] Installing driver script to /home/maker/bm_ws/install/serial_motor_demo/lib/serial_motor_demo
[16.820s] Installing gui script to /home/maker/bm_ws/install/serial_motor_demo/lib/serial_motor_demo
[16.823s] 
[16.824s] Installed /home/maker/bm_ws/build/serial_motor_demo
[16.830s] running symlink_data
[17.214s] Invoked command in '/home/maker/bm_ws/build/serial_motor_demo' returned '0': AMENT_PREFIX_PATH=/home/maker/bm_ws/install/serial_motor_demo_msgs:${AMENT_PREFIX_PATH} CMAKE_PREFIX_PATH=/home/maker/bm_ws/install/serial_motor_demo_msgs LD_LIBRARY_PATH=/home/maker/bm_ws/install/serial_motor_demo_msgs/lib:${LD_LIBRARY_PATH} PYTHONPATH=/home/maker/bm_ws/build/serial_motor_demo/prefix_override:/usr/lib/python3/dist-packages/colcon_core/task/python/colcon_distutils_commands:/home/maker/bm_ws/install/serial_motor_demo/lib/python3.10/site-packages:/home/maker/bm_ws/install/serial_motor_demo_msgs/local/lib/python3.10/dist-packages:${PYTHONPATH} /usr/bin/python3 -W ignore:setup.py install is deprecated -W ignore:easy_install command is deprecated setup.py develop --editable --build-directory /home/maker/bm_ws/build/serial_motor_demo/build --no-deps symlink_data
