[0.063s] Invoking command in '/home/maker/bm_ws/build/my_bot': CMAKE_PREFIX_PATH=${CMAKE_PREFIX_PATH}:/home/maker/bm_ws/install/serial_motor_demo:/opt/ros/humble /usr/bin/cmake --build /home/maker/bm_ws/build/my_bot -- -j2 -l2
[0.968s] Invoked command in '/home/maker/bm_ws/build/my_bot' returned '0': CMAKE_PREFIX_PATH=${CMAKE_PREFIX_PATH}:/home/maker/bm_ws/install/serial_motor_demo:/opt/ros/humble /usr/bin/cmake --build /home/maker/bm_ws/build/my_bot -- -j2 -l2
[1.036s] Invoking command in '/home/maker/bm_ws/build/my_bot': CMAKE_PREFIX_PATH=${CMAKE_PREFIX_PATH}:/home/maker/bm_ws/install/serial_motor_demo:/opt/ros/humble /usr/bin/cmake --install /home/maker/bm_ws/build/my_bot
[1.131s] -- Install configuration: ""
[1.154s] -- Execute custom install script
[1.174s] -- Up-to-date symlink: /home/maker/bm_ws/install/my_bot/share/my_bot/config/drive_bot.rviz
[1.182s] -- Up-to-date symlink: /home/maker/bm_ws/install/my_bot/share/my_bot/config/empty.yaml
[1.186s] -- Up-to-date symlink: /home/maker/bm_ws/install/my_bot/share/my_bot/config/gaz_ros2_ctl_use_sim.yaml
[1.187s] -- Up-to-date symlink: /home/maker/bm_ws/install/my_bot/share/my_bot/config/gazebo_params.yaml
[1.201s] -- Up-to-date symlink: /home/maker/bm_ws/install/my_bot/share/my_bot/config/joystick.yaml
[1.202s] -- Up-to-date symlink: /home/maker/bm_ws/install/my_bot/share/my_bot/config/main.rviz
[1.213s] -- Up-to-date symlink: /home/maker/bm_ws/install/my_bot/share/my_bot/config/mapper_params_online_async.yaml
[1.214s] -- Up-to-date symlink: /home/maker/bm_ws/install/my_bot/share/my_bot/config/my_controllers.yaml
[1.215s] -- Up-to-date symlink: /home/maker/bm_ws/install/my_bot/share/my_bot/config/nav2_params.yaml
[1.226s] -- Up-to-date symlink: /home/maker/bm_ws/install/my_bot/share/my_bot/config/twist_mux.yaml
[1.231s] -- Up-to-date symlink: /home/maker/bm_ws/install/my_bot/share/my_bot/config/view_bot.rviz
[1.244s] -- Up-to-date symlink: /home/maker/bm_ws/install/my_bot/share/my_bot/description/camera.xacro
[1.244s] -- Up-to-date symlink: /home/maker/bm_ws/install/my_bot/share/my_bot/description/face.xacro
[1.244s] -- Up-to-date symlink: /home/maker/bm_ws/install/my_bot/share/my_bot/description/gazebo_control.xacro
[1.247s] -- Up-to-date symlink: /home/maker/bm_ws/install/my_bot/share/my_bot/description/inertial_macros.xacro
[1.248s] -- Up-to-date symlink: /home/maker/bm_ws/install/my_bot/share/my_bot/description/lidar.xacro
[1.250s] -- Up-to-date symlink: /home/maker/bm_ws/install/my_bot/share/my_bot/description/robot.urdf.xacro
[1.251s] -- Up-to-date symlink: /home/maker/bm_ws/install/my_bot/share/my_bot/description/robot_core.xacro
[1.251s] -- Up-to-date symlink: /home/maker/bm_ws/install/my_bot/share/my_bot/description/ros2_control.xacro
[1.255s] -- Up-to-date symlink: /home/maker/bm_ws/install/my_bot/share/my_bot/launch/camera.launch.py
[1.256s] -- Up-to-date symlink: /home/maker/bm_ws/install/my_bot/share/my_bot/launch/launch_sim.launch.py
[1.261s] -- Up-to-date symlink: /home/maker/bm_ws/install/my_bot/share/my_bot/launch/localization_launch.py
[1.263s] -- Up-to-date symlink: /home/maker/bm_ws/install/my_bot/share/my_bot/launch/navigation_launch.py
[1.267s] -- Up-to-date symlink: /home/maker/bm_ws/install/my_bot/share/my_bot/launch/online_async_launch.py
[1.269s] -- Up-to-date symlink: /home/maker/bm_ws/install/my_bot/share/my_bot/launch/rplidar.launch.py
[1.269s] -- Up-to-date symlink: /home/maker/bm_ws/install/my_bot/share/my_bot/launch/rsp.launch.py
[1.269s] -- Up-to-date symlink: /home/maker/bm_ws/install/my_bot/share/my_bot/worlds/empty.world
[1.273s] -- Up-to-date symlink: /home/maker/bm_ws/install/my_bot/share/my_bot/worlds/obstacles.world
[1.276s] -- Up-to-date symlink: /home/maker/bm_ws/install/my_bot/share/ament_index/resource_index/package_run_dependencies/my_bot
[1.277s] -- Up-to-date symlink: /home/maker/bm_ws/install/my_bot/share/ament_index/resource_index/parent_prefix_path/my_bot
[1.278s] -- Up-to-date symlink: /home/maker/bm_ws/install/my_bot/share/my_bot/environment/ament_prefix_path.sh
[1.279s] -- Up-to-date symlink: /home/maker/bm_ws/install/my_bot/share/my_bot/environment/ament_prefix_path.dsv
[1.280s] -- Up-to-date symlink: /home/maker/bm_ws/install/my_bot/share/my_bot/environment/path.sh
[1.282s] -- Up-to-date symlink: /home/maker/bm_ws/install/my_bot/share/my_bot/environment/path.dsv
[1.282s] -- Up-to-date symlink: /home/maker/bm_ws/install/my_bot/share/my_bot/local_setup.bash
[1.282s] -- Up-to-date symlink: /home/maker/bm_ws/install/my_bot/share/my_bot/local_setup.sh
[1.282s] -- Up-to-date symlink: /home/maker/bm_ws/install/my_bot/share/my_bot/local_setup.zsh
[1.283s] -- Up-to-date symlink: /home/maker/bm_ws/install/my_bot/share/my_bot/local_setup.dsv
[1.286s] -- Symlinking: /home/maker/bm_ws/install/my_bot/share/my_bot/package.dsv
[1.407s] -- Up-to-date symlink: /home/maker/bm_ws/install/my_bot/share/ament_index/resource_index/packages/my_bot
[1.411s] -- Up-to-date symlink: /home/maker/bm_ws/install/my_bot/share/my_bot/cmake/my_botConfig.cmake
[1.421s] -- Up-to-date symlink: /home/maker/bm_ws/install/my_bot/share/my_bot/cmake/my_botConfig-version.cmake
[1.421s] -- Up-to-date symlink: /home/maker/bm_ws/install/my_bot/share/my_bot/package.xml
[1.439s] Invoked command in '/home/maker/bm_ws/build/my_bot' returned '0': CMAKE_PREFIX_PATH=${CMAKE_PREFIX_PATH}:/home/maker/bm_ws/install/serial_motor_demo:/opt/ros/humble /usr/bin/cmake --install /home/maker/bm_ws/build/my_bot
