[5.517s] Invoking command in '/home/maker/bm_ws/build/serial_motor_demo': AMENT_PREFIX_PATH=/home/maker/bm_ws/install/serial_motor_demo_msgs:${AMENT_PREFIX_PATH} CMAKE_PREFIX_PATH=/home/maker/bm_ws/install/serial_motor_demo_msgs LD_LIBRARY_PATH=/home/maker/bm_ws/install/serial_motor_demo_msgs/lib:${LD_LIBRARY_PATH} PYTHONPATH=/home/maker/bm_ws/build/serial_motor_demo/prefix_override:/usr/lib/python3/dist-packages/colcon_core/task/python/colcon_distutils_commands:/home/maker/bm_ws/install/serial_motor_demo/lib/python3.10/site-packages:/home/maker/bm_ws/install/serial_motor_demo_msgs/local/lib/python3.10/dist-packages:${PYTHONPATH} /usr/bin/python3 -W ignore:setup.py install is deprecated -W ignore:easy_install command is deprecated setup.py develop --editable --build-directory /home/maker/bm_ws/build/serial_motor_demo/build --no-deps symlink_data
[6.077s] /home/maker/.local/lib/python3.10/site-packages/setuptools/dist.py:599: SetuptoolsDeprecationWarning: Invalid dash-separated key 'script-dir' in 'develop' (setup.cfg), please use the underscore name 'script_dir' instead.
[6.078s] !!
[6.078s] 
[6.084s]         ********************************************************************************
[6.084s]         Usage of dash-separated 'script-dir' will not be supported in future
[6.085s]         versions. Please use the underscore name 'script_dir' instead.
[6.085s] 
[6.085s]         By 2026-Mar-03, you need to update your project and remove deprecated calls
[6.085s]         or your builds will no longer be supported.
[6.099s] 
[6.107s]         See https://setuptools.pypa.io/en/latest/userguide/declarative_config.html for details.
[6.107s]         ********************************************************************************
[6.108s] 
[6.108s] !!
[6.108s]   opt = self._enforce_underscore(opt, section)
[6.160s] /home/maker/.local/lib/python3.10/site-packages/setuptools/_distutils/dist.py:289: UserWarning: Unknown distribution option: 'tests_require'
[6.163s]   warnings.warn(msg)
[6.335s] /home/maker/.local/lib/python3.10/site-packages/setuptools/dist.py:599: SetuptoolsDeprecationWarning: Invalid dash-separated key 'script-dir' in 'develop' (setup.cfg), please use the underscore name 'script_dir' instead.
[6.341s] !!
[6.342s] 
[6.344s]         ********************************************************************************
[6.344s]         Usage of dash-separated 'script-dir' will not be supported in future
[6.344s]         versions. Please use the underscore name 'script_dir' instead.
[6.344s]         (Affected: serial_motor_demo).
[6.345s] 
[6.345s]         By 2026-Mar-03, you need to update your project and remove deprecated calls
[6.345s]         or your builds will no longer be supported.
[6.345s] 
[6.345s]         See https://setuptools.pypa.io/en/latest/userguide/declarative_config.html for details.
[6.350s]         ********************************************************************************
[6.350s] 
[6.353s] !!
[6.353s]   opt = self._enforce_underscore(opt, section)
[6.961s] running develop
[7.962s] running egg_info
[8.023s] writing serial_motor_demo.egg-info/PKG-INFO
[8.030s] writing dependency_links to serial_motor_demo.egg-info/dependency_links.txt
[8.030s] writing entry points to serial_motor_demo.egg-info/entry_points.txt
[8.034s] writing requirements to serial_motor_demo.egg-info/requires.txt
[8.040s] writing top-level names to serial_motor_demo.egg-info/top_level.txt
[8.167s] reading manifest file 'serial_motor_demo.egg-info/SOURCES.txt'
[8.175s] writing manifest file 'serial_motor_demo.egg-info/SOURCES.txt'
[8.234s] running build_ext
[8.236s] Creating /home/maker/bm_ws/install/serial_motor_demo/lib/python3.10/site-packages/serial-motor-demo.egg-link (link to .)
[8.243s] Installing driver script to /home/maker/bm_ws/install/serial_motor_demo/lib/serial_motor_demo
[8.247s] Installing gui script to /home/maker/bm_ws/install/serial_motor_demo/lib/serial_motor_demo
[8.250s] 
[8.250s] Installed /home/maker/bm_ws/build/serial_motor_demo
[8.251s] running symlink_data
[8.410s] Invoked command in '/home/maker/bm_ws/build/serial_motor_demo' returned '0': AMENT_PREFIX_PATH=/home/maker/bm_ws/install/serial_motor_demo_msgs:${AMENT_PREFIX_PATH} CMAKE_PREFIX_PATH=/home/maker/bm_ws/install/serial_motor_demo_msgs LD_LIBRARY_PATH=/home/maker/bm_ws/install/serial_motor_demo_msgs/lib:${LD_LIBRARY_PATH} PYTHONPATH=/home/maker/bm_ws/build/serial_motor_demo/prefix_override:/usr/lib/python3/dist-packages/colcon_core/task/python/colcon_distutils_commands:/home/maker/bm_ws/install/serial_motor_demo/lib/python3.10/site-packages:/home/maker/bm_ws/install/serial_motor_demo_msgs/local/lib/python3.10/dist-packages:${PYTHONPATH} /usr/bin/python3 -W ignore:setup.py install is deprecated -W ignore:easy_install command is deprecated setup.py develop --editable --build-directory /home/maker/bm_ws/build/serial_motor_demo/build --no-deps symlink_data
