[2.255s] Invoking command in '/home/maker/bm_ws/src/build/serial_motor_demo': AMENT_PREFIX_PATH=/home/maker/bm_ws/src/install/serial_motor_demo_msgs:${AMENT_PREFIX_PATH} CMAKE_PREFIX_PATH=/home/maker/bm_ws/src/install/serial_motor_demo_msgs:${CMAKE_PREFIX_PATH} LD_LIBRARY_PATH=/home/maker/bm_ws/src/install/serial_motor_demo_msgs/lib:${LD_LIBRARY_PATH} PYTHONPATH=/home/maker/bm_ws/src/build/serial_motor_demo/prefix_override:/usr/lib/python3/dist-packages/colcon_core/task/python/colcon_distutils_commands:/home/maker/bm_ws/src/install/serial_motor_demo/lib/python3.10/site-packages:/home/maker/bm_ws/src/install/serial_motor_demo_msgs/local/lib/python3.10/dist-packages:${PYTHONPATH} /usr/bin/python3 -W ignore:setup.py install is deprecated -W ignore:easy_install command is deprecated setup.py develop --editable --build-directory /home/maker/bm_ws/src/build/serial_motor_demo/build --no-deps symlink_data
[3.005s] /usr/lib/python3/dist-packages/setuptools/dist.py:723: UserWarning: Usage of dash-separated 'script-dir' will not be supported in future versions. Please use the underscore name 'script_dir' instead
[3.006s]   warnings.warn(
[3.100s] running develop
[3.846s] running egg_info
[3.847s] creating serial_motor_demo.egg-info
[3.847s] writing serial_motor_demo.egg-info/PKG-INFO
[3.847s] writing dependency_links to serial_motor_demo.egg-info/dependency_links.txt
[3.849s] writing entry points to serial_motor_demo.egg-info/entry_points.txt
[3.849s] writing requirements to serial_motor_demo.egg-info/requires.txt
[3.849s] writing top-level names to serial_motor_demo.egg-info/top_level.txt
[3.850s] writing manifest file 'serial_motor_demo.egg-info/SOURCES.txt'
[3.860s] reading manifest file 'serial_motor_demo.egg-info/SOURCES.txt'
[3.862s] writing manifest file 'serial_motor_demo.egg-info/SOURCES.txt'
[3.865s] running build_ext
[3.866s] Creating /home/maker/bm_ws/src/install/serial_motor_demo/lib/python3.10/site-packages/serial-motor-demo.egg-link (link to .)
[3.875s] Installing driver script to /home/maker/bm_ws/src/install/serial_motor_demo/lib/serial_motor_demo
[3.875s] Installing gui script to /home/maker/bm_ws/src/install/serial_motor_demo/lib/serial_motor_demo
[3.875s] 
[3.875s] Installed /home/maker/bm_ws/src/build/serial_motor_demo
[3.876s] running symlink_data
[3.876s] creating /home/maker/bm_ws/src/install/serial_motor_demo/share/ament_index
[3.877s] creating /home/maker/bm_ws/src/install/serial_motor_demo/share/ament_index/resource_index
[3.877s] creating /home/maker/bm_ws/src/install/serial_motor_demo/share/ament_index/resource_index/packages
[3.877s] symbolically linking /home/maker/bm_ws/src/build/serial_motor_demo/resource/serial_motor_demo -> /home/maker/bm_ws/src/install/serial_motor_demo/share/ament_index/resource_index/packages
[3.878s] symbolically linking /home/maker/bm_ws/src/build/serial_motor_demo/package.xml -> /home/maker/bm_ws/src/install/serial_motor_demo/share/serial_motor_demo
[3.970s] Invoked command in '/home/maker/bm_ws/src/build/serial_motor_demo' returned '0': AMENT_PREFIX_PATH=/home/maker/bm_ws/src/install/serial_motor_demo_msgs:${AMENT_PREFIX_PATH} CMAKE_PREFIX_PATH=/home/maker/bm_ws/src/install/serial_motor_demo_msgs:${CMAKE_PREFIX_PATH} LD_LIBRARY_PATH=/home/maker/bm_ws/src/install/serial_motor_demo_msgs/lib:${LD_LIBRARY_PATH} PYTHONPATH=/home/maker/bm_ws/src/build/serial_motor_demo/prefix_override:/usr/lib/python3/dist-packages/colcon_core/task/python/colcon_distutils_commands:/home/maker/bm_ws/src/install/serial_motor_demo/lib/python3.10/site-packages:/home/maker/bm_ws/src/install/serial_motor_demo_msgs/local/lib/python3.10/dist-packages:${PYTHONPATH} /usr/bin/python3 -W ignore:setup.py install is deprecated -W ignore:easy_install command is deprecated setup.py develop --editable --build-directory /home/maker/bm_ws/src/build/serial_motor_demo/build --no-deps symlink_data
