[4.889s] Invoking command in '/home/maker/bm_ws/build/serial_motor_demo': AMENT_PREFIX_PATH=/home/maker/bm_ws/install/serial_motor_demo_msgs:${AMENT_PREFIX_PATH} CMAKE_PREFIX_PATH=/home/maker/bm_ws/install/serial_motor_demo_msgs LD_LIBRARY_PATH=/home/maker/bm_ws/install/serial_motor_demo_msgs/lib:${LD_LIBRARY_PATH} PYTHONPATH=/home/maker/bm_ws/build/serial_motor_demo/prefix_override:/usr/lib/python3/dist-packages/colcon_core/task/python/colcon_distutils_commands:/home/maker/bm_ws/install/serial_motor_demo/lib/python3.10/site-packages:/home/maker/bm_ws/install/serial_motor_demo_msgs/local/lib/python3.10/dist-packages:${PYTHONPATH} /usr/bin/python3 -W ignore:setup.py install is deprecated -W ignore:easy_install command is deprecated setup.py develop --editable --build-directory /home/maker/bm_ws/build/serial_motor_demo/build --no-deps symlink_data
[5.361s] /home/maker/.local/lib/python3.10/site-packages/setuptools/dist.py:599: SetuptoolsDeprecationWarning: Invalid dash-separated key 'script-dir' in 'develop' (setup.cfg), please use the underscore name 'script_dir' instead.
[5.361s] !!
[5.362s] 
[5.362s]         ********************************************************************************
[5.362s]         Usage of dash-separated 'script-dir' will not be supported in future
[5.362s]         versions. Please use the underscore name 'script_dir' instead.
[5.362s] 
[5.362s]         By 2026-Mar-03, you need to update your project and remove deprecated calls
[5.363s]         or your builds will no longer be supported.
[5.363s] 
[5.363s]         See https://setuptools.pypa.io/en/latest/userguide/declarative_config.html for details.
[5.363s]         ********************************************************************************
[5.363s] 
[5.363s] !!
[5.363s]   opt = self._enforce_underscore(opt, section)
[5.407s] /home/maker/.local/lib/python3.10/site-packages/setuptools/_distutils/dist.py:289: UserWarning: Unknown distribution option: 'tests_require'
[5.407s]   warnings.warn(msg)
[5.505s] /home/maker/.local/lib/python3.10/site-packages/setuptools/dist.py:599: SetuptoolsDeprecationWarning: Invalid dash-separated key 'script-dir' in 'develop' (setup.cfg), please use the underscore name 'script_dir' instead.
[5.505s] !!
[5.505s] 
[5.505s]         ********************************************************************************
[5.505s]         Usage of dash-separated 'script-dir' will not be supported in future
[5.505s]         versions. Please use the underscore name 'script_dir' instead.
[5.506s]         (Affected: serial_motor_demo).
[5.506s] 
[5.506s]         By 2026-Mar-03, you need to update your project and remove deprecated calls
[5.506s]         or your builds will no longer be supported.
[5.506s] 
[5.506s]         See https://setuptools.pypa.io/en/latest/userguide/declarative_config.html for details.
[5.506s]         ********************************************************************************
[5.507s] 
[5.507s] !!
[5.507s]   opt = self._enforce_underscore(opt, section)
[5.993s] running develop
[6.781s] running egg_info
[6.838s] writing serial_motor_demo.egg-info/PKG-INFO
[6.846s] writing dependency_links to serial_motor_demo.egg-info/dependency_links.txt
[6.857s] writing entry points to serial_motor_demo.egg-info/entry_points.txt
[6.862s] writing requirements to serial_motor_demo.egg-info/requires.txt
[6.862s] writing top-level names to serial_motor_demo.egg-info/top_level.txt
[7.041s] reading manifest file 'serial_motor_demo.egg-info/SOURCES.txt'
[7.047s] writing manifest file 'serial_motor_demo.egg-info/SOURCES.txt'
[7.100s] running build_ext
[7.100s] Creating /home/maker/bm_ws/install/serial_motor_demo/lib/python3.10/site-packages/serial-motor-demo.egg-link (link to .)
[7.104s] Installing driver script to /home/maker/bm_ws/install/serial_motor_demo/lib/serial_motor_demo
[7.105s] Installing gui script to /home/maker/bm_ws/install/serial_motor_demo/lib/serial_motor_demo
[7.106s] 
[7.107s] Installed /home/maker/bm_ws/build/serial_motor_demo
[7.107s] running symlink_data
[7.206s] Invoked command in '/home/maker/bm_ws/build/serial_motor_demo' returned '0': AMENT_PREFIX_PATH=/home/maker/bm_ws/install/serial_motor_demo_msgs:${AMENT_PREFIX_PATH} CMAKE_PREFIX_PATH=/home/maker/bm_ws/install/serial_motor_demo_msgs LD_LIBRARY_PATH=/home/maker/bm_ws/install/serial_motor_demo_msgs/lib:${LD_LIBRARY_PATH} PYTHONPATH=/home/maker/bm_ws/build/serial_motor_demo/prefix_override:/usr/lib/python3/dist-packages/colcon_core/task/python/colcon_distutils_commands:/home/maker/bm_ws/install/serial_motor_demo/lib/python3.10/site-packages:/home/maker/bm_ws/install/serial_motor_demo_msgs/local/lib/python3.10/dist-packages:${PYTHONPATH} /usr/bin/python3 -W ignore:setup.py install is deprecated -W ignore:easy_install command is deprecated setup.py develop --editable --build-directory /home/maker/bm_ws/build/serial_motor_demo/build --no-deps symlink_data
