[17.669s] Invoking command in '/home/maker/bm_ws/build/serial_motor_demo': AMENT_PREFIX_PATH=/home/maker/bm_ws/install/serial_motor_demo_msgs:${AMENT_PREFIX_PATH} CMAKE_PREFIX_PATH=/home/maker/bm_ws/install/serial_motor_demo_msgs LD_LIBRARY_PATH=/home/maker/bm_ws/install/serial_motor_demo_msgs/lib:${LD_LIBRARY_PATH} PYTHONPATH=/home/maker/bm_ws/build/serial_motor_demo/prefix_override:/usr/lib/python3/dist-packages/colcon_core/task/python/colcon_distutils_commands:/home/maker/bm_ws/install/serial_motor_demo/lib/python3.10/site-packages:/home/maker/bm_ws/install/serial_motor_demo_msgs/local/lib/python3.10/dist-packages:${PYTHONPATH} /usr/bin/python3 -W ignore:setup.py install is deprecated -W ignore:easy_install command is deprecated setup.py develop --editable --build-directory /home/maker/bm_ws/build/serial_motor_demo/build --no-deps symlink_data
[19.044s] /home/maker/.local/lib/python3.10/site-packages/setuptools/dist.py:599: SetuptoolsDeprecationWarning: Invalid dash-separated key 'script-dir' in 'develop' (setup.cfg), please use the underscore name 'script_dir' instead.
[19.045s] !!
[19.045s] 
[19.046s]         ********************************************************************************
[19.046s]         Usage of dash-separated 'script-dir' will not be supported in future
[19.047s]         versions. Please use the underscore name 'script_dir' instead.
[19.047s] 
[19.048s]         By 2026-Mar-03, you need to update your project and remove deprecated calls
[19.048s]         or your builds will no longer be supported.
[19.048s] 
[19.049s]         See https://setuptools.pypa.io/en/latest/userguide/declarative_config.html for details.
[19.049s]         ********************************************************************************
[19.049s] 
[19.049s] !!
[19.053s]   opt = self._enforce_underscore(opt, section)
[19.323s] /home/maker/.local/lib/python3.10/site-packages/setuptools/_distutils/dist.py:289: UserWarning: Unknown distribution option: 'tests_require'
[19.325s]   warnings.warn(msg)
[19.841s] /home/maker/.local/lib/python3.10/site-packages/setuptools/dist.py:599: SetuptoolsDeprecationWarning: Invalid dash-separated key 'script-dir' in 'develop' (setup.cfg), please use the underscore name 'script_dir' instead.
[19.845s] !!
[19.847s] 
[19.851s]         ********************************************************************************
[19.855s]         Usage of dash-separated 'script-dir' will not be supported in future
[19.862s]         versions. Please use the underscore name 'script_dir' instead.
[19.867s]         (Affected: serial_motor_demo).
[19.873s] 
[19.884s]         By 2026-Mar-03, you need to update your project and remove deprecated calls
[19.890s]         or your builds will no longer be supported.
[19.897s] 
[19.907s]         See https://setuptools.pypa.io/en/latest/userguide/declarative_config.html for details.
[19.919s]         ********************************************************************************
[19.919s] 
[19.926s] !!
[19.927s]   opt = self._enforce_underscore(opt, section)
[22.119s] running develop
[25.300s] running egg_info
[25.705s] writing serial_motor_demo.egg-info/PKG-INFO
[25.712s] writing dependency_links to serial_motor_demo.egg-info/dependency_links.txt
[25.716s] writing entry points to serial_motor_demo.egg-info/entry_points.txt
[25.721s] writing requirements to serial_motor_demo.egg-info/requires.txt
[25.730s] writing top-level names to serial_motor_demo.egg-info/top_level.txt
[26.342s] reading manifest file 'serial_motor_demo.egg-info/SOURCES.txt'
[26.364s] writing manifest file 'serial_motor_demo.egg-info/SOURCES.txt'
[26.745s] running build_ext
[26.752s] Creating /home/maker/bm_ws/install/serial_motor_demo/lib/python3.10/site-packages/serial-motor-demo.egg-link (link to .)
[26.762s] Installing driver script to /home/maker/bm_ws/install/serial_motor_demo/lib/serial_motor_demo
[26.766s] Installing gui script to /home/maker/bm_ws/install/serial_motor_demo/lib/serial_motor_demo
[26.776s] 
[26.787s] Installed /home/maker/bm_ws/build/serial_motor_demo
[26.788s] running symlink_data
[27.089s] Invoked command in '/home/maker/bm_ws/build/serial_motor_demo' returned '0': AMENT_PREFIX_PATH=/home/maker/bm_ws/install/serial_motor_demo_msgs:${AMENT_PREFIX_PATH} CMAKE_PREFIX_PATH=/home/maker/bm_ws/install/serial_motor_demo_msgs LD_LIBRARY_PATH=/home/maker/bm_ws/install/serial_motor_demo_msgs/lib:${LD_LIBRARY_PATH} PYTHONPATH=/home/maker/bm_ws/build/serial_motor_demo/prefix_override:/usr/lib/python3/dist-packages/colcon_core/task/python/colcon_distutils_commands:/home/maker/bm_ws/install/serial_motor_demo/lib/python3.10/site-packages:/home/maker/bm_ws/install/serial_motor_demo_msgs/local/lib/python3.10/dist-packages:${PYTHONPATH} /usr/bin/python3 -W ignore:setup.py install is deprecated -W ignore:easy_install command is deprecated setup.py develop --editable --build-directory /home/maker/bm_ws/build/serial_motor_demo/build --no-deps symlink_data
