[12.116s] Invoking command in '/home/maker/bm_ws/build/serial_motor_demo': AMENT_PREFIX_PATH=/home/maker/bm_ws/install/serial_motor_demo_msgs:${AMENT_PREFIX_PATH} CMAKE_PREFIX_PATH=/home/maker/bm_ws/install/serial_motor_demo_msgs LD_LIBRARY_PATH=/home/maker/bm_ws/install/serial_motor_demo_msgs/lib:${LD_LIBRARY_PATH} PYTHONPATH=/home/maker/bm_ws/build/serial_motor_demo/prefix_override:/usr/lib/python3/dist-packages/colcon_core/task/python/colcon_distutils_commands:/home/maker/bm_ws/install/serial_motor_demo/lib/python3.10/site-packages:/home/maker/bm_ws/install/serial_motor_demo_msgs/local/lib/python3.10/dist-packages:${PYTHONPATH} /usr/bin/python3 -W ignore:setup.py install is deprecated -W ignore:easy_install command is deprecated setup.py develop --editable --build-directory /home/maker/bm_ws/build/serial_motor_demo/build --no-deps symlink_data
[13.307s] /home/maker/.local/lib/python3.10/site-packages/setuptools/dist.py:599: SetuptoolsDeprecationWarning: Invalid dash-separated key 'script-dir' in 'develop' (setup.cfg), please use the underscore name 'script_dir' instead.
[13.307s] !!
[13.307s] 
[13.309s]         ********************************************************************************
[13.310s]         Usage of dash-separated 'script-dir' will not be supported in future
[13.310s]         versions. Please use the underscore name 'script_dir' instead.
[13.310s] 
[13.310s]         By 2026-Mar-03, you need to update your project and remove deprecated calls
[13.314s]         or your builds will no longer be supported.
[13.314s] 
[13.314s]         See https://setuptools.pypa.io/en/latest/userguide/declarative_config.html for details.
[13.315s]         ********************************************************************************
[13.315s] 
[13.315s] !!
[13.315s]   opt = self._enforce_underscore(opt, section)
[13.451s] /home/maker/.local/lib/python3.10/site-packages/setuptools/_distutils/dist.py:289: UserWarning: Unknown distribution option: 'tests_require'
[13.451s]   warnings.warn(msg)
[13.623s] /home/maker/.local/lib/python3.10/site-packages/setuptools/dist.py:599: SetuptoolsDeprecationWarning: Invalid dash-separated key 'script-dir' in 'develop' (setup.cfg), please use the underscore name 'script_dir' instead.
[13.623s] !!
[13.623s] 
[13.624s]         ********************************************************************************
[13.624s]         Usage of dash-separated 'script-dir' will not be supported in future
[13.624s]         versions. Please use the underscore name 'script_dir' instead.
[13.624s]         (Affected: serial_motor_demo).
[13.624s] 
[13.624s]         By 2026-Mar-03, you need to update your project and remove deprecated calls
[13.624s]         or your builds will no longer be supported.
[13.627s] 
[13.627s]         See https://setuptools.pypa.io/en/latest/userguide/declarative_config.html for details.
[13.627s]         ********************************************************************************
[13.627s] 
[13.627s] !!
[13.628s]   opt = self._enforce_underscore(opt, section)
[17.142s] running develop
[19.029s] running egg_info
[19.230s] writing serial_motor_demo.egg-info/PKG-INFO
[19.258s] writing dependency_links to serial_motor_demo.egg-info/dependency_links.txt
[19.288s] writing entry points to serial_motor_demo.egg-info/entry_points.txt
[19.292s] writing requirements to serial_motor_demo.egg-info/requires.txt
[19.297s] writing top-level names to serial_motor_demo.egg-info/top_level.txt
[19.544s] reading manifest file 'serial_motor_demo.egg-info/SOURCES.txt'
[19.580s] writing manifest file 'serial_motor_demo.egg-info/SOURCES.txt'
[19.714s] running build_ext
[19.715s] Creating /home/maker/bm_ws/install/serial_motor_demo/lib/python3.10/site-packages/serial-motor-demo.egg-link (link to .)
[19.719s] Installing driver script to /home/maker/bm_ws/install/serial_motor_demo/lib/serial_motor_demo
[19.730s] Installing gui script to /home/maker/bm_ws/install/serial_motor_demo/lib/serial_motor_demo
[19.730s] 
[19.731s] Installed /home/maker/bm_ws/build/serial_motor_demo
[19.732s] running symlink_data
[20.273s] Invoked command in '/home/maker/bm_ws/build/serial_motor_demo' returned '0': AMENT_PREFIX_PATH=/home/maker/bm_ws/install/serial_motor_demo_msgs:${AMENT_PREFIX_PATH} CMAKE_PREFIX_PATH=/home/maker/bm_ws/install/serial_motor_demo_msgs LD_LIBRARY_PATH=/home/maker/bm_ws/install/serial_motor_demo_msgs/lib:${LD_LIBRARY_PATH} PYTHONPATH=/home/maker/bm_ws/build/serial_motor_demo/prefix_override:/usr/lib/python3/dist-packages/colcon_core/task/python/colcon_distutils_commands:/home/maker/bm_ws/install/serial_motor_demo/lib/python3.10/site-packages:/home/maker/bm_ws/install/serial_motor_demo_msgs/local/lib/python3.10/dist-packages:${PYTHONPATH} /usr/bin/python3 -W ignore:setup.py install is deprecated -W ignore:easy_install command is deprecated setup.py develop --editable --build-directory /home/maker/bm_ws/build/serial_motor_demo/build --no-deps symlink_data
