[8.847s] Invoking command in '/home/maker/bm_ws/build/serial_motor_demo': AMENT_PREFIX_PATH=/home/maker/bm_ws/install/serial_motor_demo_msgs:${AMENT_PREFIX_PATH} CMAKE_PREFIX_PATH=/home/maker/bm_ws/install/serial_motor_demo_msgs LD_LIBRARY_PATH=/home/maker/bm_ws/install/serial_motor_demo_msgs/lib:${LD_LIBRARY_PATH} PYTHONPATH=/home/maker/bm_ws/build/serial_motor_demo/prefix_override:/usr/lib/python3/dist-packages/colcon_core/task/python/colcon_distutils_commands:/home/maker/bm_ws/install/serial_motor_demo/lib/python3.10/site-packages:/home/maker/bm_ws/install/serial_motor_demo_msgs/local/lib/python3.10/dist-packages:${PYTHONPATH} /usr/bin/python3 -W ignore:setup.py install is deprecated -W ignore:easy_install command is deprecated setup.py develop --editable --build-directory /home/maker/bm_ws/build/serial_motor_demo/build --no-deps symlink_data
[9.664s] /home/maker/.local/lib/python3.10/site-packages/setuptools/dist.py:599: SetuptoolsDeprecationWarning: Invalid dash-separated key 'script-dir' in 'develop' (setup.cfg), please use the underscore name 'script_dir' instead.
[9.665s] !!
[9.665s] 
[9.671s]         ********************************************************************************
[9.672s]         Usage of dash-separated 'script-dir' will not be supported in future
[9.676s]         versions. Please use the underscore name 'script_dir' instead.
[9.676s] 
[9.680s]         By 2026-Mar-03, you need to update your project and remove deprecated calls
[9.680s]         or your builds will no longer be supported.
[9.680s] 
[9.681s]         See https://setuptools.pypa.io/en/latest/userguide/declarative_config.html for details.
[9.681s]         ********************************************************************************
[9.681s] 
[9.681s] !!
[9.681s]   opt = self._enforce_underscore(opt, section)
[9.811s] /home/maker/.local/lib/python3.10/site-packages/setuptools/_distutils/dist.py:289: UserWarning: Unknown distribution option: 'tests_require'
[9.812s]   warnings.warn(msg)
[10.153s] /home/maker/.local/lib/python3.10/site-packages/setuptools/dist.py:599: SetuptoolsDeprecationWarning: Invalid dash-separated key 'script-dir' in 'develop' (setup.cfg), please use the underscore name 'script_dir' instead.
[10.154s] !!
[10.154s] 
[10.157s]         ********************************************************************************
[10.158s]         Usage of dash-separated 'script-dir' will not be supported in future
[10.158s]         versions. Please use the underscore name 'script_dir' instead.
[10.158s]         (Affected: serial_motor_demo).
[10.161s] 
[10.162s]         By 2026-Mar-03, you need to update your project and remove deprecated calls
[10.162s]         or your builds will no longer be supported.
[10.162s] 
[10.165s]         See https://setuptools.pypa.io/en/latest/userguide/declarative_config.html for details.
[10.165s]         ********************************************************************************
[10.166s] 
[10.166s] !!
[10.169s]   opt = self._enforce_underscore(opt, section)
[11.283s] running develop
[13.319s] running egg_info
[13.419s] writing serial_motor_demo.egg-info/PKG-INFO
[13.421s] writing dependency_links to serial_motor_demo.egg-info/dependency_links.txt
[13.430s] writing entry points to serial_motor_demo.egg-info/entry_points.txt
[13.432s] writing requirements to serial_motor_demo.egg-info/requires.txt
[13.433s] writing top-level names to serial_motor_demo.egg-info/top_level.txt
[13.683s] reading manifest file 'serial_motor_demo.egg-info/SOURCES.txt'
[13.689s] writing manifest file 'serial_motor_demo.egg-info/SOURCES.txt'
[13.783s] running build_ext
[13.784s] Creating /home/maker/bm_ws/install/serial_motor_demo/lib/python3.10/site-packages/serial-motor-demo.egg-link (link to .)
[13.788s] Installing driver script to /home/maker/bm_ws/install/serial_motor_demo/lib/serial_motor_demo
[13.793s] Installing gui script to /home/maker/bm_ws/install/serial_motor_demo/lib/serial_motor_demo
[13.794s] 
[13.794s] Installed /home/maker/bm_ws/build/serial_motor_demo
[13.799s] running symlink_data
[14.013s] Invoked command in '/home/maker/bm_ws/build/serial_motor_demo' returned '0': AMENT_PREFIX_PATH=/home/maker/bm_ws/install/serial_motor_demo_msgs:${AMENT_PREFIX_PATH} CMAKE_PREFIX_PATH=/home/maker/bm_ws/install/serial_motor_demo_msgs LD_LIBRARY_PATH=/home/maker/bm_ws/install/serial_motor_demo_msgs/lib:${LD_LIBRARY_PATH} PYTHONPATH=/home/maker/bm_ws/build/serial_motor_demo/prefix_override:/usr/lib/python3/dist-packages/colcon_core/task/python/colcon_distutils_commands:/home/maker/bm_ws/install/serial_motor_demo/lib/python3.10/site-packages:/home/maker/bm_ws/install/serial_motor_demo_msgs/local/lib/python3.10/dist-packages:${PYTHONPATH} /usr/bin/python3 -W ignore:setup.py install is deprecated -W ignore:easy_install command is deprecated setup.py develop --editable --build-directory /home/maker/bm_ws/build/serial_motor_demo/build --no-deps symlink_data
