[3.440s] Invoking command in '/home/maker/bm_ws/build/serial_motor_demo': AMENT_PREFIX_PATH=/home/maker/bm_ws/install/serial_motor_demo_msgs:${AMENT_PREFIX_PATH} CMAKE_PREFIX_PATH=/home/maker/bm_ws/install/serial_motor_demo_msgs LD_LIBRARY_PATH=/home/maker/bm_ws/install/serial_motor_demo_msgs/lib:${LD_LIBRARY_PATH} PYTHONPATH=/home/maker/bm_ws/build/serial_motor_demo/prefix_override:/usr/lib/python3/dist-packages/colcon_core/task/python/colcon_distutils_commands:/home/maker/bm_ws/install/serial_motor_demo/lib/python3.10/site-packages:/home/maker/bm_ws/install/serial_motor_demo_msgs/local/lib/python3.10/dist-packages:${PYTHONPATH} /usr/bin/python3 -W ignore:setup.py install is deprecated -W ignore:easy_install command is deprecated setup.py develop --editable --build-directory /home/maker/bm_ws/build/serial_motor_demo/build --no-deps symlink_data
[4.750s] /home/maker/.local/lib/python3.10/site-packages/setuptools/dist.py:599: SetuptoolsDeprecationWarning: Invalid dash-separated key 'script-dir' in 'develop' (setup.cfg), please use the underscore name 'script_dir' instead.
[4.750s] !!
[4.750s] 
[4.751s]         ********************************************************************************
[4.751s]         Usage of dash-separated 'script-dir' will not be supported in future
[4.751s]         versions. Please use the underscore name 'script_dir' instead.
[4.751s] 
[4.751s]         By 2026-Mar-03, you need to update your project and remove deprecated calls
[4.752s]         or your builds will no longer be supported.
[4.752s] 
[4.752s]         See https://setuptools.pypa.io/en/latest/userguide/declarative_config.html for details.
[4.752s]         ********************************************************************************
[4.752s] 
[4.753s] !!
[4.753s]   opt = self._enforce_underscore(opt, section)
[4.829s] /home/maker/.local/lib/python3.10/site-packages/setuptools/_distutils/dist.py:289: UserWarning: Unknown distribution option: 'tests_require'
[4.830s]   warnings.warn(msg)
[4.999s] /home/maker/.local/lib/python3.10/site-packages/setuptools/dist.py:599: SetuptoolsDeprecationWarning: Invalid dash-separated key 'script-dir' in 'develop' (setup.cfg), please use the underscore name 'script_dir' instead.
[4.999s] !!
[4.999s] 
[5.000s]         ********************************************************************************
[5.000s]         Usage of dash-separated 'script-dir' will not be supported in future
[5.000s]         versions. Please use the underscore name 'script_dir' instead.
[5.000s]         (Affected: serial_motor_demo).
[5.001s] 
[5.001s]         By 2026-Mar-03, you need to update your project and remove deprecated calls
[5.001s]         or your builds will no longer be supported.
[5.001s] 
[5.001s]         See https://setuptools.pypa.io/en/latest/userguide/declarative_config.html for details.
[5.001s]         ********************************************************************************
[5.001s] 
[5.002s] !!
[5.002s]   opt = self._enforce_underscore(opt, section)
[5.588s] running develop
[6.406s] running egg_info
[6.490s] writing serial_motor_demo.egg-info/PKG-INFO
[6.492s] writing dependency_links to serial_motor_demo.egg-info/dependency_links.txt
[6.493s] writing entry points to serial_motor_demo.egg-info/entry_points.txt
[6.495s] writing requirements to serial_motor_demo.egg-info/requires.txt
[6.496s] writing top-level names to serial_motor_demo.egg-info/top_level.txt
[6.610s] reading manifest file 'serial_motor_demo.egg-info/SOURCES.txt'
[6.614s] writing manifest file 'serial_motor_demo.egg-info/SOURCES.txt'
[6.670s] running build_ext
[6.672s] Creating /home/maker/bm_ws/install/serial_motor_demo/lib/python3.10/site-packages/serial-motor-demo.egg-link (link to .)
[6.675s] Installing driver script to /home/maker/bm_ws/install/serial_motor_demo/lib/serial_motor_demo
[6.677s] Installing gui script to /home/maker/bm_ws/install/serial_motor_demo/lib/serial_motor_demo
[6.678s] 
[6.678s] Installed /home/maker/bm_ws/build/serial_motor_demo
[6.678s] running symlink_data
[6.773s] Invoked command in '/home/maker/bm_ws/build/serial_motor_demo' returned '0': AMENT_PREFIX_PATH=/home/maker/bm_ws/install/serial_motor_demo_msgs:${AMENT_PREFIX_PATH} CMAKE_PREFIX_PATH=/home/maker/bm_ws/install/serial_motor_demo_msgs LD_LIBRARY_PATH=/home/maker/bm_ws/install/serial_motor_demo_msgs/lib:${LD_LIBRARY_PATH} PYTHONPATH=/home/maker/bm_ws/build/serial_motor_demo/prefix_override:/usr/lib/python3/dist-packages/colcon_core/task/python/colcon_distutils_commands:/home/maker/bm_ws/install/serial_motor_demo/lib/python3.10/site-packages:/home/maker/bm_ws/install/serial_motor_demo_msgs/local/lib/python3.10/dist-packages:${PYTHONPATH} /usr/bin/python3 -W ignore:setup.py install is deprecated -W ignore:easy_install command is deprecated setup.py develop --editable --build-directory /home/maker/bm_ws/build/serial_motor_demo/build --no-deps symlink_data
