[4.811s] Invoking command in '/home/maker/bm_ws/build/serial_motor_demo': CMAKE_PREFIX_PATH=/home/maker/bm_ws/install/serial_motor_demo_msgs:/home/maker/bm_ws/install/sllidar_ros2:/home/maker/bm_ws/install/my_bot PYTHONPATH=/home/maker/bm_ws/build/serial_motor_demo/prefix_override:/usr/lib/python3/dist-packages/colcon_core/task/python/colcon_distutils_commands:/home/maker/bm_ws/install/serial_motor_demo/lib/python3.10/site-packages:${PYTHONPATH} /usr/bin/python3 -W ignore:setup.py install is deprecated -W ignore:easy_install command is deprecated setup.py develop --editable --build-directory /home/maker/bm_ws/build/serial_motor_demo/build --no-deps symlink_data
[5.278s] /home/maker/.local/lib/python3.10/site-packages/setuptools/dist.py:599: SetuptoolsDeprecationWarning: Invalid dash-separated key 'script-dir' in 'develop' (setup.cfg), please use the underscore name 'script_dir' instead.
[5.279s] !!
[5.279s] 
[5.280s]         ********************************************************************************
[5.280s]         Usage of dash-separated 'script-dir' will not be supported in future
[5.280s]         versions. Please use the underscore name 'script_dir' instead.
[5.280s] 
[5.280s]         By 2026-Mar-03, you need to update your project and remove deprecated calls
[5.281s]         or your builds will no longer be supported.
[5.281s] 
[5.281s]         See https://setuptools.pypa.io/en/latest/userguide/declarative_config.html for details.
[5.282s]         ********************************************************************************
[5.282s] 
[5.283s] !!
[5.284s]   opt = self._enforce_underscore(opt, section)
[5.331s] /home/maker/.local/lib/python3.10/site-packages/setuptools/_distutils/dist.py:289: UserWarning: Unknown distribution option: 'tests_require'
[5.331s]   warnings.warn(msg)
[5.424s] /home/maker/.local/lib/python3.10/site-packages/setuptools/dist.py:599: SetuptoolsDeprecationWarning: Invalid dash-separated key 'script-dir' in 'develop' (setup.cfg), please use the underscore name 'script_dir' instead.
[5.425s] !!
[5.425s] 
[5.425s]         ********************************************************************************
[5.425s]         Usage of dash-separated 'script-dir' will not be supported in future
[5.425s]         versions. Please use the underscore name 'script_dir' instead.
[5.425s]         (Affected: serial_motor_demo).
[5.425s] 
[5.425s]         By 2026-Mar-03, you need to update your project and remove deprecated calls
[5.426s]         or your builds will no longer be supported.
[5.426s] 
[5.426s]         See https://setuptools.pypa.io/en/latest/userguide/declarative_config.html for details.
[5.426s]         ********************************************************************************
[5.426s] 
[5.426s] !!
[5.426s]   opt = self._enforce_underscore(opt, section)
[5.867s] running develop
[6.572s] running egg_info
[6.617s] writing serial_motor_demo.egg-info/PKG-INFO
[6.625s] writing dependency_links to serial_motor_demo.egg-info/dependency_links.txt
[6.627s] writing entry points to serial_motor_demo.egg-info/entry_points.txt
[6.629s] writing requirements to serial_motor_demo.egg-info/requires.txt
[6.631s] writing top-level names to serial_motor_demo.egg-info/top_level.txt
[6.729s] reading manifest file 'serial_motor_demo.egg-info/SOURCES.txt'
[6.732s] writing manifest file 'serial_motor_demo.egg-info/SOURCES.txt'
[6.786s] running build_ext
[6.786s] Creating /home/maker/bm_ws/install/serial_motor_demo/lib/python3.10/site-packages/serial-motor-demo.egg-link (link to .)
[6.789s] Installing driver script to /home/maker/bm_ws/install/serial_motor_demo/lib/serial_motor_demo
[6.794s] Installing gui script to /home/maker/bm_ws/install/serial_motor_demo/lib/serial_motor_demo
[6.795s] 
[6.796s] Installed /home/maker/bm_ws/build/serial_motor_demo
[6.797s] running symlink_data
[6.897s] Invoked command in '/home/maker/bm_ws/build/serial_motor_demo' returned '0': CMAKE_PREFIX_PATH=/home/maker/bm_ws/install/serial_motor_demo_msgs:/home/maker/bm_ws/install/sllidar_ros2:/home/maker/bm_ws/install/my_bot PYTHONPATH=/home/maker/bm_ws/build/serial_motor_demo/prefix_override:/usr/lib/python3/dist-packages/colcon_core/task/python/colcon_distutils_commands:/home/maker/bm_ws/install/serial_motor_demo/lib/python3.10/site-packages:${PYTHONPATH} /usr/bin/python3 -W ignore:setup.py install is deprecated -W ignore:easy_install command is deprecated setup.py develop --editable --build-directory /home/maker/bm_ws/build/serial_motor_demo/build --no-deps symlink_data
