[0.229s] Invoking command in '/home/maker/bm_ws/build/serial_motor_demo_msgs': CMAKE_PREFIX_PATH=/opt/ros/humble /usr/bin/cmake --build /home/maker/bm_ws/build/serial_motor_demo_msgs -- -j2 -l2
[2.080s] [ 10%] Built target serial_motor_demo_msgs__rosidl_generator_c
[2.507s] [ 12%] Built target serial_motor_demo_msgs__cpp
[2.788s] [ 12%] Built target ament_cmake_python_symlink_serial_motor_demo_msgs
[3.157s] [ 23%] Built target serial_motor_demo_msgs__rosidl_typesupport_introspection_c
[3.466s] [ 34%] Built target serial_motor_demo_msgs__rosidl_typesupport_c
[3.805s] [ 44%] Built target serial_motor_demo_msgs__rosidl_typesupport_fastrtps_cpp
[4.140s] [ 55%] Built target serial_motor_demo_msgs__rosidl_typesupport_introspection_cpp
[4.393s] [ 65%] Built target serial_motor_demo_msgs__rosidl_typesupport_cpp
[4.719s] [ 76%] Built target serial_motor_demo_msgs__rosidl_typesupport_fastrtps_c
[6.437s] running egg_info
[6.572s] writing serial_motor_demo_msgs.egg-info/PKG-INFO
[6.578s] writing dependency_links to serial_motor_demo_msgs.egg-info/dependency_links.txt
[6.581s] writing top-level names to serial_motor_demo_msgs.egg-info/top_level.txt
[7.034s] reading manifest file 'serial_motor_demo_msgs.egg-info/SOURCES.txt'
[7.059s] writing manifest file 'serial_motor_demo_msgs.egg-info/SOURCES.txt'
[7.372s] [ 76%] Built target ament_cmake_python_build_serial_motor_demo_msgs_egg
[7.645s] [ 76%] Built target serial_motor_demo_msgs
[7.903s] [ 78%] Built target serial_motor_demo_msgs__py
[8.315s] [ 87%] Built target serial_motor_demo_msgs__rosidl_generator_py
[8.615s] [ 91%] Built target serial_motor_demo_msgs__rosidl_typesupport_fastrtps_c__pyext
[8.808s] [ 95%] Built target serial_motor_demo_msgs__rosidl_typesupport_introspection_c__pyext
[9.085s] [100%] Built target serial_motor_demo_msgs__rosidl_typesupport_c__pyext
[9.184s] Invoked command in '/home/maker/bm_ws/build/serial_motor_demo_msgs' returned '0': CMAKE_PREFIX_PATH=/opt/ros/humble /usr/bin/cmake --build /home/maker/bm_ws/build/serial_motor_demo_msgs -- -j2 -l2
[9.195s] Invoking command in '/home/maker/bm_ws/build/serial_motor_demo_msgs': CMAKE_PREFIX_PATH=/opt/ros/humble /usr/bin/cmake --install /home/maker/bm_ws/build/serial_motor_demo_msgs
[9.296s] -- Install configuration: ""
[9.307s] -- Execute custom install script
[9.331s] -- Up-to-date symlink: /home/maker/bm_ws/install/serial_motor_demo_msgs/share/ament_index/resource_index/rosidl_interfaces/serial_motor_demo_msgs
[9.360s] -- Up-to-date symlink: /home/maker/bm_ws/install/serial_motor_demo_msgs/include/serial_motor_demo_msgs/serial_motor_demo_msgs/msg/detail/encoder_vals__functions.h
[9.364s] -- Up-to-date symlink: /home/maker/bm_ws/install/serial_motor_demo_msgs/include/serial_motor_demo_msgs/serial_motor_demo_msgs/msg/detail/encoder_vals__struct.h
[9.367s] -- Up-to-date symlink: /home/maker/bm_ws/install/serial_motor_demo_msgs/include/serial_motor_demo_msgs/serial_motor_demo_msgs/msg/detail/encoder_vals__type_support.h
[9.374s] -- Up-to-date symlink: /home/maker/bm_ws/install/serial_motor_demo_msgs/include/serial_motor_demo_msgs/serial_motor_demo_msgs/msg/detail/motor_command__functions.h
[9.378s] -- Up-to-date symlink: /home/maker/bm_ws/install/serial_motor_demo_msgs/include/serial_motor_demo_msgs/serial_motor_demo_msgs/msg/detail/motor_command__struct.h
[9.378s] -- Up-to-date symlink: /home/maker/bm_ws/install/serial_motor_demo_msgs/include/serial_motor_demo_msgs/serial_motor_demo_msgs/msg/detail/motor_command__type_support.h
[9.382s] -- Up-to-date symlink: /home/maker/bm_ws/install/serial_motor_demo_msgs/include/serial_motor_demo_msgs/serial_motor_demo_msgs/msg/detail/motor_vels__functions.h
[9.394s] -- Up-to-date symlink: /home/maker/bm_ws/install/serial_motor_demo_msgs/include/serial_motor_demo_msgs/serial_motor_demo_msgs/msg/detail/motor_vels__struct.h
[9.404s] -- Up-to-date symlink: /home/maker/bm_ws/install/serial_motor_demo_msgs/include/serial_motor_demo_msgs/serial_motor_demo_msgs/msg/detail/motor_vels__type_support.h
[9.421s] -- Up-to-date symlink: /home/maker/bm_ws/install/serial_motor_demo_msgs/include/serial_motor_demo_msgs/serial_motor_demo_msgs/msg/encoder_vals.h
[9.421s] -- Up-to-date symlink: /home/maker/bm_ws/install/serial_motor_demo_msgs/include/serial_motor_demo_msgs/serial_motor_demo_msgs/msg/motor_command.h
[9.424s] -- Up-to-date symlink: /home/maker/bm_ws/install/serial_motor_demo_msgs/include/serial_motor_demo_msgs/serial_motor_demo_msgs/msg/motor_vels.h
[9.425s] -- Up-to-date symlink: /home/maker/bm_ws/install/serial_motor_demo_msgs/include/serial_motor_demo_msgs/serial_motor_demo_msgs/msg/rosidl_generator_c__visibility_control.h
[9.434s] -- Up-to-date symlink: /home/maker/bm_ws/install/serial_motor_demo_msgs/share/serial_motor_demo_msgs/environment/library_path.sh
[9.438s] -- Up-to-date symlink: /home/maker/bm_ws/install/serial_motor_demo_msgs/share/serial_motor_demo_msgs/environment/library_path.dsv
[9.448s] -- Up-to-date symlink: /home/maker/bm_ws/install/serial_motor_demo_msgs/include/serial_motor_demo_msgs/serial_motor_demo_msgs/msg/detail/encoder_vals__rosidl_typesupport_fastrtps_c.h
[9.450s] -- Up-to-date symlink: /home/maker/bm_ws/install/serial_motor_demo_msgs/include/serial_motor_demo_msgs/serial_motor_demo_msgs/msg/detail/motor_command__rosidl_typesupport_fastrtps_c.h
[9.453s] -- Up-to-date symlink: /home/maker/bm_ws/install/serial_motor_demo_msgs/include/serial_motor_demo_msgs/serial_motor_demo_msgs/msg/detail/motor_vels__rosidl_typesupport_fastrtps_c.h
[9.457s] -- Up-to-date symlink: /home/maker/bm_ws/install/serial_motor_demo_msgs/include/serial_motor_demo_msgs/serial_motor_demo_msgs/msg/rosidl_typesupport_fastrtps_c__visibility_control.h
[9.459s] -- Up-to-date symlink: /home/maker/bm_ws/install/serial_motor_demo_msgs/include/serial_motor_demo_msgs/serial_motor_demo_msgs/msg/detail/encoder_vals__rosidl_typesupport_introspection_c.h
[9.461s] -- Up-to-date symlink: /home/maker/bm_ws/install/serial_motor_demo_msgs/include/serial_motor_demo_msgs/serial_motor_demo_msgs/msg/detail/motor_command__rosidl_typesupport_introspection_c.h
[9.463s] -- Up-to-date symlink: /home/maker/bm_ws/install/serial_motor_demo_msgs/include/serial_motor_demo_msgs/serial_motor_demo_msgs/msg/detail/motor_vels__rosidl_typesupport_introspection_c.h
[9.464s] -- Up-to-date symlink: /home/maker/bm_ws/install/serial_motor_demo_msgs/include/serial_motor_demo_msgs/serial_motor_demo_msgs/msg/rosidl_typesupport_introspection_c__visibility_control.h
[9.468s] -- Up-to-date symlink: /home/maker/bm_ws/install/serial_motor_demo_msgs/include/serial_motor_demo_msgs/serial_motor_demo_msgs/msg/detail/encoder_vals__builder.hpp
[9.470s] -- Up-to-date symlink: /home/maker/bm_ws/install/serial_motor_demo_msgs/include/serial_motor_demo_msgs/serial_motor_demo_msgs/msg/detail/encoder_vals__struct.hpp
[9.475s] -- Up-to-date symlink: /home/maker/bm_ws/install/serial_motor_demo_msgs/include/serial_motor_demo_msgs/serial_motor_demo_msgs/msg/detail/encoder_vals__traits.hpp
[9.481s] -- Up-to-date symlink: /home/maker/bm_ws/install/serial_motor_demo_msgs/include/serial_motor_demo_msgs/serial_motor_demo_msgs/msg/detail/encoder_vals__type_support.hpp
[9.484s] -- Up-to-date symlink: /home/maker/bm_ws/install/serial_motor_demo_msgs/include/serial_motor_demo_msgs/serial_motor_demo_msgs/msg/detail/motor_command__builder.hpp
[9.486s] -- Up-to-date symlink: /home/maker/bm_ws/install/serial_motor_demo_msgs/include/serial_motor_demo_msgs/serial_motor_demo_msgs/msg/detail/motor_command__struct.hpp
[9.490s] -- Up-to-date symlink: /home/maker/bm_ws/install/serial_motor_demo_msgs/include/serial_motor_demo_msgs/serial_motor_demo_msgs/msg/detail/motor_command__traits.hpp
[9.494s] -- Up-to-date symlink: /home/maker/bm_ws/install/serial_motor_demo_msgs/include/serial_motor_demo_msgs/serial_motor_demo_msgs/msg/detail/motor_command__type_support.hpp
[9.498s] -- Up-to-date symlink: /home/maker/bm_ws/install/serial_motor_demo_msgs/include/serial_motor_demo_msgs/serial_motor_demo_msgs/msg/detail/motor_vels__builder.hpp
[9.502s] -- Up-to-date symlink: /home/maker/bm_ws/install/serial_motor_demo_msgs/include/serial_motor_demo_msgs/serial_motor_demo_msgs/msg/detail/motor_vels__struct.hpp
[9.506s] -- Up-to-date symlink: /home/maker/bm_ws/install/serial_motor_demo_msgs/include/serial_motor_demo_msgs/serial_motor_demo_msgs/msg/detail/motor_vels__traits.hpp
[9.507s] -- Up-to-date symlink: /home/maker/bm_ws/install/serial_motor_demo_msgs/include/serial_motor_demo_msgs/serial_motor_demo_msgs/msg/detail/motor_vels__type_support.hpp
[9.511s] -- Up-to-date symlink: /home/maker/bm_ws/install/serial_motor_demo_msgs/include/serial_motor_demo_msgs/serial_motor_demo_msgs/msg/encoder_vals.hpp
[9.512s] -- Up-to-date symlink: /home/maker/bm_ws/install/serial_motor_demo_msgs/include/serial_motor_demo_msgs/serial_motor_demo_msgs/msg/motor_command.hpp
[9.515s] -- Up-to-date symlink: /home/maker/bm_ws/install/serial_motor_demo_msgs/include/serial_motor_demo_msgs/serial_motor_demo_msgs/msg/motor_vels.hpp
[9.521s] -- Up-to-date symlink: /home/maker/bm_ws/install/serial_motor_demo_msgs/include/serial_motor_demo_msgs/serial_motor_demo_msgs/msg/rosidl_generator_cpp__visibility_control.hpp
[9.522s] -- Up-to-date symlink: /home/maker/bm_ws/install/serial_motor_demo_msgs/include/serial_motor_demo_msgs/serial_motor_demo_msgs/msg/detail/encoder_vals__rosidl_typesupport_fastrtps_cpp.hpp
[9.523s] -- Up-to-date symlink: /home/maker/bm_ws/install/serial_motor_demo_msgs/include/serial_motor_demo_msgs/serial_motor_demo_msgs/msg/detail/motor_command__rosidl_typesupport_fastrtps_cpp.hpp
[9.525s] -- Up-to-date symlink: /home/maker/bm_ws/install/serial_motor_demo_msgs/include/serial_motor_demo_msgs/serial_motor_demo_msgs/msg/detail/motor_vels__rosidl_typesupport_fastrtps_cpp.hpp
[9.527s] -- Up-to-date symlink: /home/maker/bm_ws/install/serial_motor_demo_msgs/include/serial_motor_demo_msgs/serial_motor_demo_msgs/msg/rosidl_typesupport_fastrtps_cpp__visibility_control.h
[9.529s] -- Up-to-date symlink: /home/maker/bm_ws/install/serial_motor_demo_msgs/include/serial_motor_demo_msgs/serial_motor_demo_msgs/msg/detail/encoder_vals__rosidl_typesupport_introspection_cpp.hpp
[9.533s] -- Up-to-date symlink: /home/maker/bm_ws/install/serial_motor_demo_msgs/include/serial_motor_demo_msgs/serial_motor_demo_msgs/msg/detail/motor_command__rosidl_typesupport_introspection_cpp.hpp
[9.537s] -- Up-to-date symlink: /home/maker/bm_ws/install/serial_motor_demo_msgs/include/serial_motor_demo_msgs/serial_motor_demo_msgs/msg/detail/motor_vels__rosidl_typesupport_introspection_cpp.hpp
[9.539s] -- Up-to-date symlink: /home/maker/bm_ws/install/serial_motor_demo_msgs/share/serial_motor_demo_msgs/environment/pythonpath.sh
[9.540s] -- Up-to-date symlink: /home/maker/bm_ws/install/serial_motor_demo_msgs/share/serial_motor_demo_msgs/environment/pythonpath.dsv
[9.559s] -- Up-to-date symlink: /home/maker/bm_ws/install/serial_motor_demo_msgs/local/lib/python3.10/dist-packages/serial_motor_demo_msgs-0.0.0-py3.10.egg-info/PKG-INFO
[9.564s] -- Up-to-date symlink: /home/maker/bm_ws/install/serial_motor_demo_msgs/local/lib/python3.10/dist-packages/serial_motor_demo_msgs-0.0.0-py3.10.egg-info/SOURCES.txt
[9.568s] -- Up-to-date symlink: /home/maker/bm_ws/install/serial_motor_demo_msgs/local/lib/python3.10/dist-packages/serial_motor_demo_msgs-0.0.0-py3.10.egg-info/dependency_links.txt
[9.573s] -- Up-to-date symlink: /home/maker/bm_ws/install/serial_motor_demo_msgs/local/lib/python3.10/dist-packages/serial_motor_demo_msgs-0.0.0-py3.10.egg-info/top_level.txt
[9.578s] -- Up-to-date symlink: /home/maker/bm_ws/install/serial_motor_demo_msgs/local/lib/python3.10/dist-packages/serial_motor_demo_msgs/__init__.py
[9.584s] -- Up-to-date symlink: /home/maker/bm_ws/install/serial_motor_demo_msgs/local/lib/python3.10/dist-packages/serial_motor_demo_msgs/_serial_motor_demo_msgs_s.ep.rosidl_typesupport_c.c
[9.589s] -- Up-to-date symlink: /home/maker/bm_ws/install/serial_motor_demo_msgs/local/lib/python3.10/dist-packages/serial_motor_demo_msgs/_serial_motor_demo_msgs_s.ep.rosidl_typesupport_fastrtps_c.c
[9.590s] -- Up-to-date symlink: /home/maker/bm_ws/install/serial_motor_demo_msgs/local/lib/python3.10/dist-packages/serial_motor_demo_msgs/_serial_motor_demo_msgs_s.ep.rosidl_typesupport_introspection_c.c
[9.593s] -- Up-to-date symlink: /home/maker/bm_ws/install/serial_motor_demo_msgs/local/lib/python3.10/dist-packages/serial_motor_demo_msgs/libserial_motor_demo_msgs__rosidl_generator_py.so
[9.601s] -- Up-to-date symlink: /home/maker/bm_ws/install/serial_motor_demo_msgs/local/lib/python3.10/dist-packages/serial_motor_demo_msgs/msg/__init__.py
[9.605s] -- Up-to-date symlink: /home/maker/bm_ws/install/serial_motor_demo_msgs/local/lib/python3.10/dist-packages/serial_motor_demo_msgs/msg/_encoder_vals.py
[9.611s] -- Up-to-date symlink: /home/maker/bm_ws/install/serial_motor_demo_msgs/local/lib/python3.10/dist-packages/serial_motor_demo_msgs/msg/_encoder_vals_s.c
[9.611s] -- Up-to-date symlink: /home/maker/bm_ws/install/serial_motor_demo_msgs/local/lib/python3.10/dist-packages/serial_motor_demo_msgs/msg/_motor_command.py
[9.611s] -- Up-to-date symlink: /home/maker/bm_ws/install/serial_motor_demo_msgs/local/lib/python3.10/dist-packages/serial_motor_demo_msgs/msg/_motor_command_s.c
[9.613s] -- Up-to-date symlink: /home/maker/bm_ws/install/serial_motor_demo_msgs/local/lib/python3.10/dist-packages/serial_motor_demo_msgs/msg/_motor_vels.py
[9.614s] -- Up-to-date symlink: /home/maker/bm_ws/install/serial_motor_demo_msgs/local/lib/python3.10/dist-packages/serial_motor_demo_msgs/msg/_motor_vels_s.c
[9.616s] -- Up-to-date symlink: /home/maker/bm_ws/install/serial_motor_demo_msgs/local/lib/python3.10/dist-packages/serial_motor_demo_msgs/serial_motor_demo_msgs_s__rosidl_typesupport_c.cpython-310-x86_64-linux-gnu.so
[9.618s] -- Up-to-date symlink: /home/maker/bm_ws/install/serial_motor_demo_msgs/local/lib/python3.10/dist-packages/serial_motor_demo_msgs/serial_motor_demo_msgs_s__rosidl_typesupport_fastrtps_c.cpython-310-x86_64-linux-gnu.so
[9.622s] -- Up-to-date symlink: /home/maker/bm_ws/install/serial_motor_demo_msgs/local/lib/python3.10/dist-packages/serial_motor_demo_msgs/serial_motor_demo_msgs_s__rosidl_typesupport_introspection_c.cpython-310-x86_64-linux-gnu.so
[9.623s] -- Up-to-date symlink: /home/maker/bm_ws/install/serial_motor_demo_msgs/local/lib/python3.10/dist-packages/serial_motor_demo_msgs/serial_motor_demo_msgs_s__rosidl_typesupport_fastrtps_c.cpython-310-x86_64-linux-gnu.so
[9.626s] -- Up-to-date symlink: /home/maker/bm_ws/install/serial_motor_demo_msgs/local/lib/python3.10/dist-packages/serial_motor_demo_msgs/serial_motor_demo_msgs_s__rosidl_typesupport_introspection_c.cpython-310-x86_64-linux-gnu.so
[9.628s] -- Up-to-date symlink: /home/maker/bm_ws/install/serial_motor_demo_msgs/local/lib/python3.10/dist-packages/serial_motor_demo_msgs/serial_motor_demo_msgs_s__rosidl_typesupport_c.cpython-310-x86_64-linux-gnu.so
[9.634s] -- Up-to-date symlink: /home/maker/bm_ws/install/serial_motor_demo_msgs/share/serial_motor_demo_msgs/msg/MotorCommand.idl
[9.641s] -- Up-to-date symlink: /home/maker/bm_ws/install/serial_motor_demo_msgs/share/serial_motor_demo_msgs/msg/MotorVels.idl
[9.645s] -- Up-to-date symlink: /home/maker/bm_ws/install/serial_motor_demo_msgs/share/serial_motor_demo_msgs/msg/EncoderVals.idl
[9.655s] -- Up-to-date symlink: /home/maker/bm_ws/install/serial_motor_demo_msgs/share/serial_motor_demo_msgs/msg/MotorCommand.msg
[9.668s] -- Up-to-date symlink: /home/maker/bm_ws/install/serial_motor_demo_msgs/share/serial_motor_demo_msgs/msg/MotorVels.msg
[9.668s] -- Up-to-date symlink: /home/maker/bm_ws/install/serial_motor_demo_msgs/share/serial_motor_demo_msgs/msg/EncoderVals.msg
[9.674s] -- Up-to-date symlink: /home/maker/bm_ws/install/serial_motor_demo_msgs/share/ament_index/resource_index/package_run_dependencies/serial_motor_demo_msgs
[9.682s] -- Up-to-date symlink: /home/maker/bm_ws/install/serial_motor_demo_msgs/share/ament_index/resource_index/parent_prefix_path/serial_motor_demo_msgs
[9.685s] -- Up-to-date symlink: /home/maker/bm_ws/install/serial_motor_demo_msgs/share/serial_motor_demo_msgs/environment/ament_prefix_path.sh
[9.687s] -- Up-to-date symlink: /home/maker/bm_ws/install/serial_motor_demo_msgs/share/serial_motor_demo_msgs/environment/ament_prefix_path.dsv
[9.690s] -- Up-to-date symlink: /home/maker/bm_ws/install/serial_motor_demo_msgs/share/serial_motor_demo_msgs/environment/path.sh
[9.692s] -- Up-to-date symlink: /home/maker/bm_ws/install/serial_motor_demo_msgs/share/serial_motor_demo_msgs/environment/path.dsv
[9.695s] -- Up-to-date symlink: /home/maker/bm_ws/install/serial_motor_demo_msgs/share/serial_motor_demo_msgs/local_setup.bash
[9.701s] -- Up-to-date symlink: /home/maker/bm_ws/install/serial_motor_demo_msgs/share/serial_motor_demo_msgs/local_setup.sh
[9.702s] -- Up-to-date symlink: /home/maker/bm_ws/install/serial_motor_demo_msgs/share/serial_motor_demo_msgs/local_setup.zsh
[9.706s] -- Up-to-date symlink: /home/maker/bm_ws/install/serial_motor_demo_msgs/share/serial_motor_demo_msgs/local_setup.dsv
[9.707s] -- Symlinking: /home/maker/bm_ws/install/serial_motor_demo_msgs/share/serial_motor_demo_msgs/package.dsv
[9.836s] -- Up-to-date symlink: /home/maker/bm_ws/install/serial_motor_demo_msgs/share/ament_index/resource_index/packages/serial_motor_demo_msgs
[9.844s] -- Up-to-date symlink: /home/maker/bm_ws/install/serial_motor_demo_msgs/share/serial_motor_demo_msgs/cmake/rosidl_cmake-extras.cmake
[9.847s] -- Up-to-date symlink: /home/maker/bm_ws/install/serial_motor_demo_msgs/share/serial_motor_demo_msgs/cmake/ament_cmake_export_include_directories-extras.cmake
[9.855s] -- Up-to-date symlink: /home/maker/bm_ws/install/serial_motor_demo_msgs/share/serial_motor_demo_msgs/cmake/ament_cmake_export_libraries-extras.cmake
[9.862s] -- Up-to-date symlink: /home/maker/bm_ws/install/serial_motor_demo_msgs/share/serial_motor_demo_msgs/cmake/ament_cmake_export_targets-extras.cmake
[9.867s] -- Up-to-date symlink: /home/maker/bm_ws/install/serial_motor_demo_msgs/share/serial_motor_demo_msgs/cmake/rosidl_cmake_export_typesupport_targets-extras.cmake
[9.870s] -- Up-to-date symlink: /home/maker/bm_ws/install/serial_motor_demo_msgs/share/serial_motor_demo_msgs/cmake/ament_cmake_export_dependencies-extras.cmake
[9.873s] -- Up-to-date symlink: /home/maker/bm_ws/install/serial_motor_demo_msgs/share/serial_motor_demo_msgs/cmake/rosidl_cmake_export_typesupport_libraries-extras.cmake
[9.876s] -- Up-to-date symlink: /home/maker/bm_ws/install/serial_motor_demo_msgs/share/serial_motor_demo_msgs/cmake/serial_motor_demo_msgsConfig.cmake
[9.878s] -- Up-to-date symlink: /home/maker/bm_ws/install/serial_motor_demo_msgs/share/serial_motor_demo_msgs/cmake/serial_motor_demo_msgsConfig-version.cmake
[9.881s] -- Up-to-date symlink: /home/maker/bm_ws/install/serial_motor_demo_msgs/share/serial_motor_demo_msgs/package.xml
[9.893s] -- Up-to-date: /home/maker/bm_ws/install/serial_motor_demo_msgs/lib/libserial_motor_demo_msgs__rosidl_generator_c.so
[9.903s] -- Up-to-date: /home/maker/bm_ws/install/serial_motor_demo_msgs/lib/libserial_motor_demo_msgs__rosidl_typesupport_fastrtps_c.so
[9.914s] -- Up-to-date: /home/maker/bm_ws/install/serial_motor_demo_msgs/lib/libserial_motor_demo_msgs__rosidl_typesupport_introspection_c.so
[9.920s] -- Up-to-date: /home/maker/bm_ws/install/serial_motor_demo_msgs/lib/libserial_motor_demo_msgs__rosidl_typesupport_c.so
[9.932s] -- Up-to-date: /home/maker/bm_ws/install/serial_motor_demo_msgs/lib/libserial_motor_demo_msgs__rosidl_typesupport_fastrtps_cpp.so
[9.940s] -- Up-to-date: /home/maker/bm_ws/install/serial_motor_demo_msgs/lib/libserial_motor_demo_msgs__rosidl_typesupport_introspection_cpp.so
[9.961s] -- Up-to-date: /home/maker/bm_ws/install/serial_motor_demo_msgs/lib/libserial_motor_demo_msgs__rosidl_typesupport_cpp.so
[10.301s] Listing '/home/maker/bm_ws/install/serial_motor_demo_msgs/local/lib/python3.10/dist-packages/serial_motor_demo_msgs'...
[10.301s] Listing '/home/maker/bm_ws/install/serial_motor_demo_msgs/local/lib/python3.10/dist-packages/serial_motor_demo_msgs/msg'...
[10.324s] -- Up-to-date: /home/maker/bm_ws/install/serial_motor_demo_msgs/lib/libserial_motor_demo_msgs__rosidl_generator_py.so
[10.335s] -- Up-to-date: /home/maker/bm_ws/install/serial_motor_demo_msgs/share/serial_motor_demo_msgs/cmake/export_serial_motor_demo_msgs__rosidl_generator_cExport.cmake
[10.340s] -- Up-to-date: /home/maker/bm_ws/install/serial_motor_demo_msgs/share/serial_motor_demo_msgs/cmake/export_serial_motor_demo_msgs__rosidl_generator_cExport-noconfig.cmake
[10.342s] -- Up-to-date: /home/maker/bm_ws/install/serial_motor_demo_msgs/share/serial_motor_demo_msgs/cmake/export_serial_motor_demo_msgs__rosidl_typesupport_fastrtps_cExport.cmake
[10.347s] -- Up-to-date: /home/maker/bm_ws/install/serial_motor_demo_msgs/share/serial_motor_demo_msgs/cmake/export_serial_motor_demo_msgs__rosidl_typesupport_fastrtps_cExport-noconfig.cmake
[10.348s] -- Up-to-date: /home/maker/bm_ws/install/serial_motor_demo_msgs/share/serial_motor_demo_msgs/cmake/serial_motor_demo_msgs__rosidl_typesupport_introspection_cExport.cmake
[10.353s] -- Up-to-date: /home/maker/bm_ws/install/serial_motor_demo_msgs/share/serial_motor_demo_msgs/cmake/serial_motor_demo_msgs__rosidl_typesupport_introspection_cExport-noconfig.cmake
[10.356s] -- Up-to-date: /home/maker/bm_ws/install/serial_motor_demo_msgs/share/serial_motor_demo_msgs/cmake/serial_motor_demo_msgs__rosidl_typesupport_cExport.cmake
[10.362s] -- Up-to-date: /home/maker/bm_ws/install/serial_motor_demo_msgs/share/serial_motor_demo_msgs/cmake/serial_motor_demo_msgs__rosidl_typesupport_cExport-noconfig.cmake
[10.373s] -- Up-to-date: /home/maker/bm_ws/install/serial_motor_demo_msgs/share/serial_motor_demo_msgs/cmake/export_serial_motor_demo_msgs__rosidl_generator_cppExport.cmake
[10.377s] -- Up-to-date: /home/maker/bm_ws/install/serial_motor_demo_msgs/share/serial_motor_demo_msgs/cmake/export_serial_motor_demo_msgs__rosidl_typesupport_fastrtps_cppExport.cmake
[10.381s] -- Up-to-date: /home/maker/bm_ws/install/serial_motor_demo_msgs/share/serial_motor_demo_msgs/cmake/export_serial_motor_demo_msgs__rosidl_typesupport_fastrtps_cppExport-noconfig.cmake
[10.387s] -- Up-to-date: /home/maker/bm_ws/install/serial_motor_demo_msgs/share/serial_motor_demo_msgs/cmake/serial_motor_demo_msgs__rosidl_typesupport_introspection_cppExport.cmake
[10.388s] -- Up-to-date: /home/maker/bm_ws/install/serial_motor_demo_msgs/share/serial_motor_demo_msgs/cmake/serial_motor_demo_msgs__rosidl_typesupport_introspection_cppExport-noconfig.cmake
[10.397s] -- Up-to-date: /home/maker/bm_ws/install/serial_motor_demo_msgs/share/serial_motor_demo_msgs/cmake/serial_motor_demo_msgs__rosidl_typesupport_cppExport.cmake
[10.398s] -- Up-to-date: /home/maker/bm_ws/install/serial_motor_demo_msgs/share/serial_motor_demo_msgs/cmake/serial_motor_demo_msgs__rosidl_typesupport_cppExport-noconfig.cmake
[10.401s] -- Up-to-date: /home/maker/bm_ws/install/serial_motor_demo_msgs/share/serial_motor_demo_msgs/cmake/export_serial_motor_demo_msgs__rosidl_generator_pyExport.cmake
[10.405s] -- Up-to-date: /home/maker/bm_ws/install/serial_motor_demo_msgs/share/serial_motor_demo_msgs/cmake/export_serial_motor_demo_msgs__rosidl_generator_pyExport-noconfig.cmake
[10.416s] Invoked command in '/home/maker/bm_ws/build/serial_motor_demo_msgs' returned '0': CMAKE_PREFIX_PATH=/opt/ros/humble /usr/bin/cmake --install /home/maker/bm_ws/build/serial_motor_demo_msgs
