[4.305s] Invoking command in '/home/maker/bm_ws/build/serial_motor_demo': CMAKE_PREFIX_PATH=/home/maker/bm_ws/install/serial_motor_demo_msgs:/home/maker/bm_ws/install/sllidar_ros2:/home/maker/bm_ws/install/my_bot PYTHONPATH=/home/maker/bm_ws/build/serial_motor_demo/prefix_override:/usr/lib/python3/dist-packages/colcon_core/task/python/colcon_distutils_commands:/home/maker/bm_ws/install/serial_motor_demo/lib/python3.10/site-packages:${PYTHONPATH} /usr/bin/python3 -W ignore:setup.py install is deprecated -W ignore:easy_install command is deprecated setup.py develop --editable --build-directory /home/maker/bm_ws/build/serial_motor_demo/build --no-deps symlink_data
[4.773s] /home/maker/.local/lib/python3.10/site-packages/setuptools/dist.py:599: SetuptoolsDeprecationWarning: Invalid dash-separated key 'script-dir' in 'develop' (setup.cfg), please use the underscore name 'script_dir' instead.
[4.774s] !!
[4.774s] 
[4.774s]         ********************************************************************************
[4.775s]         Usage of dash-separated 'script-dir' will not be supported in future
[4.775s]         versions. Please use the underscore name 'script_dir' instead.
[4.775s] 
[4.775s]         By 2026-Mar-03, you need to update your project and remove deprecated calls
[4.775s]         or your builds will no longer be supported.
[4.775s] 
[4.775s]         See https://setuptools.pypa.io/en/latest/userguide/declarative_config.html for details.
[4.776s]         ********************************************************************************
[4.777s] 
[4.777s] !!
[4.777s]   opt = self._enforce_underscore(opt, section)
[4.832s] /home/maker/.local/lib/python3.10/site-packages/setuptools/_distutils/dist.py:289: UserWarning: Unknown distribution option: 'tests_require'
[4.833s]   warnings.warn(msg)
[4.962s] /home/maker/.local/lib/python3.10/site-packages/setuptools/dist.py:599: SetuptoolsDeprecationWarning: Invalid dash-separated key 'script-dir' in 'develop' (setup.cfg), please use the underscore name 'script_dir' instead.
[4.962s] !!
[4.963s] 
[4.964s]         ********************************************************************************
[4.964s]         Usage of dash-separated 'script-dir' will not be supported in future
[4.965s]         versions. Please use the underscore name 'script_dir' instead.
[4.965s]         (Affected: serial_motor_demo).
[4.965s] 
[4.965s]         By 2026-Mar-03, you need to update your project and remove deprecated calls
[4.965s]         or your builds will no longer be supported.
[4.965s] 
[4.966s]         See https://setuptools.pypa.io/en/latest/userguide/declarative_config.html for details.
[4.966s]         ********************************************************************************
[4.966s] 
[4.966s] !!
[4.966s]   opt = self._enforce_underscore(opt, section)
[5.572s] running develop
[6.489s] running egg_info
[6.544s] writing serial_motor_demo.egg-info/PKG-INFO
[6.548s] writing dependency_links to serial_motor_demo.egg-info/dependency_links.txt
[6.549s] writing entry points to serial_motor_demo.egg-info/entry_points.txt
[6.550s] writing requirements to serial_motor_demo.egg-info/requires.txt
[6.551s] writing top-level names to serial_motor_demo.egg-info/top_level.txt
[6.663s] reading manifest file 'serial_motor_demo.egg-info/SOURCES.txt'
[6.671s] writing manifest file 'serial_motor_demo.egg-info/SOURCES.txt'
[6.748s] running build_ext
[6.749s] Creating /home/maker/bm_ws/install/serial_motor_demo/lib/python3.10/site-packages/serial-motor-demo.egg-link (link to .)
[6.750s] Installing driver script to /home/maker/bm_ws/install/serial_motor_demo/lib/serial_motor_demo
[6.751s] Installing gui script to /home/maker/bm_ws/install/serial_motor_demo/lib/serial_motor_demo
[6.752s] 
[6.753s] Installed /home/maker/bm_ws/build/serial_motor_demo
[6.754s] running symlink_data
[6.868s] Invoked command in '/home/maker/bm_ws/build/serial_motor_demo' returned '0': CMAKE_PREFIX_PATH=/home/maker/bm_ws/install/serial_motor_demo_msgs:/home/maker/bm_ws/install/sllidar_ros2:/home/maker/bm_ws/install/my_bot PYTHONPATH=/home/maker/bm_ws/build/serial_motor_demo/prefix_override:/usr/lib/python3/dist-packages/colcon_core/task/python/colcon_distutils_commands:/home/maker/bm_ws/install/serial_motor_demo/lib/python3.10/site-packages:${PYTHONPATH} /usr/bin/python3 -W ignore:setup.py install is deprecated -W ignore:easy_install command is deprecated setup.py develop --editable --build-directory /home/maker/bm_ws/build/serial_motor_demo/build --no-deps symlink_data
