[0.205s] Invoking command in '/home/maker/bm_ws/build/my_bot': CMAKE_PREFIX_PATH=/opt/ros/humble /usr/bin/cmake --build /home/maker/bm_ws/build/my_bot -- -j2 -l2
[9.501s] Invoked command in '/home/maker/bm_ws/build/my_bot' returned '0': CMAKE_PREFIX_PATH=/opt/ros/humble /usr/bin/cmake --build /home/maker/bm_ws/build/my_bot -- -j2 -l2
[10.559s] Invoking command in '/home/maker/bm_ws/build/my_bot': CMAKE_PREFIX_PATH=/opt/ros/humble /usr/bin/cmake --install /home/maker/bm_ws/build/my_bot
[10.776s] -- Install configuration: ""
[10.846s] -- Execute custom install script
[10.924s] -- Up-to-date symlink: /home/maker/bm_ws/install/my_bot/share/my_bot/config/drive_bot.rviz
[10.927s] -- Up-to-date symlink: /home/maker/bm_ws/install/my_bot/share/my_bot/config/empty.yaml
[10.934s] -- Up-to-date symlink: /home/maker/bm_ws/install/my_bot/share/my_bot/config/gaz_ros2_ctl_use_sim.yaml
[10.940s] -- Up-to-date symlink: /home/maker/bm_ws/install/my_bot/share/my_bot/config/gazebo_params.yaml
[10.940s] -- Up-to-date symlink: /home/maker/bm_ws/install/my_bot/share/my_bot/config/joystick.yaml
[10.951s] -- Up-to-date symlink: /home/maker/bm_ws/install/my_bot/share/my_bot/config/main.rviz
[10.956s] -- Up-to-date symlink: /home/maker/bm_ws/install/my_bot/share/my_bot/config/mapper_params_online_async.yaml
[10.970s] -- Up-to-date symlink: /home/maker/bm_ws/install/my_bot/share/my_bot/config/my_controllers.yaml
[10.977s] -- Up-to-date symlink: /home/maker/bm_ws/install/my_bot/share/my_bot/config/nav2_params.yaml
[10.995s] -- Up-to-date symlink: /home/maker/bm_ws/install/my_bot/share/my_bot/config/twist_mux.yaml
[10.996s] -- Up-to-date symlink: /home/maker/bm_ws/install/my_bot/share/my_bot/config/view_bot.rviz
[11.019s] -- Up-to-date symlink: /home/maker/bm_ws/install/my_bot/share/my_bot/description/camera.xacro
[11.028s] -- Up-to-date symlink: /home/maker/bm_ws/install/my_bot/share/my_bot/description/face.xacro
[11.043s] -- Up-to-date symlink: /home/maker/bm_ws/install/my_bot/share/my_bot/description/gazebo_control.xacro
[11.049s] -- Up-to-date symlink: /home/maker/bm_ws/install/my_bot/share/my_bot/description/inertial_macros.xacro
[11.057s] -- Up-to-date symlink: /home/maker/bm_ws/install/my_bot/share/my_bot/description/lidar.xacro
[11.070s] -- Up-to-date symlink: /home/maker/bm_ws/install/my_bot/share/my_bot/description/robot.urdf.xacro
[11.072s] -- Up-to-date symlink: /home/maker/bm_ws/install/my_bot/share/my_bot/description/robot_core.xacro
[11.082s] -- Up-to-date symlink: /home/maker/bm_ws/install/my_bot/share/my_bot/description/ros2_control.xacro
[11.088s] -- Up-to-date symlink: /home/maker/bm_ws/install/my_bot/share/my_bot/launch/camera.launch.py
[11.094s] -- Up-to-date symlink: /home/maker/bm_ws/install/my_bot/share/my_bot/launch/launch_sim.launch.py
[11.101s] -- Up-to-date symlink: /home/maker/bm_ws/install/my_bot/share/my_bot/launch/localization_launch.py
[11.107s] -- Up-to-date symlink: /home/maker/bm_ws/install/my_bot/share/my_bot/launch/navigation_launch.py
[11.115s] -- Up-to-date symlink: /home/maker/bm_ws/install/my_bot/share/my_bot/launch/online_async_launch.py
[11.116s] -- Up-to-date symlink: /home/maker/bm_ws/install/my_bot/share/my_bot/launch/rplidar.launch.py
[11.117s] -- Up-to-date symlink: /home/maker/bm_ws/install/my_bot/share/my_bot/launch/rsp.launch.py
[11.124s] -- Up-to-date symlink: /home/maker/bm_ws/install/my_bot/share/my_bot/worlds/empty.world
[11.127s] -- Up-to-date symlink: /home/maker/bm_ws/install/my_bot/share/my_bot/worlds/obstacles.world
[11.136s] -- Up-to-date symlink: /home/maker/bm_ws/install/my_bot/share/ament_index/resource_index/package_run_dependencies/my_bot
[11.140s] -- Up-to-date symlink: /home/maker/bm_ws/install/my_bot/share/ament_index/resource_index/parent_prefix_path/my_bot
[11.146s] -- Up-to-date symlink: /home/maker/bm_ws/install/my_bot/share/my_bot/environment/ament_prefix_path.sh
[11.154s] -- Up-to-date symlink: /home/maker/bm_ws/install/my_bot/share/my_bot/environment/ament_prefix_path.dsv
[11.156s] -- Up-to-date symlink: /home/maker/bm_ws/install/my_bot/share/my_bot/environment/path.sh
[11.166s] -- Up-to-date symlink: /home/maker/bm_ws/install/my_bot/share/my_bot/environment/path.dsv
[11.170s] -- Up-to-date symlink: /home/maker/bm_ws/install/my_bot/share/my_bot/local_setup.bash
[11.221s] -- Up-to-date symlink: /home/maker/bm_ws/install/my_bot/share/my_bot/local_setup.sh
[11.223s] -- Up-to-date symlink: /home/maker/bm_ws/install/my_bot/share/my_bot/local_setup.zsh
[11.227s] -- Up-to-date symlink: /home/maker/bm_ws/install/my_bot/share/my_bot/local_setup.dsv
[11.245s] -- Symlinking: /home/maker/bm_ws/install/my_bot/share/my_bot/package.dsv
[11.486s] -- Up-to-date symlink: /home/maker/bm_ws/install/my_bot/share/ament_index/resource_index/packages/my_bot
[11.494s] -- Up-to-date symlink: /home/maker/bm_ws/install/my_bot/share/my_bot/cmake/my_botConfig.cmake
[11.511s] -- Up-to-date symlink: /home/maker/bm_ws/install/my_bot/share/my_bot/cmake/my_botConfig-version.cmake
[11.521s] -- Up-to-date symlink: /home/maker/bm_ws/install/my_bot/share/my_bot/package.xml
[11.547s] Invoked command in '/home/maker/bm_ws/build/my_bot' returned '0': CMAKE_PREFIX_PATH=/opt/ros/humble /usr/bin/cmake --install /home/maker/bm_ws/build/my_bot
