[7.797s] DEBUG:colcon:Command line arguments: ['/usr/bin/colcon', 'build', '--symlink-install']
[7.797s] DEBUG:colcon:Parsed command line arguments: Namespace(log_base=None, log_level=None, verb_name='build', build_base='build', install_base='install', merge_install=False, symlink_install=True, test_result_base=None, continue_on_error=False, executor='parallel', parallel_workers=2, event_handlers=None, ignore_user_meta=False, metas=['./colcon.meta'], base_paths=['.'], packages_ignore=None, packages_ignore_regex=None, paths=None, packages_up_to=None, packages_up_to_regex=None, packages_above=None, packages_above_and_dependencies=None, packages_above_depth=None, packages_select_by_dep=None, packages_skip_by_dep=None, packages_skip_up_to=None, packages_select_build_failed=False, packages_skip_build_finished=False, packages_select_test_failures=False, packages_skip_test_passed=False, packages_select=None, packages_skip=None, packages_select_regex=None, packages_skip_regex=None, packages_start=None, packages_end=None, allow_overriding=[], cmake_args=None, cmake_target=None, cmake_target_skip_unavailable=False, cmake_clean_cache=False, cmake_clean_first=False, cmake_force_configure=False, ament_cmake_args=None, catkin_cmake_args=None, catkin_skip_building_tests=False, mixin_files=None, mixin=None, verb_parser=<colcon_mixin.mixin.mixin_argument.MixinArgumentDecorator object at 0x7ca2334eed10>, verb_extension=<colcon_core.verb.build.BuildVerb object at 0x7ca2336943a0>, main=<bound method BuildVerb.main of <colcon_core.verb.build.BuildVerb object at 0x7ca2336943a0>>, mixin_verb=('build',))
[9.224s] Level 1:colcon.colcon_core.package_discovery:discover_packages(colcon_meta) check parameters
[9.225s] Level 1:colcon.colcon_core.package_discovery:discover_packages(recursive) check parameters
[9.225s] Level 1:colcon.colcon_core.package_discovery:discover_packages(ignore) check parameters
[9.225s] Level 1:colcon.colcon_core.package_discovery:discover_packages(path) check parameters
[9.225s] Level 1:colcon.colcon_core.package_discovery:discover_packages(colcon_meta) discover
[9.228s] Level 1:colcon.colcon_core.package_discovery:discover_packages(recursive) discover
[9.228s] INFO:colcon.colcon_core.package_discovery:Crawling recursively for packages in '/home/maker/bm_ws'
[9.229s] Level 1:colcon.colcon_core.package_identification:_identify(.) by extensions ['ignore', 'ignore_ament_install']
[9.232s] Level 1:colcon.colcon_core.package_identification:_identify(.) by extension 'ignore'
[9.232s] Level 1:colcon.colcon_core.package_identification:_identify(.) by extension 'ignore_ament_install'
[9.233s] Level 1:colcon.colcon_core.package_identification:_identify(.) by extensions ['colcon_pkg']
[9.233s] Level 1:colcon.colcon_core.package_identification:_identify(.) by extension 'colcon_pkg'
[9.234s] Level 1:colcon.colcon_core.package_identification:_identify(.) by extensions ['colcon_meta']
[9.234s] Level 1:colcon.colcon_core.package_identification:_identify(.) by extension 'colcon_meta'
[9.234s] Level 1:colcon.colcon_core.package_identification:_identify(.) by extensions ['ros']
[9.234s] Level 1:colcon.colcon_core.package_identification:_identify(.) by extension 'ros'
[9.980s] Level 1:colcon.colcon_core.package_identification:_identify(.) by extensions ['cmake', 'python']
[9.980s] Level 1:colcon.colcon_core.package_identification:_identify(.) by extension 'cmake'
[9.980s] Level 1:colcon.colcon_core.package_identification:_identify(.) by extension 'python'
[9.981s] Level 1:colcon.colcon_core.package_identification:_identify(.) by extensions ['python_setup_py']
[9.981s] Level 1:colcon.colcon_core.package_identification:_identify(.) by extension 'python_setup_py'
[9.983s] Level 1:colcon.colcon_core.package_identification:_identify(build) by extensions ['ignore', 'ignore_ament_install']
[9.984s] Level 1:colcon.colcon_core.package_identification:_identify(build) by extension 'ignore'
[9.985s] Level 1:colcon.colcon_core.package_identification:_identify(build) ignored
[9.987s] Level 1:colcon.colcon_core.package_identification:_identify(install) by extensions ['ignore', 'ignore_ament_install']
[9.989s] Level 1:colcon.colcon_core.package_identification:_identify(install) by extension 'ignore'
[9.989s] Level 1:colcon.colcon_core.package_identification:_identify(install) ignored
[9.999s] Level 1:colcon.colcon_core.package_identification:_identify(log) by extensions ['ignore', 'ignore_ament_install']
[10.000s] Level 1:colcon.colcon_core.package_identification:_identify(log) by extension 'ignore'
[10.000s] Level 1:colcon.colcon_core.package_identification:_identify(log) ignored
[10.001s] Level 1:colcon.colcon_core.package_identification:_identify(src) by extensions ['ignore', 'ignore_ament_install']
[10.001s] Level 1:colcon.colcon_core.package_identification:_identify(src) by extension 'ignore'
[10.002s] Level 1:colcon.colcon_core.package_identification:_identify(src) by extension 'ignore_ament_install'
[10.002s] Level 1:colcon.colcon_core.package_identification:_identify(src) by extensions ['colcon_pkg']
[10.002s] Level 1:colcon.colcon_core.package_identification:_identify(src) by extension 'colcon_pkg'
[10.002s] Level 1:colcon.colcon_core.package_identification:_identify(src) by extensions ['colcon_meta']
[10.002s] Level 1:colcon.colcon_core.package_identification:_identify(src) by extension 'colcon_meta'
[10.002s] Level 1:colcon.colcon_core.package_identification:_identify(src) by extensions ['ros']
[10.002s] Level 1:colcon.colcon_core.package_identification:_identify(src) by extension 'ros'
[10.003s] Level 1:colcon.colcon_core.package_identification:_identify(src) by extensions ['cmake', 'python']
[10.003s] Level 1:colcon.colcon_core.package_identification:_identify(src) by extension 'cmake'
[10.003s] Level 1:colcon.colcon_core.package_identification:_identify(src) by extension 'python'
[10.003s] Level 1:colcon.colcon_core.package_identification:_identify(src) by extensions ['python_setup_py']
[10.003s] Level 1:colcon.colcon_core.package_identification:_identify(src) by extension 'python_setup_py'
[10.003s] Level 1:colcon.colcon_core.package_identification:_identify(src/build) by extensions ['ignore', 'ignore_ament_install']
[10.004s] Level 1:colcon.colcon_core.package_identification:_identify(src/build) by extension 'ignore'
[10.004s] Level 1:colcon.colcon_core.package_identification:_identify(src/build) ignored
[10.005s] Level 1:colcon.colcon_core.package_identification:_identify(src/install) by extensions ['ignore', 'ignore_ament_install']
[10.005s] Level 1:colcon.colcon_core.package_identification:_identify(src/install) by extension 'ignore'
[10.005s] Level 1:colcon.colcon_core.package_identification:_identify(src/install) ignored
[10.006s] Level 1:colcon.colcon_core.package_identification:_identify(src/log) by extensions ['ignore', 'ignore_ament_install']
[10.006s] Level 1:colcon.colcon_core.package_identification:_identify(src/log) by extension 'ignore'
[10.006s] Level 1:colcon.colcon_core.package_identification:_identify(src/log) ignored
[10.008s] Level 1:colcon.colcon_core.package_identification:_identify(src/my_bot) by extensions ['ignore', 'ignore_ament_install']
[10.008s] Level 1:colcon.colcon_core.package_identification:_identify(src/my_bot) by extension 'ignore'
[10.009s] Level 1:colcon.colcon_core.package_identification:_identify(src/my_bot) by extension 'ignore_ament_install'
[10.009s] Level 1:colcon.colcon_core.package_identification:_identify(src/my_bot) by extensions ['colcon_pkg']
[10.009s] Level 1:colcon.colcon_core.package_identification:_identify(src/my_bot) by extension 'colcon_pkg'
[10.009s] Level 1:colcon.colcon_core.package_identification:_identify(src/my_bot) by extensions ['colcon_meta']
[10.009s] Level 1:colcon.colcon_core.package_identification:_identify(src/my_bot) by extension 'colcon_meta'
[10.009s] Level 1:colcon.colcon_core.package_identification:_identify(src/my_bot) by extensions ['ros']
[10.009s] Level 1:colcon.colcon_core.package_identification:_identify(src/my_bot) by extension 'ros'
[10.050s] DEBUG:colcon.colcon_core.package_identification:Package 'src/my_bot' with type 'ros.ament_cmake' and name 'my_bot'
[10.053s] Level 1:colcon.colcon_core.package_identification:_identify(src/ros_arduino_bridge-main) by extensions ['ignore', 'ignore_ament_install']
[10.055s] Level 1:colcon.colcon_core.package_identification:_identify(src/ros_arduino_bridge-main) by extension 'ignore'
[10.055s] Level 1:colcon.colcon_core.package_identification:_identify(src/ros_arduino_bridge-main) by extension 'ignore_ament_install'
[10.055s] Level 1:colcon.colcon_core.package_identification:_identify(src/ros_arduino_bridge-main) by extensions ['colcon_pkg']
[10.055s] Level 1:colcon.colcon_core.package_identification:_identify(src/ros_arduino_bridge-main) by extension 'colcon_pkg'
[10.055s] Level 1:colcon.colcon_core.package_identification:_identify(src/ros_arduino_bridge-main) by extensions ['colcon_meta']
[10.056s] Level 1:colcon.colcon_core.package_identification:_identify(src/ros_arduino_bridge-main) by extension 'colcon_meta'
[10.056s] Level 1:colcon.colcon_core.package_identification:_identify(src/ros_arduino_bridge-main) by extensions ['ros']
[10.056s] Level 1:colcon.colcon_core.package_identification:_identify(src/ros_arduino_bridge-main) by extension 'ros'
[10.056s] Level 1:colcon.colcon_core.package_identification:_identify(src/ros_arduino_bridge-main) by extensions ['cmake', 'python']
[10.057s] Level 1:colcon.colcon_core.package_identification:_identify(src/ros_arduino_bridge-main) by extension 'cmake'
[10.057s] Level 1:colcon.colcon_core.package_identification:_identify(src/ros_arduino_bridge-main) by extension 'python'
[10.057s] Level 1:colcon.colcon_core.package_identification:_identify(src/ros_arduino_bridge-main) by extensions ['python_setup_py']
[10.057s] Level 1:colcon.colcon_core.package_identification:_identify(src/ros_arduino_bridge-main) by extension 'python_setup_py'
[10.057s] Level 1:colcon.colcon_core.package_identification:_identify(src/ros_arduino_bridge-main/ROSArduinoBridge) by extensions ['ignore', 'ignore_ament_install']
[10.058s] Level 1:colcon.colcon_core.package_identification:_identify(src/ros_arduino_bridge-main/ROSArduinoBridge) by extension 'ignore'
[10.060s] Level 1:colcon.colcon_core.package_identification:_identify(src/ros_arduino_bridge-main/ROSArduinoBridge) by extension 'ignore_ament_install'
[10.060s] Level 1:colcon.colcon_core.package_identification:_identify(src/ros_arduino_bridge-main/ROSArduinoBridge) by extensions ['colcon_pkg']
[10.060s] Level 1:colcon.colcon_core.package_identification:_identify(src/ros_arduino_bridge-main/ROSArduinoBridge) by extension 'colcon_pkg'
[10.060s] Level 1:colcon.colcon_core.package_identification:_identify(src/ros_arduino_bridge-main/ROSArduinoBridge) by extensions ['colcon_meta']
[10.060s] Level 1:colcon.colcon_core.package_identification:_identify(src/ros_arduino_bridge-main/ROSArduinoBridge) by extension 'colcon_meta'
[10.061s] Level 1:colcon.colcon_core.package_identification:_identify(src/ros_arduino_bridge-main/ROSArduinoBridge) by extensions ['ros']
[10.061s] Level 1:colcon.colcon_core.package_identification:_identify(src/ros_arduino_bridge-main/ROSArduinoBridge) by extension 'ros'
[10.061s] Level 1:colcon.colcon_core.package_identification:_identify(src/ros_arduino_bridge-main/ROSArduinoBridge) by extensions ['cmake', 'python']
[10.061s] Level 1:colcon.colcon_core.package_identification:_identify(src/ros_arduino_bridge-main/ROSArduinoBridge) by extension 'cmake'
[10.062s] Level 1:colcon.colcon_core.package_identification:_identify(src/ros_arduino_bridge-main/ROSArduinoBridge) by extension 'python'
[10.062s] Level 1:colcon.colcon_core.package_identification:_identify(src/ros_arduino_bridge-main/ROSArduinoBridge) by extensions ['python_setup_py']
[10.062s] Level 1:colcon.colcon_core.package_identification:_identify(src/ros_arduino_bridge-main/ROSArduinoBridge) by extension 'python_setup_py'
[10.062s] Level 1:colcon.colcon_core.package_identification:_identify(src/serial_motor_demo) by extensions ['ignore', 'ignore_ament_install']
[10.063s] Level 1:colcon.colcon_core.package_identification:_identify(src/serial_motor_demo) by extension 'ignore'
[10.063s] Level 1:colcon.colcon_core.package_identification:_identify(src/serial_motor_demo) by extension 'ignore_ament_install'
[10.064s] Level 1:colcon.colcon_core.package_identification:_identify(src/serial_motor_demo) by extensions ['colcon_pkg']
[10.065s] Level 1:colcon.colcon_core.package_identification:_identify(src/serial_motor_demo) by extension 'colcon_pkg'
[10.065s] Level 1:colcon.colcon_core.package_identification:_identify(src/serial_motor_demo) by extensions ['colcon_meta']
[10.066s] Level 1:colcon.colcon_core.package_identification:_identify(src/serial_motor_demo) by extension 'colcon_meta'
[10.066s] Level 1:colcon.colcon_core.package_identification:_identify(src/serial_motor_demo) by extensions ['ros']
[10.066s] Level 1:colcon.colcon_core.package_identification:_identify(src/serial_motor_demo) by extension 'ros'
[10.067s] Level 1:colcon.colcon_core.package_identification:_identify(src/serial_motor_demo) by extensions ['cmake', 'python']
[10.067s] Level 1:colcon.colcon_core.package_identification:_identify(src/serial_motor_demo) by extension 'cmake'
[10.067s] Level 1:colcon.colcon_core.package_identification:_identify(src/serial_motor_demo) by extension 'python'
[10.068s] Level 1:colcon.colcon_core.package_identification:_identify(src/serial_motor_demo) by extensions ['python_setup_py']
[10.068s] Level 1:colcon.colcon_core.package_identification:_identify(src/serial_motor_demo) by extension 'python_setup_py'
[10.068s] Level 1:colcon.colcon_core.package_identification:_identify(src/serial_motor_demo/serial_motor_demo) by extensions ['ignore', 'ignore_ament_install']
[10.068s] Level 1:colcon.colcon_core.package_identification:_identify(src/serial_motor_demo/serial_motor_demo) by extension 'ignore'
[10.069s] Level 1:colcon.colcon_core.package_identification:_identify(src/serial_motor_demo/serial_motor_demo) by extension 'ignore_ament_install'
[10.070s] Level 1:colcon.colcon_core.package_identification:_identify(src/serial_motor_demo/serial_motor_demo) by extensions ['colcon_pkg']
[10.070s] Level 1:colcon.colcon_core.package_identification:_identify(src/serial_motor_demo/serial_motor_demo) by extension 'colcon_pkg'
[10.071s] Level 1:colcon.colcon_core.package_identification:_identify(src/serial_motor_demo/serial_motor_demo) by extensions ['colcon_meta']
[10.072s] Level 1:colcon.colcon_core.package_identification:_identify(src/serial_motor_demo/serial_motor_demo) by extension 'colcon_meta'
[10.072s] Level 1:colcon.colcon_core.package_identification:_identify(src/serial_motor_demo/serial_motor_demo) by extensions ['ros']
[10.072s] Level 1:colcon.colcon_core.package_identification:_identify(src/serial_motor_demo/serial_motor_demo) by extension 'ros'
[10.080s] DEBUG:colcon.colcon_core.package_identification:Package 'src/serial_motor_demo/serial_motor_demo' with type 'ros.ament_python' and name 'serial_motor_demo'
[10.080s] Level 1:colcon.colcon_core.package_identification:_identify(src/serial_motor_demo/serial_motor_demo_msgs) by extensions ['ignore', 'ignore_ament_install']
[10.081s] Level 1:colcon.colcon_core.package_identification:_identify(src/serial_motor_demo/serial_motor_demo_msgs) by extension 'ignore'
[10.082s] Level 1:colcon.colcon_core.package_identification:_identify(src/serial_motor_demo/serial_motor_demo_msgs) by extension 'ignore_ament_install'
[10.082s] Level 1:colcon.colcon_core.package_identification:_identify(src/serial_motor_demo/serial_motor_demo_msgs) by extensions ['colcon_pkg']
[10.082s] Level 1:colcon.colcon_core.package_identification:_identify(src/serial_motor_demo/serial_motor_demo_msgs) by extension 'colcon_pkg'
[10.082s] Level 1:colcon.colcon_core.package_identification:_identify(src/serial_motor_demo/serial_motor_demo_msgs) by extensions ['colcon_meta']
[10.082s] Level 1:colcon.colcon_core.package_identification:_identify(src/serial_motor_demo/serial_motor_demo_msgs) by extension 'colcon_meta'
[10.083s] Level 1:colcon.colcon_core.package_identification:_identify(src/serial_motor_demo/serial_motor_demo_msgs) by extensions ['ros']
[10.083s] Level 1:colcon.colcon_core.package_identification:_identify(src/serial_motor_demo/serial_motor_demo_msgs) by extension 'ros'
[10.086s] DEBUG:colcon.colcon_core.package_identification:Package 'src/serial_motor_demo/serial_motor_demo_msgs' with type 'ros.ament_cmake' and name 'serial_motor_demo_msgs'
[10.088s] Level 1:colcon.colcon_core.package_identification:_identify(src/sllidar_ros2) by extensions ['ignore', 'ignore_ament_install']
[10.089s] Level 1:colcon.colcon_core.package_identification:_identify(src/sllidar_ros2) by extension 'ignore'
[10.090s] Level 1:colcon.colcon_core.package_identification:_identify(src/sllidar_ros2) by extension 'ignore_ament_install'
[10.090s] Level 1:colcon.colcon_core.package_identification:_identify(src/sllidar_ros2) by extensions ['colcon_pkg']
[10.091s] Level 1:colcon.colcon_core.package_identification:_identify(src/sllidar_ros2) by extension 'colcon_pkg'
[10.091s] Level 1:colcon.colcon_core.package_identification:_identify(src/sllidar_ros2) by extensions ['colcon_meta']
[10.091s] Level 1:colcon.colcon_core.package_identification:_identify(src/sllidar_ros2) by extension 'colcon_meta'
[10.091s] Level 1:colcon.colcon_core.package_identification:_identify(src/sllidar_ros2) by extensions ['ros']
[10.091s] Level 1:colcon.colcon_core.package_identification:_identify(src/sllidar_ros2) by extension 'ros'
[10.099s] DEBUG:colcon.colcon_core.package_identification:Package 'src/sllidar_ros2' with type 'ros.ament_cmake' and name 'sllidar_ros2'
[10.100s] Level 1:colcon.colcon_core.package_discovery:discover_packages(recursive) using defaults
[10.100s] Level 1:colcon.colcon_core.package_discovery:discover_packages(ignore) discover
[10.100s] Level 1:colcon.colcon_core.package_discovery:discover_packages(ignore) using defaults
[10.100s] Level 1:colcon.colcon_core.package_discovery:discover_packages(path) discover
[10.100s] Level 1:colcon.colcon_core.package_discovery:discover_packages(path) using defaults
[10.894s] Level 1:colcon.colcon_core.package_discovery:discover_packages(prefix_path) check parameters
[10.894s] Level 1:colcon.colcon_core.package_discovery:discover_packages(prefix_path) discover
[10.912s] DEBUG:colcon.colcon_installed_package_information.package_discovery:Found 4 installed packages in /home/maker/bm_ws/install
[10.917s] DEBUG:colcon.colcon_installed_package_information.package_discovery:Found 396 installed packages in /opt/ros/humble
[10.941s] Level 1:colcon.colcon_core.package_discovery:discover_packages(prefix_path) using defaults
[11.386s] Level 5:colcon.colcon_core.verb:set package 'my_bot' build argument 'cmake_args' from command line to 'None'
[11.386s] Level 5:colcon.colcon_core.verb:set package 'my_bot' build argument 'cmake_target' from command line to 'None'
[11.386s] Level 5:colcon.colcon_core.verb:set package 'my_bot' build argument 'cmake_target_skip_unavailable' from command line to 'False'
[11.386s] Level 5:colcon.colcon_core.verb:set package 'my_bot' build argument 'cmake_clean_cache' from command line to 'False'
[11.387s] Level 5:colcon.colcon_core.verb:set package 'my_bot' build argument 'cmake_clean_first' from command line to 'False'
[11.387s] Level 5:colcon.colcon_core.verb:set package 'my_bot' build argument 'cmake_force_configure' from command line to 'False'
[11.387s] Level 5:colcon.colcon_core.verb:set package 'my_bot' build argument 'ament_cmake_args' from command line to 'None'
[11.387s] Level 5:colcon.colcon_core.verb:set package 'my_bot' build argument 'catkin_cmake_args' from command line to 'None'
[11.387s] Level 5:colcon.colcon_core.verb:set package 'my_bot' build argument 'catkin_skip_building_tests' from command line to 'False'
[11.387s] DEBUG:colcon.colcon_core.verb:Building package 'my_bot' with the following arguments: {'ament_cmake_args': None, 'build_base': '/home/maker/bm_ws/build/my_bot', 'catkin_cmake_args': None, 'catkin_skip_building_tests': False, 'cmake_args': None, 'cmake_clean_cache': False, 'cmake_clean_first': False, 'cmake_force_configure': False, 'cmake_target': None, 'cmake_target_skip_unavailable': False, 'install_base': '/home/maker/bm_ws/install/my_bot', 'merge_install': False, 'path': '/home/maker/bm_ws/src/my_bot', 'symlink_install': True, 'test_result_base': None}
[11.388s] Level 5:colcon.colcon_core.verb:set package 'serial_motor_demo_msgs' build argument 'cmake_args' from command line to 'None'
[11.388s] Level 5:colcon.colcon_core.verb:set package 'serial_motor_demo_msgs' build argument 'cmake_target' from command line to 'None'
[11.388s] Level 5:colcon.colcon_core.verb:set package 'serial_motor_demo_msgs' build argument 'cmake_target_skip_unavailable' from command line to 'False'
[11.388s] Level 5:colcon.colcon_core.verb:set package 'serial_motor_demo_msgs' build argument 'cmake_clean_cache' from command line to 'False'
[11.388s] Level 5:colcon.colcon_core.verb:set package 'serial_motor_demo_msgs' build argument 'cmake_clean_first' from command line to 'False'
[11.388s] Level 5:colcon.colcon_core.verb:set package 'serial_motor_demo_msgs' build argument 'cmake_force_configure' from command line to 'False'
[11.388s] Level 5:colcon.colcon_core.verb:set package 'serial_motor_demo_msgs' build argument 'ament_cmake_args' from command line to 'None'
[11.389s] Level 5:colcon.colcon_core.verb:set package 'serial_motor_demo_msgs' build argument 'catkin_cmake_args' from command line to 'None'
[11.389s] Level 5:colcon.colcon_core.verb:set package 'serial_motor_demo_msgs' build argument 'catkin_skip_building_tests' from command line to 'False'
[11.389s] DEBUG:colcon.colcon_core.verb:Building package 'serial_motor_demo_msgs' with the following arguments: {'ament_cmake_args': None, 'build_base': '/home/maker/bm_ws/build/serial_motor_demo_msgs', 'catkin_cmake_args': None, 'catkin_skip_building_tests': False, 'cmake_args': None, 'cmake_clean_cache': False, 'cmake_clean_first': False, 'cmake_force_configure': False, 'cmake_target': None, 'cmake_target_skip_unavailable': False, 'install_base': '/home/maker/bm_ws/install/serial_motor_demo_msgs', 'merge_install': False, 'path': '/home/maker/bm_ws/src/serial_motor_demo/serial_motor_demo_msgs', 'symlink_install': True, 'test_result_base': None}
[11.390s] Level 5:colcon.colcon_core.verb:set package 'sllidar_ros2' build argument 'cmake_args' from command line to 'None'
[11.390s] Level 5:colcon.colcon_core.verb:set package 'sllidar_ros2' build argument 'cmake_target' from command line to 'None'
[11.390s] Level 5:colcon.colcon_core.verb:set package 'sllidar_ros2' build argument 'cmake_target_skip_unavailable' from command line to 'False'
[11.390s] Level 5:colcon.colcon_core.verb:set package 'sllidar_ros2' build argument 'cmake_clean_cache' from command line to 'False'
[11.390s] Level 5:colcon.colcon_core.verb:set package 'sllidar_ros2' build argument 'cmake_clean_first' from command line to 'False'
[11.390s] Level 5:colcon.colcon_core.verb:set package 'sllidar_ros2' build argument 'cmake_force_configure' from command line to 'False'
[11.390s] Level 5:colcon.colcon_core.verb:set package 'sllidar_ros2' build argument 'ament_cmake_args' from command line to 'None'
[11.390s] Level 5:colcon.colcon_core.verb:set package 'sllidar_ros2' build argument 'catkin_cmake_args' from command line to 'None'
[11.390s] Level 5:colcon.colcon_core.verb:set package 'sllidar_ros2' build argument 'catkin_skip_building_tests' from command line to 'False'
[11.390s] DEBUG:colcon.colcon_core.verb:Building package 'sllidar_ros2' with the following arguments: {'ament_cmake_args': None, 'build_base': '/home/maker/bm_ws/build/sllidar_ros2', 'catkin_cmake_args': None, 'catkin_skip_building_tests': False, 'cmake_args': None, 'cmake_clean_cache': False, 'cmake_clean_first': False, 'cmake_force_configure': False, 'cmake_target': None, 'cmake_target_skip_unavailable': False, 'install_base': '/home/maker/bm_ws/install/sllidar_ros2', 'merge_install': False, 'path': '/home/maker/bm_ws/src/sllidar_ros2', 'symlink_install': True, 'test_result_base': None}
[11.392s] Level 5:colcon.colcon_core.verb:set package 'serial_motor_demo' build argument 'cmake_args' from command line to 'None'
[11.392s] Level 5:colcon.colcon_core.verb:set package 'serial_motor_demo' build argument 'cmake_target' from command line to 'None'
[11.392s] Level 5:colcon.colcon_core.verb:set package 'serial_motor_demo' build argument 'cmake_target_skip_unavailable' from command line to 'False'
[11.392s] Level 5:colcon.colcon_core.verb:set package 'serial_motor_demo' build argument 'cmake_clean_cache' from command line to 'False'
[11.392s] Level 5:colcon.colcon_core.verb:set package 'serial_motor_demo' build argument 'cmake_clean_first' from command line to 'False'
[11.392s] Level 5:colcon.colcon_core.verb:set package 'serial_motor_demo' build argument 'cmake_force_configure' from command line to 'False'
[11.392s] Level 5:colcon.colcon_core.verb:set package 'serial_motor_demo' build argument 'ament_cmake_args' from command line to 'None'
[11.392s] Level 5:colcon.colcon_core.verb:set package 'serial_motor_demo' build argument 'catkin_cmake_args' from command line to 'None'
[11.392s] Level 5:colcon.colcon_core.verb:set package 'serial_motor_demo' build argument 'catkin_skip_building_tests' from command line to 'False'
[11.392s] DEBUG:colcon.colcon_core.verb:Building package 'serial_motor_demo' with the following arguments: {'ament_cmake_args': None, 'build_base': '/home/maker/bm_ws/build/serial_motor_demo', 'catkin_cmake_args': None, 'catkin_skip_building_tests': False, 'cmake_args': None, 'cmake_clean_cache': False, 'cmake_clean_first': False, 'cmake_force_configure': False, 'cmake_target': None, 'cmake_target_skip_unavailable': False, 'install_base': '/home/maker/bm_ws/install/serial_motor_demo', 'merge_install': False, 'path': '/home/maker/bm_ws/src/serial_motor_demo/serial_motor_demo', 'symlink_install': True, 'test_result_base': None}
[11.393s] INFO:colcon.colcon_core.executor:Executing jobs using 'parallel' executor
[11.401s] DEBUG:colcon.colcon_parallel_executor.executor.parallel:run_until_complete
[11.402s] INFO:colcon.colcon_ros.task.ament_cmake.build:Building ROS package in '/home/maker/bm_ws/src/serial_motor_demo/serial_motor_demo_msgs' with build type 'ament_cmake'
[11.403s] INFO:colcon.colcon_cmake.task.cmake.build:Building CMake package in '/home/maker/bm_ws/src/serial_motor_demo/serial_motor_demo_msgs'
[11.461s] INFO:colcon.colcon_core.plugin_system:Skipping extension 'colcon_core.shell.bat': Not used on non-Windows systems
[11.466s] INFO:colcon.colcon_core.shell:Skip shell extension 'powershell' for command environment: Not usable outside of PowerShell
[11.466s] DEBUG:colcon.colcon_core.shell:Skip shell extension 'dsv' for command environment
[11.507s] INFO:colcon.colcon_ros.task.ament_cmake.build:Building ROS package in '/home/maker/bm_ws/src/my_bot' with build type 'ament_cmake'
[11.507s] INFO:colcon.colcon_cmake.task.cmake.build:Building CMake package in '/home/maker/bm_ws/src/my_bot'
[11.508s] INFO:colcon.colcon_core.shell:Skip shell extension 'powershell' for command environment: Not usable outside of PowerShell
[11.508s] DEBUG:colcon.colcon_core.shell:Skip shell extension 'dsv' for command environment
[11.613s] DEBUG:colcon.colcon_core.event_handler.log_command:Invoking command in '/home/maker/bm_ws/build/serial_motor_demo_msgs': CMAKE_PREFIX_PATH=${CMAKE_PREFIX_PATH}:/home/maker/bm_ws/install/serial_motor_demo:/opt/ros/humble /usr/bin/cmake --build /home/maker/bm_ws/build/serial_motor_demo_msgs -- -j2 -l2
[11.683s] DEBUG:colcon.colcon_core.event_handler.log_command:Invoking command in '/home/maker/bm_ws/build/my_bot': CMAKE_PREFIX_PATH=${CMAKE_PREFIX_PATH}:/home/maker/bm_ws/install/serial_motor_demo:/opt/ros/humble /usr/bin/cmake --build /home/maker/bm_ws/build/my_bot -- -j2 -l2
[13.234s] DEBUG:colcon.colcon_core.event_handler.log_command:Invoked command in '/home/maker/bm_ws/build/my_bot' returned '0': CMAKE_PREFIX_PATH=${CMAKE_PREFIX_PATH}:/home/maker/bm_ws/install/serial_motor_demo:/opt/ros/humble /usr/bin/cmake --build /home/maker/bm_ws/build/my_bot -- -j2 -l2
[13.310s] DEBUG:colcon.colcon_core.event_handler.log_command:Invoking command in '/home/maker/bm_ws/build/my_bot': CMAKE_PREFIX_PATH=${CMAKE_PREFIX_PATH}:/home/maker/bm_ws/install/serial_motor_demo:/opt/ros/humble /usr/bin/cmake --install /home/maker/bm_ws/build/my_bot
[13.604s] Level 1:colcon.colcon_core.environment:create_environment_scripts_only(my_bot)
[13.608s] DEBUG:colcon.colcon_core.event_handler.log_command:Invoked command in '/home/maker/bm_ws/build/my_bot' returned '0': CMAKE_PREFIX_PATH=${CMAKE_PREFIX_PATH}:/home/maker/bm_ws/install/serial_motor_demo:/opt/ros/humble /usr/bin/cmake --install /home/maker/bm_ws/build/my_bot
[13.648s] Level 1:colcon.colcon_core.environment:checking '/home/maker/bm_ws/install/my_bot' for CMake module files
[13.651s] Level 1:colcon.colcon_core.environment:checking '/home/maker/bm_ws/install/my_bot' for CMake config files
[13.654s] Level 1:colcon.colcon_core.shell:create_environment_hook('my_bot', 'cmake_prefix_path')
[13.655s] INFO:colcon.colcon_core.shell:Creating environment hook '/home/maker/bm_ws/install/my_bot/share/my_bot/hook/cmake_prefix_path.ps1'
[13.663s] INFO:colcon.colcon_core.shell:Creating environment descriptor '/home/maker/bm_ws/install/my_bot/share/my_bot/hook/cmake_prefix_path.dsv'
[13.668s] INFO:colcon.colcon_core.shell:Creating environment hook '/home/maker/bm_ws/install/my_bot/share/my_bot/hook/cmake_prefix_path.sh'
[13.672s] Level 1:colcon.colcon_core.environment:checking '/home/maker/bm_ws/install/my_bot/bin'
[13.672s] Level 1:colcon.colcon_core.environment:checking '/home/maker/bm_ws/install/my_bot/lib/pkgconfig/my_bot.pc'
[13.673s] Level 1:colcon.colcon_core.environment:checking '/home/maker/bm_ws/install/my_bot/lib/python3.10/site-packages'
[13.674s] Level 1:colcon.colcon_core.environment:checking '/home/maker/bm_ws/install/my_bot/bin'
[13.674s] INFO:colcon.colcon_core.shell:Creating package script '/home/maker/bm_ws/install/my_bot/share/my_bot/package.ps1'
[13.678s] INFO:colcon.colcon_core.shell:Creating package descriptor '/home/maker/bm_ws/install/my_bot/share/my_bot/package.dsv'
[13.681s] INFO:colcon.colcon_core.shell:Creating package script '/home/maker/bm_ws/install/my_bot/share/my_bot/package.sh'
[13.689s] INFO:colcon.colcon_core.shell:Creating package script '/home/maker/bm_ws/install/my_bot/share/my_bot/package.bash'
[13.698s] INFO:colcon.colcon_core.shell:Creating package script '/home/maker/bm_ws/install/my_bot/share/my_bot/package.zsh'
[13.706s] Level 1:colcon.colcon_core.environment:create_file_with_runtime_dependencies(/home/maker/bm_ws/install/my_bot/share/colcon-core/packages/my_bot)
[13.707s] Level 1:colcon.colcon_core.environment:create_environment_scripts_only(my_bot)
[13.708s] Level 1:colcon.colcon_core.environment:checking '/home/maker/bm_ws/install/my_bot' for CMake module files
[13.709s] Level 1:colcon.colcon_core.environment:checking '/home/maker/bm_ws/install/my_bot' for CMake config files
[13.711s] Level 1:colcon.colcon_core.shell:create_environment_hook('my_bot', 'cmake_prefix_path')
[13.713s] INFO:colcon.colcon_core.shell:Creating environment hook '/home/maker/bm_ws/install/my_bot/share/my_bot/hook/cmake_prefix_path.ps1'
[13.714s] INFO:colcon.colcon_core.shell:Creating environment descriptor '/home/maker/bm_ws/install/my_bot/share/my_bot/hook/cmake_prefix_path.dsv'
[13.717s] INFO:colcon.colcon_core.shell:Creating environment hook '/home/maker/bm_ws/install/my_bot/share/my_bot/hook/cmake_prefix_path.sh'
[13.721s] Level 1:colcon.colcon_core.environment:checking '/home/maker/bm_ws/install/my_bot/bin'
[13.721s] Level 1:colcon.colcon_core.environment:checking '/home/maker/bm_ws/install/my_bot/lib/pkgconfig/my_bot.pc'
[13.722s] Level 1:colcon.colcon_core.environment:checking '/home/maker/bm_ws/install/my_bot/lib/python3.10/site-packages'
[13.723s] Level 1:colcon.colcon_core.environment:checking '/home/maker/bm_ws/install/my_bot/bin'
[13.724s] INFO:colcon.colcon_core.shell:Creating package script '/home/maker/bm_ws/install/my_bot/share/my_bot/package.ps1'
[13.726s] INFO:colcon.colcon_core.shell:Creating package descriptor '/home/maker/bm_ws/install/my_bot/share/my_bot/package.dsv'
[13.729s] INFO:colcon.colcon_core.shell:Creating package script '/home/maker/bm_ws/install/my_bot/share/my_bot/package.sh'
[13.732s] INFO:colcon.colcon_core.shell:Creating package script '/home/maker/bm_ws/install/my_bot/share/my_bot/package.bash'
[13.734s] INFO:colcon.colcon_core.shell:Creating package script '/home/maker/bm_ws/install/my_bot/share/my_bot/package.zsh'
[13.736s] Level 1:colcon.colcon_core.environment:create_file_with_runtime_dependencies(/home/maker/bm_ws/install/my_bot/share/colcon-core/packages/my_bot)
[13.736s] INFO:colcon.colcon_ros.task.ament_cmake.build:Building ROS package in '/home/maker/bm_ws/src/sllidar_ros2' with build type 'ament_cmake'
[13.737s] INFO:colcon.colcon_cmake.task.cmake.build:Building CMake package in '/home/maker/bm_ws/src/sllidar_ros2'
[13.737s] INFO:colcon.colcon_core.shell:Skip shell extension 'powershell' for command environment: Not usable outside of PowerShell
[13.737s] DEBUG:colcon.colcon_core.shell:Skip shell extension 'dsv' for command environment
[13.810s] DEBUG:colcon.colcon_core.event_handler.log_command:Invoking command in '/home/maker/bm_ws/build/sllidar_ros2': CMAKE_PREFIX_PATH=${CMAKE_PREFIX_PATH}:/home/maker/bm_ws/install/serial_motor_demo:/opt/ros/humble /usr/bin/cmake --build /home/maker/bm_ws/build/sllidar_ros2 -- -j2 -l2
[14.679s] DEBUG:colcon.colcon_core.event_handler.log_command:Invoked command in '/home/maker/bm_ws/build/sllidar_ros2' returned '0': CMAKE_PREFIX_PATH=${CMAKE_PREFIX_PATH}:/home/maker/bm_ws/install/serial_motor_demo:/opt/ros/humble /usr/bin/cmake --build /home/maker/bm_ws/build/sllidar_ros2 -- -j2 -l2
[14.691s] DEBUG:colcon.colcon_core.event_handler.log_command:Invoking command in '/home/maker/bm_ws/build/sllidar_ros2': CMAKE_PREFIX_PATH=${CMAKE_PREFIX_PATH}:/home/maker/bm_ws/install/serial_motor_demo:/opt/ros/humble /usr/bin/cmake --install /home/maker/bm_ws/build/sllidar_ros2
[14.944s] Level 1:colcon.colcon_core.environment:create_environment_scripts_only(sllidar_ros2)
[14.946s] Level 1:colcon.colcon_core.environment:checking '/home/maker/bm_ws/install/sllidar_ros2' for CMake module files
[14.945s] DEBUG:colcon.colcon_core.event_handler.log_command:Invoked command in '/home/maker/bm_ws/build/sllidar_ros2' returned '0': CMAKE_PREFIX_PATH=${CMAKE_PREFIX_PATH}:/home/maker/bm_ws/install/serial_motor_demo:/opt/ros/humble /usr/bin/cmake --install /home/maker/bm_ws/build/sllidar_ros2
[14.948s] Level 1:colcon.colcon_core.environment:checking '/home/maker/bm_ws/install/sllidar_ros2' for CMake config files
[14.952s] Level 1:colcon.colcon_core.shell:create_environment_hook('sllidar_ros2', 'cmake_prefix_path')
[14.953s] INFO:colcon.colcon_core.shell:Creating environment hook '/home/maker/bm_ws/install/sllidar_ros2/share/sllidar_ros2/hook/cmake_prefix_path.ps1'
[14.955s] INFO:colcon.colcon_core.shell:Creating environment descriptor '/home/maker/bm_ws/install/sllidar_ros2/share/sllidar_ros2/hook/cmake_prefix_path.dsv'
[14.958s] INFO:colcon.colcon_core.shell:Creating environment hook '/home/maker/bm_ws/install/sllidar_ros2/share/sllidar_ros2/hook/cmake_prefix_path.sh'
[14.960s] Level 1:colcon.colcon_core.environment:checking '/home/maker/bm_ws/install/sllidar_ros2/lib'
[14.961s] Level 1:colcon.colcon_core.environment:checking '/home/maker/bm_ws/install/sllidar_ros2/bin'
[14.961s] Level 1:colcon.colcon_core.environment:checking '/home/maker/bm_ws/install/sllidar_ros2/lib/pkgconfig/sllidar_ros2.pc'
[14.962s] Level 1:colcon.colcon_core.environment:checking '/home/maker/bm_ws/install/sllidar_ros2/lib/python3.10/site-packages'
[14.962s] Level 1:colcon.colcon_core.environment:checking '/home/maker/bm_ws/install/sllidar_ros2/bin'
[14.963s] INFO:colcon.colcon_core.shell:Creating package script '/home/maker/bm_ws/install/sllidar_ros2/share/sllidar_ros2/package.ps1'
[14.965s] INFO:colcon.colcon_core.shell:Creating package descriptor '/home/maker/bm_ws/install/sllidar_ros2/share/sllidar_ros2/package.dsv'
[14.966s] INFO:colcon.colcon_core.shell:Creating package script '/home/maker/bm_ws/install/sllidar_ros2/share/sllidar_ros2/package.sh'
[14.968s] INFO:colcon.colcon_core.shell:Creating package script '/home/maker/bm_ws/install/sllidar_ros2/share/sllidar_ros2/package.bash'
[14.970s] INFO:colcon.colcon_core.shell:Creating package script '/home/maker/bm_ws/install/sllidar_ros2/share/sllidar_ros2/package.zsh'
[14.974s] Level 1:colcon.colcon_core.environment:create_file_with_runtime_dependencies(/home/maker/bm_ws/install/sllidar_ros2/share/colcon-core/packages/sllidar_ros2)
[14.976s] Level 1:colcon.colcon_core.environment:create_environment_scripts_only(sllidar_ros2)
[14.976s] Level 1:colcon.colcon_core.environment:checking '/home/maker/bm_ws/install/sllidar_ros2' for CMake module files
[14.978s] Level 1:colcon.colcon_core.environment:checking '/home/maker/bm_ws/install/sllidar_ros2' for CMake config files
[14.979s] Level 1:colcon.colcon_core.shell:create_environment_hook('sllidar_ros2', 'cmake_prefix_path')
[14.980s] INFO:colcon.colcon_core.shell:Creating environment hook '/home/maker/bm_ws/install/sllidar_ros2/share/sllidar_ros2/hook/cmake_prefix_path.ps1'
[14.982s] INFO:colcon.colcon_core.shell:Creating environment descriptor '/home/maker/bm_ws/install/sllidar_ros2/share/sllidar_ros2/hook/cmake_prefix_path.dsv'
[14.985s] INFO:colcon.colcon_core.shell:Creating environment hook '/home/maker/bm_ws/install/sllidar_ros2/share/sllidar_ros2/hook/cmake_prefix_path.sh'
[14.988s] Level 1:colcon.colcon_core.environment:checking '/home/maker/bm_ws/install/sllidar_ros2/lib'
[14.988s] Level 1:colcon.colcon_core.environment:checking '/home/maker/bm_ws/install/sllidar_ros2/bin'
[14.988s] Level 1:colcon.colcon_core.environment:checking '/home/maker/bm_ws/install/sllidar_ros2/lib/pkgconfig/sllidar_ros2.pc'
[14.989s] Level 1:colcon.colcon_core.environment:checking '/home/maker/bm_ws/install/sllidar_ros2/lib/python3.10/site-packages'
[14.989s] Level 1:colcon.colcon_core.environment:checking '/home/maker/bm_ws/install/sllidar_ros2/bin'
[14.990s] INFO:colcon.colcon_core.shell:Creating package script '/home/maker/bm_ws/install/sllidar_ros2/share/sllidar_ros2/package.ps1'
[14.992s] INFO:colcon.colcon_core.shell:Creating package descriptor '/home/maker/bm_ws/install/sllidar_ros2/share/sllidar_ros2/package.dsv'
[15.017s] INFO:colcon.colcon_core.shell:Creating package script '/home/maker/bm_ws/install/sllidar_ros2/share/sllidar_ros2/package.sh'
[15.020s] INFO:colcon.colcon_core.shell:Creating package script '/home/maker/bm_ws/install/sllidar_ros2/share/sllidar_ros2/package.bash'
[15.025s] INFO:colcon.colcon_core.shell:Creating package script '/home/maker/bm_ws/install/sllidar_ros2/share/sllidar_ros2/package.zsh'
[15.026s] Level 1:colcon.colcon_core.environment:create_file_with_runtime_dependencies(/home/maker/bm_ws/install/sllidar_ros2/share/colcon-core/packages/sllidar_ros2)
[16.622s] DEBUG:colcon.colcon_core.event_handler.log_command:Invoked command in '/home/maker/bm_ws/build/serial_motor_demo_msgs' returned '0': CMAKE_PREFIX_PATH=${CMAKE_PREFIX_PATH}:/home/maker/bm_ws/install/serial_motor_demo:/opt/ros/humble /usr/bin/cmake --build /home/maker/bm_ws/build/serial_motor_demo_msgs -- -j2 -l2
[16.627s] DEBUG:colcon.colcon_core.event_handler.log_command:Invoking command in '/home/maker/bm_ws/build/serial_motor_demo_msgs': CMAKE_PREFIX_PATH=${CMAKE_PREFIX_PATH}:/home/maker/bm_ws/install/serial_motor_demo:/opt/ros/humble /usr/bin/cmake --install /home/maker/bm_ws/build/serial_motor_demo_msgs
[17.004s] Level 1:colcon.colcon_core.environment:create_environment_scripts_only(serial_motor_demo_msgs)
[17.004s] Level 1:colcon.colcon_core.environment:checking '/home/maker/bm_ws/install/serial_motor_demo_msgs' for CMake module files
[17.006s] DEBUG:colcon.colcon_core.event_handler.log_command:Invoked command in '/home/maker/bm_ws/build/serial_motor_demo_msgs' returned '0': CMAKE_PREFIX_PATH=${CMAKE_PREFIX_PATH}:/home/maker/bm_ws/install/serial_motor_demo:/opt/ros/humble /usr/bin/cmake --install /home/maker/bm_ws/build/serial_motor_demo_msgs
[17.007s] Level 1:colcon.colcon_core.environment:checking '/home/maker/bm_ws/install/serial_motor_demo_msgs' for CMake config files
[17.010s] Level 1:colcon.colcon_core.shell:create_environment_hook('serial_motor_demo_msgs', 'cmake_prefix_path')
[17.010s] INFO:colcon.colcon_core.shell:Creating environment hook '/home/maker/bm_ws/install/serial_motor_demo_msgs/share/serial_motor_demo_msgs/hook/cmake_prefix_path.ps1'
[17.013s] INFO:colcon.colcon_core.shell:Creating environment descriptor '/home/maker/bm_ws/install/serial_motor_demo_msgs/share/serial_motor_demo_msgs/hook/cmake_prefix_path.dsv'
[17.015s] INFO:colcon.colcon_core.shell:Creating environment hook '/home/maker/bm_ws/install/serial_motor_demo_msgs/share/serial_motor_demo_msgs/hook/cmake_prefix_path.sh'
[17.017s] Level 1:colcon.colcon_core.environment:checking '/home/maker/bm_ws/install/serial_motor_demo_msgs/lib'
[17.017s] Level 1:colcon.colcon_core.shell:create_environment_hook('serial_motor_demo_msgs', 'ld_library_path_lib')
[17.018s] INFO:colcon.colcon_core.shell:Creating environment hook '/home/maker/bm_ws/install/serial_motor_demo_msgs/share/serial_motor_demo_msgs/hook/ld_library_path_lib.ps1'
[17.019s] INFO:colcon.colcon_core.shell:Creating environment descriptor '/home/maker/bm_ws/install/serial_motor_demo_msgs/share/serial_motor_demo_msgs/hook/ld_library_path_lib.dsv'
[17.021s] INFO:colcon.colcon_core.shell:Creating environment hook '/home/maker/bm_ws/install/serial_motor_demo_msgs/share/serial_motor_demo_msgs/hook/ld_library_path_lib.sh'
[17.023s] Level 1:colcon.colcon_core.environment:checking '/home/maker/bm_ws/install/serial_motor_demo_msgs/bin'
[17.023s] Level 1:colcon.colcon_core.environment:checking '/home/maker/bm_ws/install/serial_motor_demo_msgs/lib/pkgconfig/serial_motor_demo_msgs.pc'
[17.024s] Level 1:colcon.colcon_core.environment:checking '/home/maker/bm_ws/install/serial_motor_demo_msgs/lib/python3.10/site-packages'
[17.024s] Level 1:colcon.colcon_core.environment:checking '/home/maker/bm_ws/install/serial_motor_demo_msgs/bin'
[17.025s] INFO:colcon.colcon_core.shell:Creating package script '/home/maker/bm_ws/install/serial_motor_demo_msgs/share/serial_motor_demo_msgs/package.ps1'
[17.027s] INFO:colcon.colcon_core.shell:Creating package descriptor '/home/maker/bm_ws/install/serial_motor_demo_msgs/share/serial_motor_demo_msgs/package.dsv'
[17.028s] INFO:colcon.colcon_core.shell:Creating package script '/home/maker/bm_ws/install/serial_motor_demo_msgs/share/serial_motor_demo_msgs/package.sh'
[17.030s] INFO:colcon.colcon_core.shell:Creating package script '/home/maker/bm_ws/install/serial_motor_demo_msgs/share/serial_motor_demo_msgs/package.bash'
[17.032s] INFO:colcon.colcon_core.shell:Creating package script '/home/maker/bm_ws/install/serial_motor_demo_msgs/share/serial_motor_demo_msgs/package.zsh'
[17.033s] Level 1:colcon.colcon_core.environment:create_file_with_runtime_dependencies(/home/maker/bm_ws/install/serial_motor_demo_msgs/share/colcon-core/packages/serial_motor_demo_msgs)
[17.036s] Level 1:colcon.colcon_core.environment:create_environment_scripts_only(serial_motor_demo_msgs)
[17.037s] Level 1:colcon.colcon_core.environment:checking '/home/maker/bm_ws/install/serial_motor_demo_msgs' for CMake module files
[17.038s] Level 1:colcon.colcon_core.environment:checking '/home/maker/bm_ws/install/serial_motor_demo_msgs' for CMake config files
[17.040s] Level 1:colcon.colcon_core.shell:create_environment_hook('serial_motor_demo_msgs', 'cmake_prefix_path')
[17.040s] INFO:colcon.colcon_core.shell:Creating environment hook '/home/maker/bm_ws/install/serial_motor_demo_msgs/share/serial_motor_demo_msgs/hook/cmake_prefix_path.ps1'
[17.044s] INFO:colcon.colcon_core.shell:Creating environment descriptor '/home/maker/bm_ws/install/serial_motor_demo_msgs/share/serial_motor_demo_msgs/hook/cmake_prefix_path.dsv'
[17.045s] INFO:colcon.colcon_core.shell:Creating environment hook '/home/maker/bm_ws/install/serial_motor_demo_msgs/share/serial_motor_demo_msgs/hook/cmake_prefix_path.sh'
[17.048s] Level 1:colcon.colcon_core.environment:checking '/home/maker/bm_ws/install/serial_motor_demo_msgs/lib'
[17.048s] Level 1:colcon.colcon_core.shell:create_environment_hook('serial_motor_demo_msgs', 'ld_library_path_lib')
[17.049s] INFO:colcon.colcon_core.shell:Creating environment hook '/home/maker/bm_ws/install/serial_motor_demo_msgs/share/serial_motor_demo_msgs/hook/ld_library_path_lib.ps1'
[17.051s] INFO:colcon.colcon_core.shell:Creating environment descriptor '/home/maker/bm_ws/install/serial_motor_demo_msgs/share/serial_motor_demo_msgs/hook/ld_library_path_lib.dsv'
[17.053s] INFO:colcon.colcon_core.shell:Creating environment hook '/home/maker/bm_ws/install/serial_motor_demo_msgs/share/serial_motor_demo_msgs/hook/ld_library_path_lib.sh'
[17.056s] Level 1:colcon.colcon_core.environment:checking '/home/maker/bm_ws/install/serial_motor_demo_msgs/bin'
[17.057s] Level 1:colcon.colcon_core.environment:checking '/home/maker/bm_ws/install/serial_motor_demo_msgs/lib/pkgconfig/serial_motor_demo_msgs.pc'
[17.058s] Level 1:colcon.colcon_core.environment:checking '/home/maker/bm_ws/install/serial_motor_demo_msgs/lib/python3.10/site-packages'
[17.061s] Level 1:colcon.colcon_core.environment:checking '/home/maker/bm_ws/install/serial_motor_demo_msgs/bin'
[17.061s] INFO:colcon.colcon_core.shell:Creating package script '/home/maker/bm_ws/install/serial_motor_demo_msgs/share/serial_motor_demo_msgs/package.ps1'
[17.063s] INFO:colcon.colcon_core.shell:Creating package descriptor '/home/maker/bm_ws/install/serial_motor_demo_msgs/share/serial_motor_demo_msgs/package.dsv'
[17.065s] INFO:colcon.colcon_core.shell:Creating package script '/home/maker/bm_ws/install/serial_motor_demo_msgs/share/serial_motor_demo_msgs/package.sh'
[17.068s] INFO:colcon.colcon_core.shell:Creating package script '/home/maker/bm_ws/install/serial_motor_demo_msgs/share/serial_motor_demo_msgs/package.bash'
[17.071s] INFO:colcon.colcon_core.shell:Creating package script '/home/maker/bm_ws/install/serial_motor_demo_msgs/share/serial_motor_demo_msgs/package.zsh'
[17.073s] Level 1:colcon.colcon_core.environment:create_file_with_runtime_dependencies(/home/maker/bm_ws/install/serial_motor_demo_msgs/share/colcon-core/packages/serial_motor_demo_msgs)
[17.075s] INFO:colcon.colcon_ros.task.ament_python.build:Building ROS package in '/home/maker/bm_ws/src/serial_motor_demo/serial_motor_demo' with build type 'ament_python'
[17.075s] Level 1:colcon.colcon_core.shell:create_environment_hook('serial_motor_demo', 'ament_prefix_path')
[17.076s] INFO:colcon.colcon_core.shell:Creating environment hook '/home/maker/bm_ws/install/serial_motor_demo/share/serial_motor_demo/hook/ament_prefix_path.ps1'
[17.079s] INFO:colcon.colcon_core.shell:Creating environment descriptor '/home/maker/bm_ws/install/serial_motor_demo/share/serial_motor_demo/hook/ament_prefix_path.dsv'
[17.081s] INFO:colcon.colcon_core.shell:Creating environment hook '/home/maker/bm_ws/install/serial_motor_demo/share/serial_motor_demo/hook/ament_prefix_path.sh'
[17.084s] INFO:colcon.colcon_core.shell:Skip shell extension 'powershell' for command environment: Not usable outside of PowerShell
[17.084s] DEBUG:colcon.colcon_core.shell:Skip shell extension 'dsv' for command environment
[19.605s] INFO:colcon.colcon_core.task.python.build:Building Python package in '/home/maker/bm_ws/src/serial_motor_demo/serial_motor_demo'
[19.607s] INFO:colcon.colcon_core.shell:Skip shell extension 'powershell' for command environment: Not usable outside of PowerShell
[19.607s] DEBUG:colcon.colcon_core.shell:Skip shell extension 'dsv' for command environment
[22.845s] DEBUG:colcon.colcon_core.event_handler.log_command:Invoking command in '/home/maker/bm_ws/build/serial_motor_demo': CMAKE_PREFIX_PATH=/home/maker/bm_ws/install/serial_motor_demo_msgs:/home/maker/bm_ws/install/sllidar_ros2:/home/maker/bm_ws/install/my_bot PYTHONPATH=/home/maker/bm_ws/build/serial_motor_demo/prefix_override:/usr/lib/python3/dist-packages/colcon_core/task/python/colcon_distutils_commands:/home/maker/bm_ws/install/serial_motor_demo/lib/python3.10/site-packages:${PYTHONPATH} /usr/bin/python3 -W ignore:setup.py install is deprecated -W ignore:easy_install command is deprecated setup.py develop --editable --build-directory /home/maker/bm_ws/build/serial_motor_demo/build --no-deps symlink_data
[25.076s] Level 1:colcon.colcon_core.shell:create_environment_hook('serial_motor_demo', 'pythonpath_develop')
[25.077s] INFO:colcon.colcon_core.shell:Creating environment hook '/home/maker/bm_ws/build/serial_motor_demo/share/serial_motor_demo/hook/pythonpath_develop.ps1'
[25.080s] DEBUG:colcon.colcon_core.event_handler.log_command:Invoked command in '/home/maker/bm_ws/build/serial_motor_demo' returned '0': CMAKE_PREFIX_PATH=/home/maker/bm_ws/install/serial_motor_demo_msgs:/home/maker/bm_ws/install/sllidar_ros2:/home/maker/bm_ws/install/my_bot PYTHONPATH=/home/maker/bm_ws/build/serial_motor_demo/prefix_override:/usr/lib/python3/dist-packages/colcon_core/task/python/colcon_distutils_commands:/home/maker/bm_ws/install/serial_motor_demo/lib/python3.10/site-packages:${PYTHONPATH} /usr/bin/python3 -W ignore:setup.py install is deprecated -W ignore:easy_install command is deprecated setup.py develop --editable --build-directory /home/maker/bm_ws/build/serial_motor_demo/build --no-deps symlink_data
[25.083s] INFO:colcon.colcon_core.shell:Creating environment descriptor '/home/maker/bm_ws/build/serial_motor_demo/share/serial_motor_demo/hook/pythonpath_develop.dsv'
[25.085s] INFO:colcon.colcon_core.shell:Creating environment hook '/home/maker/bm_ws/build/serial_motor_demo/share/serial_motor_demo/hook/pythonpath_develop.sh'
[25.087s] Level 1:colcon.colcon_core.environment:checking '/home/maker/bm_ws/install/serial_motor_demo' for CMake module files
[25.089s] Level 1:colcon.colcon_core.environment:checking '/home/maker/bm_ws/install/serial_motor_demo' for CMake config files
[25.093s] Level 1:colcon.colcon_core.environment:checking '/home/maker/bm_ws/install/serial_motor_demo/lib'
[25.093s] Level 1:colcon.colcon_core.environment:checking '/home/maker/bm_ws/install/serial_motor_demo/bin'
[25.093s] Level 1:colcon.colcon_core.environment:checking '/home/maker/bm_ws/install/serial_motor_demo/lib/pkgconfig/serial_motor_demo.pc'
[25.094s] Level 1:colcon.colcon_core.environment:checking '/home/maker/bm_ws/install/serial_motor_demo/lib/python3.10/site-packages'
[25.094s] Level 1:colcon.colcon_core.shell:create_environment_hook('serial_motor_demo', 'pythonpath')
[25.095s] INFO:colcon.colcon_core.shell:Creating environment hook '/home/maker/bm_ws/install/serial_motor_demo/share/serial_motor_demo/hook/pythonpath.ps1'
[25.099s] INFO:colcon.colcon_core.shell:Creating environment descriptor '/home/maker/bm_ws/install/serial_motor_demo/share/serial_motor_demo/hook/pythonpath.dsv'
[25.100s] INFO:colcon.colcon_core.shell:Creating environment hook '/home/maker/bm_ws/install/serial_motor_demo/share/serial_motor_demo/hook/pythonpath.sh'
[25.104s] Level 1:colcon.colcon_core.environment:checking '/home/maker/bm_ws/install/serial_motor_demo/bin'
[25.104s] Level 1:colcon.colcon_core.environment:create_environment_scripts_only(serial_motor_demo)
[25.105s] INFO:colcon.colcon_core.shell:Creating package script '/home/maker/bm_ws/install/serial_motor_demo/share/serial_motor_demo/package.ps1'
[25.108s] INFO:colcon.colcon_core.shell:Creating package descriptor '/home/maker/bm_ws/install/serial_motor_demo/share/serial_motor_demo/package.dsv'
[25.110s] INFO:colcon.colcon_core.shell:Creating package script '/home/maker/bm_ws/install/serial_motor_demo/share/serial_motor_demo/package.sh'
[25.114s] INFO:colcon.colcon_core.shell:Creating package script '/home/maker/bm_ws/install/serial_motor_demo/share/serial_motor_demo/package.bash'
[25.119s] INFO:colcon.colcon_core.shell:Creating package script '/home/maker/bm_ws/install/serial_motor_demo/share/serial_motor_demo/package.zsh'
[25.125s] Level 1:colcon.colcon_core.environment:create_file_with_runtime_dependencies(/home/maker/bm_ws/install/serial_motor_demo/share/colcon-core/packages/serial_motor_demo)
[25.129s] DEBUG:colcon.colcon_parallel_executor.executor.parallel:closing loop
[25.130s] DEBUG:colcon.colcon_parallel_executor.executor.parallel:loop closed
[25.131s] DEBUG:colcon.colcon_parallel_executor.executor.parallel:run_until_complete finished with '0'
[25.131s] DEBUG:colcon.colcon_core.event_reactor:joining thread
[25.170s] INFO:colcon.colcon_core.plugin_system:Skipping extension 'colcon_notification.desktop_notification.terminal_notifier': Not used on non-Darwin systems
[25.171s] INFO:colcon.colcon_core.plugin_system:Skipping extension 'colcon_notification.desktop_notification.win32': Not used on non-Windows systems
[25.172s] INFO:colcon.colcon_notification.desktop_notification:Sending desktop notification using 'notify2'
[27.095s] DEBUG:colcon.colcon_core.event_reactor:joined thread
[27.097s] INFO:colcon.colcon_core.shell:Creating prefix script '/home/maker/bm_ws/install/local_setup.ps1'
[27.116s] INFO:colcon.colcon_core.shell:Creating prefix util module '/home/maker/bm_ws/install/_local_setup_util_ps1.py'
[27.124s] INFO:colcon.colcon_core.shell:Creating prefix chain script '/home/maker/bm_ws/install/setup.ps1'
[27.141s] INFO:colcon.colcon_core.shell:Creating prefix script '/home/maker/bm_ws/install/local_setup.sh'
[27.146s] INFO:colcon.colcon_core.shell:Creating prefix util module '/home/maker/bm_ws/install/_local_setup_util_sh.py'
[27.149s] INFO:colcon.colcon_core.shell:Creating prefix chain script '/home/maker/bm_ws/install/setup.sh'
[27.155s] INFO:colcon.colcon_core.shell:Creating prefix script '/home/maker/bm_ws/install/local_setup.bash'
[27.158s] INFO:colcon.colcon_core.shell:Creating prefix chain script '/home/maker/bm_ws/install/setup.bash'
[27.166s] INFO:colcon.colcon_core.shell:Creating prefix script '/home/maker/bm_ws/install/local_setup.zsh'
[27.174s] INFO:colcon.colcon_core.shell:Creating prefix chain script '/home/maker/bm_ws/install/setup.zsh'
