[17.843s] Invoking command in '/home/maker/bm_ws/build/serial_motor_demo': CMAKE_PREFIX_PATH=/home/maker/bm_ws/install/serial_motor_demo_msgs:/home/maker/bm_ws/install/sllidar_ros2:/home/maker/bm_ws/install/my_bot PYTHONPATH=/home/maker/bm_ws/build/serial_motor_demo/prefix_override:/usr/lib/python3/dist-packages/colcon_core/task/python/colcon_distutils_commands:/home/maker/bm_ws/install/serial_motor_demo/lib/python3.10/site-packages:${PYTHONPATH} /usr/bin/python3 -W ignore:setup.py install is deprecated -W ignore:easy_install command is deprecated setup.py develop --editable --build-directory /home/maker/bm_ws/build/serial_motor_demo/build --no-deps symlink_data
[19.060s] /home/maker/.local/lib/python3.10/site-packages/setuptools/dist.py:599: SetuptoolsDeprecationWarning: Invalid dash-separated key 'script-dir' in 'develop' (setup.cfg), please use the underscore name 'script_dir' instead.
[19.061s] !!
[19.061s] 
[19.061s]         ********************************************************************************
[19.061s]         Usage of dash-separated 'script-dir' will not be supported in future
[19.061s]         versions. Please use the underscore name 'script_dir' instead.
[19.061s] 
[19.082s]         By 2026-Mar-03, you need to update your project and remove deprecated calls
[19.082s]         or your builds will no longer be supported.
[19.082s] 
[19.083s]         See https://setuptools.pypa.io/en/latest/userguide/declarative_config.html for details.
[19.083s]         ********************************************************************************
[19.083s] 
[19.083s] !!
[19.083s]   opt = self._enforce_underscore(opt, section)
[19.362s] /home/maker/.local/lib/python3.10/site-packages/setuptools/_distutils/dist.py:289: UserWarning: Unknown distribution option: 'tests_require'
[19.363s]   warnings.warn(msg)
[19.664s] /home/maker/.local/lib/python3.10/site-packages/setuptools/dist.py:599: SetuptoolsDeprecationWarning: Invalid dash-separated key 'script-dir' in 'develop' (setup.cfg), please use the underscore name 'script_dir' instead.
[19.664s] !!
[19.664s] 
[19.664s]         ********************************************************************************
[19.664s]         Usage of dash-separated 'script-dir' will not be supported in future
[19.664s]         versions. Please use the underscore name 'script_dir' instead.
[19.668s]         (Affected: serial_motor_demo).
[19.668s] 
[19.668s]         By 2026-Mar-03, you need to update your project and remove deprecated calls
[19.669s]         or your builds will no longer be supported.
[19.669s] 
[19.669s]         See https://setuptools.pypa.io/en/latest/userguide/declarative_config.html for details.
[19.669s]         ********************************************************************************
[19.669s] 
[19.669s] !!
[19.673s]   opt = self._enforce_underscore(opt, section)
[20.985s] running develop
[22.897s] running egg_info
[23.023s] writing serial_motor_demo.egg-info/PKG-INFO
[23.033s] writing dependency_links to serial_motor_demo.egg-info/dependency_links.txt
[23.036s] writing entry points to serial_motor_demo.egg-info/entry_points.txt
[23.038s] writing requirements to serial_motor_demo.egg-info/requires.txt
[23.042s] writing top-level names to serial_motor_demo.egg-info/top_level.txt
[23.262s] reading manifest file 'serial_motor_demo.egg-info/SOURCES.txt'
[23.267s] writing manifest file 'serial_motor_demo.egg-info/SOURCES.txt'
[23.340s] running build_ext
[23.341s] Creating /home/maker/bm_ws/install/serial_motor_demo/lib/python3.10/site-packages/serial-motor-demo.egg-link (link to .)
[23.345s] Installing driver script to /home/maker/bm_ws/install/serial_motor_demo/lib/serial_motor_demo
[23.347s] Installing gui script to /home/maker/bm_ws/install/serial_motor_demo/lib/serial_motor_demo
[23.351s] 
[23.352s] Installed /home/maker/bm_ws/build/serial_motor_demo
[23.352s] running symlink_data
[23.671s] Invoked command in '/home/maker/bm_ws/build/serial_motor_demo' returned '0': CMAKE_PREFIX_PATH=/home/maker/bm_ws/install/serial_motor_demo_msgs:/home/maker/bm_ws/install/sllidar_ros2:/home/maker/bm_ws/install/my_bot PYTHONPATH=/home/maker/bm_ws/build/serial_motor_demo/prefix_override:/usr/lib/python3/dist-packages/colcon_core/task/python/colcon_distutils_commands:/home/maker/bm_ws/install/serial_motor_demo/lib/python3.10/site-packages:${PYTHONPATH} /usr/bin/python3 -W ignore:setup.py install is deprecated -W ignore:easy_install command is deprecated setup.py develop --editable --build-directory /home/maker/bm_ws/build/serial_motor_demo/build --no-deps symlink_data
