[3.817s] Invoking command in '/home/maker/bm_ws/build/serial_motor_demo': CMAKE_PREFIX_PATH=/home/maker/bm_ws/install/serial_motor_demo_msgs:/home/maker/bm_ws/install/sllidar_ros2:/home/maker/bm_ws/install/my_bot PYTHONPATH=/home/maker/bm_ws/build/serial_motor_demo/prefix_override:/usr/lib/python3/dist-packages/colcon_core/task/python/colcon_distutils_commands:/home/maker/bm_ws/install/serial_motor_demo/lib/python3.10/site-packages:${PYTHONPATH} /usr/bin/python3 -W ignore:setup.py install is deprecated -W ignore:easy_install command is deprecated setup.py develop --editable --build-directory /home/maker/bm_ws/build/serial_motor_demo/build --no-deps symlink_data
[4.208s] /home/maker/.local/lib/python3.10/site-packages/setuptools/dist.py:599: SetuptoolsDeprecationWarning: Invalid dash-separated key 'script-dir' in 'develop' (setup.cfg), please use the underscore name 'script_dir' instead.
[4.208s] !!
[4.208s] 
[4.208s]         ********************************************************************************
[4.208s]         Usage of dash-separated 'script-dir' will not be supported in future
[4.208s]         versions. Please use the underscore name 'script_dir' instead.
[4.208s] 
[4.209s]         By 2026-Mar-03, you need to update your project and remove deprecated calls
[4.209s]         or your builds will no longer be supported.
[4.209s] 
[4.209s]         See https://setuptools.pypa.io/en/latest/userguide/declarative_config.html for details.
[4.209s]         ********************************************************************************
[4.209s] 
[4.209s] !!
[4.209s]   opt = self._enforce_underscore(opt, section)
[4.255s] /home/maker/.local/lib/python3.10/site-packages/setuptools/_distutils/dist.py:289: UserWarning: Unknown distribution option: 'tests_require'
[4.255s]   warnings.warn(msg)
[4.369s] /home/maker/.local/lib/python3.10/site-packages/setuptools/dist.py:599: SetuptoolsDeprecationWarning: Invalid dash-separated key 'script-dir' in 'develop' (setup.cfg), please use the underscore name 'script_dir' instead.
[4.369s] !!
[4.369s] 
[4.370s]         ********************************************************************************
[4.370s]         Usage of dash-separated 'script-dir' will not be supported in future
[4.370s]         versions. Please use the underscore name 'script_dir' instead.
[4.371s]         (Affected: serial_motor_demo).
[4.371s] 
[4.371s]         By 2026-Mar-03, you need to update your project and remove deprecated calls
[4.372s]         or your builds will no longer be supported.
[4.372s] 
[4.373s]         See https://setuptools.pypa.io/en/latest/userguide/declarative_config.html for details.
[4.373s]         ********************************************************************************
[4.373s] 
[4.373s] !!
[4.374s]   opt = self._enforce_underscore(opt, section)
[4.800s] running develop
[5.527s] running egg_info
[5.576s] writing serial_motor_demo.egg-info/PKG-INFO
[5.578s] writing dependency_links to serial_motor_demo.egg-info/dependency_links.txt
[5.579s] writing entry points to serial_motor_demo.egg-info/entry_points.txt
[5.580s] writing requirements to serial_motor_demo.egg-info/requires.txt
[5.582s] writing top-level names to serial_motor_demo.egg-info/top_level.txt
[5.670s] reading manifest file 'serial_motor_demo.egg-info/SOURCES.txt'
[5.676s] writing manifest file 'serial_motor_demo.egg-info/SOURCES.txt'
[5.718s] running build_ext
[5.718s] Creating /home/maker/bm_ws/install/serial_motor_demo/lib/python3.10/site-packages/serial-motor-demo.egg-link (link to .)
[5.721s] Installing driver script to /home/maker/bm_ws/install/serial_motor_demo/lib/serial_motor_demo
[5.722s] Installing gui script to /home/maker/bm_ws/install/serial_motor_demo/lib/serial_motor_demo
[5.723s] 
[5.723s] Installed /home/maker/bm_ws/build/serial_motor_demo
[5.723s] running symlink_data
[5.827s] Invoked command in '/home/maker/bm_ws/build/serial_motor_demo' returned '0': CMAKE_PREFIX_PATH=/home/maker/bm_ws/install/serial_motor_demo_msgs:/home/maker/bm_ws/install/sllidar_ros2:/home/maker/bm_ws/install/my_bot PYTHONPATH=/home/maker/bm_ws/build/serial_motor_demo/prefix_override:/usr/lib/python3/dist-packages/colcon_core/task/python/colcon_distutils_commands:/home/maker/bm_ws/install/serial_motor_demo/lib/python3.10/site-packages:${PYTHONPATH} /usr/bin/python3 -W ignore:setup.py install is deprecated -W ignore:easy_install command is deprecated setup.py develop --editable --build-directory /home/maker/bm_ws/build/serial_motor_demo/build --no-deps symlink_data
