[0.541s] Invoking command in '/home/maker/bm_ws/build/my_bot': CMAKE_PREFIX_PATH=/opt/ros/humble /usr/bin/cmake --build /home/maker/bm_ws/build/my_bot -- -j2 -l2
[2.767s] Invoked command in '/home/maker/bm_ws/build/my_bot' returned '0': CMAKE_PREFIX_PATH=/opt/ros/humble /usr/bin/cmake --build /home/maker/bm_ws/build/my_bot -- -j2 -l2
[3.176s] Invoking command in '/home/maker/bm_ws/build/my_bot': CMAKE_PREFIX_PATH=/opt/ros/humble /usr/bin/cmake --install /home/maker/bm_ws/build/my_bot
[3.585s] -- Install configuration: ""
[3.706s] -- Execute custom install script
[3.881s] -- Up-to-date symlink: /home/maker/bm_ws/install/my_bot/share/my_bot/config/drive_bot.rviz
[3.884s] -- Up-to-date symlink: /home/maker/bm_ws/install/my_bot/share/my_bot/config/empty.yaml
[3.913s] -- Up-to-date symlink: /home/maker/bm_ws/install/my_bot/share/my_bot/config/gaz_ros2_ctl_use_sim.yaml
[3.943s] -- Up-to-date symlink: /home/maker/bm_ws/install/my_bot/share/my_bot/config/gazebo_params.yaml
[3.944s] -- Up-to-date symlink: /home/maker/bm_ws/install/my_bot/share/my_bot/config/joystick.yaml
[3.944s] -- Up-to-date symlink: /home/maker/bm_ws/install/my_bot/share/my_bot/config/main.rviz
[3.969s] -- Up-to-date symlink: /home/maker/bm_ws/install/my_bot/share/my_bot/config/mapper_params_online_async.yaml
[3.979s] -- Up-to-date symlink: /home/maker/bm_ws/install/my_bot/share/my_bot/config/my_controllers.yaml
[3.979s] -- Up-to-date symlink: /home/maker/bm_ws/install/my_bot/share/my_bot/config/nav2_params.yaml
[3.996s] -- Up-to-date symlink: /home/maker/bm_ws/install/my_bot/share/my_bot/config/twist_mux.yaml
[3.999s] -- Up-to-date symlink: /home/maker/bm_ws/install/my_bot/share/my_bot/config/view_bot.rviz
[4.007s] -- Up-to-date symlink: /home/maker/bm_ws/install/my_bot/share/my_bot/description/camera.xacro
[4.013s] -- Up-to-date symlink: /home/maker/bm_ws/install/my_bot/share/my_bot/description/face.xacro
[4.017s] -- Up-to-date symlink: /home/maker/bm_ws/install/my_bot/share/my_bot/description/gazebo_control.xacro
[4.025s] -- Up-to-date symlink: /home/maker/bm_ws/install/my_bot/share/my_bot/description/inertial_macros.xacro
[4.029s] -- Up-to-date symlink: /home/maker/bm_ws/install/my_bot/share/my_bot/description/lidar.xacro
[4.048s] -- Up-to-date symlink: /home/maker/bm_ws/install/my_bot/share/my_bot/description/robot.urdf.xacro
[4.063s] -- Up-to-date symlink: /home/maker/bm_ws/install/my_bot/share/my_bot/description/robot_core.xacro
[4.063s] -- Up-to-date symlink: /home/maker/bm_ws/install/my_bot/share/my_bot/description/ros2_control.xacro
[4.069s] -- Up-to-date symlink: /home/maker/bm_ws/install/my_bot/share/my_bot/launch/camera.launch.py
[4.072s] -- Up-to-date symlink: /home/maker/bm_ws/install/my_bot/share/my_bot/launch/launch_sim.launch.py
[4.072s] -- Up-to-date symlink: /home/maker/bm_ws/install/my_bot/share/my_bot/launch/localization_launch.py
[4.080s] -- Up-to-date symlink: /home/maker/bm_ws/install/my_bot/share/my_bot/launch/navigation_launch.py
[4.080s] -- Up-to-date symlink: /home/maker/bm_ws/install/my_bot/share/my_bot/launch/online_async_launch.py
[4.084s] -- Up-to-date symlink: /home/maker/bm_ws/install/my_bot/share/my_bot/launch/rplidar.launch.py
[4.091s] -- Up-to-date symlink: /home/maker/bm_ws/install/my_bot/share/my_bot/launch/rsp.launch.py
[4.091s] -- Up-to-date symlink: /home/maker/bm_ws/install/my_bot/share/my_bot/worlds/empty.world
[4.099s] -- Up-to-date symlink: /home/maker/bm_ws/install/my_bot/share/my_bot/worlds/obstacles.world
[4.106s] -- Up-to-date symlink: /home/maker/bm_ws/install/my_bot/share/ament_index/resource_index/package_run_dependencies/my_bot
[4.110s] -- Up-to-date symlink: /home/maker/bm_ws/install/my_bot/share/ament_index/resource_index/parent_prefix_path/my_bot
[4.127s] -- Up-to-date symlink: /home/maker/bm_ws/install/my_bot/share/my_bot/environment/ament_prefix_path.sh
[4.135s] -- Up-to-date symlink: /home/maker/bm_ws/install/my_bot/share/my_bot/environment/ament_prefix_path.dsv
[4.149s] -- Up-to-date symlink: /home/maker/bm_ws/install/my_bot/share/my_bot/environment/path.sh
[4.150s] -- Up-to-date symlink: /home/maker/bm_ws/install/my_bot/share/my_bot/environment/path.dsv
[4.150s] -- Up-to-date symlink: /home/maker/bm_ws/install/my_bot/share/my_bot/local_setup.bash
[4.163s] -- Up-to-date symlink: /home/maker/bm_ws/install/my_bot/share/my_bot/local_setup.sh
[4.176s] -- Up-to-date symlink: /home/maker/bm_ws/install/my_bot/share/my_bot/local_setup.zsh
[4.176s] -- Up-to-date symlink: /home/maker/bm_ws/install/my_bot/share/my_bot/local_setup.dsv
[4.176s] -- Symlinking: /home/maker/bm_ws/install/my_bot/share/my_bot/package.dsv
[4.661s] -- Up-to-date symlink: /home/maker/bm_ws/install/my_bot/share/ament_index/resource_index/packages/my_bot
[4.664s] -- Up-to-date symlink: /home/maker/bm_ws/install/my_bot/share/my_bot/cmake/my_botConfig.cmake
[4.673s] -- Up-to-date symlink: /home/maker/bm_ws/install/my_bot/share/my_bot/cmake/my_botConfig-version.cmake
[4.673s] -- Up-to-date symlink: /home/maker/bm_ws/install/my_bot/share/my_bot/package.xml
[4.688s] Invoked command in '/home/maker/bm_ws/build/my_bot' returned '0': CMAKE_PREFIX_PATH=/opt/ros/humble /usr/bin/cmake --install /home/maker/bm_ws/build/my_bot
