[0.452s] Invoking command in '/home/maker/bm_ws/build/serial_motor_demo_msgs': CMAKE_PREFIX_PATH=/opt/ros/humble /usr/bin/cmake --build /home/maker/bm_ws/build/serial_motor_demo_msgs -- -j2 -l2
[3.047s] [ 10%] Built target serial_motor_demo_msgs__rosidl_generator_c
[3.375s] [ 12%] Built target serial_motor_demo_msgs__cpp
[3.743s] [ 12%] Built target ament_cmake_python_symlink_serial_motor_demo_msgs
[3.969s] [ 23%] Built target serial_motor_demo_msgs__rosidl_typesupport_introspection_c
[4.185s] [ 34%] Built target serial_motor_demo_msgs__rosidl_typesupport_c
[4.476s] [ 44%] Built target serial_motor_demo_msgs__rosidl_typesupport_fastrtps_cpp
[4.725s] [ 55%] Built target serial_motor_demo_msgs__rosidl_typesupport_introspection_cpp
[4.987s] [ 65%] Built target serial_motor_demo_msgs__rosidl_typesupport_cpp
[5.452s] [ 76%] Built target serial_motor_demo_msgs__rosidl_typesupport_fastrtps_c
[7.418s] running egg_info
[7.569s] writing serial_motor_demo_msgs.egg-info/PKG-INFO
[7.585s] writing dependency_links to serial_motor_demo_msgs.egg-info/dependency_links.txt
[7.586s] writing top-level names to serial_motor_demo_msgs.egg-info/top_level.txt
[8.099s] reading manifest file 'serial_motor_demo_msgs.egg-info/SOURCES.txt'
[8.104s] writing manifest file 'serial_motor_demo_msgs.egg-info/SOURCES.txt'
[8.304s] [ 76%] Built target ament_cmake_python_build_serial_motor_demo_msgs_egg
[8.459s] [ 76%] Built target serial_motor_demo_msgs
[8.660s] [ 78%] Built target serial_motor_demo_msgs__py
[8.994s] [ 87%] Built target serial_motor_demo_msgs__rosidl_generator_py
[9.199s] [ 91%] Built target serial_motor_demo_msgs__rosidl_typesupport_fastrtps_c__pyext
[9.381s] [ 95%] Built target serial_motor_demo_msgs__rosidl_typesupport_introspection_c__pyext
[9.546s] [100%] Built target serial_motor_demo_msgs__rosidl_typesupport_c__pyext
[9.623s] Invoked command in '/home/maker/bm_ws/build/serial_motor_demo_msgs' returned '0': CMAKE_PREFIX_PATH=/opt/ros/humble /usr/bin/cmake --build /home/maker/bm_ws/build/serial_motor_demo_msgs -- -j2 -l2
[9.638s] Invoking command in '/home/maker/bm_ws/build/serial_motor_demo_msgs': CMAKE_PREFIX_PATH=/opt/ros/humble /usr/bin/cmake --install /home/maker/bm_ws/build/serial_motor_demo_msgs
[9.729s] -- Install configuration: ""
[9.735s] -- Execute custom install script
[9.749s] -- Up-to-date symlink: /home/maker/bm_ws/install/serial_motor_demo_msgs/share/ament_index/resource_index/rosidl_interfaces/serial_motor_demo_msgs
[9.766s] -- Up-to-date symlink: /home/maker/bm_ws/install/serial_motor_demo_msgs/include/serial_motor_demo_msgs/serial_motor_demo_msgs/msg/detail/encoder_vals__functions.h
[9.772s] -- Up-to-date symlink: /home/maker/bm_ws/install/serial_motor_demo_msgs/include/serial_motor_demo_msgs/serial_motor_demo_msgs/msg/detail/encoder_vals__struct.h
[9.787s] -- Up-to-date symlink: /home/maker/bm_ws/install/serial_motor_demo_msgs/include/serial_motor_demo_msgs/serial_motor_demo_msgs/msg/detail/encoder_vals__type_support.h
[9.793s] -- Up-to-date symlink: /home/maker/bm_ws/install/serial_motor_demo_msgs/include/serial_motor_demo_msgs/serial_motor_demo_msgs/msg/detail/motor_command__functions.h
[9.799s] -- Up-to-date symlink: /home/maker/bm_ws/install/serial_motor_demo_msgs/include/serial_motor_demo_msgs/serial_motor_demo_msgs/msg/detail/motor_command__struct.h
[9.805s] -- Up-to-date symlink: /home/maker/bm_ws/install/serial_motor_demo_msgs/include/serial_motor_demo_msgs/serial_motor_demo_msgs/msg/detail/motor_command__type_support.h
[9.814s] -- Up-to-date symlink: /home/maker/bm_ws/install/serial_motor_demo_msgs/include/serial_motor_demo_msgs/serial_motor_demo_msgs/msg/detail/motor_vels__functions.h
[9.817s] -- Up-to-date symlink: /home/maker/bm_ws/install/serial_motor_demo_msgs/include/serial_motor_demo_msgs/serial_motor_demo_msgs/msg/detail/motor_vels__struct.h
[9.822s] -- Up-to-date symlink: /home/maker/bm_ws/install/serial_motor_demo_msgs/include/serial_motor_demo_msgs/serial_motor_demo_msgs/msg/detail/motor_vels__type_support.h
[9.825s] -- Up-to-date symlink: /home/maker/bm_ws/install/serial_motor_demo_msgs/include/serial_motor_demo_msgs/serial_motor_demo_msgs/msg/encoder_vals.h
[9.829s] -- Up-to-date symlink: /home/maker/bm_ws/install/serial_motor_demo_msgs/include/serial_motor_demo_msgs/serial_motor_demo_msgs/msg/motor_command.h
[9.829s] -- Up-to-date symlink: /home/maker/bm_ws/install/serial_motor_demo_msgs/include/serial_motor_demo_msgs/serial_motor_demo_msgs/msg/motor_vels.h
[9.833s] -- Up-to-date symlink: /home/maker/bm_ws/install/serial_motor_demo_msgs/include/serial_motor_demo_msgs/serial_motor_demo_msgs/msg/rosidl_generator_c__visibility_control.h
[9.837s] -- Up-to-date symlink: /home/maker/bm_ws/install/serial_motor_demo_msgs/share/serial_motor_demo_msgs/environment/library_path.sh
[9.841s] -- Up-to-date symlink: /home/maker/bm_ws/install/serial_motor_demo_msgs/share/serial_motor_demo_msgs/environment/library_path.dsv
[9.847s] -- Up-to-date symlink: /home/maker/bm_ws/install/serial_motor_demo_msgs/include/serial_motor_demo_msgs/serial_motor_demo_msgs/msg/detail/encoder_vals__rosidl_typesupport_fastrtps_c.h
[9.847s] -- Up-to-date symlink: /home/maker/bm_ws/install/serial_motor_demo_msgs/include/serial_motor_demo_msgs/serial_motor_demo_msgs/msg/detail/motor_command__rosidl_typesupport_fastrtps_c.h
[9.854s] -- Up-to-date symlink: /home/maker/bm_ws/install/serial_motor_demo_msgs/include/serial_motor_demo_msgs/serial_motor_demo_msgs/msg/detail/motor_vels__rosidl_typesupport_fastrtps_c.h
[9.858s] -- Up-to-date symlink: /home/maker/bm_ws/install/serial_motor_demo_msgs/include/serial_motor_demo_msgs/serial_motor_demo_msgs/msg/rosidl_typesupport_fastrtps_c__visibility_control.h
[9.860s] -- Up-to-date symlink: /home/maker/bm_ws/install/serial_motor_demo_msgs/include/serial_motor_demo_msgs/serial_motor_demo_msgs/msg/detail/encoder_vals__rosidl_typesupport_introspection_c.h
[9.863s] -- Up-to-date symlink: /home/maker/bm_ws/install/serial_motor_demo_msgs/include/serial_motor_demo_msgs/serial_motor_demo_msgs/msg/detail/motor_command__rosidl_typesupport_introspection_c.h
[9.864s] -- Up-to-date symlink: /home/maker/bm_ws/install/serial_motor_demo_msgs/include/serial_motor_demo_msgs/serial_motor_demo_msgs/msg/detail/motor_vels__rosidl_typesupport_introspection_c.h
[9.867s] -- Up-to-date symlink: /home/maker/bm_ws/install/serial_motor_demo_msgs/include/serial_motor_demo_msgs/serial_motor_demo_msgs/msg/rosidl_typesupport_introspection_c__visibility_control.h
[9.869s] -- Up-to-date symlink: /home/maker/bm_ws/install/serial_motor_demo_msgs/include/serial_motor_demo_msgs/serial_motor_demo_msgs/msg/detail/encoder_vals__builder.hpp
[9.874s] -- Up-to-date symlink: /home/maker/bm_ws/install/serial_motor_demo_msgs/include/serial_motor_demo_msgs/serial_motor_demo_msgs/msg/detail/encoder_vals__struct.hpp
[9.874s] -- Up-to-date symlink: /home/maker/bm_ws/install/serial_motor_demo_msgs/include/serial_motor_demo_msgs/serial_motor_demo_msgs/msg/detail/encoder_vals__traits.hpp
[9.877s] -- Up-to-date symlink: /home/maker/bm_ws/install/serial_motor_demo_msgs/include/serial_motor_demo_msgs/serial_motor_demo_msgs/msg/detail/encoder_vals__type_support.hpp
[9.880s] -- Up-to-date symlink: /home/maker/bm_ws/install/serial_motor_demo_msgs/include/serial_motor_demo_msgs/serial_motor_demo_msgs/msg/detail/motor_command__builder.hpp
[9.881s] -- Up-to-date symlink: /home/maker/bm_ws/install/serial_motor_demo_msgs/include/serial_motor_demo_msgs/serial_motor_demo_msgs/msg/detail/motor_command__struct.hpp
[9.885s] -- Up-to-date symlink: /home/maker/bm_ws/install/serial_motor_demo_msgs/include/serial_motor_demo_msgs/serial_motor_demo_msgs/msg/detail/motor_command__traits.hpp
[9.891s] -- Up-to-date symlink: /home/maker/bm_ws/install/serial_motor_demo_msgs/include/serial_motor_demo_msgs/serial_motor_demo_msgs/msg/detail/motor_command__type_support.hpp
[9.896s] -- Up-to-date symlink: /home/maker/bm_ws/install/serial_motor_demo_msgs/include/serial_motor_demo_msgs/serial_motor_demo_msgs/msg/detail/motor_vels__builder.hpp
[9.911s] -- Up-to-date symlink: /home/maker/bm_ws/install/serial_motor_demo_msgs/include/serial_motor_demo_msgs/serial_motor_demo_msgs/msg/detail/motor_vels__struct.hpp
[9.913s] -- Up-to-date symlink: /home/maker/bm_ws/install/serial_motor_demo_msgs/include/serial_motor_demo_msgs/serial_motor_demo_msgs/msg/detail/motor_vels__traits.hpp
[9.915s] -- Up-to-date symlink: /home/maker/bm_ws/install/serial_motor_demo_msgs/include/serial_motor_demo_msgs/serial_motor_demo_msgs/msg/detail/motor_vels__type_support.hpp
[9.919s] -- Up-to-date symlink: /home/maker/bm_ws/install/serial_motor_demo_msgs/include/serial_motor_demo_msgs/serial_motor_demo_msgs/msg/encoder_vals.hpp
[9.923s] -- Up-to-date symlink: /home/maker/bm_ws/install/serial_motor_demo_msgs/include/serial_motor_demo_msgs/serial_motor_demo_msgs/msg/motor_command.hpp
[9.924s] -- Up-to-date symlink: /home/maker/bm_ws/install/serial_motor_demo_msgs/include/serial_motor_demo_msgs/serial_motor_demo_msgs/msg/motor_vels.hpp
[9.928s] -- Up-to-date symlink: /home/maker/bm_ws/install/serial_motor_demo_msgs/include/serial_motor_demo_msgs/serial_motor_demo_msgs/msg/rosidl_generator_cpp__visibility_control.hpp
[9.934s] -- Up-to-date symlink: /home/maker/bm_ws/install/serial_motor_demo_msgs/include/serial_motor_demo_msgs/serial_motor_demo_msgs/msg/detail/encoder_vals__rosidl_typesupport_fastrtps_cpp.hpp
[9.936s] -- Up-to-date symlink: /home/maker/bm_ws/install/serial_motor_demo_msgs/include/serial_motor_demo_msgs/serial_motor_demo_msgs/msg/detail/motor_command__rosidl_typesupport_fastrtps_cpp.hpp
[9.942s] -- Up-to-date symlink: /home/maker/bm_ws/install/serial_motor_demo_msgs/include/serial_motor_demo_msgs/serial_motor_demo_msgs/msg/detail/motor_vels__rosidl_typesupport_fastrtps_cpp.hpp
[9.945s] -- Up-to-date symlink: /home/maker/bm_ws/install/serial_motor_demo_msgs/include/serial_motor_demo_msgs/serial_motor_demo_msgs/msg/rosidl_typesupport_fastrtps_cpp__visibility_control.h
[9.948s] -- Up-to-date symlink: /home/maker/bm_ws/install/serial_motor_demo_msgs/include/serial_motor_demo_msgs/serial_motor_demo_msgs/msg/detail/encoder_vals__rosidl_typesupport_introspection_cpp.hpp
[9.951s] -- Up-to-date symlink: /home/maker/bm_ws/install/serial_motor_demo_msgs/include/serial_motor_demo_msgs/serial_motor_demo_msgs/msg/detail/motor_command__rosidl_typesupport_introspection_cpp.hpp
[9.956s] -- Up-to-date symlink: /home/maker/bm_ws/install/serial_motor_demo_msgs/include/serial_motor_demo_msgs/serial_motor_demo_msgs/msg/detail/motor_vels__rosidl_typesupport_introspection_cpp.hpp
[9.960s] -- Up-to-date symlink: /home/maker/bm_ws/install/serial_motor_demo_msgs/share/serial_motor_demo_msgs/environment/pythonpath.sh
[9.965s] -- Up-to-date symlink: /home/maker/bm_ws/install/serial_motor_demo_msgs/share/serial_motor_demo_msgs/environment/pythonpath.dsv
[9.977s] -- Up-to-date symlink: /home/maker/bm_ws/install/serial_motor_demo_msgs/local/lib/python3.10/dist-packages/serial_motor_demo_msgs-0.0.0-py3.10.egg-info/PKG-INFO
[9.980s] -- Up-to-date symlink: /home/maker/bm_ws/install/serial_motor_demo_msgs/local/lib/python3.10/dist-packages/serial_motor_demo_msgs-0.0.0-py3.10.egg-info/SOURCES.txt
[9.988s] -- Up-to-date symlink: /home/maker/bm_ws/install/serial_motor_demo_msgs/local/lib/python3.10/dist-packages/serial_motor_demo_msgs-0.0.0-py3.10.egg-info/dependency_links.txt
[9.991s] -- Up-to-date symlink: /home/maker/bm_ws/install/serial_motor_demo_msgs/local/lib/python3.10/dist-packages/serial_motor_demo_msgs-0.0.0-py3.10.egg-info/top_level.txt
[10.008s] -- Up-to-date symlink: /home/maker/bm_ws/install/serial_motor_demo_msgs/local/lib/python3.10/dist-packages/serial_motor_demo_msgs/__init__.py
[10.015s] -- Up-to-date symlink: /home/maker/bm_ws/install/serial_motor_demo_msgs/local/lib/python3.10/dist-packages/serial_motor_demo_msgs/_serial_motor_demo_msgs_s.ep.rosidl_typesupport_c.c
[10.017s] -- Up-to-date symlink: /home/maker/bm_ws/install/serial_motor_demo_msgs/local/lib/python3.10/dist-packages/serial_motor_demo_msgs/_serial_motor_demo_msgs_s.ep.rosidl_typesupport_fastrtps_c.c
[10.022s] -- Up-to-date symlink: /home/maker/bm_ws/install/serial_motor_demo_msgs/local/lib/python3.10/dist-packages/serial_motor_demo_msgs/_serial_motor_demo_msgs_s.ep.rosidl_typesupport_introspection_c.c
[10.027s] -- Up-to-date symlink: /home/maker/bm_ws/install/serial_motor_demo_msgs/local/lib/python3.10/dist-packages/serial_motor_demo_msgs/libserial_motor_demo_msgs__rosidl_generator_py.so
[10.033s] -- Up-to-date symlink: /home/maker/bm_ws/install/serial_motor_demo_msgs/local/lib/python3.10/dist-packages/serial_motor_demo_msgs/msg/__init__.py
[10.033s] -- Up-to-date symlink: /home/maker/bm_ws/install/serial_motor_demo_msgs/local/lib/python3.10/dist-packages/serial_motor_demo_msgs/msg/_encoder_vals.py
[10.035s] -- Up-to-date symlink: /home/maker/bm_ws/install/serial_motor_demo_msgs/local/lib/python3.10/dist-packages/serial_motor_demo_msgs/msg/_encoder_vals_s.c
[10.040s] -- Up-to-date symlink: /home/maker/bm_ws/install/serial_motor_demo_msgs/local/lib/python3.10/dist-packages/serial_motor_demo_msgs/msg/_motor_command.py
[10.040s] -- Up-to-date symlink: /home/maker/bm_ws/install/serial_motor_demo_msgs/local/lib/python3.10/dist-packages/serial_motor_demo_msgs/msg/_motor_command_s.c
[10.046s] -- Up-to-date symlink: /home/maker/bm_ws/install/serial_motor_demo_msgs/local/lib/python3.10/dist-packages/serial_motor_demo_msgs/msg/_motor_vels.py
[10.047s] -- Up-to-date symlink: /home/maker/bm_ws/install/serial_motor_demo_msgs/local/lib/python3.10/dist-packages/serial_motor_demo_msgs/msg/_motor_vels_s.c
[10.050s] -- Up-to-date symlink: /home/maker/bm_ws/install/serial_motor_demo_msgs/local/lib/python3.10/dist-packages/serial_motor_demo_msgs/serial_motor_demo_msgs_s__rosidl_typesupport_c.cpython-310-x86_64-linux-gnu.so
[10.055s] -- Up-to-date symlink: /home/maker/bm_ws/install/serial_motor_demo_msgs/local/lib/python3.10/dist-packages/serial_motor_demo_msgs/serial_motor_demo_msgs_s__rosidl_typesupport_fastrtps_c.cpython-310-x86_64-linux-gnu.so
[10.060s] -- Up-to-date symlink: /home/maker/bm_ws/install/serial_motor_demo_msgs/local/lib/python3.10/dist-packages/serial_motor_demo_msgs/serial_motor_demo_msgs_s__rosidl_typesupport_introspection_c.cpython-310-x86_64-linux-gnu.so
[10.064s] -- Up-to-date symlink: /home/maker/bm_ws/install/serial_motor_demo_msgs/local/lib/python3.10/dist-packages/serial_motor_demo_msgs/serial_motor_demo_msgs_s__rosidl_typesupport_fastrtps_c.cpython-310-x86_64-linux-gnu.so
[10.070s] -- Up-to-date symlink: /home/maker/bm_ws/install/serial_motor_demo_msgs/local/lib/python3.10/dist-packages/serial_motor_demo_msgs/serial_motor_demo_msgs_s__rosidl_typesupport_introspection_c.cpython-310-x86_64-linux-gnu.so
[10.076s] -- Up-to-date symlink: /home/maker/bm_ws/install/serial_motor_demo_msgs/local/lib/python3.10/dist-packages/serial_motor_demo_msgs/serial_motor_demo_msgs_s__rosidl_typesupport_c.cpython-310-x86_64-linux-gnu.so
[10.081s] -- Up-to-date symlink: /home/maker/bm_ws/install/serial_motor_demo_msgs/share/serial_motor_demo_msgs/msg/MotorCommand.idl
[10.085s] -- Up-to-date symlink: /home/maker/bm_ws/install/serial_motor_demo_msgs/share/serial_motor_demo_msgs/msg/MotorVels.idl
[10.086s] -- Up-to-date symlink: /home/maker/bm_ws/install/serial_motor_demo_msgs/share/serial_motor_demo_msgs/msg/EncoderVals.idl
[10.090s] -- Up-to-date symlink: /home/maker/bm_ws/install/serial_motor_demo_msgs/share/serial_motor_demo_msgs/msg/MotorCommand.msg
[10.098s] -- Up-to-date symlink: /home/maker/bm_ws/install/serial_motor_demo_msgs/share/serial_motor_demo_msgs/msg/MotorVels.msg
[10.100s] -- Up-to-date symlink: /home/maker/bm_ws/install/serial_motor_demo_msgs/share/serial_motor_demo_msgs/msg/EncoderVals.msg
[10.106s] -- Up-to-date symlink: /home/maker/bm_ws/install/serial_motor_demo_msgs/share/ament_index/resource_index/package_run_dependencies/serial_motor_demo_msgs
[10.118s] -- Up-to-date symlink: /home/maker/bm_ws/install/serial_motor_demo_msgs/share/ament_index/resource_index/parent_prefix_path/serial_motor_demo_msgs
[10.124s] -- Up-to-date symlink: /home/maker/bm_ws/install/serial_motor_demo_msgs/share/serial_motor_demo_msgs/environment/ament_prefix_path.sh
[10.130s] -- Up-to-date symlink: /home/maker/bm_ws/install/serial_motor_demo_msgs/share/serial_motor_demo_msgs/environment/ament_prefix_path.dsv
[10.135s] -- Up-to-date symlink: /home/maker/bm_ws/install/serial_motor_demo_msgs/share/serial_motor_demo_msgs/environment/path.sh
[10.140s] -- Up-to-date symlink: /home/maker/bm_ws/install/serial_motor_demo_msgs/share/serial_motor_demo_msgs/environment/path.dsv
[10.141s] -- Up-to-date symlink: /home/maker/bm_ws/install/serial_motor_demo_msgs/share/serial_motor_demo_msgs/local_setup.bash
[10.147s] -- Up-to-date symlink: /home/maker/bm_ws/install/serial_motor_demo_msgs/share/serial_motor_demo_msgs/local_setup.sh
[10.152s] -- Up-to-date symlink: /home/maker/bm_ws/install/serial_motor_demo_msgs/share/serial_motor_demo_msgs/local_setup.zsh
[10.155s] -- Up-to-date symlink: /home/maker/bm_ws/install/serial_motor_demo_msgs/share/serial_motor_demo_msgs/local_setup.dsv
[10.155s] -- Symlinking: /home/maker/bm_ws/install/serial_motor_demo_msgs/share/serial_motor_demo_msgs/package.dsv
[10.268s] -- Up-to-date symlink: /home/maker/bm_ws/install/serial_motor_demo_msgs/share/ament_index/resource_index/packages/serial_motor_demo_msgs
[10.273s] -- Up-to-date symlink: /home/maker/bm_ws/install/serial_motor_demo_msgs/share/serial_motor_demo_msgs/cmake/rosidl_cmake-extras.cmake
[10.276s] -- Up-to-date symlink: /home/maker/bm_ws/install/serial_motor_demo_msgs/share/serial_motor_demo_msgs/cmake/ament_cmake_export_include_directories-extras.cmake
[10.276s] -- Up-to-date symlink: /home/maker/bm_ws/install/serial_motor_demo_msgs/share/serial_motor_demo_msgs/cmake/ament_cmake_export_libraries-extras.cmake
[10.279s] -- Up-to-date symlink: /home/maker/bm_ws/install/serial_motor_demo_msgs/share/serial_motor_demo_msgs/cmake/ament_cmake_export_targets-extras.cmake
[10.284s] -- Up-to-date symlink: /home/maker/bm_ws/install/serial_motor_demo_msgs/share/serial_motor_demo_msgs/cmake/rosidl_cmake_export_typesupport_targets-extras.cmake
[10.286s] -- Up-to-date symlink: /home/maker/bm_ws/install/serial_motor_demo_msgs/share/serial_motor_demo_msgs/cmake/ament_cmake_export_dependencies-extras.cmake
[10.291s] -- Up-to-date symlink: /home/maker/bm_ws/install/serial_motor_demo_msgs/share/serial_motor_demo_msgs/cmake/rosidl_cmake_export_typesupport_libraries-extras.cmake
[10.293s] -- Up-to-date symlink: /home/maker/bm_ws/install/serial_motor_demo_msgs/share/serial_motor_demo_msgs/cmake/serial_motor_demo_msgsConfig.cmake
[10.299s] -- Up-to-date symlink: /home/maker/bm_ws/install/serial_motor_demo_msgs/share/serial_motor_demo_msgs/cmake/serial_motor_demo_msgsConfig-version.cmake
[10.305s] -- Up-to-date symlink: /home/maker/bm_ws/install/serial_motor_demo_msgs/share/serial_motor_demo_msgs/package.xml
[10.322s] -- Up-to-date: /home/maker/bm_ws/install/serial_motor_demo_msgs/lib/libserial_motor_demo_msgs__rosidl_generator_c.so
[10.330s] -- Up-to-date: /home/maker/bm_ws/install/serial_motor_demo_msgs/lib/libserial_motor_demo_msgs__rosidl_typesupport_fastrtps_c.so
[10.335s] -- Up-to-date: /home/maker/bm_ws/install/serial_motor_demo_msgs/lib/libserial_motor_demo_msgs__rosidl_typesupport_introspection_c.so
[10.340s] -- Up-to-date: /home/maker/bm_ws/install/serial_motor_demo_msgs/lib/libserial_motor_demo_msgs__rosidl_typesupport_c.so
[10.347s] -- Up-to-date: /home/maker/bm_ws/install/serial_motor_demo_msgs/lib/libserial_motor_demo_msgs__rosidl_typesupport_fastrtps_cpp.so
[10.353s] -- Up-to-date: /home/maker/bm_ws/install/serial_motor_demo_msgs/lib/libserial_motor_demo_msgs__rosidl_typesupport_introspection_cpp.so
[10.358s] -- Up-to-date: /home/maker/bm_ws/install/serial_motor_demo_msgs/lib/libserial_motor_demo_msgs__rosidl_typesupport_cpp.so
[10.730s] Listing '/home/maker/bm_ws/install/serial_motor_demo_msgs/local/lib/python3.10/dist-packages/serial_motor_demo_msgs'...
[10.731s] Listing '/home/maker/bm_ws/install/serial_motor_demo_msgs/local/lib/python3.10/dist-packages/serial_motor_demo_msgs/msg'...
[10.775s] -- Up-to-date: /home/maker/bm_ws/install/serial_motor_demo_msgs/lib/libserial_motor_demo_msgs__rosidl_generator_py.so
[10.785s] -- Up-to-date: /home/maker/bm_ws/install/serial_motor_demo_msgs/share/serial_motor_demo_msgs/cmake/export_serial_motor_demo_msgs__rosidl_generator_cExport.cmake
[10.787s] -- Up-to-date: /home/maker/bm_ws/install/serial_motor_demo_msgs/share/serial_motor_demo_msgs/cmake/export_serial_motor_demo_msgs__rosidl_generator_cExport-noconfig.cmake
[10.792s] -- Up-to-date: /home/maker/bm_ws/install/serial_motor_demo_msgs/share/serial_motor_demo_msgs/cmake/export_serial_motor_demo_msgs__rosidl_typesupport_fastrtps_cExport.cmake
[10.795s] -- Up-to-date: /home/maker/bm_ws/install/serial_motor_demo_msgs/share/serial_motor_demo_msgs/cmake/export_serial_motor_demo_msgs__rosidl_typesupport_fastrtps_cExport-noconfig.cmake
[10.802s] -- Up-to-date: /home/maker/bm_ws/install/serial_motor_demo_msgs/share/serial_motor_demo_msgs/cmake/serial_motor_demo_msgs__rosidl_typesupport_introspection_cExport.cmake
[10.806s] -- Up-to-date: /home/maker/bm_ws/install/serial_motor_demo_msgs/share/serial_motor_demo_msgs/cmake/serial_motor_demo_msgs__rosidl_typesupport_introspection_cExport-noconfig.cmake
[10.809s] -- Up-to-date: /home/maker/bm_ws/install/serial_motor_demo_msgs/share/serial_motor_demo_msgs/cmake/serial_motor_demo_msgs__rosidl_typesupport_cExport.cmake
[10.811s] -- Up-to-date: /home/maker/bm_ws/install/serial_motor_demo_msgs/share/serial_motor_demo_msgs/cmake/serial_motor_demo_msgs__rosidl_typesupport_cExport-noconfig.cmake
[10.815s] -- Up-to-date: /home/maker/bm_ws/install/serial_motor_demo_msgs/share/serial_motor_demo_msgs/cmake/export_serial_motor_demo_msgs__rosidl_generator_cppExport.cmake
[10.819s] -- Up-to-date: /home/maker/bm_ws/install/serial_motor_demo_msgs/share/serial_motor_demo_msgs/cmake/export_serial_motor_demo_msgs__rosidl_typesupport_fastrtps_cppExport.cmake
[10.826s] -- Up-to-date: /home/maker/bm_ws/install/serial_motor_demo_msgs/share/serial_motor_demo_msgs/cmake/export_serial_motor_demo_msgs__rosidl_typesupport_fastrtps_cppExport-noconfig.cmake
[10.832s] -- Up-to-date: /home/maker/bm_ws/install/serial_motor_demo_msgs/share/serial_motor_demo_msgs/cmake/serial_motor_demo_msgs__rosidl_typesupport_introspection_cppExport.cmake
[10.835s] -- Up-to-date: /home/maker/bm_ws/install/serial_motor_demo_msgs/share/serial_motor_demo_msgs/cmake/serial_motor_demo_msgs__rosidl_typesupport_introspection_cppExport-noconfig.cmake
[10.838s] -- Up-to-date: /home/maker/bm_ws/install/serial_motor_demo_msgs/share/serial_motor_demo_msgs/cmake/serial_motor_demo_msgs__rosidl_typesupport_cppExport.cmake
[10.840s] -- Up-to-date: /home/maker/bm_ws/install/serial_motor_demo_msgs/share/serial_motor_demo_msgs/cmake/serial_motor_demo_msgs__rosidl_typesupport_cppExport-noconfig.cmake
[10.845s] -- Up-to-date: /home/maker/bm_ws/install/serial_motor_demo_msgs/share/serial_motor_demo_msgs/cmake/export_serial_motor_demo_msgs__rosidl_generator_pyExport.cmake
[10.846s] -- Up-to-date: /home/maker/bm_ws/install/serial_motor_demo_msgs/share/serial_motor_demo_msgs/cmake/export_serial_motor_demo_msgs__rosidl_generator_pyExport-noconfig.cmake
[10.858s] Invoked command in '/home/maker/bm_ws/build/serial_motor_demo_msgs' returned '0': CMAKE_PREFIX_PATH=/opt/ros/humble /usr/bin/cmake --install /home/maker/bm_ws/build/serial_motor_demo_msgs
