[1.275s] DEBUG:colcon:Command line arguments: ['/usr/bin/colcon', 'build', '--symlink-install']
[1.275s] DEBUG:colcon:Parsed command line arguments: Namespace(log_base=None, log_level=None, verb_name='build', build_base='build', install_base='install', merge_install=False, symlink_install=True, test_result_base=None, continue_on_error=False, executor='parallel', parallel_workers=2, event_handlers=None, ignore_user_meta=False, metas=['./colcon.meta'], base_paths=['.'], packages_ignore=None, packages_ignore_regex=None, paths=None, packages_up_to=None, packages_up_to_regex=None, packages_above=None, packages_above_and_dependencies=None, packages_above_depth=None, packages_select_by_dep=None, packages_skip_by_dep=None, packages_skip_up_to=None, packages_select_build_failed=False, packages_skip_build_finished=False, packages_select_test_failures=False, packages_skip_test_passed=False, packages_select=None, packages_skip=None, packages_select_regex=None, packages_skip_regex=None, packages_start=None, packages_end=None, allow_overriding=[], cmake_args=None, cmake_target=None, cmake_target_skip_unavailable=False, cmake_clean_cache=False, cmake_clean_first=False, cmake_force_configure=False, ament_cmake_args=None, catkin_cmake_args=None, catkin_skip_building_tests=False, mixin_files=None, mixin=None, verb_parser=<colcon_mixin.mixin.mixin_argument.MixinArgumentDecorator object at 0x75b5c41ee590>, verb_extension=<colcon_core.verb.build.BuildVerb object at 0x75b5c435bbb0>, main=<bound method BuildVerb.main of <colcon_core.verb.build.BuildVerb object at 0x75b5c435bbb0>>, mixin_verb=('build',))
[1.791s] Level 1:colcon.colcon_core.package_discovery:discover_packages(colcon_meta) check parameters
[1.792s] Level 1:colcon.colcon_core.package_discovery:discover_packages(recursive) check parameters
[1.792s] Level 1:colcon.colcon_core.package_discovery:discover_packages(ignore) check parameters
[1.792s] Level 1:colcon.colcon_core.package_discovery:discover_packages(path) check parameters
[1.792s] Level 1:colcon.colcon_core.package_discovery:discover_packages(colcon_meta) discover
[1.792s] Level 1:colcon.colcon_core.package_discovery:discover_packages(recursive) discover
[1.792s] INFO:colcon.colcon_core.package_discovery:Crawling recursively for packages in '/home/maker/bm_ws'
[1.792s] Level 1:colcon.colcon_core.package_identification:_identify(.) by extensions ['ignore', 'ignore_ament_install']
[1.793s] Level 1:colcon.colcon_core.package_identification:_identify(.) by extension 'ignore'
[1.793s] Level 1:colcon.colcon_core.package_identification:_identify(.) by extension 'ignore_ament_install'
[1.794s] Level 1:colcon.colcon_core.package_identification:_identify(.) by extensions ['colcon_pkg']
[1.794s] Level 1:colcon.colcon_core.package_identification:_identify(.) by extension 'colcon_pkg'
[1.794s] Level 1:colcon.colcon_core.package_identification:_identify(.) by extensions ['colcon_meta']
[1.794s] Level 1:colcon.colcon_core.package_identification:_identify(.) by extension 'colcon_meta'
[1.794s] Level 1:colcon.colcon_core.package_identification:_identify(.) by extensions ['ros']
[1.794s] Level 1:colcon.colcon_core.package_identification:_identify(.) by extension 'ros'
[1.873s] Level 1:colcon.colcon_core.package_identification:_identify(.) by extensions ['cmake', 'python']
[1.873s] Level 1:colcon.colcon_core.package_identification:_identify(.) by extension 'cmake'
[1.874s] Level 1:colcon.colcon_core.package_identification:_identify(.) by extension 'python'
[1.874s] Level 1:colcon.colcon_core.package_identification:_identify(.) by extensions ['python_setup_py']
[1.874s] Level 1:colcon.colcon_core.package_identification:_identify(.) by extension 'python_setup_py'
[1.875s] Level 1:colcon.colcon_core.package_identification:_identify(build) by extensions ['ignore', 'ignore_ament_install']
[1.875s] Level 1:colcon.colcon_core.package_identification:_identify(build) by extension 'ignore'
[1.875s] Level 1:colcon.colcon_core.package_identification:_identify(build) ignored
[1.877s] Level 1:colcon.colcon_core.package_identification:_identify(install) by extensions ['ignore', 'ignore_ament_install']
[1.877s] Level 1:colcon.colcon_core.package_identification:_identify(install) by extension 'ignore'
[1.877s] Level 1:colcon.colcon_core.package_identification:_identify(install) ignored
[1.877s] Level 1:colcon.colcon_core.package_identification:_identify(log) by extensions ['ignore', 'ignore_ament_install']
[1.878s] Level 1:colcon.colcon_core.package_identification:_identify(log) by extension 'ignore'
[1.878s] Level 1:colcon.colcon_core.package_identification:_identify(log) ignored
[1.879s] Level 1:colcon.colcon_core.package_identification:_identify(src) by extensions ['ignore', 'ignore_ament_install']
[1.879s] Level 1:colcon.colcon_core.package_identification:_identify(src) by extension 'ignore'
[1.879s] Level 1:colcon.colcon_core.package_identification:_identify(src) by extension 'ignore_ament_install'
[1.879s] Level 1:colcon.colcon_core.package_identification:_identify(src) by extensions ['colcon_pkg']
[1.879s] Level 1:colcon.colcon_core.package_identification:_identify(src) by extension 'colcon_pkg'
[1.880s] Level 1:colcon.colcon_core.package_identification:_identify(src) by extensions ['colcon_meta']
[1.880s] Level 1:colcon.colcon_core.package_identification:_identify(src) by extension 'colcon_meta'
[1.880s] Level 1:colcon.colcon_core.package_identification:_identify(src) by extensions ['ros']
[1.880s] Level 1:colcon.colcon_core.package_identification:_identify(src) by extension 'ros'
[1.880s] Level 1:colcon.colcon_core.package_identification:_identify(src) by extensions ['cmake', 'python']
[1.880s] Level 1:colcon.colcon_core.package_identification:_identify(src) by extension 'cmake'
[1.880s] Level 1:colcon.colcon_core.package_identification:_identify(src) by extension 'python'
[1.880s] Level 1:colcon.colcon_core.package_identification:_identify(src) by extensions ['python_setup_py']
[1.880s] Level 1:colcon.colcon_core.package_identification:_identify(src) by extension 'python_setup_py'
[1.882s] Level 1:colcon.colcon_core.package_identification:_identify(src/build) by extensions ['ignore', 'ignore_ament_install']
[1.882s] Level 1:colcon.colcon_core.package_identification:_identify(src/build) by extension 'ignore'
[1.883s] Level 1:colcon.colcon_core.package_identification:_identify(src/build) ignored
[1.884s] Level 1:colcon.colcon_core.package_identification:_identify(src/install) by extensions ['ignore', 'ignore_ament_install']
[1.884s] Level 1:colcon.colcon_core.package_identification:_identify(src/install) by extension 'ignore'
[1.884s] Level 1:colcon.colcon_core.package_identification:_identify(src/install) ignored
[1.887s] Level 1:colcon.colcon_core.package_identification:_identify(src/log) by extensions ['ignore', 'ignore_ament_install']
[1.887s] Level 1:colcon.colcon_core.package_identification:_identify(src/log) by extension 'ignore'
[1.887s] Level 1:colcon.colcon_core.package_identification:_identify(src/log) ignored
[1.887s] Level 1:colcon.colcon_core.package_identification:_identify(src/my_bot) by extensions ['ignore', 'ignore_ament_install']
[1.888s] Level 1:colcon.colcon_core.package_identification:_identify(src/my_bot) by extension 'ignore'
[1.888s] Level 1:colcon.colcon_core.package_identification:_identify(src/my_bot) by extension 'ignore_ament_install'
[1.888s] Level 1:colcon.colcon_core.package_identification:_identify(src/my_bot) by extensions ['colcon_pkg']
[1.888s] Level 1:colcon.colcon_core.package_identification:_identify(src/my_bot) by extension 'colcon_pkg'
[1.889s] Level 1:colcon.colcon_core.package_identification:_identify(src/my_bot) by extensions ['colcon_meta']
[1.889s] Level 1:colcon.colcon_core.package_identification:_identify(src/my_bot) by extension 'colcon_meta'
[1.889s] Level 1:colcon.colcon_core.package_identification:_identify(src/my_bot) by extensions ['ros']
[1.889s] Level 1:colcon.colcon_core.package_identification:_identify(src/my_bot) by extension 'ros'
[1.901s] DEBUG:colcon.colcon_core.package_identification:Package 'src/my_bot' with type 'ros.ament_cmake' and name 'my_bot'
[1.903s] Level 1:colcon.colcon_core.package_identification:_identify(src/ros_arduino_bridge-main) by extensions ['ignore', 'ignore_ament_install']
[1.903s] Level 1:colcon.colcon_core.package_identification:_identify(src/ros_arduino_bridge-main) by extension 'ignore'
[1.903s] Level 1:colcon.colcon_core.package_identification:_identify(src/ros_arduino_bridge-main) by extension 'ignore_ament_install'
[1.903s] Level 1:colcon.colcon_core.package_identification:_identify(src/ros_arduino_bridge-main) by extensions ['colcon_pkg']
[1.903s] Level 1:colcon.colcon_core.package_identification:_identify(src/ros_arduino_bridge-main) by extension 'colcon_pkg'
[1.904s] Level 1:colcon.colcon_core.package_identification:_identify(src/ros_arduino_bridge-main) by extensions ['colcon_meta']
[1.904s] Level 1:colcon.colcon_core.package_identification:_identify(src/ros_arduino_bridge-main) by extension 'colcon_meta'
[1.904s] Level 1:colcon.colcon_core.package_identification:_identify(src/ros_arduino_bridge-main) by extensions ['ros']
[1.904s] Level 1:colcon.colcon_core.package_identification:_identify(src/ros_arduino_bridge-main) by extension 'ros'
[1.904s] Level 1:colcon.colcon_core.package_identification:_identify(src/ros_arduino_bridge-main) by extensions ['cmake', 'python']
[1.904s] Level 1:colcon.colcon_core.package_identification:_identify(src/ros_arduino_bridge-main) by extension 'cmake'
[1.905s] Level 1:colcon.colcon_core.package_identification:_identify(src/ros_arduino_bridge-main) by extension 'python'
[1.905s] Level 1:colcon.colcon_core.package_identification:_identify(src/ros_arduino_bridge-main) by extensions ['python_setup_py']
[1.905s] Level 1:colcon.colcon_core.package_identification:_identify(src/ros_arduino_bridge-main) by extension 'python_setup_py'
[1.907s] Level 1:colcon.colcon_core.package_identification:_identify(src/ros_arduino_bridge-main/ROSArduinoBridge) by extensions ['ignore', 'ignore_ament_install']
[1.907s] Level 1:colcon.colcon_core.package_identification:_identify(src/ros_arduino_bridge-main/ROSArduinoBridge) by extension 'ignore'
[1.907s] Level 1:colcon.colcon_core.package_identification:_identify(src/ros_arduino_bridge-main/ROSArduinoBridge) by extension 'ignore_ament_install'
[1.908s] Level 1:colcon.colcon_core.package_identification:_identify(src/ros_arduino_bridge-main/ROSArduinoBridge) by extensions ['colcon_pkg']
[1.908s] Level 1:colcon.colcon_core.package_identification:_identify(src/ros_arduino_bridge-main/ROSArduinoBridge) by extension 'colcon_pkg'
[1.908s] Level 1:colcon.colcon_core.package_identification:_identify(src/ros_arduino_bridge-main/ROSArduinoBridge) by extensions ['colcon_meta']
[1.908s] Level 1:colcon.colcon_core.package_identification:_identify(src/ros_arduino_bridge-main/ROSArduinoBridge) by extension 'colcon_meta'
[1.908s] Level 1:colcon.colcon_core.package_identification:_identify(src/ros_arduino_bridge-main/ROSArduinoBridge) by extensions ['ros']
[1.908s] Level 1:colcon.colcon_core.package_identification:_identify(src/ros_arduino_bridge-main/ROSArduinoBridge) by extension 'ros'
[1.909s] Level 1:colcon.colcon_core.package_identification:_identify(src/ros_arduino_bridge-main/ROSArduinoBridge) by extensions ['cmake', 'python']
[1.909s] Level 1:colcon.colcon_core.package_identification:_identify(src/ros_arduino_bridge-main/ROSArduinoBridge) by extension 'cmake'
[1.909s] Level 1:colcon.colcon_core.package_identification:_identify(src/ros_arduino_bridge-main/ROSArduinoBridge) by extension 'python'
[1.910s] Level 1:colcon.colcon_core.package_identification:_identify(src/ros_arduino_bridge-main/ROSArduinoBridge) by extensions ['python_setup_py']
[1.910s] Level 1:colcon.colcon_core.package_identification:_identify(src/ros_arduino_bridge-main/ROSArduinoBridge) by extension 'python_setup_py'
[1.910s] Level 1:colcon.colcon_core.package_identification:_identify(src/serial_motor_demo) by extensions ['ignore', 'ignore_ament_install']
[1.911s] Level 1:colcon.colcon_core.package_identification:_identify(src/serial_motor_demo) by extension 'ignore'
[1.911s] Level 1:colcon.colcon_core.package_identification:_identify(src/serial_motor_demo) by extension 'ignore_ament_install'
[1.911s] Level 1:colcon.colcon_core.package_identification:_identify(src/serial_motor_demo) by extensions ['colcon_pkg']
[1.911s] Level 1:colcon.colcon_core.package_identification:_identify(src/serial_motor_demo) by extension 'colcon_pkg'
[1.911s] Level 1:colcon.colcon_core.package_identification:_identify(src/serial_motor_demo) by extensions ['colcon_meta']
[1.911s] Level 1:colcon.colcon_core.package_identification:_identify(src/serial_motor_demo) by extension 'colcon_meta'
[1.911s] Level 1:colcon.colcon_core.package_identification:_identify(src/serial_motor_demo) by extensions ['ros']
[1.911s] Level 1:colcon.colcon_core.package_identification:_identify(src/serial_motor_demo) by extension 'ros'
[1.912s] Level 1:colcon.colcon_core.package_identification:_identify(src/serial_motor_demo) by extensions ['cmake', 'python']
[1.912s] Level 1:colcon.colcon_core.package_identification:_identify(src/serial_motor_demo) by extension 'cmake'
[1.912s] Level 1:colcon.colcon_core.package_identification:_identify(src/serial_motor_demo) by extension 'python'
[1.912s] Level 1:colcon.colcon_core.package_identification:_identify(src/serial_motor_demo) by extensions ['python_setup_py']
[1.912s] Level 1:colcon.colcon_core.package_identification:_identify(src/serial_motor_demo) by extension 'python_setup_py'
[1.914s] Level 1:colcon.colcon_core.package_identification:_identify(src/serial_motor_demo/serial_motor_demo) by extensions ['ignore', 'ignore_ament_install']
[1.914s] Level 1:colcon.colcon_core.package_identification:_identify(src/serial_motor_demo/serial_motor_demo) by extension 'ignore'
[1.914s] Level 1:colcon.colcon_core.package_identification:_identify(src/serial_motor_demo/serial_motor_demo) by extension 'ignore_ament_install'
[1.915s] Level 1:colcon.colcon_core.package_identification:_identify(src/serial_motor_demo/serial_motor_demo) by extensions ['colcon_pkg']
[1.915s] Level 1:colcon.colcon_core.package_identification:_identify(src/serial_motor_demo/serial_motor_demo) by extension 'colcon_pkg'
[1.915s] Level 1:colcon.colcon_core.package_identification:_identify(src/serial_motor_demo/serial_motor_demo) by extensions ['colcon_meta']
[1.915s] Level 1:colcon.colcon_core.package_identification:_identify(src/serial_motor_demo/serial_motor_demo) by extension 'colcon_meta'
[1.915s] Level 1:colcon.colcon_core.package_identification:_identify(src/serial_motor_demo/serial_motor_demo) by extensions ['ros']
[1.915s] Level 1:colcon.colcon_core.package_identification:_identify(src/serial_motor_demo/serial_motor_demo) by extension 'ros'
[1.919s] DEBUG:colcon.colcon_core.package_identification:Package 'src/serial_motor_demo/serial_motor_demo' with type 'ros.ament_python' and name 'serial_motor_demo'
[1.922s] Level 1:colcon.colcon_core.package_identification:_identify(src/serial_motor_demo/serial_motor_demo_msgs) by extensions ['ignore', 'ignore_ament_install']
[1.922s] Level 1:colcon.colcon_core.package_identification:_identify(src/serial_motor_demo/serial_motor_demo_msgs) by extension 'ignore'
[1.923s] Level 1:colcon.colcon_core.package_identification:_identify(src/serial_motor_demo/serial_motor_demo_msgs) by extension 'ignore_ament_install'
[1.923s] Level 1:colcon.colcon_core.package_identification:_identify(src/serial_motor_demo/serial_motor_demo_msgs) by extensions ['colcon_pkg']
[1.923s] Level 1:colcon.colcon_core.package_identification:_identify(src/serial_motor_demo/serial_motor_demo_msgs) by extension 'colcon_pkg'
[1.923s] Level 1:colcon.colcon_core.package_identification:_identify(src/serial_motor_demo/serial_motor_demo_msgs) by extensions ['colcon_meta']
[1.923s] Level 1:colcon.colcon_core.package_identification:_identify(src/serial_motor_demo/serial_motor_demo_msgs) by extension 'colcon_meta'
[1.924s] Level 1:colcon.colcon_core.package_identification:_identify(src/serial_motor_demo/serial_motor_demo_msgs) by extensions ['ros']
[1.924s] Level 1:colcon.colcon_core.package_identification:_identify(src/serial_motor_demo/serial_motor_demo_msgs) by extension 'ros'
[1.926s] DEBUG:colcon.colcon_core.package_identification:Package 'src/serial_motor_demo/serial_motor_demo_msgs' with type 'ros.ament_cmake' and name 'serial_motor_demo_msgs'
[1.927s] Level 1:colcon.colcon_core.package_discovery:discover_packages(recursive) using defaults
[1.927s] Level 1:colcon.colcon_core.package_discovery:discover_packages(ignore) discover
[1.927s] Level 1:colcon.colcon_core.package_discovery:discover_packages(ignore) using defaults
[1.927s] Level 1:colcon.colcon_core.package_discovery:discover_packages(path) discover
[1.927s] Level 1:colcon.colcon_core.package_discovery:discover_packages(path) using defaults
[2.074s] Level 1:colcon.colcon_core.package_discovery:discover_packages(prefix_path) check parameters
[2.074s] Level 1:colcon.colcon_core.package_discovery:discover_packages(prefix_path) discover
[2.094s] DEBUG:colcon.colcon_installed_package_information.package_discovery:Found 372 installed packages in /opt/ros/humble
[2.102s] Level 1:colcon.colcon_core.package_discovery:discover_packages(prefix_path) using defaults
[2.300s] Level 5:colcon.colcon_core.verb:set package 'my_bot' build argument 'cmake_args' from command line to 'None'
[2.300s] Level 5:colcon.colcon_core.verb:set package 'my_bot' build argument 'cmake_target' from command line to 'None'
[2.300s] Level 5:colcon.colcon_core.verb:set package 'my_bot' build argument 'cmake_target_skip_unavailable' from command line to 'False'
[2.300s] Level 5:colcon.colcon_core.verb:set package 'my_bot' build argument 'cmake_clean_cache' from command line to 'False'
[2.300s] Level 5:colcon.colcon_core.verb:set package 'my_bot' build argument 'cmake_clean_first' from command line to 'False'
[2.300s] Level 5:colcon.colcon_core.verb:set package 'my_bot' build argument 'cmake_force_configure' from command line to 'False'
[2.300s] Level 5:colcon.colcon_core.verb:set package 'my_bot' build argument 'ament_cmake_args' from command line to 'None'
[2.300s] Level 5:colcon.colcon_core.verb:set package 'my_bot' build argument 'catkin_cmake_args' from command line to 'None'
[2.300s] Level 5:colcon.colcon_core.verb:set package 'my_bot' build argument 'catkin_skip_building_tests' from command line to 'False'
[2.300s] DEBUG:colcon.colcon_core.verb:Building package 'my_bot' with the following arguments: {'ament_cmake_args': None, 'build_base': '/home/maker/bm_ws/build/my_bot', 'catkin_cmake_args': None, 'catkin_skip_building_tests': False, 'cmake_args': None, 'cmake_clean_cache': False, 'cmake_clean_first': False, 'cmake_force_configure': False, 'cmake_target': None, 'cmake_target_skip_unavailable': False, 'install_base': '/home/maker/bm_ws/install/my_bot', 'merge_install': False, 'path': '/home/maker/bm_ws/src/my_bot', 'symlink_install': True, 'test_result_base': None}
[2.301s] Level 5:colcon.colcon_core.verb:set package 'serial_motor_demo_msgs' build argument 'cmake_args' from command line to 'None'
[2.301s] Level 5:colcon.colcon_core.verb:set package 'serial_motor_demo_msgs' build argument 'cmake_target' from command line to 'None'
[2.302s] Level 5:colcon.colcon_core.verb:set package 'serial_motor_demo_msgs' build argument 'cmake_target_skip_unavailable' from command line to 'False'
[2.302s] Level 5:colcon.colcon_core.verb:set package 'serial_motor_demo_msgs' build argument 'cmake_clean_cache' from command line to 'False'
[2.302s] Level 5:colcon.colcon_core.verb:set package 'serial_motor_demo_msgs' build argument 'cmake_clean_first' from command line to 'False'
[2.302s] Level 5:colcon.colcon_core.verb:set package 'serial_motor_demo_msgs' build argument 'cmake_force_configure' from command line to 'False'
[2.302s] Level 5:colcon.colcon_core.verb:set package 'serial_motor_demo_msgs' build argument 'ament_cmake_args' from command line to 'None'
[2.302s] Level 5:colcon.colcon_core.verb:set package 'serial_motor_demo_msgs' build argument 'catkin_cmake_args' from command line to 'None'
[2.302s] Level 5:colcon.colcon_core.verb:set package 'serial_motor_demo_msgs' build argument 'catkin_skip_building_tests' from command line to 'False'
[2.302s] DEBUG:colcon.colcon_core.verb:Building package 'serial_motor_demo_msgs' with the following arguments: {'ament_cmake_args': None, 'build_base': '/home/maker/bm_ws/build/serial_motor_demo_msgs', 'catkin_cmake_args': None, 'catkin_skip_building_tests': False, 'cmake_args': None, 'cmake_clean_cache': False, 'cmake_clean_first': False, 'cmake_force_configure': False, 'cmake_target': None, 'cmake_target_skip_unavailable': False, 'install_base': '/home/maker/bm_ws/install/serial_motor_demo_msgs', 'merge_install': False, 'path': '/home/maker/bm_ws/src/serial_motor_demo/serial_motor_demo_msgs', 'symlink_install': True, 'test_result_base': None}
[2.303s] Level 5:colcon.colcon_core.verb:set package 'serial_motor_demo' build argument 'cmake_args' from command line to 'None'
[2.303s] Level 5:colcon.colcon_core.verb:set package 'serial_motor_demo' build argument 'cmake_target' from command line to 'None'
[2.303s] Level 5:colcon.colcon_core.verb:set package 'serial_motor_demo' build argument 'cmake_target_skip_unavailable' from command line to 'False'
[2.303s] Level 5:colcon.colcon_core.verb:set package 'serial_motor_demo' build argument 'cmake_clean_cache' from command line to 'False'
[2.303s] Level 5:colcon.colcon_core.verb:set package 'serial_motor_demo' build argument 'cmake_clean_first' from command line to 'False'
[2.303s] Level 5:colcon.colcon_core.verb:set package 'serial_motor_demo' build argument 'cmake_force_configure' from command line to 'False'
[2.303s] Level 5:colcon.colcon_core.verb:set package 'serial_motor_demo' build argument 'ament_cmake_args' from command line to 'None'
[2.303s] Level 5:colcon.colcon_core.verb:set package 'serial_motor_demo' build argument 'catkin_cmake_args' from command line to 'None'
[2.303s] Level 5:colcon.colcon_core.verb:set package 'serial_motor_demo' build argument 'catkin_skip_building_tests' from command line to 'False'
[2.304s] DEBUG:colcon.colcon_core.verb:Building package 'serial_motor_demo' with the following arguments: {'ament_cmake_args': None, 'build_base': '/home/maker/bm_ws/build/serial_motor_demo', 'catkin_cmake_args': None, 'catkin_skip_building_tests': False, 'cmake_args': None, 'cmake_clean_cache': False, 'cmake_clean_first': False, 'cmake_force_configure': False, 'cmake_target': None, 'cmake_target_skip_unavailable': False, 'install_base': '/home/maker/bm_ws/install/serial_motor_demo', 'merge_install': False, 'path': '/home/maker/bm_ws/src/serial_motor_demo/serial_motor_demo', 'symlink_install': True, 'test_result_base': None}
[2.304s] INFO:colcon.colcon_core.executor:Executing jobs using 'parallel' executor
[2.309s] DEBUG:colcon.colcon_parallel_executor.executor.parallel:run_until_complete
[2.312s] INFO:colcon.colcon_ros.task.ament_cmake.build:Building ROS package in '/home/maker/bm_ws/src/serial_motor_demo/serial_motor_demo_msgs' with build type 'ament_cmake'
[2.313s] INFO:colcon.colcon_cmake.task.cmake.build:Building CMake package in '/home/maker/bm_ws/src/serial_motor_demo/serial_motor_demo_msgs'
[2.349s] INFO:colcon.colcon_core.plugin_system:Skipping extension 'colcon_core.shell.bat': Not used on non-Windows systems
[2.350s] INFO:colcon.colcon_core.shell:Skip shell extension 'powershell' for command environment: Not usable outside of PowerShell
[2.350s] DEBUG:colcon.colcon_core.shell:Skip shell extension 'dsv' for command environment
[2.377s] INFO:colcon.colcon_ros.task.ament_cmake.build:Building ROS package in '/home/maker/bm_ws/src/my_bot' with build type 'ament_cmake'
[2.378s] INFO:colcon.colcon_cmake.task.cmake.build:Building CMake package in '/home/maker/bm_ws/src/my_bot'
[2.379s] INFO:colcon.colcon_core.shell:Skip shell extension 'powershell' for command environment: Not usable outside of PowerShell
[2.379s] DEBUG:colcon.colcon_core.shell:Skip shell extension 'dsv' for command environment
[2.449s] DEBUG:colcon.colcon_core.event_handler.log_command:Invoking command in '/home/maker/bm_ws/build/serial_motor_demo_msgs': CMAKE_PREFIX_PATH=/opt/ros/humble /usr/bin/cmake --build /home/maker/bm_ws/build/serial_motor_demo_msgs -- -j2 -l2
[2.501s] DEBUG:colcon.colcon_core.event_handler.log_command:Invoking command in '/home/maker/bm_ws/build/my_bot': CMAKE_PREFIX_PATH=/opt/ros/humble /usr/bin/cmake --build /home/maker/bm_ws/build/my_bot -- -j2 -l2
[3.314s] DEBUG:colcon.colcon_core.event_handler.log_command:Invoked command in '/home/maker/bm_ws/build/my_bot' returned '0': CMAKE_PREFIX_PATH=/opt/ros/humble /usr/bin/cmake --build /home/maker/bm_ws/build/my_bot -- -j2 -l2
[3.412s] DEBUG:colcon.colcon_core.event_handler.log_command:Invoking command in '/home/maker/bm_ws/build/my_bot': CMAKE_PREFIX_PATH=/opt/ros/humble /usr/bin/cmake --install /home/maker/bm_ws/build/my_bot
[3.752s] Level 1:colcon.colcon_core.environment:create_environment_scripts_only(my_bot)
[3.757s] DEBUG:colcon.colcon_core.event_handler.log_command:Invoked command in '/home/maker/bm_ws/build/my_bot' returned '0': CMAKE_PREFIX_PATH=/opt/ros/humble /usr/bin/cmake --install /home/maker/bm_ws/build/my_bot
[3.805s] Level 1:colcon.colcon_core.environment:checking '/home/maker/bm_ws/install/my_bot' for CMake module files
[3.815s] Level 1:colcon.colcon_core.environment:checking '/home/maker/bm_ws/install/my_bot' for CMake config files
[3.822s] Level 1:colcon.colcon_core.shell:create_environment_hook('my_bot', 'cmake_prefix_path')
[3.823s] INFO:colcon.colcon_core.shell:Creating environment hook '/home/maker/bm_ws/install/my_bot/share/my_bot/hook/cmake_prefix_path.ps1'
[3.832s] INFO:colcon.colcon_core.shell:Creating environment descriptor '/home/maker/bm_ws/install/my_bot/share/my_bot/hook/cmake_prefix_path.dsv'
[3.836s] INFO:colcon.colcon_core.shell:Creating environment hook '/home/maker/bm_ws/install/my_bot/share/my_bot/hook/cmake_prefix_path.sh'
[3.848s] Level 1:colcon.colcon_core.environment:checking '/home/maker/bm_ws/install/my_bot/bin'
[3.848s] Level 1:colcon.colcon_core.environment:checking '/home/maker/bm_ws/install/my_bot/lib/pkgconfig/my_bot.pc'
[3.849s] Level 1:colcon.colcon_core.environment:checking '/home/maker/bm_ws/install/my_bot/lib/python3.10/site-packages'
[3.852s] Level 1:colcon.colcon_core.environment:checking '/home/maker/bm_ws/install/my_bot/bin'
[3.853s] INFO:colcon.colcon_core.shell:Creating package script '/home/maker/bm_ws/install/my_bot/share/my_bot/package.ps1'
[3.866s] INFO:colcon.colcon_core.shell:Creating package descriptor '/home/maker/bm_ws/install/my_bot/share/my_bot/package.dsv'
[3.869s] INFO:colcon.colcon_core.shell:Creating package script '/home/maker/bm_ws/install/my_bot/share/my_bot/package.sh'
[3.877s] INFO:colcon.colcon_core.shell:Creating package script '/home/maker/bm_ws/install/my_bot/share/my_bot/package.bash'
[3.890s] INFO:colcon.colcon_core.shell:Creating package script '/home/maker/bm_ws/install/my_bot/share/my_bot/package.zsh'
[3.899s] Level 1:colcon.colcon_core.environment:create_file_with_runtime_dependencies(/home/maker/bm_ws/install/my_bot/share/colcon-core/packages/my_bot)
[3.901s] Level 1:colcon.colcon_core.environment:create_environment_scripts_only(my_bot)
[3.902s] Level 1:colcon.colcon_core.environment:checking '/home/maker/bm_ws/install/my_bot' for CMake module files
[3.905s] Level 1:colcon.colcon_core.environment:checking '/home/maker/bm_ws/install/my_bot' for CMake config files
[3.907s] Level 1:colcon.colcon_core.shell:create_environment_hook('my_bot', 'cmake_prefix_path')
[3.908s] INFO:colcon.colcon_core.shell:Creating environment hook '/home/maker/bm_ws/install/my_bot/share/my_bot/hook/cmake_prefix_path.ps1'
[3.910s] INFO:colcon.colcon_core.shell:Creating environment descriptor '/home/maker/bm_ws/install/my_bot/share/my_bot/hook/cmake_prefix_path.dsv'
[3.911s] INFO:colcon.colcon_core.shell:Creating environment hook '/home/maker/bm_ws/install/my_bot/share/my_bot/hook/cmake_prefix_path.sh'
[3.914s] Level 1:colcon.colcon_core.environment:checking '/home/maker/bm_ws/install/my_bot/bin'
[3.914s] Level 1:colcon.colcon_core.environment:checking '/home/maker/bm_ws/install/my_bot/lib/pkgconfig/my_bot.pc'
[3.915s] Level 1:colcon.colcon_core.environment:checking '/home/maker/bm_ws/install/my_bot/lib/python3.10/site-packages'
[3.915s] Level 1:colcon.colcon_core.environment:checking '/home/maker/bm_ws/install/my_bot/bin'
[3.916s] INFO:colcon.colcon_core.shell:Creating package script '/home/maker/bm_ws/install/my_bot/share/my_bot/package.ps1'
[3.918s] INFO:colcon.colcon_core.shell:Creating package descriptor '/home/maker/bm_ws/install/my_bot/share/my_bot/package.dsv'
[3.920s] INFO:colcon.colcon_core.shell:Creating package script '/home/maker/bm_ws/install/my_bot/share/my_bot/package.sh'
[3.922s] INFO:colcon.colcon_core.shell:Creating package script '/home/maker/bm_ws/install/my_bot/share/my_bot/package.bash'
[3.924s] INFO:colcon.colcon_core.shell:Creating package script '/home/maker/bm_ws/install/my_bot/share/my_bot/package.zsh'
[3.927s] Level 1:colcon.colcon_core.environment:create_file_with_runtime_dependencies(/home/maker/bm_ws/install/my_bot/share/colcon-core/packages/my_bot)
[5.932s] DEBUG:colcon.colcon_core.event_handler.log_command:Invoked command in '/home/maker/bm_ws/build/serial_motor_demo_msgs' returned '0': CMAKE_PREFIX_PATH=/opt/ros/humble /usr/bin/cmake --build /home/maker/bm_ws/build/serial_motor_demo_msgs -- -j2 -l2
[5.947s] DEBUG:colcon.colcon_core.event_handler.log_command:Invoking command in '/home/maker/bm_ws/build/serial_motor_demo_msgs': CMAKE_PREFIX_PATH=/opt/ros/humble /usr/bin/cmake --install /home/maker/bm_ws/build/serial_motor_demo_msgs
[6.568s] Level 1:colcon.colcon_core.environment:create_environment_scripts_only(serial_motor_demo_msgs)
[6.569s] Level 1:colcon.colcon_core.environment:checking '/home/maker/bm_ws/install/serial_motor_demo_msgs' for CMake module files
[6.571s] DEBUG:colcon.colcon_core.event_handler.log_command:Invoked command in '/home/maker/bm_ws/build/serial_motor_demo_msgs' returned '0': CMAKE_PREFIX_PATH=/opt/ros/humble /usr/bin/cmake --install /home/maker/bm_ws/build/serial_motor_demo_msgs
[6.574s] Level 1:colcon.colcon_core.environment:checking '/home/maker/bm_ws/install/serial_motor_demo_msgs' for CMake config files
[6.579s] Level 1:colcon.colcon_core.shell:create_environment_hook('serial_motor_demo_msgs', 'cmake_prefix_path')
[6.580s] INFO:colcon.colcon_core.shell:Creating environment hook '/home/maker/bm_ws/install/serial_motor_demo_msgs/share/serial_motor_demo_msgs/hook/cmake_prefix_path.ps1'
[6.582s] INFO:colcon.colcon_core.shell:Creating environment descriptor '/home/maker/bm_ws/install/serial_motor_demo_msgs/share/serial_motor_demo_msgs/hook/cmake_prefix_path.dsv'
[6.584s] INFO:colcon.colcon_core.shell:Creating environment hook '/home/maker/bm_ws/install/serial_motor_demo_msgs/share/serial_motor_demo_msgs/hook/cmake_prefix_path.sh'
[6.587s] Level 1:colcon.colcon_core.environment:checking '/home/maker/bm_ws/install/serial_motor_demo_msgs/lib'
[6.588s] Level 1:colcon.colcon_core.shell:create_environment_hook('serial_motor_demo_msgs', 'ld_library_path_lib')
[6.589s] INFO:colcon.colcon_core.shell:Creating environment hook '/home/maker/bm_ws/install/serial_motor_demo_msgs/share/serial_motor_demo_msgs/hook/ld_library_path_lib.ps1'
[6.590s] INFO:colcon.colcon_core.shell:Creating environment descriptor '/home/maker/bm_ws/install/serial_motor_demo_msgs/share/serial_motor_demo_msgs/hook/ld_library_path_lib.dsv'
[6.592s] INFO:colcon.colcon_core.shell:Creating environment hook '/home/maker/bm_ws/install/serial_motor_demo_msgs/share/serial_motor_demo_msgs/hook/ld_library_path_lib.sh'
[6.596s] Level 1:colcon.colcon_core.environment:checking '/home/maker/bm_ws/install/serial_motor_demo_msgs/bin'
[6.596s] Level 1:colcon.colcon_core.environment:checking '/home/maker/bm_ws/install/serial_motor_demo_msgs/lib/pkgconfig/serial_motor_demo_msgs.pc'
[6.597s] Level 1:colcon.colcon_core.environment:checking '/home/maker/bm_ws/install/serial_motor_demo_msgs/lib/python3.10/site-packages'
[6.598s] Level 1:colcon.colcon_core.environment:checking '/home/maker/bm_ws/install/serial_motor_demo_msgs/bin'
[6.598s] INFO:colcon.colcon_core.shell:Creating package script '/home/maker/bm_ws/install/serial_motor_demo_msgs/share/serial_motor_demo_msgs/package.ps1'
[6.600s] INFO:colcon.colcon_core.shell:Creating package descriptor '/home/maker/bm_ws/install/serial_motor_demo_msgs/share/serial_motor_demo_msgs/package.dsv'
[6.602s] INFO:colcon.colcon_core.shell:Creating package script '/home/maker/bm_ws/install/serial_motor_demo_msgs/share/serial_motor_demo_msgs/package.sh'
[6.604s] INFO:colcon.colcon_core.shell:Creating package script '/home/maker/bm_ws/install/serial_motor_demo_msgs/share/serial_motor_demo_msgs/package.bash'
[6.606s] INFO:colcon.colcon_core.shell:Creating package script '/home/maker/bm_ws/install/serial_motor_demo_msgs/share/serial_motor_demo_msgs/package.zsh'
[6.609s] Level 1:colcon.colcon_core.environment:create_file_with_runtime_dependencies(/home/maker/bm_ws/install/serial_motor_demo_msgs/share/colcon-core/packages/serial_motor_demo_msgs)
[6.615s] Level 1:colcon.colcon_core.environment:create_environment_scripts_only(serial_motor_demo_msgs)
[6.618s] Level 1:colcon.colcon_core.environment:checking '/home/maker/bm_ws/install/serial_motor_demo_msgs' for CMake module files
[6.619s] Level 1:colcon.colcon_core.environment:checking '/home/maker/bm_ws/install/serial_motor_demo_msgs' for CMake config files
[6.621s] Level 1:colcon.colcon_core.shell:create_environment_hook('serial_motor_demo_msgs', 'cmake_prefix_path')
[6.621s] INFO:colcon.colcon_core.shell:Creating environment hook '/home/maker/bm_ws/install/serial_motor_demo_msgs/share/serial_motor_demo_msgs/hook/cmake_prefix_path.ps1'
[6.623s] INFO:colcon.colcon_core.shell:Creating environment descriptor '/home/maker/bm_ws/install/serial_motor_demo_msgs/share/serial_motor_demo_msgs/hook/cmake_prefix_path.dsv'
[6.624s] INFO:colcon.colcon_core.shell:Creating environment hook '/home/maker/bm_ws/install/serial_motor_demo_msgs/share/serial_motor_demo_msgs/hook/cmake_prefix_path.sh'
[6.627s] Level 1:colcon.colcon_core.environment:checking '/home/maker/bm_ws/install/serial_motor_demo_msgs/lib'
[6.627s] Level 1:colcon.colcon_core.shell:create_environment_hook('serial_motor_demo_msgs', 'ld_library_path_lib')
[6.628s] INFO:colcon.colcon_core.shell:Creating environment hook '/home/maker/bm_ws/install/serial_motor_demo_msgs/share/serial_motor_demo_msgs/hook/ld_library_path_lib.ps1'
[6.629s] INFO:colcon.colcon_core.shell:Creating environment descriptor '/home/maker/bm_ws/install/serial_motor_demo_msgs/share/serial_motor_demo_msgs/hook/ld_library_path_lib.dsv'
[6.631s] INFO:colcon.colcon_core.shell:Creating environment hook '/home/maker/bm_ws/install/serial_motor_demo_msgs/share/serial_motor_demo_msgs/hook/ld_library_path_lib.sh'
[6.632s] Level 1:colcon.colcon_core.environment:checking '/home/maker/bm_ws/install/serial_motor_demo_msgs/bin'
[6.633s] Level 1:colcon.colcon_core.environment:checking '/home/maker/bm_ws/install/serial_motor_demo_msgs/lib/pkgconfig/serial_motor_demo_msgs.pc'
[6.634s] Level 1:colcon.colcon_core.environment:checking '/home/maker/bm_ws/install/serial_motor_demo_msgs/lib/python3.10/site-packages'
[6.635s] Level 1:colcon.colcon_core.environment:checking '/home/maker/bm_ws/install/serial_motor_demo_msgs/bin'
[6.638s] INFO:colcon.colcon_core.shell:Creating package script '/home/maker/bm_ws/install/serial_motor_demo_msgs/share/serial_motor_demo_msgs/package.ps1'
[6.644s] INFO:colcon.colcon_core.shell:Creating package descriptor '/home/maker/bm_ws/install/serial_motor_demo_msgs/share/serial_motor_demo_msgs/package.dsv'
[6.646s] INFO:colcon.colcon_core.shell:Creating package script '/home/maker/bm_ws/install/serial_motor_demo_msgs/share/serial_motor_demo_msgs/package.sh'
[6.648s] INFO:colcon.colcon_core.shell:Creating package script '/home/maker/bm_ws/install/serial_motor_demo_msgs/share/serial_motor_demo_msgs/package.bash'
[6.650s] INFO:colcon.colcon_core.shell:Creating package script '/home/maker/bm_ws/install/serial_motor_demo_msgs/share/serial_motor_demo_msgs/package.zsh'
[6.654s] Level 1:colcon.colcon_core.environment:create_file_with_runtime_dependencies(/home/maker/bm_ws/install/serial_motor_demo_msgs/share/colcon-core/packages/serial_motor_demo_msgs)
[6.656s] INFO:colcon.colcon_ros.task.ament_python.build:Building ROS package in '/home/maker/bm_ws/src/serial_motor_demo/serial_motor_demo' with build type 'ament_python'
[6.656s] Level 1:colcon.colcon_core.shell:create_environment_hook('serial_motor_demo', 'ament_prefix_path')
[6.657s] INFO:colcon.colcon_core.shell:Creating environment hook '/home/maker/bm_ws/install/serial_motor_demo/share/serial_motor_demo/hook/ament_prefix_path.ps1'
[6.661s] INFO:colcon.colcon_core.shell:Creating environment descriptor '/home/maker/bm_ws/install/serial_motor_demo/share/serial_motor_demo/hook/ament_prefix_path.dsv'
[6.663s] INFO:colcon.colcon_core.shell:Creating environment hook '/home/maker/bm_ws/install/serial_motor_demo/share/serial_motor_demo/hook/ament_prefix_path.sh'
[6.666s] INFO:colcon.colcon_core.shell:Skip shell extension 'powershell' for command environment: Not usable outside of PowerShell
[6.668s] DEBUG:colcon.colcon_core.shell:Skip shell extension 'dsv' for command environment
[7.477s] INFO:colcon.colcon_core.task.python.build:Building Python package in '/home/maker/bm_ws/src/serial_motor_demo/serial_motor_demo'
[7.478s] INFO:colcon.colcon_core.shell:Skip shell extension 'powershell' for command environment: Not usable outside of PowerShell
[7.478s] DEBUG:colcon.colcon_core.shell:Skip shell extension 'dsv' for command environment
[11.295s] DEBUG:colcon.colcon_core.event_handler.log_command:Invoking command in '/home/maker/bm_ws/build/serial_motor_demo': AMENT_PREFIX_PATH=/home/maker/bm_ws/install/serial_motor_demo_msgs:${AMENT_PREFIX_PATH} CMAKE_PREFIX_PATH=/home/maker/bm_ws/install/serial_motor_demo_msgs LD_LIBRARY_PATH=/home/maker/bm_ws/install/serial_motor_demo_msgs/lib:${LD_LIBRARY_PATH} PYTHONPATH=/home/maker/bm_ws/build/serial_motor_demo/prefix_override:/usr/lib/python3/dist-packages/colcon_core/task/python/colcon_distutils_commands:/home/maker/bm_ws/install/serial_motor_demo/lib/python3.10/site-packages:/home/maker/bm_ws/install/serial_motor_demo_msgs/local/lib/python3.10/dist-packages:${PYTHONPATH} /usr/bin/python3 -W ignore:setup.py install is deprecated -W ignore:easy_install command is deprecated setup.py develop --editable --build-directory /home/maker/bm_ws/build/serial_motor_demo/build --no-deps symlink_data
[13.660s] Level 1:colcon.colcon_core.shell:create_environment_hook('serial_motor_demo', 'pythonpath_develop')
[13.661s] INFO:colcon.colcon_core.shell:Creating environment hook '/home/maker/bm_ws/build/serial_motor_demo/share/serial_motor_demo/hook/pythonpath_develop.ps1'
[13.663s] DEBUG:colcon.colcon_core.event_handler.log_command:Invoked command in '/home/maker/bm_ws/build/serial_motor_demo' returned '0': AMENT_PREFIX_PATH=/home/maker/bm_ws/install/serial_motor_demo_msgs:${AMENT_PREFIX_PATH} CMAKE_PREFIX_PATH=/home/maker/bm_ws/install/serial_motor_demo_msgs LD_LIBRARY_PATH=/home/maker/bm_ws/install/serial_motor_demo_msgs/lib:${LD_LIBRARY_PATH} PYTHONPATH=/home/maker/bm_ws/build/serial_motor_demo/prefix_override:/usr/lib/python3/dist-packages/colcon_core/task/python/colcon_distutils_commands:/home/maker/bm_ws/install/serial_motor_demo/lib/python3.10/site-packages:/home/maker/bm_ws/install/serial_motor_demo_msgs/local/lib/python3.10/dist-packages:${PYTHONPATH} /usr/bin/python3 -W ignore:setup.py install is deprecated -W ignore:easy_install command is deprecated setup.py develop --editable --build-directory /home/maker/bm_ws/build/serial_motor_demo/build --no-deps symlink_data
[13.665s] INFO:colcon.colcon_core.shell:Creating environment descriptor '/home/maker/bm_ws/build/serial_motor_demo/share/serial_motor_demo/hook/pythonpath_develop.dsv'
[13.669s] INFO:colcon.colcon_core.shell:Creating environment hook '/home/maker/bm_ws/build/serial_motor_demo/share/serial_motor_demo/hook/pythonpath_develop.sh'
[13.674s] Level 1:colcon.colcon_core.environment:checking '/home/maker/bm_ws/install/serial_motor_demo' for CMake module files
[13.678s] Level 1:colcon.colcon_core.environment:checking '/home/maker/bm_ws/install/serial_motor_demo' for CMake config files
[13.683s] Level 1:colcon.colcon_core.environment:checking '/home/maker/bm_ws/install/serial_motor_demo/lib'
[13.683s] Level 1:colcon.colcon_core.environment:checking '/home/maker/bm_ws/install/serial_motor_demo/bin'
[13.683s] Level 1:colcon.colcon_core.environment:checking '/home/maker/bm_ws/install/serial_motor_demo/lib/pkgconfig/serial_motor_demo.pc'
[13.684s] Level 1:colcon.colcon_core.environment:checking '/home/maker/bm_ws/install/serial_motor_demo/lib/python3.10/site-packages'
[13.684s] Level 1:colcon.colcon_core.shell:create_environment_hook('serial_motor_demo', 'pythonpath')
[13.684s] INFO:colcon.colcon_core.shell:Creating environment hook '/home/maker/bm_ws/install/serial_motor_demo/share/serial_motor_demo/hook/pythonpath.ps1'
[13.689s] INFO:colcon.colcon_core.shell:Creating environment descriptor '/home/maker/bm_ws/install/serial_motor_demo/share/serial_motor_demo/hook/pythonpath.dsv'
[13.692s] INFO:colcon.colcon_core.shell:Creating environment hook '/home/maker/bm_ws/install/serial_motor_demo/share/serial_motor_demo/hook/pythonpath.sh'
[13.698s] Level 1:colcon.colcon_core.environment:checking '/home/maker/bm_ws/install/serial_motor_demo/bin'
[13.698s] Level 1:colcon.colcon_core.environment:create_environment_scripts_only(serial_motor_demo)
[13.703s] INFO:colcon.colcon_core.shell:Creating package script '/home/maker/bm_ws/install/serial_motor_demo/share/serial_motor_demo/package.ps1'
[13.704s] INFO:colcon.colcon_core.shell:Creating package descriptor '/home/maker/bm_ws/install/serial_motor_demo/share/serial_motor_demo/package.dsv'
[13.707s] INFO:colcon.colcon_core.shell:Creating package script '/home/maker/bm_ws/install/serial_motor_demo/share/serial_motor_demo/package.sh'
[13.710s] INFO:colcon.colcon_core.shell:Creating package script '/home/maker/bm_ws/install/serial_motor_demo/share/serial_motor_demo/package.bash'
[13.712s] INFO:colcon.colcon_core.shell:Creating package script '/home/maker/bm_ws/install/serial_motor_demo/share/serial_motor_demo/package.zsh'
[13.713s] Level 1:colcon.colcon_core.environment:create_file_with_runtime_dependencies(/home/maker/bm_ws/install/serial_motor_demo/share/colcon-core/packages/serial_motor_demo)
[13.716s] DEBUG:colcon.colcon_parallel_executor.executor.parallel:closing loop
[13.720s] DEBUG:colcon.colcon_parallel_executor.executor.parallel:loop closed
[13.721s] DEBUG:colcon.colcon_parallel_executor.executor.parallel:run_until_complete finished with '0'
[13.722s] DEBUG:colcon.colcon_core.event_reactor:joining thread
[13.791s] INFO:colcon.colcon_core.plugin_system:Skipping extension 'colcon_notification.desktop_notification.terminal_notifier': Not used on non-Darwin systems
[13.792s] INFO:colcon.colcon_core.plugin_system:Skipping extension 'colcon_notification.desktop_notification.win32': Not used on non-Windows systems
[13.792s] INFO:colcon.colcon_notification.desktop_notification:Sending desktop notification using 'notify2'
[14.268s] DEBUG:colcon.colcon_core.event_reactor:joined thread
[14.269s] INFO:colcon.colcon_core.shell:Creating prefix script '/home/maker/bm_ws/install/local_setup.ps1'
[14.285s] INFO:colcon.colcon_core.shell:Creating prefix util module '/home/maker/bm_ws/install/_local_setup_util_ps1.py'
[14.292s] INFO:colcon.colcon_core.shell:Creating prefix chain script '/home/maker/bm_ws/install/setup.ps1'
[14.296s] INFO:colcon.colcon_core.shell:Creating prefix script '/home/maker/bm_ws/install/local_setup.sh'
[14.300s] INFO:colcon.colcon_core.shell:Creating prefix util module '/home/maker/bm_ws/install/_local_setup_util_sh.py'
[14.305s] INFO:colcon.colcon_core.shell:Creating prefix chain script '/home/maker/bm_ws/install/setup.sh'
[14.311s] INFO:colcon.colcon_core.shell:Creating prefix script '/home/maker/bm_ws/install/local_setup.bash'
[14.315s] INFO:colcon.colcon_core.shell:Creating prefix chain script '/home/maker/bm_ws/install/setup.bash'
[14.322s] INFO:colcon.colcon_core.shell:Creating prefix script '/home/maker/bm_ws/install/local_setup.zsh'
[14.329s] INFO:colcon.colcon_core.shell:Creating prefix chain script '/home/maker/bm_ws/install/setup.zsh'
