[4.265s] Invoking command in '/home/maker/bm_ws/build/serial_motor_demo': AMENT_PREFIX_PATH=/home/maker/bm_ws/install/serial_motor_demo_msgs:${AMENT_PREFIX_PATH} CMAKE_PREFIX_PATH=/home/maker/bm_ws/install/serial_motor_demo_msgs LD_LIBRARY_PATH=/home/maker/bm_ws/install/serial_motor_demo_msgs/lib:${LD_LIBRARY_PATH} PYTHONPATH=/home/maker/bm_ws/build/serial_motor_demo/prefix_override:/usr/lib/python3/dist-packages/colcon_core/task/python/colcon_distutils_commands:/home/maker/bm_ws/install/serial_motor_demo/lib/python3.10/site-packages:/home/maker/bm_ws/install/serial_motor_demo_msgs/local/lib/python3.10/dist-packages:${PYTHONPATH} /usr/bin/python3 -W ignore:setup.py install is deprecated -W ignore:easy_install command is deprecated setup.py develop --editable --build-directory /home/maker/bm_ws/build/serial_motor_demo/build --no-deps symlink_data
[4.661s] /home/maker/.local/lib/python3.10/site-packages/setuptools/dist.py:599: SetuptoolsDeprecationWarning: Invalid dash-separated key 'script-dir' in 'develop' (setup.cfg), please use the underscore name 'script_dir' instead.
[4.662s] !!
[4.663s] 
[4.663s]         ********************************************************************************
[4.663s]         Usage of dash-separated 'script-dir' will not be supported in future
[4.663s]         versions. Please use the underscore name 'script_dir' instead.
[4.663s] 
[4.664s]         By 2026-Mar-03, you need to update your project and remove deprecated calls
[4.664s]         or your builds will no longer be supported.
[4.664s] 
[4.664s]         See https://setuptools.pypa.io/en/latest/userguide/declarative_config.html for details.
[4.664s]         ********************************************************************************
[4.664s] 
[4.664s] !!
[4.664s]   opt = self._enforce_underscore(opt, section)
[4.713s] /home/maker/.local/lib/python3.10/site-packages/setuptools/_distutils/dist.py:289: UserWarning: Unknown distribution option: 'tests_require'
[4.715s]   warnings.warn(msg)
[4.822s] /home/maker/.local/lib/python3.10/site-packages/setuptools/dist.py:599: SetuptoolsDeprecationWarning: Invalid dash-separated key 'script-dir' in 'develop' (setup.cfg), please use the underscore name 'script_dir' instead.
[4.823s] !!
[4.823s] 
[4.823s]         ********************************************************************************
[4.823s]         Usage of dash-separated 'script-dir' will not be supported in future
[4.823s]         versions. Please use the underscore name 'script_dir' instead.
[4.823s]         (Affected: serial_motor_demo).
[4.823s] 
[4.824s]         By 2026-Mar-03, you need to update your project and remove deprecated calls
[4.824s]         or your builds will no longer be supported.
[4.824s] 
[4.824s]         See https://setuptools.pypa.io/en/latest/userguide/declarative_config.html for details.
[4.824s]         ********************************************************************************
[4.825s] 
[4.825s] !!
[4.825s]   opt = self._enforce_underscore(opt, section)
[5.244s] running develop
[5.964s] running egg_info
[6.010s] writing serial_motor_demo.egg-info/PKG-INFO
[6.012s] writing dependency_links to serial_motor_demo.egg-info/dependency_links.txt
[6.014s] writing entry points to serial_motor_demo.egg-info/entry_points.txt
[6.015s] writing requirements to serial_motor_demo.egg-info/requires.txt
[6.016s] writing top-level names to serial_motor_demo.egg-info/top_level.txt
[6.139s] reading manifest file 'serial_motor_demo.egg-info/SOURCES.txt'
[6.143s] writing manifest file 'serial_motor_demo.egg-info/SOURCES.txt'
[6.190s] running build_ext
[6.190s] Creating /home/maker/bm_ws/install/serial_motor_demo/lib/python3.10/site-packages/serial-motor-demo.egg-link (link to .)
[6.193s] Installing driver script to /home/maker/bm_ws/install/serial_motor_demo/lib/serial_motor_demo
[6.194s] Installing gui script to /home/maker/bm_ws/install/serial_motor_demo/lib/serial_motor_demo
[6.196s] 
[6.196s] Installed /home/maker/bm_ws/build/serial_motor_demo
[6.196s] running symlink_data
[6.288s] Invoked command in '/home/maker/bm_ws/build/serial_motor_demo' returned '0': AMENT_PREFIX_PATH=/home/maker/bm_ws/install/serial_motor_demo_msgs:${AMENT_PREFIX_PATH} CMAKE_PREFIX_PATH=/home/maker/bm_ws/install/serial_motor_demo_msgs LD_LIBRARY_PATH=/home/maker/bm_ws/install/serial_motor_demo_msgs/lib:${LD_LIBRARY_PATH} PYTHONPATH=/home/maker/bm_ws/build/serial_motor_demo/prefix_override:/usr/lib/python3/dist-packages/colcon_core/task/python/colcon_distutils_commands:/home/maker/bm_ws/install/serial_motor_demo/lib/python3.10/site-packages:/home/maker/bm_ws/install/serial_motor_demo_msgs/local/lib/python3.10/dist-packages:${PYTHONPATH} /usr/bin/python3 -W ignore:setup.py install is deprecated -W ignore:easy_install command is deprecated setup.py develop --editable --build-directory /home/maker/bm_ws/build/serial_motor_demo/build --no-deps symlink_data
