[6.026s] Invoking command in '/home/maker/bm_ws/build/serial_motor_demo': AMENT_PREFIX_PATH=/home/maker/bm_ws/install/serial_motor_demo_msgs:${AMENT_PREFIX_PATH} CMAKE_PREFIX_PATH=/home/maker/bm_ws/install/serial_motor_demo_msgs LD_LIBRARY_PATH=/home/maker/bm_ws/install/serial_motor_demo_msgs/lib:${LD_LIBRARY_PATH} PYTHONPATH=/home/maker/bm_ws/build/serial_motor_demo/prefix_override:/usr/lib/python3/dist-packages/colcon_core/task/python/colcon_distutils_commands:/home/maker/bm_ws/install/serial_motor_demo/lib/python3.10/site-packages:/home/maker/bm_ws/install/serial_motor_demo_msgs/local/lib/python3.10/dist-packages:${PYTHONPATH} /usr/bin/python3 -W ignore:setup.py install is deprecated -W ignore:easy_install command is deprecated setup.py develop --editable --build-directory /home/maker/bm_ws/build/serial_motor_demo/build --no-deps symlink_data
[6.470s] /home/maker/.local/lib/python3.10/site-packages/setuptools/dist.py:599: SetuptoolsDeprecationWarning: Invalid dash-separated key 'script-dir' in 'develop' (setup.cfg), please use the underscore name 'script_dir' instead.
[6.470s] !!
[6.470s] 
[6.470s]         ********************************************************************************
[6.471s]         Usage of dash-separated 'script-dir' will not be supported in future
[6.471s]         versions. Please use the underscore name 'script_dir' instead.
[6.472s] 
[6.472s]         By 2026-Mar-03, you need to update your project and remove deprecated calls
[6.473s]         or your builds will no longer be supported.
[6.473s] 
[6.473s]         See https://setuptools.pypa.io/en/latest/userguide/declarative_config.html for details.
[6.473s]         ********************************************************************************
[6.474s] 
[6.474s] !!
[6.475s]   opt = self._enforce_underscore(opt, section)
[6.590s] /home/maker/.local/lib/python3.10/site-packages/setuptools/_distutils/dist.py:289: UserWarning: Unknown distribution option: 'tests_require'
[6.590s]   warnings.warn(msg)
[6.692s] /home/maker/.local/lib/python3.10/site-packages/setuptools/dist.py:599: SetuptoolsDeprecationWarning: Invalid dash-separated key 'script-dir' in 'develop' (setup.cfg), please use the underscore name 'script_dir' instead.
[6.692s] !!
[6.693s] 
[6.693s]         ********************************************************************************
[6.694s]         Usage of dash-separated 'script-dir' will not be supported in future
[6.696s]         versions. Please use the underscore name 'script_dir' instead.
[6.696s]         (Affected: serial_motor_demo).
[6.700s] 
[6.700s]         By 2026-Mar-03, you need to update your project and remove deprecated calls
[6.700s]         or your builds will no longer be supported.
[6.700s] 
[6.700s]         See https://setuptools.pypa.io/en/latest/userguide/declarative_config.html for details.
[6.701s]         ********************************************************************************
[6.701s] 
[6.701s] !!
[6.701s]   opt = self._enforce_underscore(opt, section)
[7.474s] running develop
[8.451s] running egg_info
[8.499s] writing serial_motor_demo.egg-info/PKG-INFO
[8.501s] writing dependency_links to serial_motor_demo.egg-info/dependency_links.txt
[8.503s] writing entry points to serial_motor_demo.egg-info/entry_points.txt
[8.505s] writing requirements to serial_motor_demo.egg-info/requires.txt
[8.506s] writing top-level names to serial_motor_demo.egg-info/top_level.txt
[8.655s] reading manifest file 'serial_motor_demo.egg-info/SOURCES.txt'
[8.663s] writing manifest file 'serial_motor_demo.egg-info/SOURCES.txt'
[8.721s] running build_ext
[8.722s] Creating /home/maker/bm_ws/install/serial_motor_demo/lib/python3.10/site-packages/serial-motor-demo.egg-link (link to .)
[8.726s] Installing driver script to /home/maker/bm_ws/install/serial_motor_demo/lib/serial_motor_demo
[8.728s] Installing gui script to /home/maker/bm_ws/install/serial_motor_demo/lib/serial_motor_demo
[8.734s] 
[8.734s] Installed /home/maker/bm_ws/build/serial_motor_demo
[8.736s] running symlink_data
[8.826s] Invoked command in '/home/maker/bm_ws/build/serial_motor_demo' returned '0': AMENT_PREFIX_PATH=/home/maker/bm_ws/install/serial_motor_demo_msgs:${AMENT_PREFIX_PATH} CMAKE_PREFIX_PATH=/home/maker/bm_ws/install/serial_motor_demo_msgs LD_LIBRARY_PATH=/home/maker/bm_ws/install/serial_motor_demo_msgs/lib:${LD_LIBRARY_PATH} PYTHONPATH=/home/maker/bm_ws/build/serial_motor_demo/prefix_override:/usr/lib/python3/dist-packages/colcon_core/task/python/colcon_distutils_commands:/home/maker/bm_ws/install/serial_motor_demo/lib/python3.10/site-packages:/home/maker/bm_ws/install/serial_motor_demo_msgs/local/lib/python3.10/dist-packages:${PYTHONPATH} /usr/bin/python3 -W ignore:setup.py install is deprecated -W ignore:easy_install command is deprecated setup.py develop --editable --build-directory /home/maker/bm_ws/build/serial_motor_demo/build --no-deps symlink_data
