[21.956s] Invoking command in '/home/maker/bm_ws/build/serial_motor_demo': AMENT_PREFIX_PATH=/home/maker/bm_ws/install/serial_motor_demo_msgs:${AMENT_PREFIX_PATH} CMAKE_PREFIX_PATH=/home/maker/bm_ws/install/serial_motor_demo_msgs LD_LIBRARY_PATH=/home/maker/bm_ws/install/serial_motor_demo_msgs/lib:${LD_LIBRARY_PATH} PYTHONPATH=/home/maker/bm_ws/build/serial_motor_demo/prefix_override:/usr/lib/python3/dist-packages/colcon_core/task/python/colcon_distutils_commands:/home/maker/bm_ws/install/serial_motor_demo/lib/python3.10/site-packages:/home/maker/bm_ws/install/serial_motor_demo_msgs/local/lib/python3.10/dist-packages:${PYTHONPATH} /usr/bin/python3 -W ignore:setup.py install is deprecated -W ignore:easy_install command is deprecated setup.py develop --editable --build-directory /home/maker/bm_ws/build/serial_motor_demo/build --no-deps symlink_data
[23.995s] /home/maker/.local/lib/python3.10/site-packages/setuptools/dist.py:599: SetuptoolsDeprecationWarning: Invalid dash-separated key 'script-dir' in 'develop' (setup.cfg), please use the underscore name 'script_dir' instead.
[24.026s] !!
[24.080s] 
[24.081s]         ********************************************************************************
[24.086s]         Usage of dash-separated 'script-dir' will not be supported in future
[24.086s]         versions. Please use the underscore name 'script_dir' instead.
[24.087s] 
[24.095s]         By 2026-Mar-03, you need to update your project and remove deprecated calls
[24.100s]         or your builds will no longer be supported.
[24.113s] 
[24.116s]         See https://setuptools.pypa.io/en/latest/userguide/declarative_config.html for details.
[24.116s]         ********************************************************************************
[24.117s] 
[24.120s] !!
[24.124s]   opt = self._enforce_underscore(opt, section)
[24.456s] /home/maker/.local/lib/python3.10/site-packages/setuptools/_distutils/dist.py:289: UserWarning: Unknown distribution option: 'tests_require'
[24.460s]   warnings.warn(msg)
[25.095s] /home/maker/.local/lib/python3.10/site-packages/setuptools/dist.py:599: SetuptoolsDeprecationWarning: Invalid dash-separated key 'script-dir' in 'develop' (setup.cfg), please use the underscore name 'script_dir' instead.
[25.095s] !!
[25.095s] 
[25.096s]         ********************************************************************************
[25.096s]         Usage of dash-separated 'script-dir' will not be supported in future
[25.097s]         versions. Please use the underscore name 'script_dir' instead.
[25.097s]         (Affected: serial_motor_demo).
[25.097s] 
[25.098s]         By 2026-Mar-03, you need to update your project and remove deprecated calls
[25.098s]         or your builds will no longer be supported.
[25.098s] 
[25.098s]         See https://setuptools.pypa.io/en/latest/userguide/declarative_config.html for details.
[25.099s]         ********************************************************************************
[25.099s] 
[25.099s] !!
[25.100s]   opt = self._enforce_underscore(opt, section)
[27.174s] running develop
[31.468s] running egg_info
[32.397s] writing serial_motor_demo.egg-info/PKG-INFO
[32.402s] writing dependency_links to serial_motor_demo.egg-info/dependency_links.txt
[32.405s] writing entry points to serial_motor_demo.egg-info/entry_points.txt
[32.409s] writing requirements to serial_motor_demo.egg-info/requires.txt
[32.416s] writing top-level names to serial_motor_demo.egg-info/top_level.txt
[33.217s] reading manifest file 'serial_motor_demo.egg-info/SOURCES.txt'
[33.232s] writing manifest file 'serial_motor_demo.egg-info/SOURCES.txt'
[33.661s] running build_ext
[33.663s] Creating /home/maker/bm_ws/install/serial_motor_demo/lib/python3.10/site-packages/serial-motor-demo.egg-link (link to .)
[33.668s] Installing driver script to /home/maker/bm_ws/install/serial_motor_demo/lib/serial_motor_demo
[33.670s] Installing gui script to /home/maker/bm_ws/install/serial_motor_demo/lib/serial_motor_demo
[33.676s] 
[33.679s] Installed /home/maker/bm_ws/build/serial_motor_demo
[33.680s] running symlink_data
[33.911s] Invoked command in '/home/maker/bm_ws/build/serial_motor_demo' returned '0': AMENT_PREFIX_PATH=/home/maker/bm_ws/install/serial_motor_demo_msgs:${AMENT_PREFIX_PATH} CMAKE_PREFIX_PATH=/home/maker/bm_ws/install/serial_motor_demo_msgs LD_LIBRARY_PATH=/home/maker/bm_ws/install/serial_motor_demo_msgs/lib:${LD_LIBRARY_PATH} PYTHONPATH=/home/maker/bm_ws/build/serial_motor_demo/prefix_override:/usr/lib/python3/dist-packages/colcon_core/task/python/colcon_distutils_commands:/home/maker/bm_ws/install/serial_motor_demo/lib/python3.10/site-packages:/home/maker/bm_ws/install/serial_motor_demo_msgs/local/lib/python3.10/dist-packages:${PYTHONPATH} /usr/bin/python3 -W ignore:setup.py install is deprecated -W ignore:easy_install command is deprecated setup.py develop --editable --build-directory /home/maker/bm_ws/build/serial_motor_demo/build --no-deps symlink_data
