[10.929s] Invoking command in '/home/maker/bm_ws/build/serial_motor_demo': AMENT_PREFIX_PATH=/home/maker/bm_ws/install/serial_motor_demo_msgs:${AMENT_PREFIX_PATH} CMAKE_PREFIX_PATH=/home/maker/bm_ws/install/serial_motor_demo_msgs LD_LIBRARY_PATH=/home/maker/bm_ws/install/serial_motor_demo_msgs/lib:${LD_LIBRARY_PATH} PYTHONPATH=/home/maker/bm_ws/build/serial_motor_demo/prefix_override:/usr/lib/python3/dist-packages/colcon_core/task/python/colcon_distutils_commands:/home/maker/bm_ws/install/serial_motor_demo/lib/python3.10/site-packages:/home/maker/bm_ws/install/serial_motor_demo_msgs/local/lib/python3.10/dist-packages:${PYTHONPATH} /usr/bin/python3 -W ignore:setup.py install is deprecated -W ignore:easy_install command is deprecated setup.py develop --editable --build-directory /home/maker/bm_ws/build/serial_motor_demo/build --no-deps symlink_data
[12.332s] /home/maker/.local/lib/python3.10/site-packages/setuptools/dist.py:599: SetuptoolsDeprecationWarning: Invalid dash-separated key 'script-dir' in 'develop' (setup.cfg), please use the underscore name 'script_dir' instead.
[12.332s] !!
[12.332s] 
[12.332s]         ********************************************************************************
[12.332s]         Usage of dash-separated 'script-dir' will not be supported in future
[12.333s]         versions. Please use the underscore name 'script_dir' instead.
[12.333s] 
[12.337s]         By 2026-Mar-03, you need to update your project and remove deprecated calls
[12.340s]         or your builds will no longer be supported.
[12.340s] 
[12.341s]         See https://setuptools.pypa.io/en/latest/userguide/declarative_config.html for details.
[12.341s]         ********************************************************************************
[12.341s] 
[12.341s] !!
[12.344s]   opt = self._enforce_underscore(opt, section)
[12.454s] /home/maker/.local/lib/python3.10/site-packages/setuptools/_distutils/dist.py:289: UserWarning: Unknown distribution option: 'tests_require'
[12.454s]   warnings.warn(msg)
[12.660s] /home/maker/.local/lib/python3.10/site-packages/setuptools/dist.py:599: SetuptoolsDeprecationWarning: Invalid dash-separated key 'script-dir' in 'develop' (setup.cfg), please use the underscore name 'script_dir' instead.
[12.660s] !!
[12.660s] 
[12.666s]         ********************************************************************************
[12.734s]         Usage of dash-separated 'script-dir' will not be supported in future
[12.735s]         versions. Please use the underscore name 'script_dir' instead.
[12.735s]         (Affected: serial_motor_demo).
[12.735s] 
[12.735s]         By 2026-Mar-03, you need to update your project and remove deprecated calls
[12.735s]         or your builds will no longer be supported.
[12.735s] 
[12.735s]         See https://setuptools.pypa.io/en/latest/userguide/declarative_config.html for details.
[12.736s]         ********************************************************************************
[12.736s] 
[12.737s] !!
[12.737s]   opt = self._enforce_underscore(opt, section)
[14.138s] running develop
[17.202s] running egg_info
[17.309s] writing serial_motor_demo.egg-info/PKG-INFO
[17.317s] writing dependency_links to serial_motor_demo.egg-info/dependency_links.txt
[17.321s] writing entry points to serial_motor_demo.egg-info/entry_points.txt
[17.326s] writing requirements to serial_motor_demo.egg-info/requires.txt
[17.326s] writing top-level names to serial_motor_demo.egg-info/top_level.txt
[17.637s] reading manifest file 'serial_motor_demo.egg-info/SOURCES.txt'
[17.652s] writing manifest file 'serial_motor_demo.egg-info/SOURCES.txt'
[17.855s] running build_ext
[17.855s] Creating /home/maker/bm_ws/install/serial_motor_demo/lib/python3.10/site-packages/serial-motor-demo.egg-link (link to .)
[17.866s] Installing driver script to /home/maker/bm_ws/install/serial_motor_demo/lib/serial_motor_demo
[17.867s] Installing gui script to /home/maker/bm_ws/install/serial_motor_demo/lib/serial_motor_demo
[17.867s] 
[17.867s] Installed /home/maker/bm_ws/build/serial_motor_demo
[17.867s] running symlink_data
[18.152s] Invoked command in '/home/maker/bm_ws/build/serial_motor_demo' returned '0': AMENT_PREFIX_PATH=/home/maker/bm_ws/install/serial_motor_demo_msgs:${AMENT_PREFIX_PATH} CMAKE_PREFIX_PATH=/home/maker/bm_ws/install/serial_motor_demo_msgs LD_LIBRARY_PATH=/home/maker/bm_ws/install/serial_motor_demo_msgs/lib:${LD_LIBRARY_PATH} PYTHONPATH=/home/maker/bm_ws/build/serial_motor_demo/prefix_override:/usr/lib/python3/dist-packages/colcon_core/task/python/colcon_distutils_commands:/home/maker/bm_ws/install/serial_motor_demo/lib/python3.10/site-packages:/home/maker/bm_ws/install/serial_motor_demo_msgs/local/lib/python3.10/dist-packages:${PYTHONPATH} /usr/bin/python3 -W ignore:setup.py install is deprecated -W ignore:easy_install command is deprecated setup.py develop --editable --build-directory /home/maker/bm_ws/build/serial_motor_demo/build --no-deps symlink_data
