[0.115s] Invoking command in '/home/maker/bm_ws/build/sllidar_ros2': CMAKE_PREFIX_PATH=${CMAKE_PREFIX_PATH}:/home/maker/bm_ws/install/serial_motor_demo:/opt/ros/humble /usr/bin/cmake --build /home/maker/bm_ws/build/sllidar_ros2 -- -j2 -l2
[1.130s] [ 10%] Built target sllidar_client
[1.185s] [100%] Built target sllidar_node
[1.258s] Invoked command in '/home/maker/bm_ws/build/sllidar_ros2' returned '0': CMAKE_PREFIX_PATH=${CMAKE_PREFIX_PATH}:/home/maker/bm_ws/install/serial_motor_demo:/opt/ros/humble /usr/bin/cmake --build /home/maker/bm_ws/build/sllidar_ros2 -- -j2 -l2
[1.297s] Invoking command in '/home/maker/bm_ws/build/sllidar_ros2': CMAKE_PREFIX_PATH=${CMAKE_PREFIX_PATH}:/home/maker/bm_ws/install/serial_motor_demo:/opt/ros/humble /usr/bin/cmake --install /home/maker/bm_ws/build/sllidar_ros2
[1.389s] -- Install configuration: ""
[1.401s] -- Execute custom install script
[1.424s] -- Up-to-date symlink: /home/maker/bm_ws/install/sllidar_ros2/share/sllidar_ros2/launch/sllidar_a1_launch.py
[1.428s] -- Up-to-date symlink: /home/maker/bm_ws/install/sllidar_ros2/share/sllidar_ros2/launch/sllidar_a2m12_launch .py
[1.439s] -- Up-to-date symlink: /home/maker/bm_ws/install/sllidar_ros2/share/sllidar_ros2/launch/sllidar_a2m7_launch.py
[1.439s] -- Up-to-date symlink: /home/maker/bm_ws/install/sllidar_ros2/share/sllidar_ros2/launch/sllidar_a2m8_launch.py
[1.442s] -- Up-to-date symlink: /home/maker/bm_ws/install/sllidar_ros2/share/sllidar_ros2/launch/sllidar_a3_launch.py
[1.449s] -- Up-to-date symlink: /home/maker/bm_ws/install/sllidar_ros2/share/sllidar_ros2/launch/sllidar_c1_launch.py
[1.449s] -- Up-to-date symlink: /home/maker/bm_ws/install/sllidar_ros2/share/sllidar_ros2/launch/sllidar_custom.launch.py
[1.449s] -- Up-to-date symlink: /home/maker/bm_ws/install/sllidar_ros2/share/sllidar_ros2/launch/sllidar_s1_launch.py
[1.449s] -- Up-to-date symlink: /home/maker/bm_ws/install/sllidar_ros2/share/sllidar_ros2/launch/sllidar_s1_tcp_launch.py
[1.451s] -- Up-to-date symlink: /home/maker/bm_ws/install/sllidar_ros2/share/sllidar_ros2/launch/sllidar_s2_launch.py
[1.452s] -- Up-to-date symlink: /home/maker/bm_ws/install/sllidar_ros2/share/sllidar_ros2/launch/sllidar_s2e_launch.py
[1.454s] -- Up-to-date symlink: /home/maker/bm_ws/install/sllidar_ros2/share/sllidar_ros2/launch/sllidar_s3_launch.py
[1.456s] -- Up-to-date symlink: /home/maker/bm_ws/install/sllidar_ros2/share/sllidar_ros2/launch/sllidar_t1_launch.py
[1.458s] -- Up-to-date symlink: /home/maker/bm_ws/install/sllidar_ros2/share/sllidar_ros2/launch/view_sllidar_a1_launch.py
[1.462s] -- Up-to-date symlink: /home/maker/bm_ws/install/sllidar_ros2/share/sllidar_ros2/launch/view_sllidar_a2m12_launch.py
[1.464s] -- Up-to-date symlink: /home/maker/bm_ws/install/sllidar_ros2/share/sllidar_ros2/launch/view_sllidar_a2m7_launch.py
[1.466s] -- Up-to-date symlink: /home/maker/bm_ws/install/sllidar_ros2/share/sllidar_ros2/launch/view_sllidar_a2m8_launch.py
[1.467s] -- Up-to-date symlink: /home/maker/bm_ws/install/sllidar_ros2/share/sllidar_ros2/launch/view_sllidar_a3_launch.py
[1.470s] -- Up-to-date symlink: /home/maker/bm_ws/install/sllidar_ros2/share/sllidar_ros2/launch/view_sllidar_c1_launch.py
[1.474s] -- Up-to-date symlink: /home/maker/bm_ws/install/sllidar_ros2/share/sllidar_ros2/launch/view_sllidar_s1_launch.py
[1.476s] -- Up-to-date symlink: /home/maker/bm_ws/install/sllidar_ros2/share/sllidar_ros2/launch/view_sllidar_s1_tcp_launch.py
[1.479s] -- Up-to-date symlink: /home/maker/bm_ws/install/sllidar_ros2/share/sllidar_ros2/launch/view_sllidar_s2_launch.py
[1.481s] -- Up-to-date symlink: /home/maker/bm_ws/install/sllidar_ros2/share/sllidar_ros2/launch/view_sllidar_s2e_launch.py
[1.484s] -- Up-to-date symlink: /home/maker/bm_ws/install/sllidar_ros2/share/sllidar_ros2/launch/view_sllidar_s3_launch.py
[1.488s] -- Up-to-date symlink: /home/maker/bm_ws/install/sllidar_ros2/share/sllidar_ros2/launch/view_sllidar_t1_launch.py
[1.489s] -- Up-to-date symlink: /home/maker/bm_ws/install/sllidar_ros2/share/sllidar_ros2/rviz/sllidar_ros2.rviz
[1.492s] -- Up-to-date symlink: /home/maker/bm_ws/install/sllidar_ros2/lib/sllidar_ros2/sllidar_node
[1.494s] -- Up-to-date symlink: /home/maker/bm_ws/install/sllidar_ros2/lib/sllidar_ros2/sllidar_client
[1.496s] -- Up-to-date symlink: /home/maker/bm_ws/install/sllidar_ros2/share/ament_index/resource_index/package_run_dependencies/sllidar_ros2
[1.498s] -- Up-to-date symlink: /home/maker/bm_ws/install/sllidar_ros2/share/ament_index/resource_index/parent_prefix_path/sllidar_ros2
[1.500s] -- Up-to-date symlink: /home/maker/bm_ws/install/sllidar_ros2/share/sllidar_ros2/environment/ament_prefix_path.sh
[1.501s] -- Up-to-date symlink: /home/maker/bm_ws/install/sllidar_ros2/share/sllidar_ros2/environment/ament_prefix_path.dsv
[1.504s] -- Up-to-date symlink: /home/maker/bm_ws/install/sllidar_ros2/share/sllidar_ros2/environment/path.sh
[1.508s] -- Up-to-date symlink: /home/maker/bm_ws/install/sllidar_ros2/share/sllidar_ros2/environment/path.dsv
[1.511s] -- Up-to-date symlink: /home/maker/bm_ws/install/sllidar_ros2/share/sllidar_ros2/local_setup.bash
[1.516s] -- Up-to-date symlink: /home/maker/bm_ws/install/sllidar_ros2/share/sllidar_ros2/local_setup.sh
[1.524s] -- Up-to-date symlink: /home/maker/bm_ws/install/sllidar_ros2/share/sllidar_ros2/local_setup.zsh
[1.524s] -- Up-to-date symlink: /home/maker/bm_ws/install/sllidar_ros2/share/sllidar_ros2/local_setup.dsv
[1.527s] -- Symlinking: /home/maker/bm_ws/install/sllidar_ros2/share/sllidar_ros2/package.dsv
[1.648s] -- Up-to-date symlink: /home/maker/bm_ws/install/sllidar_ros2/share/ament_index/resource_index/packages/sllidar_ros2
[1.651s] -- Up-to-date symlink: /home/maker/bm_ws/install/sllidar_ros2/share/sllidar_ros2/cmake/ament_cmake_export_dependencies-extras.cmake
[1.654s] -- Up-to-date symlink: /home/maker/bm_ws/install/sllidar_ros2/share/sllidar_ros2/cmake/ament_cmake_export_include_directories-extras.cmake
[1.658s] -- Up-to-date symlink: /home/maker/bm_ws/install/sllidar_ros2/share/sllidar_ros2/cmake/sllidar_ros2Config.cmake
[1.660s] -- Up-to-date symlink: /home/maker/bm_ws/install/sllidar_ros2/share/sllidar_ros2/cmake/sllidar_ros2Config-version.cmake
[1.660s] -- Up-to-date symlink: /home/maker/bm_ws/install/sllidar_ros2/share/sllidar_ros2/package.xml
[1.684s] Invoked command in '/home/maker/bm_ws/build/sllidar_ros2' returned '0': CMAKE_PREFIX_PATH=${CMAKE_PREFIX_PATH}:/home/maker/bm_ws/install/serial_motor_demo:/opt/ros/humble /usr/bin/cmake --install /home/maker/bm_ws/build/sllidar_ros2
