[8.550s] Invoking command in '/home/maker/bm_ws/build/serial_motor_demo': AMENT_PREFIX_PATH=/home/maker/bm_ws/install/serial_motor_demo_msgs:${AMENT_PREFIX_PATH} CMAKE_PREFIX_PATH=/home/maker/bm_ws/install/serial_motor_demo_msgs LD_LIBRARY_PATH=/home/maker/bm_ws/install/serial_motor_demo_msgs/lib:${LD_LIBRARY_PATH} PYTHONPATH=/home/maker/bm_ws/build/serial_motor_demo/prefix_override:/usr/lib/python3/dist-packages/colcon_core/task/python/colcon_distutils_commands:/home/maker/bm_ws/install/serial_motor_demo/lib/python3.10/site-packages:/home/maker/bm_ws/install/serial_motor_demo_msgs/local/lib/python3.10/dist-packages:${PYTHONPATH} /usr/bin/python3 -W ignore:setup.py install is deprecated -W ignore:easy_install command is deprecated setup.py develop --editable --build-directory /home/maker/bm_ws/build/serial_motor_demo/build --no-deps symlink_data
[9.536s] /home/maker/.local/lib/python3.10/site-packages/setuptools/dist.py:599: SetuptoolsDeprecationWarning: Invalid dash-separated key 'script-dir' in 'develop' (setup.cfg), please use the underscore name 'script_dir' instead.
[9.536s] !!
[9.537s] 
[9.538s]         ********************************************************************************
[9.538s]         Usage of dash-separated 'script-dir' will not be supported in future
[9.538s]         versions. Please use the underscore name 'script_dir' instead.
[9.538s] 
[9.539s]         By 2026-Mar-03, you need to update your project and remove deprecated calls
[9.539s]         or your builds will no longer be supported.
[9.539s] 
[9.541s]         See https://setuptools.pypa.io/en/latest/userguide/declarative_config.html for details.
[9.542s]         ********************************************************************************
[9.542s] 
[9.542s] !!
[9.542s]   opt = self._enforce_underscore(opt, section)
[9.660s] /home/maker/.local/lib/python3.10/site-packages/setuptools/_distutils/dist.py:289: UserWarning: Unknown distribution option: 'tests_require'
[9.660s]   warnings.warn(msg)
[9.885s] /home/maker/.local/lib/python3.10/site-packages/setuptools/dist.py:599: SetuptoolsDeprecationWarning: Invalid dash-separated key 'script-dir' in 'develop' (setup.cfg), please use the underscore name 'script_dir' instead.
[9.888s] !!
[9.894s] 
[9.895s]         ********************************************************************************
[9.896s]         Usage of dash-separated 'script-dir' will not be supported in future
[9.896s]         versions. Please use the underscore name 'script_dir' instead.
[9.898s]         (Affected: serial_motor_demo).
[9.902s] 
[9.902s]         By 2026-Mar-03, you need to update your project and remove deprecated calls
[9.902s]         or your builds will no longer be supported.
[9.903s] 
[9.903s]         See https://setuptools.pypa.io/en/latest/userguide/declarative_config.html for details.
[9.903s]         ********************************************************************************
[9.903s] 
[9.904s] !!
[9.904s]   opt = self._enforce_underscore(opt, section)
[10.953s] running develop
[12.755s] running egg_info
[12.867s] writing serial_motor_demo.egg-info/PKG-INFO
[12.871s] writing dependency_links to serial_motor_demo.egg-info/dependency_links.txt
[12.877s] writing entry points to serial_motor_demo.egg-info/entry_points.txt
[12.881s] writing requirements to serial_motor_demo.egg-info/requires.txt
[12.882s] writing top-level names to serial_motor_demo.egg-info/top_level.txt
[13.140s] reading manifest file 'serial_motor_demo.egg-info/SOURCES.txt'
[13.156s] writing manifest file 'serial_motor_demo.egg-info/SOURCES.txt'
[13.266s] running build_ext
[13.266s] Creating /home/maker/bm_ws/install/serial_motor_demo/lib/python3.10/site-packages/serial-motor-demo.egg-link (link to .)
[13.270s] Installing driver script to /home/maker/bm_ws/install/serial_motor_demo/lib/serial_motor_demo
[13.273s] Installing gui script to /home/maker/bm_ws/install/serial_motor_demo/lib/serial_motor_demo
[13.274s] 
[13.275s] Installed /home/maker/bm_ws/build/serial_motor_demo
[13.275s] running symlink_data
[13.518s] Invoked command in '/home/maker/bm_ws/build/serial_motor_demo' returned '0': AMENT_PREFIX_PATH=/home/maker/bm_ws/install/serial_motor_demo_msgs:${AMENT_PREFIX_PATH} CMAKE_PREFIX_PATH=/home/maker/bm_ws/install/serial_motor_demo_msgs LD_LIBRARY_PATH=/home/maker/bm_ws/install/serial_motor_demo_msgs/lib:${LD_LIBRARY_PATH} PYTHONPATH=/home/maker/bm_ws/build/serial_motor_demo/prefix_override:/usr/lib/python3/dist-packages/colcon_core/task/python/colcon_distutils_commands:/home/maker/bm_ws/install/serial_motor_demo/lib/python3.10/site-packages:/home/maker/bm_ws/install/serial_motor_demo_msgs/local/lib/python3.10/dist-packages:${PYTHONPATH} /usr/bin/python3 -W ignore:setup.py install is deprecated -W ignore:easy_install command is deprecated setup.py develop --editable --build-directory /home/maker/bm_ws/build/serial_motor_demo/build --no-deps symlink_data
