[4.824s] Invoking command in '/home/maker/bm_ws/build/serial_motor_demo': AMENT_PREFIX_PATH=/home/maker/bm_ws/install/serial_motor_demo_msgs:${AMENT_PREFIX_PATH} CMAKE_PREFIX_PATH=/home/maker/bm_ws/install/serial_motor_demo_msgs LD_LIBRARY_PATH=/home/maker/bm_ws/install/serial_motor_demo_msgs/lib:${LD_LIBRARY_PATH} PYTHONPATH=/home/maker/bm_ws/build/serial_motor_demo/prefix_override:/usr/lib/python3/dist-packages/colcon_core/task/python/colcon_distutils_commands:/home/maker/bm_ws/install/serial_motor_demo/lib/python3.10/site-packages:/home/maker/bm_ws/install/serial_motor_demo_msgs/local/lib/python3.10/dist-packages:${PYTHONPATH} /usr/bin/python3 -W ignore:setup.py install is deprecated -W ignore:easy_install command is deprecated setup.py develop --editable --build-directory /home/maker/bm_ws/build/serial_motor_demo/build --no-deps symlink_data
[5.310s] /home/maker/.local/lib/python3.10/site-packages/setuptools/dist.py:599: SetuptoolsDeprecationWarning: Invalid dash-separated key 'script-dir' in 'develop' (setup.cfg), please use the underscore name 'script_dir' instead.
[5.311s] !!
[5.312s] 
[5.313s]         ********************************************************************************
[5.313s]         Usage of dash-separated 'script-dir' will not be supported in future
[5.314s]         versions. Please use the underscore name 'script_dir' instead.
[5.314s] 
[5.314s]         By 2026-Mar-03, you need to update your project and remove deprecated calls
[5.315s]         or your builds will no longer be supported.
[5.315s] 
[5.316s]         See https://setuptools.pypa.io/en/latest/userguide/declarative_config.html for details.
[5.316s]         ********************************************************************************
[5.317s] 
[5.317s] !!
[5.317s]   opt = self._enforce_underscore(opt, section)
[5.381s] /home/maker/.local/lib/python3.10/site-packages/setuptools/_distutils/dist.py:289: UserWarning: Unknown distribution option: 'tests_require'
[5.381s]   warnings.warn(msg)
[5.521s] /home/maker/.local/lib/python3.10/site-packages/setuptools/dist.py:599: SetuptoolsDeprecationWarning: Invalid dash-separated key 'script-dir' in 'develop' (setup.cfg), please use the underscore name 'script_dir' instead.
[5.521s] !!
[5.522s] 
[5.522s]         ********************************************************************************
[5.522s]         Usage of dash-separated 'script-dir' will not be supported in future
[5.522s]         versions. Please use the underscore name 'script_dir' instead.
[5.522s]         (Affected: serial_motor_demo).
[5.522s] 
[5.522s]         By 2026-Mar-03, you need to update your project and remove deprecated calls
[5.523s]         or your builds will no longer be supported.
[5.523s] 
[5.524s]         See https://setuptools.pypa.io/en/latest/userguide/declarative_config.html for details.
[5.524s]         ********************************************************************************
[5.524s] 
[5.525s] !!
[5.525s]   opt = self._enforce_underscore(opt, section)
[6.016s] running develop
[6.882s] running egg_info
[6.951s] writing serial_motor_demo.egg-info/PKG-INFO
[6.956s] writing dependency_links to serial_motor_demo.egg-info/dependency_links.txt
[6.972s] writing entry points to serial_motor_demo.egg-info/entry_points.txt
[6.975s] writing requirements to serial_motor_demo.egg-info/requires.txt
[6.976s] writing top-level names to serial_motor_demo.egg-info/top_level.txt
[7.111s] reading manifest file 'serial_motor_demo.egg-info/SOURCES.txt'
[7.122s] writing manifest file 'serial_motor_demo.egg-info/SOURCES.txt'
[7.190s] running build_ext
[7.191s] Creating /home/maker/bm_ws/install/serial_motor_demo/lib/python3.10/site-packages/serial-motor-demo.egg-link (link to .)
[7.194s] Installing driver script to /home/maker/bm_ws/install/serial_motor_demo/lib/serial_motor_demo
[7.195s] Installing gui script to /home/maker/bm_ws/install/serial_motor_demo/lib/serial_motor_demo
[7.196s] 
[7.196s] Installed /home/maker/bm_ws/build/serial_motor_demo
[7.198s] running symlink_data
[7.305s] Invoked command in '/home/maker/bm_ws/build/serial_motor_demo' returned '0': AMENT_PREFIX_PATH=/home/maker/bm_ws/install/serial_motor_demo_msgs:${AMENT_PREFIX_PATH} CMAKE_PREFIX_PATH=/home/maker/bm_ws/install/serial_motor_demo_msgs LD_LIBRARY_PATH=/home/maker/bm_ws/install/serial_motor_demo_msgs/lib:${LD_LIBRARY_PATH} PYTHONPATH=/home/maker/bm_ws/build/serial_motor_demo/prefix_override:/usr/lib/python3/dist-packages/colcon_core/task/python/colcon_distutils_commands:/home/maker/bm_ws/install/serial_motor_demo/lib/python3.10/site-packages:/home/maker/bm_ws/install/serial_motor_demo_msgs/local/lib/python3.10/dist-packages:${PYTHONPATH} /usr/bin/python3 -W ignore:setup.py install is deprecated -W ignore:easy_install command is deprecated setup.py develop --editable --build-directory /home/maker/bm_ws/build/serial_motor_demo/build --no-deps symlink_data
