[1.407s] DEBUG:colcon:Command line arguments: ['/usr/bin/colcon', 'build', '--symlink-install']
[1.407s] DEBUG:colcon:Parsed command line arguments: Namespace(log_base=None, log_level=None, verb_name='build', build_base='build', install_base='install', merge_install=False, symlink_install=True, test_result_base=None, continue_on_error=False, executor='parallel', parallel_workers=2, event_handlers=None, ignore_user_meta=False, metas=['./colcon.meta'], base_paths=['.'], packages_ignore=None, packages_ignore_regex=None, paths=None, packages_up_to=None, packages_up_to_regex=None, packages_above=None, packages_above_and_dependencies=None, packages_above_depth=None, packages_select_by_dep=None, packages_skip_by_dep=None, packages_skip_up_to=None, packages_select_build_failed=False, packages_skip_build_finished=False, packages_select_test_failures=False, packages_skip_test_passed=False, packages_select=None, packages_skip=None, packages_select_regex=None, packages_skip_regex=None, packages_start=None, packages_end=None, allow_overriding=[], cmake_args=None, cmake_target=None, cmake_target_skip_unavailable=False, cmake_clean_cache=False, cmake_clean_first=False, cmake_force_configure=False, ament_cmake_args=None, catkin_cmake_args=None, catkin_skip_building_tests=False, mixin_files=None, mixin=None, verb_parser=<colcon_mixin.mixin.mixin_argument.MixinArgumentDecorator object at 0x7666fae62590>, verb_extension=<colcon_core.verb.build.BuildVerb object at 0x7666faf6fbb0>, main=<bound method BuildVerb.main of <colcon_core.verb.build.BuildVerb object at 0x7666faf6fbb0>>, mixin_verb=('build',))
[2.036s] Level 1:colcon.colcon_core.package_discovery:discover_packages(colcon_meta) check parameters
[2.037s] Level 1:colcon.colcon_core.package_discovery:discover_packages(recursive) check parameters
[2.037s] Level 1:colcon.colcon_core.package_discovery:discover_packages(ignore) check parameters
[2.037s] Level 1:colcon.colcon_core.package_discovery:discover_packages(path) check parameters
[2.037s] Level 1:colcon.colcon_core.package_discovery:discover_packages(colcon_meta) discover
[2.037s] Level 1:colcon.colcon_core.package_discovery:discover_packages(recursive) discover
[2.038s] INFO:colcon.colcon_core.package_discovery:Crawling recursively for packages in '/home/maker/bm_ws'
[2.039s] Level 1:colcon.colcon_core.package_identification:_identify(.) by extensions ['ignore', 'ignore_ament_install']
[2.042s] Level 1:colcon.colcon_core.package_identification:_identify(.) by extension 'ignore'
[2.042s] Level 1:colcon.colcon_core.package_identification:_identify(.) by extension 'ignore_ament_install'
[2.042s] Level 1:colcon.colcon_core.package_identification:_identify(.) by extensions ['colcon_pkg']
[2.042s] Level 1:colcon.colcon_core.package_identification:_identify(.) by extension 'colcon_pkg'
[2.042s] Level 1:colcon.colcon_core.package_identification:_identify(.) by extensions ['colcon_meta']
[2.042s] Level 1:colcon.colcon_core.package_identification:_identify(.) by extension 'colcon_meta'
[2.042s] Level 1:colcon.colcon_core.package_identification:_identify(.) by extensions ['ros']
[2.043s] Level 1:colcon.colcon_core.package_identification:_identify(.) by extension 'ros'
[2.393s] Level 1:colcon.colcon_core.package_identification:_identify(.) by extensions ['cmake', 'python']
[2.393s] Level 1:colcon.colcon_core.package_identification:_identify(.) by extension 'cmake'
[2.394s] Level 1:colcon.colcon_core.package_identification:_identify(.) by extension 'python'
[2.394s] Level 1:colcon.colcon_core.package_identification:_identify(.) by extensions ['python_setup_py']
[2.394s] Level 1:colcon.colcon_core.package_identification:_identify(.) by extension 'python_setup_py'
[2.395s] Level 1:colcon.colcon_core.package_identification:_identify(build) by extensions ['ignore', 'ignore_ament_install']
[2.395s] Level 1:colcon.colcon_core.package_identification:_identify(build) by extension 'ignore'
[2.395s] Level 1:colcon.colcon_core.package_identification:_identify(build) ignored
[2.398s] Level 1:colcon.colcon_core.package_identification:_identify(install) by extensions ['ignore', 'ignore_ament_install']
[2.398s] Level 1:colcon.colcon_core.package_identification:_identify(install) by extension 'ignore'
[2.398s] Level 1:colcon.colcon_core.package_identification:_identify(install) ignored
[2.399s] Level 1:colcon.colcon_core.package_identification:_identify(log) by extensions ['ignore', 'ignore_ament_install']
[2.399s] Level 1:colcon.colcon_core.package_identification:_identify(log) by extension 'ignore'
[2.399s] Level 1:colcon.colcon_core.package_identification:_identify(log) ignored
[2.399s] Level 1:colcon.colcon_core.package_identification:_identify(src) by extensions ['ignore', 'ignore_ament_install']
[2.399s] Level 1:colcon.colcon_core.package_identification:_identify(src) by extension 'ignore'
[2.399s] Level 1:colcon.colcon_core.package_identification:_identify(src) by extension 'ignore_ament_install'
[2.400s] Level 1:colcon.colcon_core.package_identification:_identify(src) by extensions ['colcon_pkg']
[2.400s] Level 1:colcon.colcon_core.package_identification:_identify(src) by extension 'colcon_pkg'
[2.400s] Level 1:colcon.colcon_core.package_identification:_identify(src) by extensions ['colcon_meta']
[2.400s] Level 1:colcon.colcon_core.package_identification:_identify(src) by extension 'colcon_meta'
[2.400s] Level 1:colcon.colcon_core.package_identification:_identify(src) by extensions ['ros']
[2.400s] Level 1:colcon.colcon_core.package_identification:_identify(src) by extension 'ros'
[2.400s] Level 1:colcon.colcon_core.package_identification:_identify(src) by extensions ['cmake', 'python']
[2.400s] Level 1:colcon.colcon_core.package_identification:_identify(src) by extension 'cmake'
[2.400s] Level 1:colcon.colcon_core.package_identification:_identify(src) by extension 'python'
[2.400s] Level 1:colcon.colcon_core.package_identification:_identify(src) by extensions ['python_setup_py']
[2.400s] Level 1:colcon.colcon_core.package_identification:_identify(src) by extension 'python_setup_py'
[2.401s] Level 1:colcon.colcon_core.package_identification:_identify(src/build) by extensions ['ignore', 'ignore_ament_install']
[2.401s] Level 1:colcon.colcon_core.package_identification:_identify(src/build) by extension 'ignore'
[2.402s] Level 1:colcon.colcon_core.package_identification:_identify(src/build) ignored
[2.403s] Level 1:colcon.colcon_core.package_identification:_identify(src/install) by extensions ['ignore', 'ignore_ament_install']
[2.403s] Level 1:colcon.colcon_core.package_identification:_identify(src/install) by extension 'ignore'
[2.403s] Level 1:colcon.colcon_core.package_identification:_identify(src/install) ignored
[2.405s] Level 1:colcon.colcon_core.package_identification:_identify(src/log) by extensions ['ignore', 'ignore_ament_install']
[2.405s] Level 1:colcon.colcon_core.package_identification:_identify(src/log) by extension 'ignore'
[2.405s] Level 1:colcon.colcon_core.package_identification:_identify(src/log) ignored
[2.405s] Level 1:colcon.colcon_core.package_identification:_identify(src/my_bot) by extensions ['ignore', 'ignore_ament_install']
[2.405s] Level 1:colcon.colcon_core.package_identification:_identify(src/my_bot) by extension 'ignore'
[2.405s] Level 1:colcon.colcon_core.package_identification:_identify(src/my_bot) by extension 'ignore_ament_install'
[2.406s] Level 1:colcon.colcon_core.package_identification:_identify(src/my_bot) by extensions ['colcon_pkg']
[2.406s] Level 1:colcon.colcon_core.package_identification:_identify(src/my_bot) by extension 'colcon_pkg'
[2.406s] Level 1:colcon.colcon_core.package_identification:_identify(src/my_bot) by extensions ['colcon_meta']
[2.406s] Level 1:colcon.colcon_core.package_identification:_identify(src/my_bot) by extension 'colcon_meta'
[2.406s] Level 1:colcon.colcon_core.package_identification:_identify(src/my_bot) by extensions ['ros']
[2.406s] Level 1:colcon.colcon_core.package_identification:_identify(src/my_bot) by extension 'ros'
[2.427s] DEBUG:colcon.colcon_core.package_identification:Package 'src/my_bot' with type 'ros.ament_cmake' and name 'my_bot'
[2.428s] Level 1:colcon.colcon_core.package_identification:_identify(src/ros_arduino_bridge-main) by extensions ['ignore', 'ignore_ament_install']
[2.430s] Level 1:colcon.colcon_core.package_identification:_identify(src/ros_arduino_bridge-main) by extension 'ignore'
[2.430s] Level 1:colcon.colcon_core.package_identification:_identify(src/ros_arduino_bridge-main) by extension 'ignore_ament_install'
[2.430s] Level 1:colcon.colcon_core.package_identification:_identify(src/ros_arduino_bridge-main) by extensions ['colcon_pkg']
[2.430s] Level 1:colcon.colcon_core.package_identification:_identify(src/ros_arduino_bridge-main) by extension 'colcon_pkg'
[2.431s] Level 1:colcon.colcon_core.package_identification:_identify(src/ros_arduino_bridge-main) by extensions ['colcon_meta']
[2.431s] Level 1:colcon.colcon_core.package_identification:_identify(src/ros_arduino_bridge-main) by extension 'colcon_meta'
[2.431s] Level 1:colcon.colcon_core.package_identification:_identify(src/ros_arduino_bridge-main) by extensions ['ros']
[2.431s] Level 1:colcon.colcon_core.package_identification:_identify(src/ros_arduino_bridge-main) by extension 'ros'
[2.431s] Level 1:colcon.colcon_core.package_identification:_identify(src/ros_arduino_bridge-main) by extensions ['cmake', 'python']
[2.431s] Level 1:colcon.colcon_core.package_identification:_identify(src/ros_arduino_bridge-main) by extension 'cmake'
[2.431s] Level 1:colcon.colcon_core.package_identification:_identify(src/ros_arduino_bridge-main) by extension 'python'
[2.432s] Level 1:colcon.colcon_core.package_identification:_identify(src/ros_arduino_bridge-main) by extensions ['python_setup_py']
[2.432s] Level 1:colcon.colcon_core.package_identification:_identify(src/ros_arduino_bridge-main) by extension 'python_setup_py'
[2.434s] Level 1:colcon.colcon_core.package_identification:_identify(src/ros_arduino_bridge-main/ROSArduinoBridge) by extensions ['ignore', 'ignore_ament_install']
[2.434s] Level 1:colcon.colcon_core.package_identification:_identify(src/ros_arduino_bridge-main/ROSArduinoBridge) by extension 'ignore'
[2.435s] Level 1:colcon.colcon_core.package_identification:_identify(src/ros_arduino_bridge-main/ROSArduinoBridge) by extension 'ignore_ament_install'
[2.436s] Level 1:colcon.colcon_core.package_identification:_identify(src/ros_arduino_bridge-main/ROSArduinoBridge) by extensions ['colcon_pkg']
[2.436s] Level 1:colcon.colcon_core.package_identification:_identify(src/ros_arduino_bridge-main/ROSArduinoBridge) by extension 'colcon_pkg'
[2.436s] Level 1:colcon.colcon_core.package_identification:_identify(src/ros_arduino_bridge-main/ROSArduinoBridge) by extensions ['colcon_meta']
[2.436s] Level 1:colcon.colcon_core.package_identification:_identify(src/ros_arduino_bridge-main/ROSArduinoBridge) by extension 'colcon_meta'
[2.436s] Level 1:colcon.colcon_core.package_identification:_identify(src/ros_arduino_bridge-main/ROSArduinoBridge) by extensions ['ros']
[2.436s] Level 1:colcon.colcon_core.package_identification:_identify(src/ros_arduino_bridge-main/ROSArduinoBridge) by extension 'ros'
[2.436s] Level 1:colcon.colcon_core.package_identification:_identify(src/ros_arduino_bridge-main/ROSArduinoBridge) by extensions ['cmake', 'python']
[2.436s] Level 1:colcon.colcon_core.package_identification:_identify(src/ros_arduino_bridge-main/ROSArduinoBridge) by extension 'cmake'
[2.437s] Level 1:colcon.colcon_core.package_identification:_identify(src/ros_arduino_bridge-main/ROSArduinoBridge) by extension 'python'
[2.437s] Level 1:colcon.colcon_core.package_identification:_identify(src/ros_arduino_bridge-main/ROSArduinoBridge) by extensions ['python_setup_py']
[2.437s] Level 1:colcon.colcon_core.package_identification:_identify(src/ros_arduino_bridge-main/ROSArduinoBridge) by extension 'python_setup_py'
[2.438s] Level 1:colcon.colcon_core.package_identification:_identify(src/serial_motor_demo) by extensions ['ignore', 'ignore_ament_install']
[2.438s] Level 1:colcon.colcon_core.package_identification:_identify(src/serial_motor_demo) by extension 'ignore'
[2.438s] Level 1:colcon.colcon_core.package_identification:_identify(src/serial_motor_demo) by extension 'ignore_ament_install'
[2.439s] Level 1:colcon.colcon_core.package_identification:_identify(src/serial_motor_demo) by extensions ['colcon_pkg']
[2.439s] Level 1:colcon.colcon_core.package_identification:_identify(src/serial_motor_demo) by extension 'colcon_pkg'
[2.439s] Level 1:colcon.colcon_core.package_identification:_identify(src/serial_motor_demo) by extensions ['colcon_meta']
[2.439s] Level 1:colcon.colcon_core.package_identification:_identify(src/serial_motor_demo) by extension 'colcon_meta'
[2.439s] Level 1:colcon.colcon_core.package_identification:_identify(src/serial_motor_demo) by extensions ['ros']
[2.439s] Level 1:colcon.colcon_core.package_identification:_identify(src/serial_motor_demo) by extension 'ros'
[2.439s] Level 1:colcon.colcon_core.package_identification:_identify(src/serial_motor_demo) by extensions ['cmake', 'python']
[2.439s] Level 1:colcon.colcon_core.package_identification:_identify(src/serial_motor_demo) by extension 'cmake'
[2.439s] Level 1:colcon.colcon_core.package_identification:_identify(src/serial_motor_demo) by extension 'python'
[2.440s] Level 1:colcon.colcon_core.package_identification:_identify(src/serial_motor_demo) by extensions ['python_setup_py']
[2.441s] Level 1:colcon.colcon_core.package_identification:_identify(src/serial_motor_demo) by extension 'python_setup_py'
[2.442s] Level 1:colcon.colcon_core.package_identification:_identify(src/serial_motor_demo/serial_motor_demo) by extensions ['ignore', 'ignore_ament_install']
[2.442s] Level 1:colcon.colcon_core.package_identification:_identify(src/serial_motor_demo/serial_motor_demo) by extension 'ignore'
[2.442s] Level 1:colcon.colcon_core.package_identification:_identify(src/serial_motor_demo/serial_motor_demo) by extension 'ignore_ament_install'
[2.443s] Level 1:colcon.colcon_core.package_identification:_identify(src/serial_motor_demo/serial_motor_demo) by extensions ['colcon_pkg']
[2.443s] Level 1:colcon.colcon_core.package_identification:_identify(src/serial_motor_demo/serial_motor_demo) by extension 'colcon_pkg'
[2.443s] Level 1:colcon.colcon_core.package_identification:_identify(src/serial_motor_demo/serial_motor_demo) by extensions ['colcon_meta']
[2.443s] Level 1:colcon.colcon_core.package_identification:_identify(src/serial_motor_demo/serial_motor_demo) by extension 'colcon_meta'
[2.443s] Level 1:colcon.colcon_core.package_identification:_identify(src/serial_motor_demo/serial_motor_demo) by extensions ['ros']
[2.443s] Level 1:colcon.colcon_core.package_identification:_identify(src/serial_motor_demo/serial_motor_demo) by extension 'ros'
[2.449s] DEBUG:colcon.colcon_core.package_identification:Package 'src/serial_motor_demo/serial_motor_demo' with type 'ros.ament_python' and name 'serial_motor_demo'
[2.450s] Level 1:colcon.colcon_core.package_identification:_identify(src/serial_motor_demo/serial_motor_demo_msgs) by extensions ['ignore', 'ignore_ament_install']
[2.451s] Level 1:colcon.colcon_core.package_identification:_identify(src/serial_motor_demo/serial_motor_demo_msgs) by extension 'ignore'
[2.451s] Level 1:colcon.colcon_core.package_identification:_identify(src/serial_motor_demo/serial_motor_demo_msgs) by extension 'ignore_ament_install'
[2.451s] Level 1:colcon.colcon_core.package_identification:_identify(src/serial_motor_demo/serial_motor_demo_msgs) by extensions ['colcon_pkg']
[2.451s] Level 1:colcon.colcon_core.package_identification:_identify(src/serial_motor_demo/serial_motor_demo_msgs) by extension 'colcon_pkg'
[2.451s] Level 1:colcon.colcon_core.package_identification:_identify(src/serial_motor_demo/serial_motor_demo_msgs) by extensions ['colcon_meta']
[2.451s] Level 1:colcon.colcon_core.package_identification:_identify(src/serial_motor_demo/serial_motor_demo_msgs) by extension 'colcon_meta'
[2.452s] Level 1:colcon.colcon_core.package_identification:_identify(src/serial_motor_demo/serial_motor_demo_msgs) by extensions ['ros']
[2.452s] Level 1:colcon.colcon_core.package_identification:_identify(src/serial_motor_demo/serial_motor_demo_msgs) by extension 'ros'
[2.455s] DEBUG:colcon.colcon_core.package_identification:Package 'src/serial_motor_demo/serial_motor_demo_msgs' with type 'ros.ament_cmake' and name 'serial_motor_demo_msgs'
[2.455s] Level 1:colcon.colcon_core.package_discovery:discover_packages(recursive) using defaults
[2.455s] Level 1:colcon.colcon_core.package_discovery:discover_packages(ignore) discover
[2.455s] Level 1:colcon.colcon_core.package_discovery:discover_packages(ignore) using defaults
[2.455s] Level 1:colcon.colcon_core.package_discovery:discover_packages(path) discover
[2.455s] Level 1:colcon.colcon_core.package_discovery:discover_packages(path) using defaults
[2.852s] Level 1:colcon.colcon_core.package_discovery:discover_packages(prefix_path) check parameters
[2.853s] Level 1:colcon.colcon_core.package_discovery:discover_packages(prefix_path) discover
[2.902s] DEBUG:colcon.colcon_installed_package_information.package_discovery:Found 374 installed packages in /opt/ros/humble
[2.935s] Level 1:colcon.colcon_core.package_discovery:discover_packages(prefix_path) using defaults
[3.217s] Level 5:colcon.colcon_core.verb:set package 'my_bot' build argument 'cmake_args' from command line to 'None'
[3.217s] Level 5:colcon.colcon_core.verb:set package 'my_bot' build argument 'cmake_target' from command line to 'None'
[3.217s] Level 5:colcon.colcon_core.verb:set package 'my_bot' build argument 'cmake_target_skip_unavailable' from command line to 'False'
[3.217s] Level 5:colcon.colcon_core.verb:set package 'my_bot' build argument 'cmake_clean_cache' from command line to 'False'
[3.217s] Level 5:colcon.colcon_core.verb:set package 'my_bot' build argument 'cmake_clean_first' from command line to 'False'
[3.218s] Level 5:colcon.colcon_core.verb:set package 'my_bot' build argument 'cmake_force_configure' from command line to 'False'
[3.218s] Level 5:colcon.colcon_core.verb:set package 'my_bot' build argument 'ament_cmake_args' from command line to 'None'
[3.218s] Level 5:colcon.colcon_core.verb:set package 'my_bot' build argument 'catkin_cmake_args' from command line to 'None'
[3.218s] Level 5:colcon.colcon_core.verb:set package 'my_bot' build argument 'catkin_skip_building_tests' from command line to 'False'
[3.218s] DEBUG:colcon.colcon_core.verb:Building package 'my_bot' with the following arguments: {'ament_cmake_args': None, 'build_base': '/home/maker/bm_ws/build/my_bot', 'catkin_cmake_args': None, 'catkin_skip_building_tests': False, 'cmake_args': None, 'cmake_clean_cache': False, 'cmake_clean_first': False, 'cmake_force_configure': False, 'cmake_target': None, 'cmake_target_skip_unavailable': False, 'install_base': '/home/maker/bm_ws/install/my_bot', 'merge_install': False, 'path': '/home/maker/bm_ws/src/my_bot', 'symlink_install': True, 'test_result_base': None}
[3.218s] Level 5:colcon.colcon_core.verb:set package 'serial_motor_demo_msgs' build argument 'cmake_args' from command line to 'None'
[3.218s] Level 5:colcon.colcon_core.verb:set package 'serial_motor_demo_msgs' build argument 'cmake_target' from command line to 'None'
[3.219s] Level 5:colcon.colcon_core.verb:set package 'serial_motor_demo_msgs' build argument 'cmake_target_skip_unavailable' from command line to 'False'
[3.219s] Level 5:colcon.colcon_core.verb:set package 'serial_motor_demo_msgs' build argument 'cmake_clean_cache' from command line to 'False'
[3.219s] Level 5:colcon.colcon_core.verb:set package 'serial_motor_demo_msgs' build argument 'cmake_clean_first' from command line to 'False'
[3.219s] Level 5:colcon.colcon_core.verb:set package 'serial_motor_demo_msgs' build argument 'cmake_force_configure' from command line to 'False'
[3.219s] Level 5:colcon.colcon_core.verb:set package 'serial_motor_demo_msgs' build argument 'ament_cmake_args' from command line to 'None'
[3.219s] Level 5:colcon.colcon_core.verb:set package 'serial_motor_demo_msgs' build argument 'catkin_cmake_args' from command line to 'None'
[3.219s] Level 5:colcon.colcon_core.verb:set package 'serial_motor_demo_msgs' build argument 'catkin_skip_building_tests' from command line to 'False'
[3.219s] DEBUG:colcon.colcon_core.verb:Building package 'serial_motor_demo_msgs' with the following arguments: {'ament_cmake_args': None, 'build_base': '/home/maker/bm_ws/build/serial_motor_demo_msgs', 'catkin_cmake_args': None, 'catkin_skip_building_tests': False, 'cmake_args': None, 'cmake_clean_cache': False, 'cmake_clean_first': False, 'cmake_force_configure': False, 'cmake_target': None, 'cmake_target_skip_unavailable': False, 'install_base': '/home/maker/bm_ws/install/serial_motor_demo_msgs', 'merge_install': False, 'path': '/home/maker/bm_ws/src/serial_motor_demo/serial_motor_demo_msgs', 'symlink_install': True, 'test_result_base': None}
[3.221s] Level 5:colcon.colcon_core.verb:set package 'serial_motor_demo' build argument 'cmake_args' from command line to 'None'
[3.221s] Level 5:colcon.colcon_core.verb:set package 'serial_motor_demo' build argument 'cmake_target' from command line to 'None'
[3.221s] Level 5:colcon.colcon_core.verb:set package 'serial_motor_demo' build argument 'cmake_target_skip_unavailable' from command line to 'False'
[3.221s] Level 5:colcon.colcon_core.verb:set package 'serial_motor_demo' build argument 'cmake_clean_cache' from command line to 'False'
[3.221s] Level 5:colcon.colcon_core.verb:set package 'serial_motor_demo' build argument 'cmake_clean_first' from command line to 'False'
[3.221s] Level 5:colcon.colcon_core.verb:set package 'serial_motor_demo' build argument 'cmake_force_configure' from command line to 'False'
[3.221s] Level 5:colcon.colcon_core.verb:set package 'serial_motor_demo' build argument 'ament_cmake_args' from command line to 'None'
[3.221s] Level 5:colcon.colcon_core.verb:set package 'serial_motor_demo' build argument 'catkin_cmake_args' from command line to 'None'
[3.221s] Level 5:colcon.colcon_core.verb:set package 'serial_motor_demo' build argument 'catkin_skip_building_tests' from command line to 'False'
[3.221s] DEBUG:colcon.colcon_core.verb:Building package 'serial_motor_demo' with the following arguments: {'ament_cmake_args': None, 'build_base': '/home/maker/bm_ws/build/serial_motor_demo', 'catkin_cmake_args': None, 'catkin_skip_building_tests': False, 'cmake_args': None, 'cmake_clean_cache': False, 'cmake_clean_first': False, 'cmake_force_configure': False, 'cmake_target': None, 'cmake_target_skip_unavailable': False, 'install_base': '/home/maker/bm_ws/install/serial_motor_demo', 'merge_install': False, 'path': '/home/maker/bm_ws/src/serial_motor_demo/serial_motor_demo', 'symlink_install': True, 'test_result_base': None}
[3.222s] INFO:colcon.colcon_core.executor:Executing jobs using 'parallel' executor
[3.225s] DEBUG:colcon.colcon_parallel_executor.executor.parallel:run_until_complete
[3.226s] INFO:colcon.colcon_ros.task.ament_cmake.build:Building ROS package in '/home/maker/bm_ws/src/serial_motor_demo/serial_motor_demo_msgs' with build type 'ament_cmake'
[3.227s] INFO:colcon.colcon_cmake.task.cmake.build:Building CMake package in '/home/maker/bm_ws/src/serial_motor_demo/serial_motor_demo_msgs'
[3.267s] INFO:colcon.colcon_core.plugin_system:Skipping extension 'colcon_core.shell.bat': Not used on non-Windows systems
[3.269s] INFO:colcon.colcon_core.shell:Skip shell extension 'powershell' for command environment: Not usable outside of PowerShell
[3.269s] DEBUG:colcon.colcon_core.shell:Skip shell extension 'dsv' for command environment
[3.295s] INFO:colcon.colcon_ros.task.ament_cmake.build:Building ROS package in '/home/maker/bm_ws/src/my_bot' with build type 'ament_cmake'
[3.295s] INFO:colcon.colcon_cmake.task.cmake.build:Building CMake package in '/home/maker/bm_ws/src/my_bot'
[3.296s] INFO:colcon.colcon_core.shell:Skip shell extension 'powershell' for command environment: Not usable outside of PowerShell
[3.296s] DEBUG:colcon.colcon_core.shell:Skip shell extension 'dsv' for command environment
[3.366s] DEBUG:colcon.colcon_core.event_handler.log_command:Invoking command in '/home/maker/bm_ws/build/serial_motor_demo_msgs': CMAKE_PREFIX_PATH=/opt/ros/humble /usr/bin/cmake --build /home/maker/bm_ws/build/serial_motor_demo_msgs -- -j2 -l2
[3.463s] DEBUG:colcon.colcon_core.event_handler.log_command:Invoking command in '/home/maker/bm_ws/build/my_bot': CMAKE_PREFIX_PATH=/opt/ros/humble /usr/bin/cmake --build /home/maker/bm_ws/build/my_bot -- -j2 -l2
[4.365s] DEBUG:colcon.colcon_core.event_handler.log_command:Invoked command in '/home/maker/bm_ws/build/my_bot' returned '0': CMAKE_PREFIX_PATH=/opt/ros/humble /usr/bin/cmake --build /home/maker/bm_ws/build/my_bot -- -j2 -l2
[4.433s] DEBUG:colcon.colcon_core.event_handler.log_command:Invoking command in '/home/maker/bm_ws/build/my_bot': CMAKE_PREFIX_PATH=/opt/ros/humble /usr/bin/cmake --install /home/maker/bm_ws/build/my_bot
[4.927s] Level 1:colcon.colcon_core.environment:create_environment_scripts_only(my_bot)
[4.935s] DEBUG:colcon.colcon_core.event_handler.log_command:Invoked command in '/home/maker/bm_ws/build/my_bot' returned '0': CMAKE_PREFIX_PATH=/opt/ros/humble /usr/bin/cmake --install /home/maker/bm_ws/build/my_bot
[4.990s] Level 1:colcon.colcon_core.environment:checking '/home/maker/bm_ws/install/my_bot' for CMake module files
[4.996s] Level 1:colcon.colcon_core.environment:checking '/home/maker/bm_ws/install/my_bot' for CMake config files
[5.009s] Level 1:colcon.colcon_core.shell:create_environment_hook('my_bot', 'cmake_prefix_path')
[5.012s] INFO:colcon.colcon_core.shell:Creating environment hook '/home/maker/bm_ws/install/my_bot/share/my_bot/hook/cmake_prefix_path.ps1'
[5.021s] INFO:colcon.colcon_core.shell:Creating environment descriptor '/home/maker/bm_ws/install/my_bot/share/my_bot/hook/cmake_prefix_path.dsv'
[5.033s] INFO:colcon.colcon_core.shell:Creating environment hook '/home/maker/bm_ws/install/my_bot/share/my_bot/hook/cmake_prefix_path.sh'
[5.038s] Level 1:colcon.colcon_core.environment:checking '/home/maker/bm_ws/install/my_bot/bin'
[5.039s] Level 1:colcon.colcon_core.environment:checking '/home/maker/bm_ws/install/my_bot/lib/pkgconfig/my_bot.pc'
[5.040s] Level 1:colcon.colcon_core.environment:checking '/home/maker/bm_ws/install/my_bot/lib/python3.10/site-packages'
[5.042s] Level 1:colcon.colcon_core.environment:checking '/home/maker/bm_ws/install/my_bot/bin'
[5.047s] INFO:colcon.colcon_core.shell:Creating package script '/home/maker/bm_ws/install/my_bot/share/my_bot/package.ps1'
[5.052s] INFO:colcon.colcon_core.shell:Creating package descriptor '/home/maker/bm_ws/install/my_bot/share/my_bot/package.dsv'
[5.062s] INFO:colcon.colcon_core.shell:Creating package script '/home/maker/bm_ws/install/my_bot/share/my_bot/package.sh'
[5.075s] INFO:colcon.colcon_core.shell:Creating package script '/home/maker/bm_ws/install/my_bot/share/my_bot/package.bash'
[5.080s] INFO:colcon.colcon_core.shell:Creating package script '/home/maker/bm_ws/install/my_bot/share/my_bot/package.zsh'
[5.088s] Level 1:colcon.colcon_core.environment:create_file_with_runtime_dependencies(/home/maker/bm_ws/install/my_bot/share/colcon-core/packages/my_bot)
[5.101s] Level 1:colcon.colcon_core.environment:create_environment_scripts_only(my_bot)
[5.105s] Level 1:colcon.colcon_core.environment:checking '/home/maker/bm_ws/install/my_bot' for CMake module files
[5.107s] Level 1:colcon.colcon_core.environment:checking '/home/maker/bm_ws/install/my_bot' for CMake config files
[5.117s] Level 1:colcon.colcon_core.shell:create_environment_hook('my_bot', 'cmake_prefix_path')
[5.125s] INFO:colcon.colcon_core.shell:Creating environment hook '/home/maker/bm_ws/install/my_bot/share/my_bot/hook/cmake_prefix_path.ps1'
[5.127s] INFO:colcon.colcon_core.shell:Creating environment descriptor '/home/maker/bm_ws/install/my_bot/share/my_bot/hook/cmake_prefix_path.dsv'
[5.137s] INFO:colcon.colcon_core.shell:Creating environment hook '/home/maker/bm_ws/install/my_bot/share/my_bot/hook/cmake_prefix_path.sh'
[5.144s] Level 1:colcon.colcon_core.environment:checking '/home/maker/bm_ws/install/my_bot/bin'
[5.144s] Level 1:colcon.colcon_core.environment:checking '/home/maker/bm_ws/install/my_bot/lib/pkgconfig/my_bot.pc'
[5.145s] Level 1:colcon.colcon_core.environment:checking '/home/maker/bm_ws/install/my_bot/lib/python3.10/site-packages'
[5.150s] Level 1:colcon.colcon_core.environment:checking '/home/maker/bm_ws/install/my_bot/bin'
[5.152s] INFO:colcon.colcon_core.shell:Creating package script '/home/maker/bm_ws/install/my_bot/share/my_bot/package.ps1'
[5.154s] INFO:colcon.colcon_core.shell:Creating package descriptor '/home/maker/bm_ws/install/my_bot/share/my_bot/package.dsv'
[5.159s] INFO:colcon.colcon_core.shell:Creating package script '/home/maker/bm_ws/install/my_bot/share/my_bot/package.sh'
[5.166s] INFO:colcon.colcon_core.shell:Creating package script '/home/maker/bm_ws/install/my_bot/share/my_bot/package.bash'
[5.168s] INFO:colcon.colcon_core.shell:Creating package script '/home/maker/bm_ws/install/my_bot/share/my_bot/package.zsh'
[5.173s] Level 1:colcon.colcon_core.environment:create_file_with_runtime_dependencies(/home/maker/bm_ws/install/my_bot/share/colcon-core/packages/my_bot)
[7.497s] DEBUG:colcon.colcon_core.event_handler.log_command:Invoked command in '/home/maker/bm_ws/build/serial_motor_demo_msgs' returned '0': CMAKE_PREFIX_PATH=/opt/ros/humble /usr/bin/cmake --build /home/maker/bm_ws/build/serial_motor_demo_msgs -- -j2 -l2
[7.522s] DEBUG:colcon.colcon_core.event_handler.log_command:Invoking command in '/home/maker/bm_ws/build/serial_motor_demo_msgs': CMAKE_PREFIX_PATH=/opt/ros/humble /usr/bin/cmake --install /home/maker/bm_ws/build/serial_motor_demo_msgs
[8.103s] Level 1:colcon.colcon_core.environment:create_environment_scripts_only(serial_motor_demo_msgs)
[8.104s] Level 1:colcon.colcon_core.environment:checking '/home/maker/bm_ws/install/serial_motor_demo_msgs' for CMake module files
[8.107s] DEBUG:colcon.colcon_core.event_handler.log_command:Invoked command in '/home/maker/bm_ws/build/serial_motor_demo_msgs' returned '0': CMAKE_PREFIX_PATH=/opt/ros/humble /usr/bin/cmake --install /home/maker/bm_ws/build/serial_motor_demo_msgs
[8.109s] Level 1:colcon.colcon_core.environment:checking '/home/maker/bm_ws/install/serial_motor_demo_msgs' for CMake config files
[8.116s] Level 1:colcon.colcon_core.shell:create_environment_hook('serial_motor_demo_msgs', 'cmake_prefix_path')
[8.117s] INFO:colcon.colcon_core.shell:Creating environment hook '/home/maker/bm_ws/install/serial_motor_demo_msgs/share/serial_motor_demo_msgs/hook/cmake_prefix_path.ps1'
[8.120s] INFO:colcon.colcon_core.shell:Creating environment descriptor '/home/maker/bm_ws/install/serial_motor_demo_msgs/share/serial_motor_demo_msgs/hook/cmake_prefix_path.dsv'
[8.122s] INFO:colcon.colcon_core.shell:Creating environment hook '/home/maker/bm_ws/install/serial_motor_demo_msgs/share/serial_motor_demo_msgs/hook/cmake_prefix_path.sh'
[8.126s] Level 1:colcon.colcon_core.environment:checking '/home/maker/bm_ws/install/serial_motor_demo_msgs/lib'
[8.127s] Level 1:colcon.colcon_core.shell:create_environment_hook('serial_motor_demo_msgs', 'ld_library_path_lib')
[8.128s] INFO:colcon.colcon_core.shell:Creating environment hook '/home/maker/bm_ws/install/serial_motor_demo_msgs/share/serial_motor_demo_msgs/hook/ld_library_path_lib.ps1'
[8.134s] INFO:colcon.colcon_core.shell:Creating environment descriptor '/home/maker/bm_ws/install/serial_motor_demo_msgs/share/serial_motor_demo_msgs/hook/ld_library_path_lib.dsv'
[8.139s] INFO:colcon.colcon_core.shell:Creating environment hook '/home/maker/bm_ws/install/serial_motor_demo_msgs/share/serial_motor_demo_msgs/hook/ld_library_path_lib.sh'
[8.142s] Level 1:colcon.colcon_core.environment:checking '/home/maker/bm_ws/install/serial_motor_demo_msgs/bin'
[8.142s] Level 1:colcon.colcon_core.environment:checking '/home/maker/bm_ws/install/serial_motor_demo_msgs/lib/pkgconfig/serial_motor_demo_msgs.pc'
[8.143s] Level 1:colcon.colcon_core.environment:checking '/home/maker/bm_ws/install/serial_motor_demo_msgs/lib/python3.10/site-packages'
[8.143s] Level 1:colcon.colcon_core.environment:checking '/home/maker/bm_ws/install/serial_motor_demo_msgs/bin'
[8.146s] INFO:colcon.colcon_core.shell:Creating package script '/home/maker/bm_ws/install/serial_motor_demo_msgs/share/serial_motor_demo_msgs/package.ps1'
[8.149s] INFO:colcon.colcon_core.shell:Creating package descriptor '/home/maker/bm_ws/install/serial_motor_demo_msgs/share/serial_motor_demo_msgs/package.dsv'
[8.152s] INFO:colcon.colcon_core.shell:Creating package script '/home/maker/bm_ws/install/serial_motor_demo_msgs/share/serial_motor_demo_msgs/package.sh'
[8.153s] INFO:colcon.colcon_core.shell:Creating package script '/home/maker/bm_ws/install/serial_motor_demo_msgs/share/serial_motor_demo_msgs/package.bash'
[8.155s] INFO:colcon.colcon_core.shell:Creating package script '/home/maker/bm_ws/install/serial_motor_demo_msgs/share/serial_motor_demo_msgs/package.zsh'
[8.157s] Level 1:colcon.colcon_core.environment:create_file_with_runtime_dependencies(/home/maker/bm_ws/install/serial_motor_demo_msgs/share/colcon-core/packages/serial_motor_demo_msgs)
[8.161s] Level 1:colcon.colcon_core.environment:create_environment_scripts_only(serial_motor_demo_msgs)
[8.161s] Level 1:colcon.colcon_core.environment:checking '/home/maker/bm_ws/install/serial_motor_demo_msgs' for CMake module files
[8.163s] Level 1:colcon.colcon_core.environment:checking '/home/maker/bm_ws/install/serial_motor_demo_msgs' for CMake config files
[8.164s] Level 1:colcon.colcon_core.shell:create_environment_hook('serial_motor_demo_msgs', 'cmake_prefix_path')
[8.165s] INFO:colcon.colcon_core.shell:Creating environment hook '/home/maker/bm_ws/install/serial_motor_demo_msgs/share/serial_motor_demo_msgs/hook/cmake_prefix_path.ps1'
[8.167s] INFO:colcon.colcon_core.shell:Creating environment descriptor '/home/maker/bm_ws/install/serial_motor_demo_msgs/share/serial_motor_demo_msgs/hook/cmake_prefix_path.dsv'
[8.168s] INFO:colcon.colcon_core.shell:Creating environment hook '/home/maker/bm_ws/install/serial_motor_demo_msgs/share/serial_motor_demo_msgs/hook/cmake_prefix_path.sh'
[8.170s] Level 1:colcon.colcon_core.environment:checking '/home/maker/bm_ws/install/serial_motor_demo_msgs/lib'
[8.171s] Level 1:colcon.colcon_core.shell:create_environment_hook('serial_motor_demo_msgs', 'ld_library_path_lib')
[8.171s] INFO:colcon.colcon_core.shell:Creating environment hook '/home/maker/bm_ws/install/serial_motor_demo_msgs/share/serial_motor_demo_msgs/hook/ld_library_path_lib.ps1'
[8.173s] INFO:colcon.colcon_core.shell:Creating environment descriptor '/home/maker/bm_ws/install/serial_motor_demo_msgs/share/serial_motor_demo_msgs/hook/ld_library_path_lib.dsv'
[8.175s] INFO:colcon.colcon_core.shell:Creating environment hook '/home/maker/bm_ws/install/serial_motor_demo_msgs/share/serial_motor_demo_msgs/hook/ld_library_path_lib.sh'
[8.176s] Level 1:colcon.colcon_core.environment:checking '/home/maker/bm_ws/install/serial_motor_demo_msgs/bin'
[8.176s] Level 1:colcon.colcon_core.environment:checking '/home/maker/bm_ws/install/serial_motor_demo_msgs/lib/pkgconfig/serial_motor_demo_msgs.pc'
[8.177s] Level 1:colcon.colcon_core.environment:checking '/home/maker/bm_ws/install/serial_motor_demo_msgs/lib/python3.10/site-packages'
[8.177s] Level 1:colcon.colcon_core.environment:checking '/home/maker/bm_ws/install/serial_motor_demo_msgs/bin'
[8.178s] INFO:colcon.colcon_core.shell:Creating package script '/home/maker/bm_ws/install/serial_motor_demo_msgs/share/serial_motor_demo_msgs/package.ps1'
[8.180s] INFO:colcon.colcon_core.shell:Creating package descriptor '/home/maker/bm_ws/install/serial_motor_demo_msgs/share/serial_motor_demo_msgs/package.dsv'
[8.182s] INFO:colcon.colcon_core.shell:Creating package script '/home/maker/bm_ws/install/serial_motor_demo_msgs/share/serial_motor_demo_msgs/package.sh'
[8.184s] INFO:colcon.colcon_core.shell:Creating package script '/home/maker/bm_ws/install/serial_motor_demo_msgs/share/serial_motor_demo_msgs/package.bash'
[8.186s] INFO:colcon.colcon_core.shell:Creating package script '/home/maker/bm_ws/install/serial_motor_demo_msgs/share/serial_motor_demo_msgs/package.zsh'
[8.187s] Level 1:colcon.colcon_core.environment:create_file_with_runtime_dependencies(/home/maker/bm_ws/install/serial_motor_demo_msgs/share/colcon-core/packages/serial_motor_demo_msgs)
[8.190s] INFO:colcon.colcon_ros.task.ament_python.build:Building ROS package in '/home/maker/bm_ws/src/serial_motor_demo/serial_motor_demo' with build type 'ament_python'
[8.191s] Level 1:colcon.colcon_core.shell:create_environment_hook('serial_motor_demo', 'ament_prefix_path')
[8.192s] INFO:colcon.colcon_core.shell:Creating environment hook '/home/maker/bm_ws/install/serial_motor_demo/share/serial_motor_demo/hook/ament_prefix_path.ps1'
[8.199s] INFO:colcon.colcon_core.shell:Creating environment descriptor '/home/maker/bm_ws/install/serial_motor_demo/share/serial_motor_demo/hook/ament_prefix_path.dsv'
[8.202s] INFO:colcon.colcon_core.shell:Creating environment hook '/home/maker/bm_ws/install/serial_motor_demo/share/serial_motor_demo/hook/ament_prefix_path.sh'
[8.205s] INFO:colcon.colcon_core.shell:Skip shell extension 'powershell' for command environment: Not usable outside of PowerShell
[8.205s] DEBUG:colcon.colcon_core.shell:Skip shell extension 'dsv' for command environment
[9.293s] INFO:colcon.colcon_core.task.python.build:Building Python package in '/home/maker/bm_ws/src/serial_motor_demo/serial_motor_demo'
[9.294s] INFO:colcon.colcon_core.shell:Skip shell extension 'powershell' for command environment: Not usable outside of PowerShell
[9.294s] DEBUG:colcon.colcon_core.shell:Skip shell extension 'dsv' for command environment
[12.702s] DEBUG:colcon.colcon_core.event_handler.log_command:Invoking command in '/home/maker/bm_ws/build/serial_motor_demo': AMENT_PREFIX_PATH=/home/maker/bm_ws/install/serial_motor_demo_msgs:${AMENT_PREFIX_PATH} CMAKE_PREFIX_PATH=/home/maker/bm_ws/install/serial_motor_demo_msgs LD_LIBRARY_PATH=/home/maker/bm_ws/install/serial_motor_demo_msgs/lib:${LD_LIBRARY_PATH} PYTHONPATH=/home/maker/bm_ws/build/serial_motor_demo/prefix_override:/usr/lib/python3/dist-packages/colcon_core/task/python/colcon_distutils_commands:/home/maker/bm_ws/install/serial_motor_demo/lib/python3.10/site-packages:/home/maker/bm_ws/install/serial_motor_demo_msgs/local/lib/python3.10/dist-packages:${PYTHONPATH} /usr/bin/python3 -W ignore:setup.py install is deprecated -W ignore:easy_install command is deprecated setup.py develop --editable --build-directory /home/maker/bm_ws/build/serial_motor_demo/build --no-deps symlink_data
[14.993s] Level 1:colcon.colcon_core.shell:create_environment_hook('serial_motor_demo', 'pythonpath_develop')
[14.998s] INFO:colcon.colcon_core.shell:Creating environment hook '/home/maker/bm_ws/build/serial_motor_demo/share/serial_motor_demo/hook/pythonpath_develop.ps1'
[15.003s] DEBUG:colcon.colcon_core.event_handler.log_command:Invoked command in '/home/maker/bm_ws/build/serial_motor_demo' returned '0': AMENT_PREFIX_PATH=/home/maker/bm_ws/install/serial_motor_demo_msgs:${AMENT_PREFIX_PATH} CMAKE_PREFIX_PATH=/home/maker/bm_ws/install/serial_motor_demo_msgs LD_LIBRARY_PATH=/home/maker/bm_ws/install/serial_motor_demo_msgs/lib:${LD_LIBRARY_PATH} PYTHONPATH=/home/maker/bm_ws/build/serial_motor_demo/prefix_override:/usr/lib/python3/dist-packages/colcon_core/task/python/colcon_distutils_commands:/home/maker/bm_ws/install/serial_motor_demo/lib/python3.10/site-packages:/home/maker/bm_ws/install/serial_motor_demo_msgs/local/lib/python3.10/dist-packages:${PYTHONPATH} /usr/bin/python3 -W ignore:setup.py install is deprecated -W ignore:easy_install command is deprecated setup.py develop --editable --build-directory /home/maker/bm_ws/build/serial_motor_demo/build --no-deps symlink_data
[15.012s] INFO:colcon.colcon_core.shell:Creating environment descriptor '/home/maker/bm_ws/build/serial_motor_demo/share/serial_motor_demo/hook/pythonpath_develop.dsv'
[15.015s] INFO:colcon.colcon_core.shell:Creating environment hook '/home/maker/bm_ws/build/serial_motor_demo/share/serial_motor_demo/hook/pythonpath_develop.sh'
[15.017s] Level 1:colcon.colcon_core.environment:checking '/home/maker/bm_ws/install/serial_motor_demo' for CMake module files
[15.018s] Level 1:colcon.colcon_core.environment:checking '/home/maker/bm_ws/install/serial_motor_demo' for CMake config files
[15.025s] Level 1:colcon.colcon_core.environment:checking '/home/maker/bm_ws/install/serial_motor_demo/lib'
[15.025s] Level 1:colcon.colcon_core.environment:checking '/home/maker/bm_ws/install/serial_motor_demo/bin'
[15.026s] Level 1:colcon.colcon_core.environment:checking '/home/maker/bm_ws/install/serial_motor_demo/lib/pkgconfig/serial_motor_demo.pc'
[15.027s] Level 1:colcon.colcon_core.environment:checking '/home/maker/bm_ws/install/serial_motor_demo/lib/python3.10/site-packages'
[15.027s] Level 1:colcon.colcon_core.shell:create_environment_hook('serial_motor_demo', 'pythonpath')
[15.028s] INFO:colcon.colcon_core.shell:Creating environment hook '/home/maker/bm_ws/install/serial_motor_demo/share/serial_motor_demo/hook/pythonpath.ps1'
[15.031s] INFO:colcon.colcon_core.shell:Creating environment descriptor '/home/maker/bm_ws/install/serial_motor_demo/share/serial_motor_demo/hook/pythonpath.dsv'
[15.033s] INFO:colcon.colcon_core.shell:Creating environment hook '/home/maker/bm_ws/install/serial_motor_demo/share/serial_motor_demo/hook/pythonpath.sh'
[15.036s] Level 1:colcon.colcon_core.environment:checking '/home/maker/bm_ws/install/serial_motor_demo/bin'
[15.036s] Level 1:colcon.colcon_core.environment:create_environment_scripts_only(serial_motor_demo)
[15.038s] INFO:colcon.colcon_core.shell:Creating package script '/home/maker/bm_ws/install/serial_motor_demo/share/serial_motor_demo/package.ps1'
[15.041s] INFO:colcon.colcon_core.shell:Creating package descriptor '/home/maker/bm_ws/install/serial_motor_demo/share/serial_motor_demo/package.dsv'
[15.044s] INFO:colcon.colcon_core.shell:Creating package script '/home/maker/bm_ws/install/serial_motor_demo/share/serial_motor_demo/package.sh'
[15.046s] INFO:colcon.colcon_core.shell:Creating package script '/home/maker/bm_ws/install/serial_motor_demo/share/serial_motor_demo/package.bash'
[15.048s] INFO:colcon.colcon_core.shell:Creating package script '/home/maker/bm_ws/install/serial_motor_demo/share/serial_motor_demo/package.zsh'
[15.049s] Level 1:colcon.colcon_core.environment:create_file_with_runtime_dependencies(/home/maker/bm_ws/install/serial_motor_demo/share/colcon-core/packages/serial_motor_demo)
[15.051s] DEBUG:colcon.colcon_parallel_executor.executor.parallel:closing loop
[15.051s] DEBUG:colcon.colcon_parallel_executor.executor.parallel:loop closed
[15.051s] DEBUG:colcon.colcon_parallel_executor.executor.parallel:run_until_complete finished with '0'
[15.051s] DEBUG:colcon.colcon_core.event_reactor:joining thread
[15.110s] INFO:colcon.colcon_core.plugin_system:Skipping extension 'colcon_notification.desktop_notification.terminal_notifier': Not used on non-Darwin systems
[15.112s] INFO:colcon.colcon_core.plugin_system:Skipping extension 'colcon_notification.desktop_notification.win32': Not used on non-Windows systems
[15.112s] INFO:colcon.colcon_notification.desktop_notification:Sending desktop notification using 'notify2'
[15.948s] DEBUG:colcon.colcon_core.event_reactor:joined thread
[15.949s] INFO:colcon.colcon_core.shell:Creating prefix script '/home/maker/bm_ws/install/local_setup.ps1'
[15.960s] INFO:colcon.colcon_core.shell:Creating prefix util module '/home/maker/bm_ws/install/_local_setup_util_ps1.py'
[15.967s] INFO:colcon.colcon_core.shell:Creating prefix chain script '/home/maker/bm_ws/install/setup.ps1'
[15.972s] INFO:colcon.colcon_core.shell:Creating prefix script '/home/maker/bm_ws/install/local_setup.sh'
[15.976s] INFO:colcon.colcon_core.shell:Creating prefix util module '/home/maker/bm_ws/install/_local_setup_util_sh.py'
[15.980s] INFO:colcon.colcon_core.shell:Creating prefix chain script '/home/maker/bm_ws/install/setup.sh'
[15.984s] INFO:colcon.colcon_core.shell:Creating prefix script '/home/maker/bm_ws/install/local_setup.bash'
[15.989s] INFO:colcon.colcon_core.shell:Creating prefix chain script '/home/maker/bm_ws/install/setup.bash'
[15.993s] INFO:colcon.colcon_core.shell:Creating prefix script '/home/maker/bm_ws/install/local_setup.zsh'
[15.997s] INFO:colcon.colcon_core.shell:Creating prefix chain script '/home/maker/bm_ws/install/setup.zsh'
