[15.351s] Invoking command in '/home/maker/bm_ws/build/serial_motor_demo': CMAKE_PREFIX_PATH=/home/maker/bm_ws/install/serial_motor_demo_msgs:/home/maker/bm_ws/install/sllidar_ros2:/home/maker/bm_ws/install/my_bot PYTHONPATH=/home/maker/bm_ws/build/serial_motor_demo/prefix_override:/usr/lib/python3/dist-packages/colcon_core/task/python/colcon_distutils_commands:/home/maker/bm_ws/install/serial_motor_demo/lib/python3.10/site-packages:${PYTHONPATH} /usr/bin/python3 -W ignore:setup.py install is deprecated -W ignore:easy_install command is deprecated setup.py develop --editable --build-directory /home/maker/bm_ws/build/serial_motor_demo/build --no-deps symlink_data
[16.547s] /home/maker/.local/lib/python3.10/site-packages/setuptools/dist.py:599: SetuptoolsDeprecationWarning: Invalid dash-separated key 'script-dir' in 'develop' (setup.cfg), please use the underscore name 'script_dir' instead.
[16.547s] !!
[16.548s] 
[16.553s]         ********************************************************************************
[16.553s]         Usage of dash-separated 'script-dir' will not be supported in future
[16.553s]         versions. Please use the underscore name 'script_dir' instead.
[16.553s] 
[16.553s]         By 2026-Mar-03, you need to update your project and remove deprecated calls
[16.553s]         or your builds will no longer be supported.
[16.553s] 
[16.554s]         See https://setuptools.pypa.io/en/latest/userguide/declarative_config.html for details.
[16.554s]         ********************************************************************************
[16.554s] 
[16.554s] !!
[16.554s]   opt = self._enforce_underscore(opt, section)
[16.653s] /home/maker/.local/lib/python3.10/site-packages/setuptools/_distutils/dist.py:289: UserWarning: Unknown distribution option: 'tests_require'
[16.653s]   warnings.warn(msg)
[16.960s] /home/maker/.local/lib/python3.10/site-packages/setuptools/dist.py:599: SetuptoolsDeprecationWarning: Invalid dash-separated key 'script-dir' in 'develop' (setup.cfg), please use the underscore name 'script_dir' instead.
[16.960s] !!
[16.960s] 
[16.960s]         ********************************************************************************
[16.960s]         Usage of dash-separated 'script-dir' will not be supported in future
[16.961s]         versions. Please use the underscore name 'script_dir' instead.
[16.961s]         (Affected: serial_motor_demo).
[16.961s] 
[16.961s]         By 2026-Mar-03, you need to update your project and remove deprecated calls
[16.961s]         or your builds will no longer be supported.
[16.961s] 
[16.962s]         See https://setuptools.pypa.io/en/latest/userguide/declarative_config.html for details.
[16.962s]         ********************************************************************************
[16.962s] 
[16.962s] !!
[16.962s]   opt = self._enforce_underscore(opt, section)
[17.734s] running develop
[19.209s] running egg_info
[19.271s] writing serial_motor_demo.egg-info/PKG-INFO
[19.272s] writing dependency_links to serial_motor_demo.egg-info/dependency_links.txt
[19.273s] writing entry points to serial_motor_demo.egg-info/entry_points.txt
[19.274s] writing requirements to serial_motor_demo.egg-info/requires.txt
[19.276s] writing top-level names to serial_motor_demo.egg-info/top_level.txt
[19.560s] reading manifest file 'serial_motor_demo.egg-info/SOURCES.txt'
[19.599s] writing manifest file 'serial_motor_demo.egg-info/SOURCES.txt'
[19.746s] running build_ext
[19.747s] Creating /home/maker/bm_ws/install/serial_motor_demo/lib/python3.10/site-packages/serial-motor-demo.egg-link (link to .)
[19.760s] Installing driver script to /home/maker/bm_ws/install/serial_motor_demo/lib/serial_motor_demo
[19.764s] Installing gui script to /home/maker/bm_ws/install/serial_motor_demo/lib/serial_motor_demo
[19.765s] 
[19.765s] Installed /home/maker/bm_ws/build/serial_motor_demo
[19.765s] running symlink_data
[19.883s] Invoked command in '/home/maker/bm_ws/build/serial_motor_demo' returned '0': CMAKE_PREFIX_PATH=/home/maker/bm_ws/install/serial_motor_demo_msgs:/home/maker/bm_ws/install/sllidar_ros2:/home/maker/bm_ws/install/my_bot PYTHONPATH=/home/maker/bm_ws/build/serial_motor_demo/prefix_override:/usr/lib/python3/dist-packages/colcon_core/task/python/colcon_distutils_commands:/home/maker/bm_ws/install/serial_motor_demo/lib/python3.10/site-packages:${PYTHONPATH} /usr/bin/python3 -W ignore:setup.py install is deprecated -W ignore:easy_install command is deprecated setup.py develop --editable --build-directory /home/maker/bm_ws/build/serial_motor_demo/build --no-deps symlink_data
