[21.434s] Invoking command in '/home/maker/bm_ws/build/serial_motor_demo': AMENT_PREFIX_PATH=/home/maker/bm_ws/install/serial_motor_demo_msgs:${AMENT_PREFIX_PATH} CMAKE_PREFIX_PATH=/home/maker/bm_ws/install/serial_motor_demo_msgs LD_LIBRARY_PATH=/home/maker/bm_ws/install/serial_motor_demo_msgs/lib:${LD_LIBRARY_PATH} PYTHONPATH=/home/maker/bm_ws/build/serial_motor_demo/prefix_override:/usr/lib/python3/dist-packages/colcon_core/task/python/colcon_distutils_commands:/home/maker/bm_ws/install/serial_motor_demo/lib/python3.10/site-packages:/home/maker/bm_ws/install/serial_motor_demo_msgs/local/lib/python3.10/dist-packages:${PYTHONPATH} /usr/bin/python3 -W ignore:setup.py install is deprecated -W ignore:easy_install command is deprecated setup.py develop --editable --build-directory /home/maker/bm_ws/build/serial_motor_demo/build --no-deps symlink_data
[24.411s] /home/maker/.local/lib/python3.10/site-packages/setuptools/dist.py:599: SetuptoolsDeprecationWarning: Invalid dash-separated key 'script-dir' in 'develop' (setup.cfg), please use the underscore name 'script_dir' instead.
[24.420s] !!
[24.421s] 
[24.442s]         ********************************************************************************
[24.443s]         Usage of dash-separated 'script-dir' will not be supported in future
[24.443s]         versions. Please use the underscore name 'script_dir' instead.
[24.447s] 
[24.447s]         By 2026-Mar-03, you need to update your project and remove deprecated calls
[24.448s]         or your builds will no longer be supported.
[24.449s] 
[24.449s]         See https://setuptools.pypa.io/en/latest/userguide/declarative_config.html for details.
[24.449s]         ********************************************************************************
[24.450s] 
[24.450s] !!
[24.451s]   opt = self._enforce_underscore(opt, section)
[24.922s] /home/maker/.local/lib/python3.10/site-packages/setuptools/_distutils/dist.py:289: UserWarning: Unknown distribution option: 'tests_require'
[24.923s]   warnings.warn(msg)
[25.539s] /home/maker/.local/lib/python3.10/site-packages/setuptools/dist.py:599: SetuptoolsDeprecationWarning: Invalid dash-separated key 'script-dir' in 'develop' (setup.cfg), please use the underscore name 'script_dir' instead.
[25.542s] !!
[25.546s] 
[25.547s]         ********************************************************************************
[25.550s]         Usage of dash-separated 'script-dir' will not be supported in future
[25.551s]         versions. Please use the underscore name 'script_dir' instead.
[25.554s]         (Affected: serial_motor_demo).
[25.554s] 
[25.555s]         By 2026-Mar-03, you need to update your project and remove deprecated calls
[25.555s]         or your builds will no longer be supported.
[25.558s] 
[25.561s]         See https://setuptools.pypa.io/en/latest/userguide/declarative_config.html for details.
[25.561s]         ********************************************************************************
[25.561s] 
[25.562s] !!
[25.562s]   opt = self._enforce_underscore(opt, section)
[28.398s] running develop
[33.908s] running egg_info
[34.206s] writing serial_motor_demo.egg-info/PKG-INFO
[34.218s] writing dependency_links to serial_motor_demo.egg-info/dependency_links.txt
[34.233s] writing entry points to serial_motor_demo.egg-info/entry_points.txt
[34.235s] writing requirements to serial_motor_demo.egg-info/requires.txt
[34.242s] writing top-level names to serial_motor_demo.egg-info/top_level.txt
[35.011s] reading manifest file 'serial_motor_demo.egg-info/SOURCES.txt'
[35.084s] writing manifest file 'serial_motor_demo.egg-info/SOURCES.txt'
[35.484s] running build_ext
[35.485s] Creating /home/maker/bm_ws/install/serial_motor_demo/lib/python3.10/site-packages/serial-motor-demo.egg-link (link to .)
[35.508s] Installing driver script to /home/maker/bm_ws/install/serial_motor_demo/lib/serial_motor_demo
[35.510s] Installing gui script to /home/maker/bm_ws/install/serial_motor_demo/lib/serial_motor_demo
[35.520s] 
[35.522s] Installed /home/maker/bm_ws/build/serial_motor_demo
[35.525s] running symlink_data
[36.409s] Invoked command in '/home/maker/bm_ws/build/serial_motor_demo' returned '0': AMENT_PREFIX_PATH=/home/maker/bm_ws/install/serial_motor_demo_msgs:${AMENT_PREFIX_PATH} CMAKE_PREFIX_PATH=/home/maker/bm_ws/install/serial_motor_demo_msgs LD_LIBRARY_PATH=/home/maker/bm_ws/install/serial_motor_demo_msgs/lib:${LD_LIBRARY_PATH} PYTHONPATH=/home/maker/bm_ws/build/serial_motor_demo/prefix_override:/usr/lib/python3/dist-packages/colcon_core/task/python/colcon_distutils_commands:/home/maker/bm_ws/install/serial_motor_demo/lib/python3.10/site-packages:/home/maker/bm_ws/install/serial_motor_demo_msgs/local/lib/python3.10/dist-packages:${PYTHONPATH} /usr/bin/python3 -W ignore:setup.py install is deprecated -W ignore:easy_install command is deprecated setup.py develop --editable --build-directory /home/maker/bm_ws/build/serial_motor_demo/build --no-deps symlink_data
