[6.525s] Invoking command in '/home/maker/bm_ws/build/serial_motor_demo': CMAKE_PREFIX_PATH=/home/maker/bm_ws/install/serial_motor_demo_msgs:/home/maker/bm_ws/install/sllidar_ros2:/home/maker/bm_ws/install/my_bot PYTHONPATH=/home/maker/bm_ws/build/serial_motor_demo/prefix_override:/usr/lib/python3/dist-packages/colcon_core/task/python/colcon_distutils_commands:/home/maker/bm_ws/install/serial_motor_demo/lib/python3.10/site-packages:${PYTHONPATH} /usr/bin/python3 -W ignore:setup.py install is deprecated -W ignore:easy_install command is deprecated setup.py develop --editable --build-directory /home/maker/bm_ws/build/serial_motor_demo/build --no-deps symlink_data
[7.410s] /home/maker/.local/lib/python3.10/site-packages/setuptools/dist.py:599: SetuptoolsDeprecationWarning: Invalid dash-separated key 'script-dir' in 'develop' (setup.cfg), please use the underscore name 'script_dir' instead.
[7.410s] !!
[7.410s] 
[7.411s]         ********************************************************************************
[7.411s]         Usage of dash-separated 'script-dir' will not be supported in future
[7.411s]         versions. Please use the underscore name 'script_dir' instead.
[7.411s] 
[7.411s]         By 2026-Mar-03, you need to update your project and remove deprecated calls
[7.412s]         or your builds will no longer be supported.
[7.412s] 
[7.412s]         See https://setuptools.pypa.io/en/latest/userguide/declarative_config.html for details.
[7.412s]         ********************************************************************************
[7.412s] 
[7.413s] !!
[7.413s]   opt = self._enforce_underscore(opt, section)
[7.510s] /home/maker/.local/lib/python3.10/site-packages/setuptools/_distutils/dist.py:289: UserWarning: Unknown distribution option: 'tests_require'
[7.510s]   warnings.warn(msg)
[7.642s] /home/maker/.local/lib/python3.10/site-packages/setuptools/dist.py:599: SetuptoolsDeprecationWarning: Invalid dash-separated key 'script-dir' in 'develop' (setup.cfg), please use the underscore name 'script_dir' instead.
[7.643s] !!
[7.643s] 
[7.643s]         ********************************************************************************
[7.643s]         Usage of dash-separated 'script-dir' will not be supported in future
[7.644s]         versions. Please use the underscore name 'script_dir' instead.
[7.644s]         (Affected: serial_motor_demo).
[7.644s] 
[7.644s]         By 2026-Mar-03, you need to update your project and remove deprecated calls
[7.644s]         or your builds will no longer be supported.
[7.645s] 
[7.645s]         See https://setuptools.pypa.io/en/latest/userguide/declarative_config.html for details.
[7.645s]         ********************************************************************************
[7.645s] 
[7.646s] !!
[7.646s]   opt = self._enforce_underscore(opt, section)
[8.268s] running develop
[9.693s] running egg_info
[9.794s] writing serial_motor_demo.egg-info/PKG-INFO
[9.802s] writing dependency_links to serial_motor_demo.egg-info/dependency_links.txt
[9.810s] writing entry points to serial_motor_demo.egg-info/entry_points.txt
[9.810s] writing requirements to serial_motor_demo.egg-info/requires.txt
[9.812s] writing top-level names to serial_motor_demo.egg-info/top_level.txt
[10.156s] reading manifest file 'serial_motor_demo.egg-info/SOURCES.txt'
[10.164s] writing manifest file 'serial_motor_demo.egg-info/SOURCES.txt'
[10.269s] running build_ext
[10.270s] Creating /home/maker/bm_ws/install/serial_motor_demo/lib/python3.10/site-packages/serial-motor-demo.egg-link (link to .)
[10.278s] Installing driver script to /home/maker/bm_ws/install/serial_motor_demo/lib/serial_motor_demo
[10.278s] Installing gui script to /home/maker/bm_ws/install/serial_motor_demo/lib/serial_motor_demo
[10.278s] 
[10.279s] Installed /home/maker/bm_ws/build/serial_motor_demo
[10.280s] running symlink_data
[10.427s] Invoked command in '/home/maker/bm_ws/build/serial_motor_demo' returned '0': CMAKE_PREFIX_PATH=/home/maker/bm_ws/install/serial_motor_demo_msgs:/home/maker/bm_ws/install/sllidar_ros2:/home/maker/bm_ws/install/my_bot PYTHONPATH=/home/maker/bm_ws/build/serial_motor_demo/prefix_override:/usr/lib/python3/dist-packages/colcon_core/task/python/colcon_distutils_commands:/home/maker/bm_ws/install/serial_motor_demo/lib/python3.10/site-packages:${PYTHONPATH} /usr/bin/python3 -W ignore:setup.py install is deprecated -W ignore:easy_install command is deprecated setup.py develop --editable --build-directory /home/maker/bm_ws/build/serial_motor_demo/build --no-deps symlink_data
