[9.222s] Invoking command in '/home/maker/bm_ws/build/serial_motor_demo': AMENT_PREFIX_PATH=/home/maker/bm_ws/install/serial_motor_demo_msgs:${AMENT_PREFIX_PATH} CMAKE_PREFIX_PATH=/home/maker/bm_ws/install/serial_motor_demo_msgs LD_LIBRARY_PATH=/home/maker/bm_ws/install/serial_motor_demo_msgs/lib:${LD_LIBRARY_PATH} PYTHONPATH=/home/maker/bm_ws/build/serial_motor_demo/prefix_override:/usr/lib/python3/dist-packages/colcon_core/task/python/colcon_distutils_commands:/home/maker/bm_ws/install/serial_motor_demo/lib/python3.10/site-packages:/home/maker/bm_ws/install/serial_motor_demo_msgs/local/lib/python3.10/dist-packages:${PYTHONPATH} /usr/bin/python3 -W ignore:setup.py install is deprecated -W ignore:easy_install command is deprecated setup.py develop --editable --build-directory /home/maker/bm_ws/build/serial_motor_demo/build --no-deps symlink_data
[10.421s] /home/maker/.local/lib/python3.10/site-packages/setuptools/dist.py:599: SetuptoolsDeprecationWarning: Invalid dash-separated key 'script-dir' in 'develop' (setup.cfg), please use the underscore name 'script_dir' instead.
[10.422s] !!
[10.422s] 
[10.422s]         ********************************************************************************
[10.422s]         Usage of dash-separated 'script-dir' will not be supported in future
[10.422s]         versions. Please use the underscore name 'script_dir' instead.
[10.423s] 
[10.423s]         By 2026-Mar-03, you need to update your project and remove deprecated calls
[10.425s]         or your builds will no longer be supported.
[10.425s] 
[10.425s]         See https://setuptools.pypa.io/en/latest/userguide/declarative_config.html for details.
[10.425s]         ********************************************************************************
[10.425s] 
[10.426s] !!
[10.426s]   opt = self._enforce_underscore(opt, section)
[10.690s] /home/maker/.local/lib/python3.10/site-packages/setuptools/_distutils/dist.py:289: UserWarning: Unknown distribution option: 'tests_require'
[10.691s]   warnings.warn(msg)
[11.210s] /home/maker/.local/lib/python3.10/site-packages/setuptools/dist.py:599: SetuptoolsDeprecationWarning: Invalid dash-separated key 'script-dir' in 'develop' (setup.cfg), please use the underscore name 'script_dir' instead.
[11.210s] !!
[11.210s] 
[11.210s]         ********************************************************************************
[11.215s]         Usage of dash-separated 'script-dir' will not be supported in future
[11.215s]         versions. Please use the underscore name 'script_dir' instead.
[11.216s]         (Affected: serial_motor_demo).
[11.216s] 
[11.216s]         By 2026-Mar-03, you need to update your project and remove deprecated calls
[11.216s]         or your builds will no longer be supported.
[11.216s] 
[11.216s]         See https://setuptools.pypa.io/en/latest/userguide/declarative_config.html for details.
[11.216s]         ********************************************************************************
[11.217s] 
[11.217s] !!
[11.229s]   opt = self._enforce_underscore(opt, section)
[13.376s] running develop
[16.690s] running egg_info
[16.856s] writing serial_motor_demo.egg-info/PKG-INFO
[16.860s] writing dependency_links to serial_motor_demo.egg-info/dependency_links.txt
[16.862s] writing entry points to serial_motor_demo.egg-info/entry_points.txt
[16.867s] writing requirements to serial_motor_demo.egg-info/requires.txt
[16.870s] writing top-level names to serial_motor_demo.egg-info/top_level.txt
[17.130s] reading manifest file 'serial_motor_demo.egg-info/SOURCES.txt'
[17.140s] writing manifest file 'serial_motor_demo.egg-info/SOURCES.txt'
[17.278s] running build_ext
[17.279s] Creating /home/maker/bm_ws/install/serial_motor_demo/lib/python3.10/site-packages/serial-motor-demo.egg-link (link to .)
[17.285s] Installing driver script to /home/maker/bm_ws/install/serial_motor_demo/lib/serial_motor_demo
[17.288s] Installing gui script to /home/maker/bm_ws/install/serial_motor_demo/lib/serial_motor_demo
[17.294s] 
[17.294s] Installed /home/maker/bm_ws/build/serial_motor_demo
[17.295s] running symlink_data
[17.522s] Invoked command in '/home/maker/bm_ws/build/serial_motor_demo' returned '0': AMENT_PREFIX_PATH=/home/maker/bm_ws/install/serial_motor_demo_msgs:${AMENT_PREFIX_PATH} CMAKE_PREFIX_PATH=/home/maker/bm_ws/install/serial_motor_demo_msgs LD_LIBRARY_PATH=/home/maker/bm_ws/install/serial_motor_demo_msgs/lib:${LD_LIBRARY_PATH} PYTHONPATH=/home/maker/bm_ws/build/serial_motor_demo/prefix_override:/usr/lib/python3/dist-packages/colcon_core/task/python/colcon_distutils_commands:/home/maker/bm_ws/install/serial_motor_demo/lib/python3.10/site-packages:/home/maker/bm_ws/install/serial_motor_demo_msgs/local/lib/python3.10/dist-packages:${PYTHONPATH} /usr/bin/python3 -W ignore:setup.py install is deprecated -W ignore:easy_install command is deprecated setup.py develop --editable --build-directory /home/maker/bm_ws/build/serial_motor_demo/build --no-deps symlink_data
