[0.059s] Invoking command in '/home/maker/bm_ws/build/sllidar_ros2': CMAKE_PREFIX_PATH=${CMAKE_PREFIX_PATH}:/home/maker/bm_ws/install/serial_motor_demo:/opt/ros/humble /usr/bin/cmake --build /home/maker/bm_ws/build/sllidar_ros2 -- -j2 -l2
[0.864s] [ 10%] Built target sllidar_client
[0.909s] [100%] Built target sllidar_node
[0.978s] Invoked command in '/home/maker/bm_ws/build/sllidar_ros2' returned '0': CMAKE_PREFIX_PATH=${CMAKE_PREFIX_PATH}:/home/maker/bm_ws/install/serial_motor_demo:/opt/ros/humble /usr/bin/cmake --build /home/maker/bm_ws/build/sllidar_ros2 -- -j2 -l2
[0.980s] Invoking command in '/home/maker/bm_ws/build/sllidar_ros2': CMAKE_PREFIX_PATH=${CMAKE_PREFIX_PATH}:/home/maker/bm_ws/install/serial_motor_demo:/opt/ros/humble /usr/bin/cmake --install /home/maker/bm_ws/build/sllidar_ros2
[1.034s] -- Install configuration: ""
[1.040s] -- Execute custom install script
[1.044s] -- Up-to-date symlink: /home/maker/bm_ws/install/sllidar_ros2/share/sllidar_ros2/launch/sllidar_a1_launch.py
[1.044s] -- Up-to-date symlink: /home/maker/bm_ws/install/sllidar_ros2/share/sllidar_ros2/launch/sllidar_a2m12_launch .py
[1.045s] -- Up-to-date symlink: /home/maker/bm_ws/install/sllidar_ros2/share/sllidar_ros2/launch/sllidar_a2m7_launch.py
[1.046s] -- Up-to-date symlink: /home/maker/bm_ws/install/sllidar_ros2/share/sllidar_ros2/launch/sllidar_a2m8_launch.py
[1.047s] -- Up-to-date symlink: /home/maker/bm_ws/install/sllidar_ros2/share/sllidar_ros2/launch/sllidar_a3_launch.py
[1.047s] -- Up-to-date symlink: /home/maker/bm_ws/install/sllidar_ros2/share/sllidar_ros2/launch/sllidar_c1_launch.py
[1.048s] -- Up-to-date symlink: /home/maker/bm_ws/install/sllidar_ros2/share/sllidar_ros2/launch/sllidar_custom.launch.py
[1.049s] -- Up-to-date symlink: /home/maker/bm_ws/install/sllidar_ros2/share/sllidar_ros2/launch/sllidar_s1_launch.py
[1.070s] -- Up-to-date symlink: /home/maker/bm_ws/install/sllidar_ros2/share/sllidar_ros2/launch/sllidar_s1_tcp_launch.py
[1.071s] -- Up-to-date symlink: /home/maker/bm_ws/install/sllidar_ros2/share/sllidar_ros2/launch/sllidar_s2_launch.py
[1.071s] -- Up-to-date symlink: /home/maker/bm_ws/install/sllidar_ros2/share/sllidar_ros2/launch/sllidar_s2e_launch.py
[1.072s] -- Up-to-date symlink: /home/maker/bm_ws/install/sllidar_ros2/share/sllidar_ros2/launch/sllidar_s3_launch.py
[1.072s] -- Up-to-date symlink: /home/maker/bm_ws/install/sllidar_ros2/share/sllidar_ros2/launch/sllidar_t1_launch.py
[1.072s] -- Up-to-date symlink: /home/maker/bm_ws/install/sllidar_ros2/share/sllidar_ros2/launch/view_sllidar_a1_launch.py
[1.072s] -- Up-to-date symlink: /home/maker/bm_ws/install/sllidar_ros2/share/sllidar_ros2/launch/view_sllidar_a2m12_launch.py
[1.072s] -- Up-to-date symlink: /home/maker/bm_ws/install/sllidar_ros2/share/sllidar_ros2/launch/view_sllidar_a2m7_launch.py
[1.072s] -- Up-to-date symlink: /home/maker/bm_ws/install/sllidar_ros2/share/sllidar_ros2/launch/view_sllidar_a2m8_launch.py
[1.073s] -- Up-to-date symlink: /home/maker/bm_ws/install/sllidar_ros2/share/sllidar_ros2/launch/view_sllidar_a3_launch.py
[1.073s] -- Up-to-date symlink: /home/maker/bm_ws/install/sllidar_ros2/share/sllidar_ros2/launch/view_sllidar_c1_launch.py
[1.073s] -- Up-to-date symlink: /home/maker/bm_ws/install/sllidar_ros2/share/sllidar_ros2/launch/view_sllidar_s1_launch.py
[1.073s] -- Up-to-date symlink: /home/maker/bm_ws/install/sllidar_ros2/share/sllidar_ros2/launch/view_sllidar_s1_tcp_launch.py
[1.074s] -- Up-to-date symlink: /home/maker/bm_ws/install/sllidar_ros2/share/sllidar_ros2/launch/view_sllidar_s2_launch.py
[1.074s] -- Up-to-date symlink: /home/maker/bm_ws/install/sllidar_ros2/share/sllidar_ros2/launch/view_sllidar_s2e_launch.py
[1.075s] -- Up-to-date symlink: /home/maker/bm_ws/install/sllidar_ros2/share/sllidar_ros2/launch/view_sllidar_s3_launch.py
[1.075s] -- Up-to-date symlink: /home/maker/bm_ws/install/sllidar_ros2/share/sllidar_ros2/launch/view_sllidar_t1_launch.py
[1.075s] -- Up-to-date symlink: /home/maker/bm_ws/install/sllidar_ros2/share/sllidar_ros2/rviz/sllidar_ros2.rviz
[1.076s] -- Up-to-date symlink: /home/maker/bm_ws/install/sllidar_ros2/lib/sllidar_ros2/sllidar_node
[1.088s] -- Up-to-date symlink: /home/maker/bm_ws/install/sllidar_ros2/lib/sllidar_ros2/sllidar_client
[1.089s] -- Up-to-date symlink: /home/maker/bm_ws/install/sllidar_ros2/share/ament_index/resource_index/package_run_dependencies/sllidar_ros2
[1.089s] -- Up-to-date symlink: /home/maker/bm_ws/install/sllidar_ros2/share/ament_index/resource_index/parent_prefix_path/sllidar_ros2
[1.089s] -- Up-to-date symlink: /home/maker/bm_ws/install/sllidar_ros2/share/sllidar_ros2/environment/ament_prefix_path.sh
[1.089s] -- Up-to-date symlink: /home/maker/bm_ws/install/sllidar_ros2/share/sllidar_ros2/environment/ament_prefix_path.dsv
[1.089s] -- Up-to-date symlink: /home/maker/bm_ws/install/sllidar_ros2/share/sllidar_ros2/environment/path.sh
[1.089s] -- Up-to-date symlink: /home/maker/bm_ws/install/sllidar_ros2/share/sllidar_ros2/environment/path.dsv
[1.090s] -- Up-to-date symlink: /home/maker/bm_ws/install/sllidar_ros2/share/sllidar_ros2/local_setup.bash
[1.090s] -- Up-to-date symlink: /home/maker/bm_ws/install/sllidar_ros2/share/sllidar_ros2/local_setup.sh
[1.091s] -- Up-to-date symlink: /home/maker/bm_ws/install/sllidar_ros2/share/sllidar_ros2/local_setup.zsh
[1.091s] -- Up-to-date symlink: /home/maker/bm_ws/install/sllidar_ros2/share/sllidar_ros2/local_setup.dsv
[1.091s] -- Symlinking: /home/maker/bm_ws/install/sllidar_ros2/share/sllidar_ros2/package.dsv
[1.134s] -- Up-to-date symlink: /home/maker/bm_ws/install/sllidar_ros2/share/ament_index/resource_index/packages/sllidar_ros2
[1.134s] -- Up-to-date symlink: /home/maker/bm_ws/install/sllidar_ros2/share/sllidar_ros2/cmake/ament_cmake_export_dependencies-extras.cmake
[1.134s] -- Up-to-date symlink: /home/maker/bm_ws/install/sllidar_ros2/share/sllidar_ros2/cmake/ament_cmake_export_include_directories-extras.cmake
[1.134s] -- Up-to-date symlink: /home/maker/bm_ws/install/sllidar_ros2/share/sllidar_ros2/cmake/sllidar_ros2Config.cmake
[1.138s] -- Up-to-date symlink: /home/maker/bm_ws/install/sllidar_ros2/share/sllidar_ros2/cmake/sllidar_ros2Config-version.cmake
[1.139s] -- Up-to-date symlink: /home/maker/bm_ws/install/sllidar_ros2/share/sllidar_ros2/package.xml
[1.147s] Invoked command in '/home/maker/bm_ws/build/sllidar_ros2' returned '0': CMAKE_PREFIX_PATH=${CMAKE_PREFIX_PATH}:/home/maker/bm_ws/install/serial_motor_demo:/opt/ros/humble /usr/bin/cmake --install /home/maker/bm_ws/build/sllidar_ros2
