[5.035s] Invoking command in '/home/maker/bm_ws/build/serial_motor_demo': AMENT_PREFIX_PATH=/home/maker/bm_ws/install/serial_motor_demo_msgs:${AMENT_PREFIX_PATH} CMAKE_PREFIX_PATH=/home/maker/bm_ws/install/serial_motor_demo_msgs LD_LIBRARY_PATH=/home/maker/bm_ws/install/serial_motor_demo_msgs/lib:${LD_LIBRARY_PATH} PYTHONPATH=/home/maker/bm_ws/build/serial_motor_demo/prefix_override:/usr/lib/python3/dist-packages/colcon_core/task/python/colcon_distutils_commands:/home/maker/bm_ws/install/serial_motor_demo/lib/python3.10/site-packages:/home/maker/bm_ws/install/serial_motor_demo_msgs/local/lib/python3.10/dist-packages:${PYTHONPATH} /usr/bin/python3 -W ignore:setup.py install is deprecated -W ignore:easy_install command is deprecated setup.py develop --editable --build-directory /home/maker/bm_ws/build/serial_motor_demo/build --no-deps symlink_data
[5.469s] /home/maker/.local/lib/python3.10/site-packages/setuptools/dist.py:599: SetuptoolsDeprecationWarning: Invalid dash-separated key 'script-dir' in 'develop' (setup.cfg), please use the underscore name 'script_dir' instead.
[5.469s] !!
[5.469s] 
[5.469s]         ********************************************************************************
[5.470s]         Usage of dash-separated 'script-dir' will not be supported in future
[5.470s]         versions. Please use the underscore name 'script_dir' instead.
[5.470s] 
[5.470s]         By 2026-Mar-03, you need to update your project and remove deprecated calls
[5.470s]         or your builds will no longer be supported.
[5.470s] 
[5.470s]         See https://setuptools.pypa.io/en/latest/userguide/declarative_config.html for details.
[5.470s]         ********************************************************************************
[5.470s] 
[5.470s] !!
[5.471s]   opt = self._enforce_underscore(opt, section)
[5.523s] /home/maker/.local/lib/python3.10/site-packages/setuptools/_distutils/dist.py:289: UserWarning: Unknown distribution option: 'tests_require'
[5.523s]   warnings.warn(msg)
[5.624s] /home/maker/.local/lib/python3.10/site-packages/setuptools/dist.py:599: SetuptoolsDeprecationWarning: Invalid dash-separated key 'script-dir' in 'develop' (setup.cfg), please use the underscore name 'script_dir' instead.
[5.624s] !!
[5.624s] 
[5.624s]         ********************************************************************************
[5.624s]         Usage of dash-separated 'script-dir' will not be supported in future
[5.625s]         versions. Please use the underscore name 'script_dir' instead.
[5.625s]         (Affected: serial_motor_demo).
[5.625s] 
[5.625s]         By 2026-Mar-03, you need to update your project and remove deprecated calls
[5.625s]         or your builds will no longer be supported.
[5.625s] 
[5.625s]         See https://setuptools.pypa.io/en/latest/userguide/declarative_config.html for details.
[5.625s]         ********************************************************************************
[5.625s] 
[5.626s] !!
[5.626s]   opt = self._enforce_underscore(opt, section)
[6.069s] running develop
[6.789s] running egg_info
[6.843s] writing serial_motor_demo.egg-info/PKG-INFO
[6.845s] writing dependency_links to serial_motor_demo.egg-info/dependency_links.txt
[6.846s] writing entry points to serial_motor_demo.egg-info/entry_points.txt
[6.848s] writing requirements to serial_motor_demo.egg-info/requires.txt
[6.850s] writing top-level names to serial_motor_demo.egg-info/top_level.txt
[6.962s] reading manifest file 'serial_motor_demo.egg-info/SOURCES.txt'
[6.967s] writing manifest file 'serial_motor_demo.egg-info/SOURCES.txt'
[7.018s] running build_ext
[7.020s] Creating /home/maker/bm_ws/install/serial_motor_demo/lib/python3.10/site-packages/serial-motor-demo.egg-link (link to .)
[7.024s] Installing driver script to /home/maker/bm_ws/install/serial_motor_demo/lib/serial_motor_demo
[7.028s] Installing gui script to /home/maker/bm_ws/install/serial_motor_demo/lib/serial_motor_demo
[7.032s] 
[7.032s] Installed /home/maker/bm_ws/build/serial_motor_demo
[7.032s] running symlink_data
[7.127s] Invoked command in '/home/maker/bm_ws/build/serial_motor_demo' returned '0': AMENT_PREFIX_PATH=/home/maker/bm_ws/install/serial_motor_demo_msgs:${AMENT_PREFIX_PATH} CMAKE_PREFIX_PATH=/home/maker/bm_ws/install/serial_motor_demo_msgs LD_LIBRARY_PATH=/home/maker/bm_ws/install/serial_motor_demo_msgs/lib:${LD_LIBRARY_PATH} PYTHONPATH=/home/maker/bm_ws/build/serial_motor_demo/prefix_override:/usr/lib/python3/dist-packages/colcon_core/task/python/colcon_distutils_commands:/home/maker/bm_ws/install/serial_motor_demo/lib/python3.10/site-packages:/home/maker/bm_ws/install/serial_motor_demo_msgs/local/lib/python3.10/dist-packages:${PYTHONPATH} /usr/bin/python3 -W ignore:setup.py install is deprecated -W ignore:easy_install command is deprecated setup.py develop --editable --build-directory /home/maker/bm_ws/build/serial_motor_demo/build --no-deps symlink_data
